d 3 1
d 14 1
d 11 1
d 13 1
d 18 1
b 1
d 99 1
b 2
d 99 2
b 3
d 99 3
b 4
d 99 4
b 5
d 99 5
b 6
d 99 6
b 7
d 99 7
b 8
d 99 8
d 7 1
d 8 1
d 6 1
b 9
d 99 9
b 10
d 99 10
b 11
d 99 11
b 12
d 99 12
b 13
d 99 13
b 14
d 99 14
b 15
d 99 15
b 16
d 99 16
d 9 1
d 12 1
d 5 1
d 4 1
d 15 1
d 1 1
d 2 1
d 30 1
d 16 1
d 17 1
d 19 1
d 20 1
d 22 1
d 18 2
b 17
d 99 17
b 18
d 99 18
b 19
d 99 19
b 20
d 99 20
b 21
d 99 21
b 22
d 99 22
b 23
d 99 23
b 24
d 99 24
b 25
d 99 25
b 26
d 99 26
b 27
d 99 27
b 28
d 99 28
b 29
d 99 29
b 30
d 99 30
b 31
d 99 31
b 32
d 99 32
b 33
d 99 33
b 34
d 99 34
b 35
d 99 35
b 36
d 99 36
b 37
d 99 37
b 38
d 99 38
b 39
d 99 39
b 40
d 99 40
b 41
d 99 41
b 42
d 99 42
b 43
d 99 43
b 44
d 99 44
b 45
d 99 45
b 46
d 99 46
b 47
d 99 47
b 48
d 99 48
b 49
d 99 49
b 50
d 99 50
b 51
d 99 51
b 52
d 99 52
b 53
d 99 53
b 54
d 99 54
b 55
d 99 55
b 56
d 99 56
b 57
d 99 57
b 58
d 99 58
b 59
d 99 59
b 60
d 99 60
b 61
d 99 61
b 62
d 99 62
b 63
d 99 63
b 64
d 99 64
b 65
d 99 65
b 66
d 99 66
b 67
d 99 67
b 68
d 99 68
b 69
d 99 69
b 70
d 99 70
b 71
d 99 71
b 72
d 99 72
b 73
d 99 73
b 74
d 99 74
b 75
d 99 75
b 76
d 99 76
b 77
d 99 77
b 78
d 99 78
b 79
d 99 79
b 80
d 99 80
b 81
d 99 81
b 82
d 99 82
b 83
d 99 83
b 84
d 99 84
b 85
d 99 85
b 86
d 99 86
b 87
d 99 87
b 88
d 99 88
b 89
d 99 89
b 90
d 99 90
b 91
d 99 91
b 92
d 99 92
b 93
d 99 93
b 94
d 99 94
b 95
d 99 95
b 96
d 99 96
b 97
d 99 97
b 98
d 99 98
b 99
d 99 99
b 100
d 99 100
b 101
d 99 101
b 102
d 99 102
b 103
d 99 103
b 104
d 99 104
b 105
d 99 105
b 106
d 99 106
b 107
d 99 107
b 108
d 99 108
b 109
d 99 109
b 110
d 99 110
b 111
d 99 111
b 112
d 99 112
d 4 2
d 14 2
d 10 1
d 10 2
