b 1
d 85 1
d 23 1
d 8 1
d 12 1
d 13 1
d 14 1
d 15 1
d 16 1
d 86 1
d 21 1
d 22 1
d 24 1
d 17 1
d 18 1
d 19 1
d 20 1
d 50 1
d 51 1
d 52 1
d 53 1
d 54 1
d 55 1
d 57 1
d 58 1
d 62 1
d 64 1
d 76 1
d 44 1
d 45 1
d 46 1
d 47 1
d 48 1
d 33 1
d 34 1
d 34 2
d 35 1
d 35 2
d 36 1
d 36 2
d 37 1
d 37 2
d 38 1
d 38 2
d 39 1
d 39 2
d 40 1
d 40 2
d 41 1
d 42 1
b 2
d 85 2
d 8 2
d 25 1
d 26 1
d 27 1
d 28 1
d 29 1
d 30 1
d 31 1
d 32 1
d 41 2
d 42 2
d 45 2
d 46 2
d 47 2
d 48 2
d 50 2
d 51 2
d 52 2
d 43 1
d 43 2
d 44 2
d 49 1
d 49 2
d 6 1
d 6 2
d 7 1
d 7 2
d 62 2
d 65 1
d 54 2
d 53 2
d 55 2
d 56 1
d 57 2
d 58 2
d 59 1
d 59 2
d 60 1
d 61 1
d 63 1
d 64 2
d 66 1
d 67 1
d 68 1
d 69 1
d 70 1
d 71 1
d 74 1
d 77 1
d 78 1
d 80 1
d 81 1
d 83 1
b 3
d 85 3
d 88 1
d 89 1
d 1 1
d 1 2
d 2 1
d 2 2
d 3 1
d 3 2
d 4 1
d 4 2
d 5 1
d 5 2
d 9 1
d 9 2
d 10 1
d 11 1
d 12 2
d 13 2
d 14 2
d 15 2
d 8 3
d 16 2
d 22 2
d 20 2
d 17 2
d 18 2
d 21 2
d 23 2
d 19 2
d 10 2
d 6 3
d 24 2
d 22 3
d 16 3
d 10 3
d 11 2
d 3 3
d 2 3
d 5 3
d 1 3
d 4 3
d 7 3
d 11 3
d 23 3
d 33 2
d 18 3
