b 1
d 110 1
b 2
d 110 2
b 3
d 110 3
b 4
d 110 4
b 5
d 110 5
b 6
d 110 6
b 7
d 110 7
b 8
d 110 8
b 9
d 110 9
b 10
d 110 10
b 11
d 110 11
b 12
d 110 12
b 13
d 110 13
b 14
d 110 14
b 15
d 110 15
b 16
d 110 16
b 17
d 110 17
b 18
d 110 18
b 19
d 110 19
b 20
d 110 20
b 21
d 110 21
b 22
d 110 22
b 23
d 110 23
b 24
d 110 24
d 3 1
d 18 1
d 14 1
d 6 1
d 5 1
d 8 1
d 14 2
d 18 2
d 3 2
d 11 1
b 25
d 110 25
b 26
d 110 26
b 27
d 110 27
b 28
d 110 28
b 29
d 110 29
b 30
d 110 30
b 31
d 110 31
b 32
d 110 32
d 4 1
d 4 2
d 7 1
d 9 1
d 13 1
d 1 1
d 2 1
d 12 1
d 16 1
d 7 2
d 17 1
d 30 1
b 33
d 110 33
b 34
d 110 34
b 35
d 110 35
b 36
d 110 36
b 37
d 110 37
b 38
d 110 38
b 39
d 110 39
b 40
d 110 40
d 15 1
d 22 1
b 41
d 110 41
b 42
d 110 42
b 43
d 110 43
b 44
d 110 44
b 45
d 110 45
b 46
d 110 46
b 47
d 110 47
b 48
d 110 48
d 19 1
b 49
d 110 49
b 50
d 110 50
b 51
d 110 51
b 52
d 110 52
b 53
d 110 53
b 54
d 110 54
b 55
d 110 55
b 56
d 110 56
b 57
d 110 57
b 58
d 110 58
b 59
d 110 59
b 60
d 110 60
b 61
d 110 61
b 62
d 110 62
b 63
d 110 63
b 64
d 110 64
b 65
d 110 65
b 66
d 110 66
b 67
d 110 67
b 68
d 110 68
b 69
d 110 69
b 70
d 110 70
b 71
d 110 71
b 72
d 110 72
b 73
d 110 73
b 74
d 110 74
b 75
d 110 75
b 76
d 110 76
b 77
d 110 77
b 78
d 110 78
b 79
d 110 79
b 80
d 110 80
b 81
d 110 81
b 82
d 110 82
b 83
d 110 83
b 84
d 110 84
b 85
d 110 85
b 86
d 110 86
b 87
d 110 87
b 88
d 110 88
d 20 1
d 2 2
d 11 2
d 9 2
d 21 1
d 23 1
d 32 1
d 10 1
d 10 2
d 40 1
d 9 3
d 12 2
b 89
d 110 89
b 90
d 110 90
b 91
d 110 91
b 92
d 110 92
b 93
d 110 93
b 94
d 110 94
b 95
d 110 95
b 96
d 110 96
b 97
d 110 97
b 98
d 110 98
b 99
d 110 99
b 100
d 110 100
b 101
d 110 101
b 102
d 110 102
b 103
d 110 103
b 104
d 110 104
b 105
d 110 105
b 106
d 110 106
b 107
d 110 107
b 108
d 110 108
b 109
d 110 109
b 110
d 110 110
b 111
d 110 111
b 112
d 110 112
d 24 1
d 25 1
d 26 1
d 27 1
d 28 1
d 29 1
d 31 1
d 33 1
d 34 1
d 35 1
d 36 1
d 37 1
d 38 1
d 39 1
d 6 2
d 6 3
d 41 1
d 42 1
d 47 1
d 13 2
d 5 2
d 5 3
d 8 2
d 43 1
d 45 1
d 48 1
d 49 1
d 53 1
d 1 2
d 1 3
d 19 2
d 30 2
d 64 1
d 65 1
d 66 1
d 67 1
d 68 1
d 69 1
d 70 1
d 71 1
d 72 1
d 73 1
d 74 1
d 75 1
d 76 1
d 77 1
d 78 1
d 79 1
d 80 1
d 81 1
d 82 1
d 83 1
d 85 1
d 90 1
d 50 1
d 51 1
d 55 1
d 56 1
d 59 1
d 60 1
d 61 1
d 62 1
d 63 1
d 44 1
