b 1
d 52 1
b 2
d 52 2
b 3
d 52 3
b 4
d 52 4
b 5
d 52 5
b 6
d 52 6
b 7
d 52 7
b 8
d 52 8
b 9
d 52 9
b 10
d 52 10
b 11
d 52 11
b 12
d 52 12
b 13
d 52 13
b 14
d 52 14
b 15
d 52 15
b 16
d 52 16
b 17
d 52 17
b 18
d 52 18
b 19
d 52 19
b 20
d 52 20
b 21
d 52 21
b 22
d 52 22
b 23
d 52 23
b 24
d 52 24
b 25
d 52 25
b 26
d 52 26
b 27
d 52 27
b 28
d 52 28
b 29
d 52 29
b 30
d 52 30
b 31
d 52 31
b 32
d 52 32
b 33
d 52 33
b 34
d 52 34
b 35
d 52 35
b 36
d 52 36
b 37
d 52 37
b 38
d 52 38
b 39
d 52 39
b 40
d 52 40
b 41
d 52 41
b 42
d 52 42
b 43
d 52 43
b 44
d 52 44
b 45
d 52 45
b 46
d 52 46
b 47
d 52 47
b 48
d 52 48
b 49
d 52 49
b 50
d 52 50
b 51
d 52 51
b 52
d 52 52
b 53
d 52 53
b 54
d 52 54
b 55
d 52 55
b 56
d 52 56
b 57
d 52 57
b 58
d 52 58
b 59
d 52 59
b 60
d 52 60
b 61
d 52 61
b 62
d 52 62
b 63
d 52 63
b 64
d 52 64
d 50 1
b 65
d 52 65
d 50 2
b 66
d 52 66
d 50 3
b 67
d 52 67
d 50 4
b 68
d 52 68
d 50 5
b 69
d 52 69
d 50 6
b 70
d 52 70
d 50 7
b 71
d 52 71
d 50 8
b 72
d 52 72
b 73
d 52 73
b 74
d 52 74
b 75
d 52 75
b 76
d 52 76
b 77
d 52 77
b 78
d 52 78
b 79
d 52 79
b 80
d 52 80
b 81
d 52 81
b 82
d 52 82
b 83
d 52 83
b 84
d 52 84
b 85
d 52 85
b 86
d 52 86
b 87
d 52 87
b 88
d 52 88
b 89
d 52 89
b 90
d 52 90
b 91
d 52 91
b 92
d 52 92
b 93
d 52 93
b 94
d 52 94
b 95
d 52 95
b 96
d 52 96
b 97
d 52 97
b 98
d 52 98
b 99
d 52 99
b 100
d 52 100
b 101
d 52 101
b 102
d 52 102
b 103
d 52 103
b 104
d 52 104
d 9 1
d 10 1
d 11 1
d 12 1
d 13 1
d 14 1
d 15 1
d 16 1
d 17 1
d 18 1
d 19 1
d 24 1
d 25 1
d 27 1
d 30 1
d 31 1
d 32 1
d 35 1
d 38 1
d 39 1
d 45 1
d 49 1
d 50 9
d 51 1
b 105
d 52 105
d 15 2
d 31 2
d 32 2
d 50 10
b 106
d 52 106
b 107
d 52 107
b 108
d 52 108
d 56 1
d 58 1
d 1 1
d 1 2
d 1 3
d 2 1
d 2 2
d 2 3
d 3 1
d 3 2
d 3 3
d 4 1
d 4 2
d 4 3
d 5 1
d 6 1
d 7 1
d 19 2
d 27 2
d 27 3
d 28 1
d 36 1
d 38 2
d 39 2
d 40 1
d 56 2
d 58 2
d 28 2
d 56 3
d 58 3
d 28 3
d 28 4
d 32 3
b 109
d 52 109
b 110
d 52 110
b 111
d 52 111
b 112
d 52 112
b 113
d 52 113
b 114
d 52 114
b 115
d 52 115
b 116
d 52 116
b 117
d 52 117
b 118
d 52 118
b 119
d 52 119
b 120
d 52 120
b 121
d 52 121
b 122
d 52 122
b 123
d 52 123
b 124
d 52 124
b 125
d 52 125
b 126
d 52 126
b 127
d 52 127
b 128
d 52 128
b 129
d 52 129
b 130
d 52 130
b 131
d 52 131
b 132
d 52 132
d 26 1
d 29 1
d 8 1
d 9 2
d 20 1
d 3 4
d 3 5
d 4 4
d 4 5
d 33 1
d 34 1
d 37 1
d 11 2
d 17 2
d 59 1
d 62 1
d 63 1
d 65 1
d 29 2
d 5 2
d 5 3
d 6 2
d 7 2
d 7 3
d 8 2
d 10 2
d 20 2
d 24 2
d 25 2
d 1 4
d 1 5
d 2 4
d 2 5
d 46 1
d 48 1
d 16 2
d 18 2
d 22 1
d 22 2
d 43 1
d 35 2
d 35 3
d 12 2
d 14 2
d 21 1
d 23 1
d 30 2
d 30 3
d 53 1
d 41 1
d 41 2
d 42 1
d 56 4
d 58 4
d 31 3
d 38 3
d 39 3
d 44 1
d 33 2
d 34 2
d 40 2
d 45 2
d 48 2
d 49 2
d 51 2
d 53 2
d 13 2
d 62 2
d 19 3
d 19 4
d 54 1
d 57 1
d 37 2
d 37 3
d 42 2
d 6 3
d 9 3
d 11 3
d 12 3
d 36 2
d 36 3
d 36 4
d 10 3
d 13 3
d 50 11
d 44 2
d 59 2
d 63 2
d 65 2
d 15 3
d 14 3
d 16 3
d 21 2
d 23 2
d 25 3
d 27 4
d 32 4
d 43 2
d 8 3
d 17 3
d 18 3
d 18 4
d 24 3
d 54 2
d 57 2
d 1 6
d 2 6
d 38 4
d 39 4
d 40 3
d 41 3
d 45 3
d 46 2
d 49 3
d 50 12
d 51 3
d 4 6
d 5 4
d 5 5
d 7 4
d 19 5
d 53 3
d 62 3
d 65 3
d 22 3
d 23 3
d 24 4
d 20 3
d 26 2
d 8 4
d 10 4
d 11 4
d 12 4
d 13 4
d 14 4
d 16 4
d 17 4
d 29 3
d 33 3
d 34 3
d 37 4
d 37 5
d 41 4
d 43 3
d 45 4
d 48 3
d 59 3
d 63 3
d 56 5
d 58 5
d 28 5
d 9 4
d 15 4
b 133
d 52 133
d 31 4
d 31 5
d 31 6
d 31 7
d 31 8
d 31 9
d 31 10
d 31 11
d 31 12
d 31 13
d 31 14
d 31 15
d 31 16
d 31 17
d 31 18
d 31 19
d 31 20
b 134
d 52 134
d 36 5
d 62 4
d 65 4
d 10 5
d 28 6
d 36 6
d 40 4
d 42 3
d 44 3
d 46 3
d 47 1
d 49 4
d 50 13
d 51 4
d 61 1
d 64 1
d 6 4
d 6 5
d 56 6
d 58 6
d 15 5
d 25 4
d 26 3
d 32 5
d 53 4
d 53 5
d 11 5
d 12 5
d 7 5
d 43 4
d 54 3
d 1 7
d 2 7
d 4 7
d 23 4
d 57 3
d 59 4
d 3 6
d 3 7
d 16 5
d 44 4
d 48 4
d 21 3
d 63 4
d 27 5
d 9 5
d 34 4
d 8 5
b 135
d 52 135
d 33 4
d 18 5
d 30 4
d 30 5
d 35 4
d 32 6
d 24 5
d 29 4
d 39 5
d 42 4
d 5 6
d 38 5
d 49 5
d 51 5
d 41 5
d 55 1
d 9 6
d 56 7
d 58 7
d 26 4
d 47 2
d 37 6
d 5 7
d 45 5
d 19 6
d 64 2
d 19 7
d 35 5
d 38 6
d 39 6
d 60 1
d 55 2
d 59 5
d 62 5
d 63 5
d 65 5
d 1 8
d 2 8
d 4 8
d 7 6
d 10 6
d 11 6
d 12 6
d 13 5
d 14 5
d 15 6
d 16 6
d 17 5
d 20 4
d 20 5
d 22 4
d 23 5
d 24 6
d 25 5
d 29 5
d 32 7
d 33 5
d 33 6
d 34 5
d 37 7
d 40 5
d 42 5
d 43 5
d 45 6
d 46 4
d 46 5
d 54 4
d 57 4
d 61 2
d 3 8
d 3 9
d 8 6
d 21 4
d 27 6
d 28 7
d 31 21
d 36 7
d 41 6
d 50 14
d 56 8
d 58 8
d 6 6
d 18 6
d 28 8
d 30 6
d 44 5
d 48 5
d 49 6
d 49 7
d 51 6
d 53 6
b 136
d 52 136
d 14 6
d 15 7
d 17 6
d 21 5
d 22 5
d 25 6
d 26 5
d 47 3
d 50 15
b 137
d 52 137
d 53 7
d 59 6
d 60 2
d 62 6
d 63 6
d 65 6
d 9 7
d 10 7
d 11 7
d 12 7
d 16 7
d 18 7
d 23 6
d 29 6
d 34 6
d 34 7
d 40 6
d 41 7
d 42 6
d 43 6
d 44 6
d 48 6
d 1 9
d 2 9
d 61 3
d 64 3
d 5 8
d 7 7
d 13 6
d 13 7
d 54 5
d 6 7
d 6 8
d 31 22
d 56 9
d 8 7
d 20 6
d 24 7
d 32 8
d 4 9
d 38 7
d 26 6
d 49 8
d 57 5
d 18 8
d 51 7
d 27 7
d 27 8
d 11 8
d 44 7
d 56 10
d 3 10
d 3 11
d 19 8
d 28 9
d 30 7
d 31 23
d 35 6
d 37 8
d 38 8
d 40 7
d 45 7
d 46 6
d 47 4
d 50 16
d 54 6
d 55 3
d 57 6
d 61 4
d 64 4
d 1 10
d 2 10
d 4 10
d 5 9
d 7 8
d 14 7
d 15 8
d 17 7
d 21 6
d 22 6
d 25 7
d 30 8
d 35 7
d 39 7
b 138
d 52 138
d 53 8
d 59 7
d 62 7
d 63 7
d 65 7
d 9 8
d 12 8
d 12 9
d 12 10
d 12 11
d 33 7
d 58 9
d 36 8
d 48 7
d 49 9
d 51 8
d 27 9
d 60 3
d 10 8
d 13 8
d 15 9
d 16 8
d 17 8
d 20 7
d 22 7
d 23 7
d 24 8
d 26 7
d 29 7
d 32 9
d 34 8
d 37 9
d 41 8
d 42 7
d 43 7
d 8 8
d 9 9
d 24 9
d 32 10
d 33 8
d 33 9
d 34 9
d 55 4
d 28 10
d 39 8
d 58 10
d 6 9
d 36 9
d 14 8
d 18 9
d 25 8
d 25 9
d 40 8
d 41 9
d 42 8
d 43 8
d 45 8
d 46 7
d 54 7
d 57 7
d 61 5
d 64 5
d 9 10
d 14 9
d 15 10
d 16 9
d 17 9
d 19 9
d 20 8
d 21 7
d 22 8
d 30 9
d 30 10
d 31 24
d 11 9
d 5 10
d 8 9
d 38 9
d 39 9
d 40 9
d 28 11
d 28 12
d 35 8
d 35 9
d 55 5
d 61 6
d 44 8
d 44 9
d 47 5
d 47 6
d 5 11
d 60 4
d 3 12
d 4 11
d 4 12
d 7 9
d 7 10
d 13 9
d 23 8
d 27 10
d 50 17
d 53 9
d 53 10
d 53 11
d 53 12
d 54 8
d 57 8
d 59 8
d 62 8
d 63 8
d 64 6
d 65 8
d 10 9
d 12 12
d 21 8
d 26 8
d 37 10
d 38 10
d 45 9
d 46 8
d 46 9
d 48 8
d 49 10
d 50 18
d 51 9
d 31 25
d 29 8
d 56 11
d 56 12
d 58 11
d 11 10
d 30 11
d 36 10
b 139
d 52 139
b 140
d 52 140
d 1 11
d 1 12
d 2 11
d 2 12
d 6 10
d 19 10
d 58 12
d 2 13
d 2 14
d 18 10
d 34 10
d 59 9
d 62 9
d 63 9
d 65 9
d 23 9
d 29 9
d 42 9
d 43 9
d 60 5
d 10 10
d 24 10
d 25 10
d 33 10
d 41 10
d 44 10
d 4 13
d 4 14
d 31 26
d 39 10
d 47 7
d 49 11
d 16 10
d 26 9
d 32 11
d 48 9
d 51 10
d 8 10
d 13 10
d 20 9
d 27 11
d 28 13
d 62 10
d 17 10
d 6 11
d 12 13
d 37 11
d 45 10
d 50 19
d 54 9
d 55 6
d 64 7
d 1 13
d 7 11
d 15 11
d 18 11
d 22 9
d 46 10
d 57 9
d 14 10
d 14 11
d 14 12
d 21 9
d 38 11
d 40 10
d 59 10
d 63 10
d 65 10
d 11 11
d 11 12
d 3 13
d 3 14
d 19 11
d 23 10
d 29 10
d 30 12
d 61 7
d 36 11
d 18 12
d 25 11
d 25 12
d 5 12
d 5 13
d 53 13
d 7 12
d 9 11
d 10 11
d 13 11
d 16 11
d 20 10
d 24 11
d 26 10
d 32 12
d 33 11
d 34 11
d 8 11
d 22 10
d 22 11
d 35 10
d 41 11
d 42 10
d 47 8
d 48 10
d 55 7
d 60 6
d 64 8
d 15 12
d 17 11
d 21 10
d 56 13
d 58 13
d 28 14
d 31 27
d 37 12
d 43 10
d 44 11
d 45 11
d 49 12
d 50 20
d 51 11
d 12 14
d 3 15
d 19 12
d 39 11
d 38 12
d 40 11
d 54 10
b 141
d 52 141
d 2 15
d 4 15
d 27 12
d 27 13
d 1 14
d 35 11
d 33 12
d 6 12
d 57 10
d 5 14
d 5 15
d 56 14
d 58 14
d 47 9
d 64 9
d 7 13
d 8 12
d 9 12
d 10 12
d 13 12
d 21 11
d 24 12
d 34 12
d 46 11
d 48 11
d 55 8
d 60 7
d 60 8
d 61 8
d 61 9
d 15 13
d 16 12
d 17 12
d 20 11
d 22 12
d 35 12
d 36 12
d 39 12
d 41 12
d 44 12
d 45 12
d 51 12
d 54 11
d 57 11
d 6 13
d 9 13
d 10 13
d 11 13
d 13 13
d 14 13
d 16 13
d 17 13
d 18 13
d 19 13
d 24 13
d 25 13
d 32 13
d 33 13
d 37 13
d 11 14
d 38 13
d 28 15
d 31 28
d 40 12
d 42 11
d 43 11
d 49 13
d 50 21
d 53 14
d 56 15
d 59 11
d 59 12
d 62 11
d 63 11
d 63 12
d 65 11
d 65 12
d 1 15
d 12 15
d 23 11
d 26 11
d 27 14
d 29 11
d 30 13
d 39 13
d 14 14
d 53 15
d 62 12
d 12 16
b 142
d 52 142
b 143
d 52 143
d 58 15
d 6 14
d 19 14
d 47 10
d 54 12
d 55 9
d 56 16
d 57 12
d 58 16
d 61 10
d 64 10
d 1 16
d 2 16
d 2 17
d 3 16
d 3 17
d 4 16
d 4 17
d 5 16
d 6 15
d 7 14
d 15 14
d 18 14
d 19 15
d 20 12
d 21 12
d 23 12
d 25 14
d 26 12
d 27 15
d 28 16
d 14 15
d 24 14
d 29 12
d 30 14
d 32 14
d 34 13
d 37 14
d 38 14
d 40 13
d 41 13
d 42 12
d 43 12
d 44 13
d 45 13
d 46 12
d 49 14
d 50 22
d 51 13
d 53 16
d 59 13
d 62 13
d 63 13
d 65 13
d 1 17
d 3 18
d 5 17
d 7 15
d 8 13
d 9 14
d 10 14
d 11 15
d 12 17
d 13 14
d 15 15
d 16 14
d 17 14
d 18 15
d 22 13
d 23 13
d 25 15
d 26 13
d 28 17
d 29 13
d 30 15
d 32 15
d 33 14
d 34 14
d 36 13
d 37 15
d 39 14
d 40 14
d 41 14
d 42 13
d 43 13
d 44 14
d 44 15
d 45 14
d 46 13
d 8 14
d 20 13
d 55 10
d 60 9
d 21 13
d 35 13
d 47 11
d 54 13
d 31 29
d 61 11
d 64 11
d 51 14
d 31 30
b 144
d 52 144
d 48 12
d 48 13
d 49 15
d 50 23
b 145
d 52 145
d 53 17
d 59 14
d 62 14
d 63 14
d 65 14
d 11 16
d 44 16
d 2 18
d 57 13
d 38 15
d 43 14
d 44 17
d 46 14
d 49 16
d 50 24
d 51 15
d 59 15
d 60 10
d 62 15
d 63 15
d 65 15
d 2 19
d 3 19
d 6 16
d 8 15
d 11 17
d 15 16
d 17 15
d 18 16
d 19 16
d 25 16
d 27 16
d 29 14
d 35 14
d 36 14
d 37 16
d 38 16
d 39 15
d 40 15
d 41 15
d 42 14
d 43 15
d 45 15
d 46 15
d 48 14
d 49 17
d 50 25
d 51 16
d 51 17
d 51 18
d 55 11
d 60 11
d 64 12
d 20 14
d 21 14
d 7 16
d 7 17
d 9 15
d 9 16
d 10 15
d 10 16
d 12 18
d 13 15
d 13 16
d 14 16
d 14 17
d 16 15
d 16 16
d 22 14
d 22 15
d 23 14
d 23 15
d 24 15
d 24 16
d 26 14
d 26 15
d 26 16
d 27 17
d 30 16
d 30 17
d 30 18
d 32 16
d 32 17
d 33 15
d 34 15
d 35 15
d 41 16
d 42 15
d 53 18
d 64 13
d 4 18
d 4 19
d 4 20
d 29 15
d 33 16
d 34 16
d 54 14
d 56 17
d 57 14
d 58 17
d 61 12
d 56 18
d 58 18
d 28 18
d 28 19
d 1 18
d 1 19
d 36 15
d 5 18
d 31 31
d 31 32
d 47 12
d 47 13
b 146
d 52 146
b 147
d 52 147
d 51 19
d 60 12
d 61 13
d 47 14
d 55 12
d 48 15
d 33 17
d 34 17
d 57 15
d 2 20
d 3 20
d 5 19
d 30 19
d 44 18
d 49 18
d 53 19
d 56 19
d 58 19
d 5 20
d 12 19
d 62 16
d 63 16
d 65 16
d 8 16
d 9 17
d 10 17
d 43 16
d 46 16
d 18 17
d 19 17
d 25 17
d 38 17
d 40 16
d 6 17
d 28 20
d 15 17
d 17 16
d 37 17
d 59 16
d 20 15
d 39 16
d 39 17
d 54 15
d 21 15
d 35 16
d 22 16
d 33 18
d 27 18
d 37 18
d 41 17
d 11 18
d 23 16
d 55 13
d 7 18
d 14 18
d 24 17
d 50 26
d 17 17
d 26 17
d 32 18
d 40 17
d 48 16
d 48 17
d 64 14
d 8 17
d 54 16
d 31 33
d 45 16
d 57 16
d 61 14
d 13 17
d 16 17
d 29 16
d 36 16
d 36 17
d 44 19
d 62 17
d 65 17
d 10 18
d 1 20
d 42 16
d 53 20
d 59 17
d 63 17
d 6 18
d 28 21
d 11 19
d 15 18
d 34 18
d 43 17
d 9 18
d 4 21
b 148
d 52 148
d 14 19
d 19 18
d 22 17
d 23 17
d 25 18
d 18 18
d 58 20
d 20 16
d 12 20
d 60 13
d 56 20
d 2 21
d 21 16
d 35 17
d 13 18
d 3 21
d 30 20
d 46 17
d 7 19
d 27 19
d 38 18
d 45 17
d 47 15
d 54 17
d 5 21
d 12 21
d 15 19
d 16 18
d 17 18
d 20 17
d 24 18
d 26 18
d 29 17
d 30 21
d 32 19
d 37 19
d 40 18
d 41 18
d 49 19
d 50 27
d 28 22
d 55 14
d 64 15
d 42 17
d 36 18
d 36 19
d 36 20
d 33 19
d 1 21
d 51 20
d 57 17
d 61 15
d 6 19
d 62 18
d 44 20
d 31 34
d 39 18
d 18 19
d 19 19
d 38 19
d 38 20
d 53 21
d 8 18
d 25 19
d 47 16
d 4 22
d 56 21
d 58 21
d 59 18
d 63 18
d 10 19
d 34 19
d 35 18
d 48 18
d 21 17
b 149
d 52 149
d 3 22
d 49 20
d 65 18
d 9 19
d 11 20
d 43 18
d 27 20
d 14 20
d 17 19
d 22 18
d 23 18
d 24 19
d 32 20
d 33 20
d 55 15
d 8 19
d 60 14
d 5 22
d 6 20
d 16 19
d 28 23
d 39 19
d 50 28
d 51 21
d 2 22
d 29 18
d 41 19
d 46 18
d 65 19
d 7 20
d 37 20
d 40 19
d 48 19
d 45 18
d 54 18
d 64 16
d 62 19
d 19 20
d 13 19
d 26 19
d 59 19
d 2 23
d 15 20
d 63 19
d 34 20
d 56 22
d 57 18
d 58 22
d 1 22
d 18 20
d 20 18
d 43 19
d 53 22
d 60 15
d 61 16
d 10 20
d 11 21
d 23 19
d 3 23
d 4 23
d 42 18
d 31 35
d 64 17
d 9 20
d 13 20
d 14 21
d 16 20
d 21 18
d 22 19
d 24 20
d 25 20
d 26 20
d 29 19
d 32 21
d 41 20
d 44 21
d 46 19
d 47 17
d 49 21
d 50 29
d 12 22
d 27 21
d 30 22
d 38 21
d 40 20
d 7 21
d 5 23
d 37 21
d 45 19
d 51 22
d 35 19
d 34 21
b 150
d 52 150
d 54 19
d 55 16
d 57 19
d 12 23
d 15 21
d 17 20
d 20 19
d 21 19
d 35 20
d 39 20
d 42 19
d 47 18
d 53 23
d 44 22
d 1 23
d 56 23
d 58 23
d 3 24
d 9 21
d 10 21
d 17 21
d 18 21
d 19 21
d 25 21
d 27 22
d 36 21
d 8 20
d 33 21
d 43 20
d 23 20
d 31 36
d 31 37
d 31 38
d 31 39
d 31 40
d 31 41
d 31 42
d 31 43
d 31 44
d 31 45
d 31 46
d 31 47
d 6 21
d 28 24
d 48 20
d 62 20
d 65 20
b 151
d 52 151
d 2 24
d 4 24
d 11 22
d 14 22
d 24 21
d 22 20
d 51 23
d 59 20
d 63 20
d 60 16
d 39 21
d 61 17
d 46 20
d 49 22
d 16 21
d 32 22
d 3 25
d 6 22
d 30 23
d 38 22
d 40 21
d 14 23
d 7 22
d 26 21
d 36 22
d 36 23
d 2 25
d 4 25
d 5 24
d 50 30
d 37 22
d 23 21
d 55 17
d 19 22
d 41 21
d 29 20
d 28 25
d 65 21
d 8 21
d 33 22
d 34 22
d 45 20
d 1 24
d 42 20
d 54 20
d 64 18
d 12 24
d 31 48
d 59 21
d 62 21
d 10 22
d 11 23
d 22 21
d 13 21
d 25 22
d 60 17
d 61 18
d 63 21
d 32 23
d 44 23
b 152
d 52 152
d 53 24
d 18 22
d 56 24
d 57 20
d 58 24
d 15 22
d 20 20
d 21 20
d 43 21
d 46 21
d 48 21
d 5 25
d 27 23
d 47 19
d 30 24
d 33 23
d 38 23
d 40 22
d 45 21
d 1 25
d 35 21
d 7 23
d 12 25
d 39 22
d 49 23
d 9 22
d 16 22
d 24 22
d 26 22
d 29 21
d 31 49
d 41 22
d 3 26
d 37 23
d 51 24
d 7 24
d 11 24
d 14 24
d 27 24
d 36 24
d 37 24
d 56 25
d 58 25
d 11 25
d 30 25
d 63 22
d 65 22
d 2 26
d 4 26
d 8 22
d 10 23
d 17 22
d 22 22
d 24 23
d 25 23
d 26 23
d 32 24
d 34 23
d 40 23
d 43 22
d 54 21
d 55 18
d 57 21
d 60 18
d 61 19
d 64 19
d 65 23
d 8 23
d 9 23
d 13 22
d 15 23
d 17 23
d 18 23
d 19 23
d 20 21
d 21 21
d 29 22
d 33 24
d 34 24
d 35 22
d 42 21
d 47 20
d 46 22
d 48 22
d 5 26
d 50 31
d 38 24
d 44 24
d 28 26
d 59 22
d 62 22
d 62 23
d 23 22
d 23 23
d 49 24
b 153
d 52 153
d 53 25
d 6 23
d 31 50
d 44 25
d 45 22
d 49 25
d 28 27
d 22 23
d 33 25
d 1 26
d 6 24
d 15 24
d 16 23
d 18 24
d 19 24
d 36 25
d 39 23
d 51 25
d 54 22
d 55 19
d 24 24
d 32 25
d 43 23
d 57 22
d 17 24
d 21 22
d 23 24
d 27 25
d 3 27
d 7 25
d 16 24
d 25 24
d 38 25
d 46 23
d 60 19
d 13 23
d 14 25
d 41 23
d 42 22
d 20 22
d 56 26
d 58 26
d 59 23
d 63 23
d 2 27
d 4 27
d 61 20
d 51 26
d 12 26
d 30 26
d 64 20
d 50 32
d 53 26
d 37 25
d 9 24
d 10 24
d 14 26
d 48 23
d 26 24
d 31 51
d 8 24
d 34 25
b 154
d 52 154
d 61 21
d 2 28
d 3 28
d 4 28
d 5 27
d 6 25
d 12 27
d 19 25
d 28 28
d 54 23
d 57 23
d 35 23
d 36 26
d 39 24
d 40 24
d 41 24
d 42 23
d 45 23
d 47 21
d 64 21
d 43 24
d 55 20
d 50 33
d 56 27
d 58 27
d 53 27
d 59 24
d 62 24
d 63 24
d 65 24
d 10 25
d 11 26
d 22 24
d 24 25
d 25 25
d 29 23
d 32 26
d 9 25
b 155
d 52 155
d 18 25
d 20 23
d 31 52
d 44 26
d 46 24
d 1 27
d 13 24
d 15 25
d 48 24
d 49 26
d 38 26
d 60 20
d 14 27
d 16 25
d 21 23
d 29 24
d 38 27
d 39 25
d 40 25
d 41 25
d 47 22
d 51 27
d 3 29
d 5 28
d 11 27
d 17 25
d 26 25
d 33 26
d 34 26
d 45 24
d 59 25
d 62 25
d 63 25
d 65 25
d 6 26
d 8 25
d 10 26
d 22 25
d 23 25
d 27 26
d 27 27
d 31 53
d 35 24
d 7 26
d 12 28
d 30 27
d 1 28
d 46 25
d 37 26
d 2 29
d 4 29
d 18 26
d 19 26
d 28 29
d 42 24
d 50 34
d 54 24
d 64 22
d 13 25
d 15 26
d 20 24
d 25 26
d 27 28
d 43 25
d 44 27
d 48 25
d 49 27
d 53 28
d 55 21
d 9 26
d 21 24
d 36 27
d 56 28
d 58 28
d 57 24
d 61 22
d 8 26
d 33 27
d 34 27
d 47 23
d 7 27
d 30 28
d 23 26
d 24 26
d 35 25
d 50 35
d 32 27
d 14 28
d 59 26
d 62 26
d 65 26
d 31 54
d 55 22
d 61 23
d 22 26
d 2 30
d 3 30
d 37 27
d 40 26
d 53 29
d 7 28
d 20 25
d 29 25
d 42 25
d 45 25
d 57 25
d 13 26
d 16 26
d 17 26
d 26 26
d 12 29
d 18 27
d 25 27
d 27 29
d 35 26
d 38 28
d 43 26
d 46 26
d 48 26
d 28 30
b 156
d 52 156
b 157
d 52 157
d 54 25
d 64 23
d 39 26
d 41 26
d 51 28
d 4 30
d 5 29
d 6 27
d 19 27
d 1 29
d 60 21
d 9 27
d 15 27
d 60 22
d 63 26
d 10 27
d 11 28
d 37 28
d 44 28
d 58 29
d 47 24
d 24 27
d 26 27
d 29 26
d 32 28
d 36 28
d 56 29
d 16 27
d 21 25
d 30 29
d 39 27
d 49 28
d 40 27
d 62 27
d 65 27
d 31 55
d 33 28
d 48 27
d 3 31
d 8 27
d 17 27
d 44 29
d 49 29
d 51 29
d 55 23
d 1 30
d 5 30
d 45 26
d 34 28
d 50 36
d 59 27
d 63 27
d 23 27
d 41 27
d 64 24
d 46 27
d 12 30
d 2 31
d 6 28
d 18 28
d 19 28
d 36 29
d 58 30
d 7 29
d 42 26
d 28 31
d 13 27
d 15 28
d 20 26
d 25 28
d 30 30
d 38 29
d 38 30
d 38 31
d 43 27
d 14 29
d 53 30
d 60 23
d 61 24
d 1 31
d 4 31
d 5 31
d 12 31
d 13 28
d 14 30
d 16 28
d 21 26
d 27 30
d 37 29
d 39 28
d 40 28
d 47 25
d 61 25
d 64 25
d 3 32
d 17 28
d 18 29
d 19 29
d 55 24
d 57 26
d 22 27
d 22 28
d 29 27
d 35 27
d 42 27
d 45 27
d 65 28
d 8 28
d 9 28
d 10 28
d 23 28
d 24 28
d 26 28
d 28 32
d 32 29
d 33 29
d 41 28
d 50 37
d 53 31
d 54 26
d 59 28
d 60 24
d 62 28
d 63 28
d 9 29
d 10 29
d 16 29
d 17 29
d 20 27
d 21 27
d 24 29
d 25 29
d 26 29
d 27 31
d 29 28
d 31 56
d 32 30
d 34 29
d 35 28
d 43 28
d 44 30
d 46 28
d 47 26
d 48 28
d 49 30
d 54 27
d 57 27
d 40 29
d 5 32
d 11 29
d 11 30
d 30 31
d 1 32
d 6 29
d 7 30
d 15 29
d 51 30
d 58 31
d 56 30
d 56 31
d 2 32
d 4 32
d 36 30
b 158
d 52 158
b 159
d 52 159
d 59 29
d 62 29
d 65 29
d 22 29
d 13 29
d 15 30
d 37 30
d 39 29
d 54 28
d 55 25
d 50 38
d 2 33
d 3 33
d 8 29
d 23 29
d 31 57
d 33 30
d 34 30
d 12 32
d 27 32
d 51 31
d 45 28
d 64 26
d 7 31
d 41 29
d 18 30
d 42 28
d 61 26
d 25 30
d 44 31
d 48 29
d 63 29
d 30 32
d 35 29
d 57 28
d 60 25
d 36 31
d 38 32
d 56 32
d 58 32
d 21 28
d 53 32
d 11 31
d 14 31
d 20 28
d 43 29
d 46 29
d 19 30
d 39 30
d 40 30
d 41 30
d 47 27
d 49 31
d 50 39
d 54 29
d 56 33
d 64 27
d 6 30
d 9 30
d 10 30
d 12 33
d 13 30
d 16 30
d 17 30
d 24 30
d 26 30
d 27 33
d 29 29
d 30 33
d 32 31
d 45 29
d 55 26
d 6 31
d 8 30
d 37 31
d 28 33
d 28 34
d 51 32
d 2 34
d 3 34
d 36 32
d 4 33
d 4 34
d 5 33
b 160
d 52 160
d 33 31
d 15 31
d 15 32
d 19 31
d 20 29
d 21 29
d 42 29
d 17 31
d 35 30
d 60 26
d 61 27
d 47 28
d 57 29
b 161
d 52 161
d 53 33
d 59 30
d 62 30
d 63 30
d 65 30
d 9 31
d 10 31
d 11 32
d 14 32
d 16 31
d 18 31
d 22 30
d 23 30
d 24 31
d 25 31
d 32 32
d 34 31
d 43 30
d 44 32
d 46 30
d 48 30
d 49 32
d 62 31
d 65 31
d 1 33
d 8 31
d 40 31
d 27 34
d 7 32
d 58 33
d 31 58
d 31 59
d 29 30
d 13 31
d 23 31
d 26 31
d 37 32
d 55 27
d 59 31
d 38 33
d 45 30
d 64 28
d 5 34
d 12 34
d 4 35
d 39 31
d 41 31
d 42 30
d 54 30
d 33 32
d 34 32
d 50 40
d 51 33
d 56 34
d 12 35
d 1 34
d 14 33
d 53 34
d 18 32
d 36 33
d 61 28
d 7 33
d 25 32
d 2 35
d 3 35
d 28 35
d 58 34
d 11 33
d 30 34
d 20 30
d 22 31
d 19 32
d 38 34
d 48 31
d 60 27
d 63 31
d 64 29
d 21 30
d 5 35
d 6 32
d 51 34
d 57 30
d 47 29
d 55 28
b 162
d 52 162
d 43 31
d 44 33
d 37 33
d 39 32
d 41 32
d 45 31
d 46 31
d 49 33
d 8 32
d 40 32
d 2 36
d 3 36
d 4 36
d 6 33
d 35 31
d 9 32
d 10 32
d 16 32
d 17 32
d 24 32
d 26 32
d 15 33
d 28 36
d 54 31
d 29 31
d 32 33
d 7 34
d 1 35
d 13 32
d 61 29
d 19 33
d 34 33
d 8 33
d 50 41
d 59 32
d 62 32
d 65 32
d 33 33
d 27 35
d 30 35
d 23 32
d 43 32
d 46 32
d 48 32
d 63 32
b 163
d 52 163
d 42 31
d 18 33
d 31 60
d 20 31
d 56 35
d 22 32
d 44 34
d 9 33
d 10 33
d 25 33
d 35 32
d 47 30
d 53 35
d 60 28
d 12 36
d 12 37
d 12 38
d 16 33
d 36 34
d 21 31
d 17 33
d 29 32
d 45 32
d 14 34
d 15 34
d 33 34
d 40 33
d 57 31
d 64 30
d 61 30
d 49 34
d 11 34
d 13 33
d 38 35
d 51 35
d 58 35
d 5 36
d 55 29
d 59 33
d 65 33
d 39 33
d 42 32
d 37 34
d 41 33
d 54 32
d 23 33
d 28 37
d 32 34
d 4 37
d 19 34
d 1 36
d 24 33
d 62 33
d 26 33
d 50 42
d 60 29
d 63 33
d 11 35
d 14 35
d 18 34
d 20 32
d 22 33
d 34 34
d 7 35
d 7 36
d 44 35
d 53 36
d 43 33
d 46 33
d 36 35
d 56 36
d 58 36
d 3 37
d 6 34
d 35 33
d 2 37
d 5 37
d 15 35
d 21 32
d 25 34
d 27 36
d 27 37
d 27 38
b 164
d 52 164
d 30 36
d 48 33
d 9 34
d 10 34
d 24 34
d 26 34
d 32 35
d 57 32
d 8 34
d 4 38
d 17 34
d 29 33
d 41 34
d 64 31
d 21 33
d 31 61
d 19 35
d 36 36
d 38 36
d 39 34
d 45 33
d 47 31
d 51 36
d 54 33
d 55 30
d 56 37
d 57 33
d 61 31
d 1 37
d 13 34
d 16 34
d 18 35
d 20 33
d 30 37
d 35 34
d 37 35
d 40 34
d 42 33
d 47 32
d 49 35
d 50 43
d 59 34
d 60 30
d 62 34
d 63 34
d 65 34
d 2 38
d 3 38
d 43 34
d 46 34
d 48 34
d 7 37
d 8 35
d 9 35
d 12 39
d 28 38
d 6 35
d 28 39
d 10 35
d 22 34
d 23 34
d 33 35
d 34 35
d 15 36
d 55 31
d 16 35
d 53 37
d 14 36
d 17 35
d 25 35
d 29 34
d 32 36
d 5 38
d 54 34
d 59 35
d 62 35
d 65 35
d 45 34
d 64 32
d 39 35
d 44 36
d 49 36
d 38 37
d 51 37
d 58 37
d 1 38
d 23 35
d 26 35
d 61 32
d 11 36
d 13 35
d 24 35
d 31 62
d 41 35
b 165
d 52 165
d 37 36
d 19 36
d 33 36
d 63 35
d 14 37
d 4 39
d 40 35
d 42 34
d 57 34
d 50 44
d 18 36
d 20 34
d 30 38
d 48 35
d 6 36
d 22 35
d 3 39
d 11 37
d 35 35
d 60 31
d 2 39
d 7 38
d 15 37
d 21 34
d 25 36
d 36 37
d 56 38
d 58 38
d 5 39
d 27 39
d 34 36
d 43 35
d 44 37
d 46 35
d 47 33
d 53 38
d 12 40
d 9 36
d 10 36
d 51 38
b 166
d 52 166
d 4 40
d 17 36
d 55 32
d 32 37
d 49 37
d 40 36
d 54 35
d 24 36
d 26 36
d 38 38
d 64 33
d 61 33
d 8 36
d 45 35
d 28 40
d 13 36
d 16 36
d 39 36
d 29 35
d 59 36
d 62 36
d 63 36
d 65 36
d 22 36
d 23 36
d 33 37
d 34 37
d 37 37
d 41 36
d 43 36
d 46 36
d 48 36
d 1 39
d 2 40
d 3 40
d 12 41
d 19 37
d 30 39
d 57 35
d 60 32
d 20 35
d 42 35
d 6 37
d 50 45
d 7 39
d 15 38
d 31 63
d 35 36
d 47 34
d 53 39
d 55 33
d 64 34
d 9 37
d 10 37
d 11 38
d 13 37
d 14 38
d 16 37
d 17 37
d 18 37
d 24 37
d 25 37
d 26 37
d 32 38
d 44 38
d 49 38
d 50 46
d 62 37
d 21 35
d 27 40
d 8 37
d 56 39
d 38 39
d 39 37
d 41 37
d 31 64
d 45 36
d 46 37
d 48 37
d 59 37
d 63 37
d 6 38
d 36 38
d 58 39
d 19 38
d 36 39
d 29 36
d 35 37
d 40 37
d 42 36
d 60 33
d 61 34
d 51 39
d 2 41
d 3 41
d 4 41
d 5 40
d 28 41
d 18 38
d 25 38
d 47 35
d 1 40
d 30 40
d 54 36
d 57 36
d 27 41
d 37 38
d 7 40
d 20 36
d 65 37
d 15 39
d 23 37
d 33 38
d 34 38
d 43 37
d 8 38
d 8 39
d 8 40
d 8 41
d 8 42
d 40 38
d 55 34
d 64 35
d 16 38
d 19 39
d 56 40
b 167
d 52 167
d 37 39
d 44 39
d 49 39
d 53 40
d 9 38
d 10 38
d 17 38
d 22 37
d 24 38
d 32 39
d 11 39
d 21 36
d 13 38
d 14 39
d 26 38
d 39 38
d 59 38
d 62 38
d 12 42
d 18 39
d 33 39
d 34 39
d 48 38
d 58 40
d 5 41
d 60 34
d 43 38
d 46 38
d 61 35
d 63 38
d 65 38
d 23 38
d 32 40
d 38 40
d 10 39
d 45 37
d 51 40
d 14 40
d 15 40
d 29 37
d 41 38
d 42 37
d 50 47
d 53 41
d 2 42
d 4 42
d 9 39
d 20 37
d 57 37
d 22 38
d 1 41
d 28 42
d 54 37
d 3 42
d 6 39
d 35 38
d 30 41
d 44 40
b 168
d 52 168
d 56 41
d 58 41
d 25 39
d 27 42
d 47 36
d 49 40
d 36 40
d 21 37
d 62 39
d 55 35
d 5 42
d 38 41
d 51 41
d 12 43
d 28 43
d 39 39
d 7 41
d 13 39
d 16 39
d 19 40
d 24 39
d 11 40
d 17 39
d 1 42
d 54 38
d 64 36
d 61 36
d 29 38
d 40 39
d 2 43
d 4 43
d 26 39
d 60 35
d 31 65
d 31 66
d 37 40
d 41 39
d 50 48
d 59 39
d 20 38
d 32 41
d 45 38
d 42 38
d 57 38
b 169
d 52 169
d 15 41
d 3 43
d 27 43
d 30 42
d 6 40
d 12 44
d 36 41
d 18 40
d 35 39
d 23 39
d 63 39
d 65 39
d 17 40
d 33 40
d 34 40
d 46 39
d 48 39
d 62 40
d 47 37
d 22 39
d 65 40
d 32 42
d 33 41
d 34 41
d 56 42
d 55 36
d 37 41
d 58 42
d 16 40
d 18 41
d 19 41
d 21 38
d 25 40
d 38 42
d 39 40
d 43 39
d 45 39
d 50 49
d 51 42
d 53 42
d 60 36
d 5 43
d 40 40
d 41 40
d 44 41
d 49 41
d 64 37
d 9 40
d 10 40
d 11 41
d 13 40
d 14 41
d 48 40
d 24 40
d 26 40
d 59 40
d 63 40
d 23 40
d 7 42
d 14 42
d 1 43
d 8 43
d 28 44
d 54 39
d 61 37
d 29 39
d 46 40
d 53 43
d 3 44
d 47 38
d 56 43
d 61 38
d 2 44
d 4 44
d 6 41
d 30 43
d 20 39
d 22 40
d 24 41
d 25 41
d 35 40
d 43 40
d 31 67
b 170
d 52 170
d 42 39
d 57 39
d 27 44
d 44 42
d 58 43
d 12 45
d 17 41
d 38 43
d 39 41
d 45 40
d 54 40
d 55 37
d 64 38
d 7 43
d 9 41
d 10 41
d 11 42
d 36 42
d 29 40
d 15 42
d 26 41
d 62 41
d 5 44
d 21 39
d 23 41
d 32 43
d 33 42
d 34 42
d 13 41
d 1 44
d 2 45
d 4 45
d 6 42
d 57 40
d 8 44
d 16 41
d 22 41
d 19 42
d 19 43
d 51 43
d 3 45
d 12 46
d 59 41
d 60 37
d 65 41
d 36 43
d 28 45
d 27 45
d 40 41
d 20 40
d 30 44
b 171
d 52 171
d 15 43
d 49 42
d 43 41
d 46 41
d 48 41
d 63 41
d 53 44
d 55 38
d 64 39
d 1 45
d 7 44
d 9 42
d 10 42
d 11 43
d 13 42
d 14 43
d 19 44
d 24 42
d 26 42
d 44 43
d 47 39
d 49 43
d 8 45
d 62 42
d 63 42
d 65 42
d 17 42
d 35 41
d 39 42
d 59 42
d 41 41
d 42 40
d 31 68
d 37 42
d 50 50
d 50 51
d 18 42
d 25 42
d 16 42
d 56 44
d 27 46
d 38 44
d 58 44
d 45 41
d 51 44
d 53 45
d 3 46
d 5 45
d 56 45
d 58 45
d 12 47
d 28 46
d 2 46
d 6 43
d 14 44
d 20 41
d 25 43
d 29 41
d 30 45
d 35 42
d 37 43
d 42 41
d 54 41
d 57 41
d 61 39
d 36 44
d 38 45
d 21 40
d 23 42
d 40 42
d 41 42
d 46 42
d 60 38
d 4 46
d 31 69
d 32 44
d 33 43
d 43 42
d 15 44
d 18 43
d 64 40
d 11 44
d 16 43
d 17 43
d 22 42
d 34 43
d 55 39
d 61 40
d 47 40
d 31 70
d 44 44
d 48 42
d 21 41
d 45 42
d 51 45
d 9 43
d 54 42
d 24 43
d 4 47
d 5 46
d 1 46
d 7 45
d 8 46
d 39 43
d 40 43
d 60 39
d 26 43
d 10 43
d 59 43
d 62 43
d 27 47
d 28 47
b 172
d 52 172
d 29 42
d 57 42
d 2 47
d 3 47
d 33 44
d 34 44
d 55 40
d 61 41
d 23 43
d 32 45
d 37 44
d 6 44
d 10 44
d 12 48
d 13 43
d 17 44
d 18 44
d 20 42
d 41 43
d 36 45
d 38 46
d 42 42
d 49 44
d 50 52
d 56 46
d 58 46
d 9 44
d 16 44
d 25 44
d 26 44
d 40 44
d 49 45
d 53 46
d 30 46
d 35 43
d 47 41
d 54 43
d 63 43
d 65 43
d 15 45
d 22 43
d 44 45
d 46 43
d 48 43
b 173
d 52 173
d 11 45
d 24 44
d 43 43
d 50 53
d 62 44
d 65 44
d 19 45
d 27 48
d 39 44
d 57 43
d 60 40
d 64 41
d 14 45
d 28 48
d 28 49
d 7 46
d 21 42
d 29 43
d 2 48
d 1 47
d 13 44
d 30 47
d 5 47
d 59 44
d 33 45
d 45 43
d 4 48
d 3 48
d 35 44
d 41 44
d 51 46
d 18 45
d 20 43
d 42 43
d 12 49
d 8 47
d 11 46
d 14 46
d 15 46
d 23 44
d 23 45
d 34 45
d 46 44
d 48 44
d 63 44
d 6 45
d 31 71
d 16 45
d 17 45
d 22 44
d 37 45
d 25 45
d 32 46
d 19 46
d 43 44
d 21 43
d 28 50
d 26 45
d 31 72
d 44 46
d 47 42
d 53 47
d 49 46
b 174
d 52 174
d 36 46
d 60 41
d 61 42
d 62 45
d 33 46
d 34 46
d 40 45
d 45 44
d 54 44
d 55 41
d 38 47
d 39 45
d 51 47
d 56 47
d 58 47
d 5 48
d 42 44
d 50 54
d 9 45
d 10 45
d 8 48
d 24 45
d 64 42
d 2 49
d 3 49
d 4 49
d 7 47
d 29 44
d 55 42
d 13 45
d 57 44
d 1 48
d 6 46
d 27 49
d 30 48
d 54 45
d 38 48
d 32 47
d 37 46
d 10 46
d 12 50
d 20 44
d 47 43
d 53 48
d 18 46
d 22 45
d 25 46
d 35 45
d 41 45
d 9 46
d 56 48
d 15 47
d 17 46
d 65 45
d 59 45
d 63 45
d 36 47
d 13 46
d 14 47
d 16 46
d 16 47
d 19 47
d 24 46
d 26 46
d 29 45
d 40 46
d 41 46
d 43 45
d 44 47
d 46 45
d 48 45
d 49 47
d 50 55
d 57 45
d 60 42
d 61 43
d 64 43
d 1 49
d 2 50
d 3 50
d 4 50
d 7 48
d 12 51
d 17 47
d 22 46
d 23 46
d 30 49
d 32 48
d 58 48
d 62 46
d 65 46
d 11 47
d 21 44
d 33 47
b 175
d 52 175
d 31 73
d 39 46
d 27 50
d 34 47
d 59 46
d 63 46
d 9 47
d 5 49
d 36 48
d 45 45
d 28 51
d 18 47
d 19 48
d 25 47
d 47 44
d 6 47
d 51 48
d 56 49
d 8 49
b 176
d 52 176
d 41 47
d 43 46
d 45 46
d 10 47
d 14 48
d 20 45
d 21 45
d 23 47
d 33 48
d 46 46
d 48 46
d 35 46
d 39 47
d 42 45
d 61 44
d 64 44
d 37 47
d 40 47
d 38 49
d 13 47
d 24 47
d 29 46
d 22 47
d 11 48
d 15 48
d 16 48
d 51 49
d 58 49
d 2 51
d 3 51
d 4 51
d 8 50
d 54 46
d 57 46
d 60 43
d 59 47
d 62 47
d 63 47
d 65 47
d 15 49
d 32 49
d 34 48
d 1 50
d 7 49
d 55 43
d 42 46
d 44 48
d 49 48
d 53 49
d 26 47
d 31 74
d 55 44
d 5 50
d 6 48
d 27 51
d 30 50
d 7 50
d 37 48
d 50 56
d 61 45
d 12 52
d 28 52
d 19 49
d 20 46
d 43 47
d 44 49
d 46 47
d 11 49
d 17 48
d 18 48
d 22 48
d 32 50
d 35 47
d 1 51
d 16 49
d 53 50
d 21 46
d 29 47
d 30 51
d 48 47
d 54 47
d 64 45
d 56 50
d 58 50
d 2 52
d 3 52
d 4 52
d 14 49
d 23 48
d 27 52
d 33 49
d 36 49
d 38 50
d 40 48
d 47 45
d 49 49
d 60 44
d 9 48
d 45 47
d 59 48
d 62 48
d 10 48
d 25 48
d 26 48
d 31 75
d 12 53
d 19 50
d 39 48
d 5 51
d 13 48
d 24 48
d 41 48
d 15 50
d 17 49
d 34 49
b 177
d 52 177
d 57 47
d 65 48
d 28 53
d 50 57
d 56 51
d 6 49
d 8 51
d 25 49
d 51 50
d 46 48
d 48 48
d 47 46
d 61 46
d 63 48
d 64 46
d 2 53
d 4 53
d 36 50
d 58 51
d 62 49
d 65 49
d 8 52
d 18 49
d 20 47
d 26 49
d 31 76
d 37 49
d 42 47
d 35 48
d 53 51
b 178
d 52 178
d 21 47
d 38 51
d 43 48
d 11 50
d 46 49
d 1 52
d 3 53
d 7 51
d 51 51
d 44 50
d 54 48
d 55 45
d 30 52
d 35 49
d 41 49
d 44 51
d 47 47
d 53 52
d 54 49
d 55 46
d 59 49
d 60 45
d 63 49
d 64 47
d 7 52
d 15 51
d 16 50
d 17 50
d 22 49
d 23 49
d 32 51
d 33 50
d 34 50
d 37 50
d 46 50
d 61 47
d 39 49
d 40 49
d 5 52
d 29 48
d 42 48
d 45 48
d 57 48
d 2 54
d 9 49
d 10 49
d 13 49
d 14 50
d 24 49
d 45 49
d 47 48
d 60 46
d 64 48
d 6 50
d 9 50
d 10 50
d 13 50
d 14 51
d 18 50
d 36 51
d 39 50
d 49 50
d 50 58
d 51 52
d 15 52
d 16 51
d 17 51
d 11 51
d 20 48
d 20 49
d 24 50
d 25 50
d 25 51
d 41 50
d 43 49
d 5 53
d 6 51
d 21 48
d 29 49
d 1 53
d 3 54
d 4 54
d 27 53
d 30 53
d 38 52
d 56 52
d 58 52
d 8 53
d 12 54
d 12 55
d 19 51
d 19 52
d 27 54
d 50 59
d 57 49
d 22 50
d 26 50
d 23 50
d 33 51
d 34 51
d 40 50
d 48 49
d 49 51
d 42 49
b 179
d 52 179
b 180
d 52 180
d 53 53
d 32 52
d 59 50
d 62 50
d 63 50
d 65 50
d 44 52
d 48 50
d 28 54
d 28 55
d 55 47
d 37 51
d 18 51
d 56 53
d 62 51
d 43 50
d 36 52
d 5 54
d 8 54
d 9 51
d 11 52
d 12 56
d 13 51
d 14 52
d 63 51
d 65 51
d 10 51
d 31 77
d 21 49
d 16 52
d 23 51
d 32 53
d 33 52
d 34 52
d 35 50
d 40 51
d 46 51
d 58 53
d 45 50
d 28 56
d 38 53
d 39 51
d 51 53
d 3 55
d 4 55
d 1 54
d 2 55
d 7 53
d 15 53
d 17 52
d 19 53
d 30 54
d 26 51
d 49 52
d 41 51
d 54 50
d 57 50
d 61 48
d 24 51
d 59 51
d 22 51
d 26 52
d 29 50
d 42 50
d 60 47
d 18 52
d 20 50
d 47 49
d 21 50
d 6 52
d 44 53
d 48 51
d 53 54
d 61 49
d 36 53
d 50 60
d 56 54
d 58 54
d 35 51
d 27 55
d 33 53
d 40 52
d 46 52
d 64 49
d 54 51
d 55 48
d 7 54
d 25 52
b 181
d 52 181
d 31 78
d 37 52
d 32 54
d 1 55
d 2 56
d 4 56
d 57 51
d 8 55
d 27 56
d 49 53
d 62 52
d 65 52
d 11 53
d 16 53
d 29 51
d 45 51
d 50 61
d 51 54
d 38 54
d 3 56
d 28 57
d 43 51
d 60 48
d 9 52
d 10 52
d 12 57
d 14 53
d 19 54
d 15 54
d 39 52
d 47 50
d 59 52
d 22 52
d 13 52
d 23 52
d 34 53
d 42 51
d 5 55
b 182
d 52 182
d 41 52
d 24 52
d 6 53
d 63 52
d 20 51
d 30 55
d 64 50
d 48 52
d 56 55
d 2 57
d 4 57
d 36 54
d 17 53
d 26 53
d 53 55
d 21 51
d 43 52
d 9 53
d 55 49
d 59 53
d 40 53
d 62 53
d 65 53
d 7 55
d 23 53
d 37 53
d 44 54
d 1 56
d 3 57
d 24 53
d 35 52
d 8 56
d 46 53
d 63 53
d 32 55
d 33 54
d 17 54
d 19 55
d 60 49
d 61 50
d 10 53
d 45 52
d 31 79
d 58 55
d 38 55
d 39 53
d 15 55
d 16 54
d 22 53
d 34 54
d 51 55
d 54 52
d 57 52
d 11 54
d 61 51
d 42 52
d 48 53
d 54 53
d 49 54
d 32 56
d 12 58
d 30 56
d 25 53
d 47 51
d 28 58
d 36 55
d 56 56
b 183
d 52 183
d 20 52
d 50 62
d 53 56
d 55 50
d 27 57
d 5 56
d 13 53
d 18 53
d 31 80
d 8 57
d 11 55
d 14 54
d 21 52
d 29 52
d 51 56
d 58 56
d 2 58
d 3 58
d 4 58
d 6 54
d 7 56
d 9 54
d 26 54
d 37 54
d 39 54
d 41 53
d 43 53
d 44 55
d 49 55
d 50 63
d 59 54
d 62 54
d 65 54
d 10 54
d 16 55
d 33 55
d 35 53
d 38 56
d 40 54
d 42 53
d 45 53
d 64 51
d 1 57
d 46 54
d 57 53
d 47 52
d 60 50
b 184
d 52 184
d 18 54
d 23 54
d 24 54
d 25 54
d 5 57
d 34 55
d 27 58
d 28 59
d 29 53
d 12 59
d 63 54
d 13 54
d 14 55
d 48 54
d 17 55
d 31 81
d 55 51
d 15 56
d 22 54
d 26 55
d 36 56
d 56 57
d 58 57
d 41 54
d 19 56
d 20 53
d 30 57
d 35 54
d 44 56
d 53 57
d 54 54
d 61 52
d 64 52
d 6 55
d 11 56
d 23 55
d 40 55
d 42 54
d 57 54
d 37 55
d 45 54
d 9 55
d 46 55
d 1 58
d 2 59
d 4 59
d 7 57
d 38 57
d 10 55
d 12 60
d 16 56
d 17 56
d 8 58
d 21 53
d 24 55
d 39 55
d 43 54
d 32 57
d 19 57
d 51 57
d 3 59
d 30 58
d 32 58
d 33 56
d 56 58
d 60 51
d 62 55
d 65 55
d 27 59
b 185
d 52 185
d 31 82
d 49 56
d 50 64
d 59 55
d 22 55
d 25 55
d 34 56
d 18 55
d 36 57
d 28 60
d 58 58
d 54 55
d 61 53
d 64 53
d 20 54
d 45 55
d 51 58
d 35 55
d 1 59
d 37 56
d 47 53
d 48 55
d 53 58
d 55 52
d 63 55
d 7 58
d 15 57
d 5 58
d 14 56
d 46 56
d 2 60
d 29 54
d 38 58
d 41 55
d 4 60
d 8 59
d 13 55
d 40 56
d 33 57
d 57 55
d 9 56
d 21 54
d 6 56
d 60 52
d 47 54
d 3 60
d 16 57
d 23 56
d 34 57
b 186
d 52 186
d 27 60
d 28 61
d 44 57
d 10 56
d 12 61
d 19 58
d 26 56
d 62 56
d 65 56
d 43 55
d 25 56
d 7 59
d 11 57
d 56 59
d 1 60
d 15 58
d 29 55
d 30 59
d 42 55
d 49 57
d 55 53
d 59 56
d 17 57
d 18 56
d 24 56
d 39 56
d 48 56
d 63 56
d 36 58
d 53 59
d 40 57
d 44 58
d 58 59
d 5 59
d 20 55
d 50 65
d 54 56
d 64 54
d 23 57
d 14 57
d 8 60
d 31 83
d 49 58
d 57 56
d 13 56
d 6 57
d 62 57
d 37 57
d 41 56
d 22 56
d 50 66
d 61 54
d 26 57
d 35 56
d 2 61
d 4 61
d 9 57
d 65 57
d 43 56
d 10 57
d 59 57
d 11 58
d 21 55
d 38 59
d 24 57
d 45 56
d 51 59
d 60 53
d 56 60
d 58 60
d 46 57
d 53 60
d 61 55
d 63 57
d 64 55
d 27 61
d 28 62
d 16 58
d 32 59
d 33 58
d 12 62
d 39 57
d 18 57
d 25 57
d 31 84
d 55 54
d 14 58
d 30 60
d 3 61
d 36 59
d 17 58
d 42 56
d 22 57
d 47 55
d 19 59
d 54 57
b 187
d 52 187
d 13 57
d 45 57
d 1 61
d 5 60
d 7 60
d 8 61
d 15 59
d 20 56
d 60 54
d 51 60
d 2 62
d 4 62
d 44 59
d 48 57
d 29 56
d 32 60
d 37 58
d 40 58
d 46 58
d 3 62
d 35 57
d 38 60
d 57 57
d 34 58
d 47 56
d 49 59
d 62 58
d 18 58
d 21 56
d 22 58
d 10 58
d 12 63
d 16 59
d 9 58
d 23 58
d 24 58
d 25 58
d 26 58
d 19 60
d 26 59
d 33 59
d 34 59
d 6 58
d 31 85
d 41 57
d 43 57
d 50 67
d 53 61
d 59 58
d 63 58
d 65 58
d 11 59
d 39 58
d 44 60
d 48 58
d 5 61
d 14 59
d 17 59
d 30 61
d 42 57
d 54 58
d 55 55
d 61 56
d 64 56
d 15 60
b 188
d 52 188
d 36 60
d 27 62
d 28 63
d 13 58
d 29 57
d 56 61
d 58 61
d 7 61
d 1 62
d 49 60
d 20 57
d 41 58
d 4 63
d 6 59
d 9 59
d 10 59
d 17 60
d 38 61
d 11 60
d 21 57
d 24 59
d 35 58
d 37 59
d 39 59
d 43 58
d 4 64
d 27 63
d 18 59
d 36 61
d 40 59
d 42 58
d 45 58
d 50 68
d 56 62
d 57 58
d 58 62
d 8 62
d 12 64
d 16 60
d 19 61
d 30 62
d 45 59
d 46 59
d 47 57
d 53 62
d 54 59
d 55 56
d 59 59
d 60 55
d 61 57
d 62 59
d 64 57
d 65 59
d 33 60
d 34 60
d 2 63
d 2 64
d 3 63
d 32 61
d 51 61
d 31 86
b 189
d 52 189
d 7 62
d 13 59
d 14 60
d 25 59
d 51 62
d 1 63
d 20 58
d 29 58
d 47 58
d 22 59
d 23 59
d 28 64
d 3 64
d 8 63
d 37 60
d 43 59
d 5 62
d 6 60
d 15 61
d 35 59
d 41 59
d 44 61
d 49 61
d 61 58
d 27 64
d 30 63
d 57 59
d 63 59
d 48 59
d 33 61
d 34 61
d 9 60
d 10 60
d 60 56
d 62 60
d 40 60
d 38 62
d 58 63
d 11 61
d 12 65
d 16 61
d 17 61
d 18 60
d 19 62
d 22 60
d 24 60
d 26 60
d 21 58
d 25 60
d 28 65
d 36 62
d 39 60
d 64 58
b 190
d 52 190
d 50 69
d 59 60
d 65 60
d 23 60
d 23 61
d 32 62
d 42 59
d 56 63
d 46 60
d 1 64
d 29 59
d 54 60
d 31 87
d 55 57
d 53 63
d 7 63
d 15 62
d 44 62
d 57 60
d 63 60
d 14 61
d 5 63
d 6 61
d 13 60
d 27 65
d 8 64
d 35 60
d 41 60
d 9 61
d 10 61
d 20 59
d 45 60
d 62 61
d 65 61
d 40 61
d 60 57
d 2 65
d 4 65
d 38 63
d 56 64
d 16 62
d 19 63
d 26 61
d 48 60
d 49 62
d 12 66
d 30 64
d 33 62
d 51 63
d 58 64
d 3 65
d 37 61
d 47 59
d 21 59
d 28 66
d 42 60
d 50 70
d 46 61
d 7 64
d 64 59
d 53 64
d 54 61
d 55 58
d 59 61
d 15 63
d 17 62
d 34 62
d 63 61
d 11 62
d 32 63
d 43 60
d 44 63
d 24 61
d 22 61
d 48 61
d 36 63
d 39 61
d 5 64
d 18 61
d 25 61
d 29 60
d 45 61
d 51 64
d 6 62
d 20 60
d 26 62
d 42 61
d 47 60
d 49 63
d 50 71
d 59 62
d 13 61
d 14 62
b 191
d 52 191
d 31 88
b 192
d 52 192
d 61 59
d 1 65
d 8 65
d 2 66
d 4 66
d 23 62
d 57 61
d 40 62
d 60 58
d 12 67
d 62 62
d 46 62
d 21 60
d 35 61
d 37 62
d 41 61
d 3 66
d 9 62
d 27 66
d 38 64
d 56 65
d 58 65
d 2 67
d 4 67
d 10 62
d 16 63
d 19 64
d 30 65
d 43 61
d 53 65
d 54 62
d 55 59
d 61 60
d 15 64
d 32 64
d 65 62
d 7 65
d 33 63
d 11 63
d 28 67
d 36 64
d 40 63
d 44 64
d 45 62
d 48 62
d 49 64
d 50 72
d 56 66
d 57 62
d 58 66
d 63 62
d 64 60
d 1 66
d 8 66
d 9 63
d 10 63
d 12 68
d 17 63
d 19 65
d 22 62
d 23 63
d 26 63
d 30 66
d 34 63
d 60 59
d 39 62
d 62 63
d 65 63
d 29 61
d 35 62
d 37 63
d 41 62
d 6 63
d 20 61
d 14 63
d 18 62
d 24 62
d 25 62
d 27 67
d 38 65
d 3 67
d 5 65
d 13 62
d 31 89
d 51 65
d 28 68
d 21 61
d 59 63
d 64 61
d 47 61
d 33 64
d 46 63
d 34 64
d 42 62
d 61 61
d 63 63
d 1 67
d 16 64
d 32 65
d 53 66
d 54 63
d 55 60
d 15 65
d 22 63
d 43 62
d 44 65
d 48 63
d 23 64
b 193
d 52 193
d 11 64
d 18 63
d 24 63
d 17 64
d 31 90
d 45 63
d 40 64
d 26 64
d 46 64
d 2 68
d 62 64
d 14 64
d 33 65
d 49 65
d 7 66
d 16 65
d 47 62
d 59 64
d 65 64
d 15 66
d 32 66
d 34 65
d 36 65
d 39 63
d 61 62
d 64 62
d 21 62
d 10 64
d 53 67
d 9 64
d 20 62
d 35 63
d 37 64
d 41 63
d 51 66
d 56 67
d 57 63
d 58 67
d 1 68
d 4 68
d 7 67
d 19 66
d 30 67
d 42 63
d 43 63
d 50 73
d 54 64
d 55 61
d 60 60
d 63 64
d 2 69
d 3 68
d 4 69
d 17 65
d 25 63
d 29 62
d 5 66
d 6 64
d 13 63
d 3 69
d 44 66
d 48 64
d 49 66
d 22 64
d 26 65
d 12 69
d 8 67
d 6 65
d 13 64
d 14 65
d 38 66
d 40 65
d 46 65
d 11 65
d 12 70
d 19 67
d 20 63
d 24 64
d 27 68
d 28 69
d 30 68
d 36 66
d 38 67
d 39 64
d 51 67
d 57 64
d 60 61
d 5 67
d 8 68
d 9 65
d 10 65
d 18 64
d 21 63
d 25 64
d 27 69
d 32 67
d 37 65
d 45 64
d 47 63
d 29 63
d 35 64
d 41 64
d 54 65
d 61 63
d 16 66
d 23 65
d 33 66
b 194
d 52 194
d 31 91
d 50 74
d 59 65
d 62 65
d 65 65
d 64 63
d 17 66
d 42 64
d 22 65
d 53 68
d 34 66
d 44 67
d 28 70
b 195
d 52 195
d 31 92
d 43 64
b 196
d 52 196
d 18 65
d 24 65
d 39 65
d 45 65
d 48 65
d 63 65
d 11 66
d 23 66
d 26 66
d 40 66
d 20 64
d 49 67
d 1 69
d 36 67
d 56 68
d 58 68
d 15 67
d 55 62
d 7 68
d 57 65
d 2 70
d 4 70
d 15 68
d 59 66
d 13 65
d 14 66
d 46 66
d 62 66
d 65 66
d 16 67
d 19 68
d 32 68
d 25 65
d 33 67
d 34 67
d 47 64
d 61 64
d 30 69
d 51 68
d 60 62
d 6 66
d 8 69
d 10 66
d 29 64
d 37 66
d 53 69
d 5 68
d 64 64
d 1 70
d 11 67
d 19 69
d 22 66
d 27 70
d 35 65
d 36 68
d 38 68
d 41 65
d 45 66
d 51 69
d 54 66
d 56 69
d 57 66
d 58 69
d 9 66
d 17 67
d 20 65
d 42 65
d 43 65
d 55 63
d 31 93
d 21 64
d 3 70
d 50 75
d 12 71
d 26 67
d 40 67
d 63 66
d 32 69
d 33 68
d 44 68
d 44 69
d 48 66
d 7 69
d 23 67
d 46 67
d 23 68
d 23 69
d 23 70
d 25 66
d 65 67
d 9 67
d 10 67
d 14 67
d 62 67
d 16 68
d 34 68
d 49 68
d 13 66
d 24 66
d 28 71
d 39 66
d 8 70
d 42 66
d 18 66
d 47 65
d 2 71
d 3 71
d 4 71
d 5 69
d 6 67
d 29 65
d 35 66
d 37 67
d 22 67
d 41 66
b 197
d 52 197
d 31 94
d 45 67
d 50 76
d 53 70
d 43 66
d 14 68
d 33 69
d 34 69
d 48 67
d 51 70
d 28 72
d 36 69
d 38 69
d 39 67
d 18 67
d 21 65
d 29 66
b 198
d 52 198
d 12 72
d 58 70
d 56 70
d 6 68
d 11 68
d 13 67
d 20 66
d 24 67
d 25 67
d 30 70
d 59 67
d 60 63
d 61 65
d 63 67
d 64 65
d 7 70
d 15 69
d 17 68
d 26 68
d 27 71
d 49 69
d 59 68
d 32 70
d 46 68
d 62 68
d 65 68
d 5 70
d 8 71
d 9 68
d 12 73
d 16 69
d 17 69
d 38 70
d 40 68
d 42 67
d 57 67
d 63 68
d 2 72
d 3 72
d 4 72
d 15 70
d 19 70
d 54 67
d 26 69
d 46 69
d 50 77
d 36 70
d 61 66
d 64 66
d 28 73
d 45 68
d 55 64
d 62 69
d 65 69
d 10 68
d 16 70
d 35 67
d 37 68
d 39 68
d 40 69
d 41 67
d 43 67
d 54 68
d 57 68
d 60 64
d 11 69
d 13 68
d 14 69
d 1 71
d 18 68
d 24 68
d 25 68
d 29 67
d 31 95
d 21 66
d 22 68
d 27 72
d 51 71
d 56 71
d 58 71
d 4 73
d 20 67
d 30 71
d 1 72
d 7 71
d 8 72
d 47 66
d 47 67
d 44 70
d 48 68
d 53 71
d 32 71
d 33 70
d 34 70
d 5 71
d 6 69
d 31 96
d 22 69
d 38 71
d 55 65
d 9 69
d 10 69
d 14 70
d 18 69
d 24 69
d 35 68
d 41 68
d 32 72
d 33 71
d 37 69
d 2 73
d 42 68
d 36 71
d 56 72
d 11 70
d 19 71
d 23 71
d 30 72
d 43 68
d 49 70
d 50 78
d 53 72
d 59 69
d 60 65
d 61 67
d 63 69
d 64 67
d 3 73
d 7 72
d 15 71
d 17 70
d 12 74
d 21 67
d 26 70
d 49 71
b 199
d 52 199
d 27 73
d 28 74
d 59 70
d 62 70
d 65 70
d 46 70
d 44 71
d 25 69
d 58 72
d 48 69
d 45 69
d 51 72
d 54 69
d 57 69
d 8 73
d 13 69
d 23 72
d 29 68
d 39 69
d 9 70
d 16 71
d 40 70
d 63 70
d 2 74
d 3 74
d 4 74
d 15 72
d 6 70
d 10 70
d 20 68
d 19 72
d 7 73
d 1 73
d 34 71
d 31 97
d 53 73
d 55 66
d 26 71
d 47 68
b 200
d 52 200
d 5 72
d 41 69
d 37 70
d 48 70
d 36 72
d 38 72
d 18 70
d 21 68
d 30 73
d 56 73
d 58 73
d 27 74
d 60 66
d 12 75
d 64 68
d 11 71
d 22 70
d 17 71
d 35 69
d 42 69
d 40 71
d 50 79
d 1 74
d 44 72
d 5 73
d 6 71
d 13 70
d 14 71
d 24 70
d 25 70
d 29 69
d 39 70
d 43 69
d 20 69
d 45 70
b 201
d 52 201
d 54 70
d 57 70
d 28 75
d 2 75
d 3 75
d 4 75
d 8 74
d 12 76
d 31 98
d 49 72
d 59 71
d 62 71
d 63 71
d 65 71
d 32 73
d 33 72
d 46 71
d 15 73
d 61 68
d 27 75
d 60 67
d 9 71
d 55 67
d 35 70
d 37 71
d 41 70
d 10 71
d 11 72
d 19 73
d 30 74
d 47 69
d 53 74
d 64 69
d 7 74
d 16 72
d 21 69
d 22 71
d 34 72
d 48 71
d 26 72
d 65 72
d 51 73
d 42 70
d 50 80
d 23 73
d 33 73
d 61 69
d 17 72
d 38 73
d 44 73
d 49 73
d 59 72
d 62 72
d 63 72
d 58 74
d 28 76
d 30 75
d 37 72
d 22 72
d 39 71
d 40 72
d 43 70
d 54 71
d 55 68
d 57 71
d 59 73
d 62 73
d 5 74
d 6 72
d 9 72
d 10 72
d 13 71
d 14 72
d 15 74
d 17 73
d 18 71
d 19 74
d 20 70
d 24 71
d 25 71
d 29 70
d 35 71
d 40 73
d 41 71
d 54 72
d 60 68
d 61 70
d 64 70
d 36 73
d 56 74
d 45 71
d 51 74
d 3 76
d 4 76
d 31 99
d 31 100
d 21 70
d 26 73
d 32 74
d 34 73
d 46 72
d 48 72
d 49 74
d 50 81
d 53 75
d 16 73
d 44 74
d 47 70
d 1 75
d 2 76
b 202
d 52 202
d 8 75
d 12 77
d 1 76
d 7 75
d 13 72
d 18 72
d 23 74
d 25 72
d 27 76
d 36 74
d 51 75
d 56 75
d 58 75
d 43 71
d 33 74
d 8 76
d 11 73
d 24 72
d 29 71
d 28 77
d 38 74
d 39 72
d 53 76
b 203
d 52 203
d 42 71
d 57 72
d 30 76
d 63 73
d 65 73
d 45 72
d 2 77
d 3 77
d 4 77
d 20 71
d 60 69
d 47 71
d 44 75
d 46 73
d 32 75
d 34 74
d 9 73
d 10 73
d 6 73
d 14 73
d 55 69
d 19 75
d 42 72
d 38 75
d 5 75
d 50 82
d 23 75
d 59 74
d 62 74
d 65 74
d 15 75
d 16 74
d 21 71
d 22 73
d 26 74
d 37 73
d 41 72
d 43 72
d 48 73
d 49 75
d 63 74
d 27 77
d 7 76
d 11 74
d 14 74
d 35 72
d 54 73
d 64 71
d 61 71
d 36 75
d 56 76
d 1 77
d 45 73
d 12 78
d 20 72
d 53 77
d 17 74
d 32 76
d 33 75
d 40 74
d 46 74
d 57 73
d 28 78
d 58 76
d 2 78
d 3 78
d 4 78
d 18 73
d 24 73
d 25 73
d 60 70
b 204
d 52 204
d 55 70
d 9 74
d 10 74
d 6 74
d 13 73
d 16 75
d 21 72
d 22 74
d 34 75
d 35 73
d 37 74
d 39 73
d 41 73
d 47 72
d 64 72
d 5 76
d 15 76
d 8 77
d 51 76
d 48 74
d 17 75
d 26 75
d 29 72
d 44 76
d 49 76
d 50 83
d 40 75
d 31 101
d 31 102
d 12 79
d 27 78
d 61 72
b 205
d 52 205
d 36 76
d 38 76
d 56 77
d 58 77
d 1 78
d 7 77
d 19 76
d 43 73
d 33 76
d 30 77
d 51 77
d 54 74
d 8 78
d 23 76
d 57 74
d 25 74
d 39 74
d 42 73
d 11 75
d 18 74
d 7 78
d 32 77
d 34 76
d 13 74
d 24 74
d 53 78
d 55 71
d 59 75
d 62 75
d 63 75
d 65 75
d 9 75
d 10 75
d 16 76
d 20 73
d 44 77
d 45 74
d 46 75
d 59 76
d 62 76
d 28 79
d 14 75
d 2 79
d 4 79
d 35 74
d 50 84
d 3 79
d 15 77
d 26 76
d 29 73
d 37 75
d 6 75
d 19 77
d 49 77
d 65 76
d 5 77
d 12 80
d 21 73
d 22 75
d 48 75
d 60 71
d 63 76
d 17 76
d 30 78
d 38 77
d 40 76
d 23 77
d 27 79
d 28 80
d 36 77
d 41 74
d 56 78
d 47 73
d 11 76
d 42 74
d 54 75
d 46 76
d 48 76
d 64 73
d 1 79
d 8 79
d 30 79
d 33 77
d 34 77
d 39 75
d 55 72
d 57 75
d 58 78
d 61 73
d 2 80
d 16 77
d 26 77
d 32 78
d 43 74
d 44 78
d 45 75
d 53 79
d 51 78
d 60 72
d 14 76
d 18 75
d 25 75
d 29 74
d 24 75
d 15 78
d 3 80
d 4 80
b 206
d 52 206
d 31 103
d 9 76
d 10 76
d 13 75
d 19 78
d 20 74
d 37 76
d 50 85
d 2 81
d 31 104
d 5 78
d 1 80
d 7 79
d 51 79
d 56 79
d 41 75
d 47 74
d 54 76
d 64 74
d 40 77
d 49 78
d 12 81
d 22 76
d 35 75
d 23 78
d 27 80
d 6 76
b 207
d 52 207
d 21 74
d 38 78
d 46 77
d 61 74
d 36 78
d 43 75
d 42 75
d 55 73
d 57 76
d 17 77
d 18 76
d 28 81
d 39 76
d 58 79
d 3 81
d 4 81
d 11 77
d 8 80
d 13 76
d 59 77
d 14 77
d 20 75
d 24 76
d 25 76
d 45 76
d 9 77
d 10 77
d 32 79
d 33 78
d 34 78
d 44 79
d 62 77
d 63 77
d 65 77
d 5 79
d 6 77
d 11 78
d 15 79
d 16 78
d 21 75
d 22 77
d 26 78
d 29 75
d 37 77
d 41 76
d 49 79
d 23 79
d 59 78
d 38 79
d 27 81
d 30 80
d 35 76
d 53 80
d 48 77
d 60 73
d 62 78
d 19 79
d 12 82
d 53 81
d 47 75
d 1 81
d 7 80
d 42 76
d 65 78
d 16 79
d 32 80
d 64 75
d 15 80
d 17 78
d 19 80
d 48 78
d 63 78
d 44 80
d 45 77
d 46 78
d 2 82
d 14 78
d 18 77
d 26 79
d 33 79
d 34 79
d 32 81
d 61 75
d 40 78
d 50 86
d 55 74
d 28 82
d 30 81
d 36 79
d 43 76
d 54 77
d 56 80
d 57 77
d 58 80
d 8 81
d 31 105
d 50 87
d 25 77
d 29 76
b 208
d 52 208
d 20 76
d 24 77
d 47 76
d 49 80
d 4 82
d 13 77
d 39 77
b 209
d 52 209
d 5 80
d 51 80
d 28 83
d 3 82
d 6 78
d 9 78
d 12 83
d 21 76
d 27 82
d 37 78
d 41 77
d 60 74
d 10 78
d 51 81
d 3 83
d 4 83
d 35 77
d 43 77
d 11 79
d 13 78
d 18 78
d 24 78
d 29 77
d 22 78
d 38 80
d 45 78
d 33 80
d 34 80
d 40 79
d 1 82
d 2 83
d 7 81
d 19 81
d 23 80
d 36 80
d 56 81
d 58 81
d 20 77
d 42 77
d 54 78
d 55 75
d 57 78
d 61 76
d 64 76
d 8 82
d 17 79
d 53 82
d 31 106
d 15 81
d 50 88
d 59 79
d 62 79
d 65 79
d 16 80
d 46 79
d 63 79
d 14 79
d 26 80
d 37 79
d 25 78
d 32 82
d 39 78
d 41 78
d 60 75
d 5 81
d 6 79
d 38 81
d 48 79
d 33 81
d 44 81
d 49 81
d 7 82
d 17 80
d 46 80
d 9 79
d 10 79
d 35 78
d 21 77
d 59 80
d 63 80
d 47 77
d 27 83
d 36 81
d 62 80
d 65 80
d 12 84
d 31 107
d 30 82
d 64 77
d 22 79
d 42 78
d 11 80
d 15 82
d 16 81
d 34 81
d 40 80
d 44 82
d 42 79
d 45 79
d 55 76
d 5 82
d 2 84
d 3 84
d 4 84
d 23 81
d 27 84
d 50 89
d 54 79
d 57 79
d 61 77
d 1 83
d 8 83
d 19 82
d 30 83
d 47 78
d 49 82
d 53 83
d 43 78
b 210
d 52 210
d 9 80
d 10 80
d 24 79
d 25 79
d 39 79
d 41 79
d 43 79
b 211
d 52 211
d 51 82
d 51 83
d 56 82
d 58 82
d 13 79
d 14 80
d 18 79
d 20 78
d 29 78
d 35 79
d 37 80
d 56 83
d 6 80
d 28 84
d 28 85
d 12 85
d 7 83
d 26 81
d 48 80
d 11 81
d 21 78
d 32 83
d 33 82
d 38 82
d 40 81
d 2 85
d 3 85
d 31 108
d 22 80
d 34 82
d 46 81
d 23 82
d 36 82
d 58 83
d 60 76
d 17 81
d 18 80
d 61 78
d 25 80
d 59 81
d 62 81
d 63 81
d 65 81
d 14 81
d 45 80
d 12 86
d 1 84
d 44 83
d 49 83
d 37 81
d 13 80
d 24 80
d 32 84
d 39 80
d 64 78
d 8 84
d 54 80
d 4 85
d 20 79
d 19 83
d 46 82
d 6 81
d 33 83
d 16 82
d 26 82
d 38 83
d 55 77
d 57 80
d 59 82
d 62 82
d 65 82
d 15 83
d 17 82
d 22 81
d 29 79
d 35 80
d 41 80
d 47 79
d 60 77
d 7 84
d 10 81
d 9 81
d 5 83
d 21 79
d 50 90
d 53 84
d 48 81
d 28 86
d 36 83
d 23 83
d 30 84
d 11 82
d 34 83
d 40 82
d 1 85
d 27 85
d 64 79
d 8 85
d 63 82
d 30 85
d 2 86
d 3 86
d 4 86
d 7 85
d 56 84
d 58 84
d 42 80
d 43 80
d 45 81
d 51 84
d 54 81
d 55 78
d 57 81
d 15 84
d 16 83
d 14 82
d 18 81
d 50 91
d 9 82
d 24 81
d 53 85
d 31 109
d 39 81
d 12 87
d 25 81
d 13 81
d 19 84
d 32 85
d 56 85
d 5 84
d 6 82
d 28 87
d 38 84
d 61 79
d 20 80
d 44 84
d 49 84
d 10 82
d 26 83
d 35 81
d 48 82
d 59 83
d 62 83
d 65 83
d 21 80
d 29 80
d 37 82
b 212
d 52 212
d 41 81
d 43 81
d 51 85
d 23 84
d 27 86
d 36 84
d 58 85
d 60 78
d 17 83
d 42 81
d 11 83
d 22 82
d 33 84
d 40 83
d 1 86
d 2 87
b 213
d 52 213
d 53 86
d 63 83
d 25 82
d 45 82
d 61 80
d 8 86
d 13 82
d 14 83
d 18 82
d 34 84
d 31 110
d 39 82
d 47 80
d 64 80
d 3 87
d 46 83
d 4 87
d 55 79
d 5 85
d 54 82
d 57 82
d 24 82
d 60 79
d 44 85
d 48 83
d 49 85
d 59 84
d 62 84
d 65 84
d 6 83
d 11 84
d 12 88
d 19 85
d 21 81
d 29 81
d 30 86
d 20 81
d 35 82
d 37 83
d 41 82
d 9 83
d 10 83
b 214
d 52 214
d 28 88
d 36 85
d 38 85
d 64 81
d 16 84
d 17 84
d 45 83
d 2 88
d 50 92
d 23 85
d 40 84
d 32 86
d 33 85
d 34 85
d 12 89
d 15 85
d 39 83
d 27 87
d 56 86
d 7 86
d 20 82
d 24 83
d 43 82
d 46 84
d 1 87
d 42 82
d 26 84
d 31 111
d 25 83
d 47 81
d 54 83
d 22 83
d 44 86
d 63 84
d 16 85
d 33 86
d 34 86
d 40 85
d 46 85
d 47 82
d 48 84
d 51 86
d 57 83
d 58 86
d 60 80
d 61 81
d 1 88
d 5 86
d 8 87
d 12 90
d 13 83
d 14 84
d 18 83
d 27 88
d 28 89
d 29 82
d 35 83
d 36 86
d 38 86
d 41 83
d 45 84
d 48 85
d 51 87
d 54 84
d 56 87
d 58 87
d 61 82
d 6 84
d 9 84
d 10 84
d 59 85
d 62 85
d 21 82
d 26 85
d 63 85
d 65 85
d 49 86
d 55 80
d 3 88
d 4 88
d 15 86
d 17 85
d 19 86
d 30 87
d 32 87
d 37 84
d 43 83
d 7 87
d 50 93
d 53 87
d 45 85
d 51 88
d 53 88
d 54 85
d 38 87
d 39 84
d 42 83
d 12 91
d 28 90
d 46 86
d 48 86
d 53 89
d 59 86
d 61 83
d 62 86
d 63 86
d 65 86
d 32 88
d 33 87
d 34 87
d 42 84
d 39 85
b 215
d 52 215
d 64 82
d 9 85
d 10 85
d 11 85
d 20 83
d 22 84
d 22 85
d 24 84
d 31 112
d 31 113
d 35 84
d 50 94
b 216
d 52 216
d 55 81
d 55 82
d 60 81
d 1 89
d 2 89
d 3 89
d 4 89
d 8 88
d 56 88
d 58 88
d 5 87
d 8 89
d 6 85
d 6 86
d 13 84
d 13 85
d 18 84
d 18 85
d 23 86
d 25 84
d 25 85
d 29 83
d 29 84
d 36 87
d 37 85
d 37 86
d 41 84
d 41 85
d 57 84
d 57 85
d 9 86
d 11 86
d 44 87
d 44 88
d 21 83
d 21 84
d 23 87
d 24 85
d 49 87
d 49 88
d 17 86
d 20 84
d 7 88
d 15 87
d 15 88
d 16 86
d 16 87
d 14 85
d 19 87
d 30 88
d 35 85
d 38 88
d 43 84
d 47 83
d 64 83
d 2 90
d 4 90
d 27 89
d 3 90
d 26 86
d 26 87
d 40 86
d 40 87
d 60 82
d 64 84
d 7 89
d 19 88
d 32 89
d 44 89
d 46 87
d 56 89
d 30 89
d 51 89
d 58 89
d 1 90
d 8 90
d 14 86
d 17 87
d 25 86
d 42 85
d 45 86
d 59 87
d 62 87
d 65 87
d 11 87
d 50 95
d 5 88
d 5 89
d 10 86
d 12 92
d 23 88
d 27 90
d 28 91
d 36 88
d 43 85
d 47 84
d 54 86
d 57 86
d 61 84
d 14 87
d 18 86
d 22 86
d 33 88
d 34 88
d 2 91
d 19 89
d 23 89
d 39 86
d 3 91
d 6 87
d 28 92
d 36 89
d 37 87
d 20 85
d 35 86
d 41 86
d 55 83
d 4 91
b 217
d 52 217
d 9 87
d 10 87
d 15 89
d 16 88
d 30 90
d 24 86
d 48 87
d 26 88
d 50 96
d 13 86
d 29 85
d 31 114
d 53 90
d 63 87
d 27 91
d 51 90
d 56 90
d 58 90
d 1 91
d 60 83
d 21 85
d 24 87
d 54 87
d 47 85
d 33 89
d 38 89
d 5 90
d 5 91
d 18 87
d 25 87
d 37 88
d 38 90
d 39 87
d 7 90
b 218
d 52 218
d 64 85
d 64 86
d 9 88
d 10 88
d 11 88
d 12 93
d 17 88
d 20 86
d 22 87
d 14 88
d 21 86
d 60 84
d 49 89
d 50 97
d 51 91
d 8 91
d 23 90
d 30 91
d 40 88
d 42 86
d 44 90
d 46 88
d 48 88
d 49 90
d 53 91
d 59 88
d 31 115
d 32 90
d 35 87
d 43 86
d 55 84
d 62 88
d 63 88
d 65 88
d 6 88
d 11 89
d 12 94
d 13 87
d 15 90
d 16 89
d 17 89
d 7 91
d 8 92
d 26 89
d 34 89
d 42 87
d 45 87
d 47 86
d 54 88
d 55 85
d 61 85
d 16 90
d 19 90
d 2 92
d 3 92
d 3 93
d 4 92
d 27 92
d 28 93
d 29 86
d 36 90
d 41 87
d 43 87
d 45 88
d 56 91
d 57 87
d 57 88
d 58 91
d 2 93
d 4 93
d 40 89
d 44 91
d 1 92
d 25 88
d 18 88
d 14 89
d 59 89
d 62 89
d 65 89
d 61 86
d 32 91
d 33 90
d 34 90
d 9 89
d 10 89
d 13 88
d 24 88
d 28 94
d 20 87
d 22 88
d 29 87
d 48 89
d 15 91
b 219
d 52 219
d 31 116
d 39 88
d 50 98
d 53 92
d 63 89
d 6 89
d 46 89
d 49 91
d 19 91
d 30 92
d 40 90
d 37 89
d 21 87
d 27 93
d 35 88
d 41 88
d 11 90
d 14 90
d 18 89
d 20 88
d 24 89
d 25 89
d 29 88
d 37 90
d 39 89
d 41 89
d 42 88
d 43 88
d 45 89
d 47 87
d 60 85
d 64 87
d 1 93
d 2 94
d 3 94
d 4 94
d 22 89
d 23 91
d 36 91
d 38 91
d 51 92
d 54 89
d 56 92
d 57 89
d 58 92
d 60 86
d 61 87
d 2 95
d 5 92
d 8 93
d 13 89
d 27 94
d 28 95
d 36 92
d 55 86
d 32 92
d 44 92
d 53 93
d 50 99
d 33 91
d 34 91
d 6 90
d 9 90
d 10 90
d 12 95
b 220
d 52 220
d 17 90
d 26 90
d 31 117
d 59 90
d 62 90
d 63 90
d 65 90
d 16 91
d 7 92
d 7 93
d 26 91
d 30 93
d 46 90
d 35 89
d 48 90
d 49 92
d 64 88
d 1 94
d 45 90
b 221
d 52 221
d 17 91
d 43 89
d 11 91
d 51 93
d 56 93
d 58 93
d 3 95
d 4 95
d 38 92
d 39 90
d 47 88
d 21 88
d 22 90
d 31 118
d 53 94
d 59 91
d 62 91
d 63 91
d 65 91
d 12 96
d 61 88
d 15 92
d 19 92
d 54 90
d 57 90
d 19 93
d 42 89
d 40 91
d 44 93
d 46 91
d 49 93
d 55 87
d 23 92
d 8 94
d 14 91
d 18 90
d 25 90
d 35 90
d 37 91
d 39 91
d 40 92
d 41 90
d 43 90
d 54 91
d 55 88
d 57 91
d 60 87
d 61 89
d 64 89
d 11 92
d 14 92
d 18 91
d 19 94
d 21 89
d 25 91
d 35 91
d 37 92
d 41 91
d 43 91
d 47 89
d 54 92
d 57 92
d 60 88
d 61 90
d 64 90
d 11 93
d 14 93
d 38 93
d 44 94
d 49 94
d 33 92
d 46 92
d 6 91
d 6 92
d 13 90
d 13 91
d 33 93
d 9 91
d 9 92
d 10 91
d 10 92
d 20 89
d 20 90
d 42 90
d 50 100
b 222
d 52 222
d 5 93
d 5 94
d 22 91
d 26 92
d 32 93
d 34 92
d 24 90
d 24 91
d 29 89
d 29 90
d 32 94
d 34 93
d 48 91
d 51 94
d 8 95
d 28 96
d 36 93
d 12 97
d 15 93
d 15 94
d 16 92
d 45 91
d 47 90
d 48 92
d 53 95
d 59 92
d 59 93
d 62 92
d 62 93
d 63 92
d 65 92
d 65 93
d 8 96
d 12 98
d 16 93
d 26 93
d 31 119
d 31 120
d 51 95
d 2 96
d 3 96
d 4 96
d 2 97
d 3 97
d 3 98
d 4 97
d 50 101
d 28 97
d 27 95
d 27 96
d 56 94
d 56 95
d 58 94
d 36 94
d 58 95
d 17 92
d 23 93
d 30 94
d 1 95
d 1 96
d 23 94
d 7 94
d 7 95
d 30 95
d 40 93
d 53 96
d 39 92
d 44 95
d 21 90
d 22 92
d 38 94
d 45 92
d 17 93
d 42 91
d 55 89
d 25 92
d 33 94
d 63 93
d 30 96
d 46 93
d 49 95
d 40 94
d 42 92
d 45 93
d 20 91
d 22 93
d 38 95
d 60 89
d 23 95
d 32 95
d 34 94
d 43 92
d 6 93
d 9 93
d 10 93
d 13 92
d 14 94
d 18 92
d 24 92
d 29 91
d 29 92
d 32 96
d 33 95
d 35 92
d 44 96
d 49 96
d 54 93
d 57 93
d 1 97
d 8 97
d 36 95
d 36 96
d 53 97
d 5 95
d 5 96
d 64 91
d 47 91
d 21 91
d 24 93
d 27 97
d 27 98
d 28 98
d 28 99
d 30 97
d 37 93
d 39 93
d 41 92
d 51 96
d 51 97
d 56 96
d 56 97
d 58 96
d 58 97
d 61 91
d 6 94
d 13 93
d 18 93
d 25 93
d 41 93
d 43 93
d 59 94
d 62 94
d 63 94
d 65 94
d 48 93
d 48 94
d 16 94
d 17 94
d 55 90
b 223
d 52 223
d 12 99
d 15 95
d 2 98
d 4 98
d 2 99
d 4 99
d 11 94
d 50 102
d 50 103
d 3 99
d 3 100
d 19 95
d 7 96
d 46 94
d 26 94
d 31 121
d 20 92
d 45 94
d 9 94
d 10 94
d 35 93
d 42 93
d 1 98
d 15 96
d 37 94
d 54 94
d 57 94
d 60 90
d 64 92
d 11 95
d 23 96
d 47 92
d 7 97
d 16 95
d 50 104
d 51 98
d 61 92
d 2 100
d 8 98
d 12 100
d 15 97
d 17 95
d 26 95
d 34 95
d 43 94
d 44 97
d 46 95
d 48 95
d 49 97
d 53 98
d 59 95
d 62 95
d 63 95
d 65 95
d 5 97
d 14 95
d 16 96
d 17 96
d 22 94
d 38 96
d 39 94
d 59 96
d 6 95
d 13 94
d 18 94
d 25 94
d 29 93
d 30 98
d 37 95
d 38 97
d 41 94
d 14 96
d 18 95
d 27 99
d 36 97
d 21 92
d 21 93
d 24 94
d 19 96
d 19 97
d 20 93
d 35 94
d 55 91
d 9 95
d 10 95
d 31 122
d 26 96
d 32 97
d 32 98
d 33 96
d 33 97
d 34 96
d 40 95
d 40 96
d 42 94
b 224
d 52 224
b 225
d 52 225
d 7 98
d 12 101
d 5 98
d 31 123
d 53 99
d 48 96
d 51 99
d 1 99
d 57 95
d 60 91
d 64 93
d 8 99
d 19 98
d 44 98
d 45 95
d 46 96
d 49 98
d 55 92
d 60 92
d 61 93
d 62 96
d 63 96
d 65 96
d 15 98
d 16 97
d 22 95
d 34 97
d 3 101
d 36 98
d 4 100
d 23 97
d 27 100
d 47 93
d 50 105
d 26 97
d 44 99
d 45 96
d 54 95
d 59 97
d 62 97
d 63 97
d 65 97
d 33 98
d 34 98
d 20 94
d 21 94
d 24 95
d 29 94
d 35 95
d 42 95
d 43 95
d 2 101
d 4 101
d 5 99
d 9 96
d 10 96
d 23 98
d 30 99
d 40 97
d 43 96
d 47 94
d 50 106
d 54 96
d 64 94
d 1 100
d 7 99
d 25 95
d 25 96
d 28 100
d 28 101
d 39 95
d 39 96
d 56 98
d 56 99
d 58 98
d 58 99
d 6 96
d 11 96
d 11 97
d 13 95
d 37 96
d 38 98
d 41 95
d 41 96
d 31 124
d 17 97
d 61 94
d 6 97
d 8 100
d 9 97
d 10 97
d 13 96
d 14 97
d 18 96
d 21 95
d 27 101
d 29 95
d 35 96
d 36 99
d 37 97
d 57 96
d 20 95
d 30 100
d 48 97
d 42 96
d 53 100
d 16 98
d 26 98
d 46 97
d 49 99
d 55 93
d 12 102
d 15 99
d 38 99
d 24 96
d 19 99
d 22 96
d 40 98
d 32 99
d 32 100
d 50 107
d 53 101
d 59 98
d 62 98
d 63 98
d 65 98
d 3 102
d 18 97
d 36 100
d 38 100
d 25 97
d 28 102
d 37 98
d 39 97
d 41 97
d 51 100
d 56 100
d 58 100
d 3 103
d 4 102
d 11 98
d 12 103
d 13 97
d 14 98
d 20 96
d 23 99
d 24 97
d 27 102
d 28 103
d 29 96
d 43 97
d 47 95
d 54 97
d 57 97
d 61 95
d 64 95
d 1 101
d 6 98
d 7 100
d 8 101
d 26 99
d 33 99
d 34 99
d 44 100
d 46 98
d 49 100
d 45 97
d 45 98
d 2 102
d 55 94
b 226
d 52 226
d 60 93
d 17 98
d 48 98
d 5 100
d 16 99
d 22 97
d 30 101
b 227
d 52 227
d 32 101
d 54 98
d 1 102
d 40 99
d 55 95
d 2 103
d 4 103
d 23 100
d 21 96
d 35 97
d 39 98
d 42 97
d 51 101
d 9 98
d 10 98
d 11 99
d 19 100
d 47 96
d 60 94
d 64 96
d 17 99
d 33 100
d 34 100
d 59 99
d 62 99
d 65 99
d 7 101
d 15 100
d 31 125
d 56 101
d 58 101
d 63 99
d 18 98
d 20 97
d 29 97
d 44 101
d 46 99
d 48 99
d 14 99
d 16 100
d 50 108
d 36 101
d 12 104
d 25 98
d 38 101
d 41 98
d 8 102
d 10 99
d 13 98
d 24 98
d 43 98
d 53 102
d 22 98
d 21 97
d 37 99
d 30 102
d 49 101
d 26 100
d 40 100
d 57 98
d 59 100
d 61 96
d 62 100
d 65 100
d 19 101
d 5 101
d 15 101
d 6 99
d 27 103
d 2 104
d 4 104
d 9 99
d 14 100
d 3 104
d 28 104
d 31 126
d 47 97
d 58 102
d 60 95
d 64 97
d 35 98
d 42 98
d 18 99
d 1 103
d 61 97
d 22 99
d 17 100
d 11 100
d 16 101
d 12 105
d 7 102
d 19 102
d 44 102
d 46 100
d 53 103
d 63 100
d 32 102
d 33 101
b 228
d 52 228
d 23 101
d 42 99
d 45 99
d 54 99
d 55 96
d 57 99
d 10 100
d 13 99
d 51 102
d 6 100
d 8 103
d 9 100
d 24 99
d 25 99
d 29 98
d 48 100
d 21 98
d 56 102
d 20 98
d 3 105
d 27 104
d 60 96
d 7 103
d 2 105
d 4 105
d 34 101
d 49 102
d 30 103
d 51 103
d 40 101
d 47 98
d 1 104
d 50 109
d 23 102
d 39 99
d 41 99
d 43 99
d 28 105
d 36 102
d 54 100
d 26 101
d 15 102
d 32 103
d 17 101
d 5 102
d 56 103
b 229
d 52 229
d 37 100
d 58 103
d 38 102
d 35 99
d 64 98
d 45 100
d 59 101
d 62 101
d 65 101
d 11 101
d 31 127
d 5 103
d 42 100
d 55 97
d 27 105
d 29 99
d 35 100
d 43 100
d 50 110
d 57 100
d 61 98
d 1 105
d 4 106
d 7 104
d 9 101
d 19 103
d 22 100
d 30 104
d 40 102
d 44 103
d 46 101
d 47 99
d 48 101
d 49 103
d 53 104
d 60 97
d 63 101
d 64 99
d 39 100
d 41 100
d 2 106
d 6 101
d 8 104
d 8 105
d 13 100
d 14 101
d 14 102
d 18 100
d 25 100
d 36 103
d 37 101
d 44 104
d 58 104
d 59 102
d 62 102
d 65 102
d 10 101
d 12 106
b 230
d 52 230
d 24 100
d 15 103
d 16 102
d 16 103
d 16 104
d 16 105
d 16 106
d 16 107
d 16 108
d 16 109
d 16 110
d 26 102
d 33 102
d 34 102
d 17 102
d 22 101
d 32 104
d 20 99
d 13 101
d 21 99
d 23 103
d 33 103
d 38 103
d 56 104
d 11 102
d 24 101
d 54 101
d 57 101
d 61 99
d 51 104
d 12 107
d 31 128
d 10 102
d 18 101
d 25 101
d 29 100
d 45 101
d 46 102
d 55 98
d 63 102
d 3 106
d 36 104
d 20 100
d 41 101
d 6 102
d 30 105
d 28 106
d 5 104
d 43 101
d 39 101
d 1 106
d 7 105
d 16 111
d 34 103
d 40 103
d 15 104
d 19 104
d 48 102
d 31 129
d 37 102
d 49 104
d 49 105
d 49 106
d 53 105
d 35 101
d 28 107
d 27 106
d 49 107
d 2 107
d 3 107
d 23 104
b 231
d 52 231
d 50 111
d 58 105
b 232
d 52 232
d 9 102
d 11 103
d 42 101
d 47 100
d 51 105
d 60 98
d 4 107
d 26 103
d 30 106
d 32 105
d 59 103
d 62 103
d 65 103
d 27 107
d 8 106
d 14 103
d 45 102
d 61 100
d 64 100
d 63 103
d 13 102
d 56 105
d 10 103
d 18 102
d 21 100
d 24 102
d 29 101
d 17 103
d 33 104
d 44 105
d 46 103
d 7 106
d 22 102
d 38 104
d 54 102
d 20 101
d 25 102
d 36 105
d 41 102
d 43 102
d 50 112
d 55 99
d 57 102
d 58 106
d 2 108
d 6 103
d 9 103
d 12 108
d 19 105
d 16 112
d 34 104
d 53 106
d 47 101
d 48 103
d 60 99
d 65 104
d 5 105
d 13 103
d 14 104
d 18 103
d 15 105
d 40 104
d 42 102
d 37 103
d 38 105
d 39 102
d 3 108
d 21 101
d 51 106
d 56 106
d 1 107
d 24 103
d 45 103
d 4 108
d 20 102
d 22 103
d 26 104
d 35 102
d 62 104
d 28 108
d 17 104
d 11 104
d 23 105
d 64 101
d 32 106
d 50 113
d 53 107
d 59 104
d 63 104
d 33 105
d 44 106
d 46 104
d 49 108
d 12 109
d 8 107
d 61 101
d 25 103
d 31 130
b 233
d 52 233
d 21 102
d 29 102
d 37 104
d 39 103
d 41 103
b 234
d 52 234
d 54 103
d 55 100
d 57 103
d 9 104
d 10 104
d 11 105
d 51 107
d 7 107
d 36 106
d 43 103
d 56 107
d 58 107
d 2 109
d 4 109
d 6 104
d 19 106
d 23 106
d 30 107
d 40 105
d 48 104
d 60 100
d 16 113
d 26 105
d 34 105
d 27 108
d 28 109
d 42 103
d 5 106
d 45 104
d 15 106
d 64 102
d 38 106
d 17 105
d 14 105
d 24 104
d 29 103
d 31 131
d 33 106
d 35 103
d 59 105
d 47 102
d 1 108
d 3 109
d 43 104
d 50 114
d 54 104
d 55 101
d 56 108
d 57 104
d 9 105
d 10 105
d 19 107
d 22 104
d 30 108
d 40 106
d 41 104
d 53 108
d 62 105
d 63 105
d 65 105
d 5 107
d 6 105
d 13 104
d 18 104
d 20 103
d 21 103
d 32 107
d 34 106
d 35 104
d 37 105
d 44 107
d 46 105
d 48 105
d 12 110
d 17 106
d 7 108
d 8 108
d 25 104
d 36 107
d 61 102
d 42 104
d 51 108
d 58 108
d 23 107
d 27 109
d 47 103
d 60 101
d 2 110
d 16 114
d 3 110
d 49 109
d 4 110
d 28 110
d 39 104
d 11 106
d 26 106
d 24 105
d 38 107
d 15 107
d 54 105
d 61 103
d 64 103
d 58 109
d 13 105
d 14 106
d 18 105
d 25 105
d 29 104
d 31 132
d 41 105
d 45 105
d 12 111
d 57 105
d 60 102
d 62 106
d 9 106
d 10 106
d 11 107
d 20 104
d 22 105
d 39 105
d 42 105
d 43 105
d 50 115
d 53 109
d 59 106
d 46 106
d 63 106
d 65 106
d 7 109
d 26 107
d 32 108
d 33 107
d 34 107
d 40 107
d 15 108
d 19 108
d 8 109
d 44 108
d 55 102
d 1 109
d 37 106
d 2 111
d 4 111
d 30 109
d 28 111
d 36 108
b 235
d 52 235
b 236
d 52 236
d 27 110
d 3 111
d 5 108
d 6 106
d 25 106
d 35 105
d 38 108
d 23 108
d 33 108
d 56 109
d 16 115
d 48 106
d 51 109
d 21 104
d 22 106
d 17 107
d 1 110
d 13 106
d 14 107
d 24 106
d 29 105
d 45 106
d 47 104
d 44 109
d 46 107
d 12 112
d 59 107
d 62 107
d 65 107
d 32 109
d 34 108
d 18 106
d 30 110
d 50 116
d 8 110
d 48 107
d 53 110
d 63 107
d 19 109
d 41 106
d 49 110
d 64 104
d 55 103
d 31 133
d 20 105
d 43 106
d 54 106
d 35 106
d 42 106
d 51 110
d 57 106
d 9 107
d 10 107
d 11 108
d 23 109
d 61 104
d 5 109
d 6 107
d 39 106
d 21 105
d 15 109
d 17 108
d 27 111
d 40 108
d 7 110
d 16 116
d 33 109
d 37 107
d 47 105
d 56 110
d 58 110
d 24 107
d 60 103
d 1 111
d 2 112
d 3 112
d 4 112
d 13 107
d 28 112
d 25 107
d 36 109
d 54 107
d 38 109
d 46 108
d 20 106
d 50 117
d 64 105
d 12 113
d 26 108
d 59 108
d 62 108
d 65 108
b 237
d 52 237
d 31 134
d 22 107
d 34 109
d 45 107
d 61 105
d 8 111
d 29 106
d 2 113
d 19 110
d 57 107
d 14 108
d 18 107
d 49 111
d 27 112
d 40 109
d 44 110
d 55 104
d 63 108
d 32 110
d 42 107
b 238
d 52 238
d 9 108
d 10 108
d 41 107
d 39 107
d 53 111
d 60 104
d 43 107
d 48 108
d 26 109
d 6 108
d 7 111
d 11 109
d 13 108
d 51 111
d 18 108
d 21 106
d 22 108
d 24 108
d 25 108
d 30 111
d 35 107
d 37 108
d 44 111
d 45 108
d 46 109
d 56 111
d 1 112
d 5 110
d 8 112
d 14 109
d 29 107
d 30 112
d 31 135
d 4 113
d 16 117
d 54 108
d 61 106
d 64 106
d 17 109
d 3 113
d 23 110
d 28 113
d 15 110
d 36 110
d 58 111
d 27 113
d 47 106
d 38 110
d 59 109
d 62 109
d 12 114
d 19 111
d 48 109
d 49 112
d 53 112
d 65 109
d 55 105
d 63 109
d 9 109
d 10 109
d 41 108
d 43 108
d 57 108
d 2 114
d 32 111
d 33 110
d 37 109
d 6 109
d 34 110
d 7 112
d 20 107
d 21 107
d 23 111
d 39 108
d 47 107
d 60 105
d 5 111
d 11 110
d 26 110
d 40 110
d 15 111
d 17 110
d 35 108
d 50 118
d 36 111
d 16 118
d 28 114
d 51 112
d 3 114
d 4 114
d 42 108
d 22 109
d 59 110
d 65 110
d 49 113
d 13 109
d 14 110
d 20 108
d 24 109
d 45 109
d 55 106
d 62 110
d 34 111
d 38 111
d 33 111
d 50 119
d 54 109
d 61 107
d 53 113
d 63 110
d 31 136
d 32 112
d 39 109
d 41 109
d 43 109
d 44 112
d 40 111
d 1 113
d 5 112
d 12 115
d 57 109
d 64 107
d 6 110
d 46 110
d 48 110
d 18 109
d 19 112
d 25 109
d 30 113
d 38 112
d 56 112
d 58 112
d 42 109
b 239
d 52 239
b 240
d 52 240
d 8 113
d 60 106
d 15 112
d 16 119
d 26 111
d 29 108
d 36 112
d 17 111
d 3 115
d 35 109
d 1 114
d 7 113
d 2 115
d 51 113
d 11 111
d 18 110
d 21 108
d 45 110
d 9 110
d 10 110
d 14 111
d 23 112
d 27 114
d 47 108
d 50 120
d 54 110
d 57 110
d 61 108
d 64 108
d 4 115
d 19 113
d 28 115
d 32 113
d 33 112
d 34 112
d 37 110
d 56 113
d 22 110
d 55 107
d 13 110
d 24 110
d 25 110
d 29 109
d 59 111
d 62 111
d 58 113
d 12 116
d 44 113
d 46 111
d 8 114
d 53 114
d 65 111
d 40 112
d 42 110
d 48 111
d 49 114
d 5 113
d 11 112
d 27 115
d 28 116
d 35 110
d 36 113
d 38 113
d 39 110
d 41 110
d 6 111
d 9 111
d 10 111
d 31 137
d 20 109
d 37 111
d 43 110
b 241
d 52 241
d 63 111
d 31 138
d 45 111
d 16 120
d 26 112
d 60 107
d 2 116
d 3 116
d 4 116
d 15 113
d 30 114
d 13 111
d 14 112
d 39 111
d 58 114
d 51 114
d 56 114
d 47 109
d 54 111
d 57 111
d 61 109
d 33 113
d 41 111
d 19 114
d 23 113
d 26 113
d 36 114
d 38 114
d 40 113
d 46 112
d 50 121
d 63 112
d 1 115
d 7 114
d 15 114
d 35 111
d 17 112
d 22 111
d 30 115
d 43 111
d 44 114
d 48 112
d 53 115
d 59 112
d 62 112
d 65 112
d 16 121
d 17 113
d 64 109
d 8 115
d 9 112
d 10 112
d 49 115
d 18 111
d 24 111
d 25 111
d 29 110
d 12 117
d 27 116
d 6 112
d 20 110
d 32 114
d 34 113
d 37 112
d 55 108
d 21 109
d 42 111
d 44 115
d 45 112
d 51 115
d 49 116
d 50 122
d 59 113
d 62 113
d 65 113
d 3 117
d 26 114
d 28 117
d 29 111
d 5 114
d 7 115
d 11 113
d 13 112
d 23 114
d 33 114
d 34 114
d 56 115
d 32 115
b 242
d 52 242
d 31 139
d 1 116
d 2 117
d 4 117
d 14 113
d 18 112
d 25 112
d 39 112
d 22 112
d 47 110
d 58 115
d 54 112
d 55 109
d 57 112
d 60 108
d 61 110
d 24 112
d 20 111
d 6 113
d 8 116
d 9 113
d 10 113
d 35 112
d 42 112
d 45 113
d 53 116
d 41 112
d 48 113
d 59 114
d 5 115
d 12 118
d 1 117
d 11 114
d 15 115
d 19 115
d 33 115
d 37 113
d 40 114
d 60 109
d 64 110
d 21 110
d 30 116
d 23 115
d 27 117
d 46 113
d 3 118
d 28 118
d 7 116
d 63 113
d 2 118
d 16 122
d 38 115
b 243
d 52 243
d 31 140
d 24 113
d 27 118
d 39 113
d 43 112
d 21 111
d 51 116
d 36 115
d 49 117
d 56 116
d 58 116
d 14 114
d 4 118
d 6 114
d 13 113
d 18 113
d 25 113
d 30 117
d 37 114
d 62 114
d 65 114
d 17 114
d 20 112
d 34 115
d 44 116
d 47 111
d 32 116
d 8 117
d 29 112
d 35 113
d 41 113
d 46 114
d 38 116
d 50 123
d 54 113
d 57 113
d 61 111
d 2 119
d 12 119
d 55 110
d 3 119
d 63 114
d 40 115
d 5 116
d 15 116
d 19 116
d 33 116
d 36 116
d 64 111
d 16 123
d 53 117
d 22 113
d 9 114
d 10 114
d 26 115
d 48 114
d 32 117
d 23 116
d 56 117
d 58 117
d 60 110
d 7 117
d 43 113
d 1 118
d 45 114
d 22 114
d 42 113
d 34 116
d 62 115
d 65 115
d 54 114
d 57 114
d 64 112
d 11 115
d 46 115
d 55 111
d 17 115
d 59 115
d 61 112
d 47 112
d 31 141
d 14 115
d 28 119
d 24 114
d 39 114
d 41 114
d 18 114
d 21 112
d 25 114
d 49 118
d 51 117
d 4 119
d 8 118
d 50 124
d 23 117
d 44 117
d 48 115
d 12 120
d 13 114
d 20 113
d 29 113
d 42 114
d 60 111
d 63 115
d 26 116
d 9 115
d 10 115
d 27 119
b 244
d 52 244
b 245
d 52 245
d 15 117
d 11 116
d 53 118
d 56 118
d 58 118
d 3 120
d 31 142
d 45 115
d 51 118
d 2 120
d 28 120
d 35 114
d 36 117
d 37 115
d 14 116
d 25 115
d 30 118
d 5 117
d 6 115
d 19 117
d 40 116
d 1 119
d 7 118
d 16 124
d 38 117
d 49 119
d 43 114
d 13 115
d 18 115
d 24 115
d 27 120
d 38 118
d 39 115
d 20 114
d 21 113
d 33 117
d 50 125
d 44 118
d 46 116
d 59 116
d 62 116
d 65 116
d 4 120
d 30 119
d 17 116
d 32 118
d 34 117
d 42 115
d 47 113
d 54 115
d 55 112
d 28 121
d 29 114
d 36 118
d 41 115
d 56 119
d 57 115
d 64 113
d 61 113
d 63 116
d 58 119
d 8 119
d 22 115
d 35 115
d 9 116
d 19 118
d 12 121
d 37 116
d 43 115
