b 1
d 112 1
b 2
d 112 2
b 3
d 112 3
b 4
d 112 4
b 5
d 112 5
b 6
d 112 6
b 7
d 112 7
b 8
d 112 8
b 9
d 112 9
b 10
d 112 10
b 11
d 112 11
b 12
d 112 12
b 13
d 112 13
b 14
d 112 14
b 15
d 112 15
b 16
d 112 16
b 17
d 112 17
b 18
d 112 18
b 19
d 112 19
b 20
d 112 20
b 21
d 112 21
b 22
d 112 22
b 23
d 112 23
b 24
d 112 24
b 25
d 112 25
b 26
d 112 26
b 27
d 112 27
b 28
d 112 28
b 29
d 112 29
b 30
d 112 30
b 31
d 112 31
b 32
d 112 32
b 33
d 112 33
b 34
d 112 34
b 35
d 112 35
b 36
d 112 36
b 37
d 112 37
b 38
d 112 38
b 39
d 112 39
b 40
d 112 40
b 41
d 112 41
b 42
d 112 42
b 43
d 112 43
b 44
d 112 44
b 45
d 112 45
b 46
d 112 46
b 47
d 112 47
b 48
d 112 48
b 49
d 112 49
b 50
d 112 50
b 51
d 112 51
b 52
d 112 52
b 53
d 112 53
b 54
d 112 54
b 55
d 112 55
b 56
d 112 56
b 57
d 112 57
b 58
d 112 58
b 59
d 112 59
b 60
d 112 60
b 61
d 112 61
b 62
d 112 62
b 63
d 112 63
b 64
d 112 64
b 65
d 112 65
b 66
d 112 66
b 67
d 112 67
b 68
d 112 68
b 69
d 112 69
b 70
d 112 70
b 71
d 112 71
b 72
d 112 72
b 73
d 112 73
b 74
d 112 74
b 75
d 112 75
b 76
d 112 76
b 77
d 112 77
b 78
d 112 78
b 79
d 112 79
b 80
d 112 80
b 81
d 112 81
b 82
d 112 82
b 83
d 112 83
b 84
d 112 84
b 85
d 112 85
b 86
d 112 86
b 87
d 112 87
b 88
d 112 88
b 89
d 112 89
b 90
d 112 90
b 91
d 112 91
b 92
d 112 92
b 93
d 112 93
b 94
d 112 94
b 95
d 112 95
b 96
d 112 96
d 6 1
d 7 1
d 10 1
d 9 1
d 11 1
d 12 1
d 14 1
d 17 1
d 18 1
d 19 1
d 20 1
d 22 1
d 2 1
d 15 1
d 16 1
d 8 1
d 13 1
d 21 1
b 97
d 112 97
b 98
d 112 98
b 99
d 112 99
b 100
d 112 100
b 101
d 112 101
b 102
d 112 102
b 103
d 112 103
b 104
d 112 104
b 105
d 112 105
b 106
d 112 106
b 107
d 112 107
b 108
d 112 108
b 109
d 112 109
b 110
d 112 110
b 111
d 112 111
b 112
d 112 112
b 113
d 112 113
b 114
d 112 114
b 115
d 112 115
b 116
d 112 116
b 117
d 112 117
b 118
d 112 118
b 119
d 112 119
b 120
d 112 120
b 121
d 112 121
b 122
d 112 122
b 123
d 112 123
b 124
d 112 124
b 125
d 112 125
b 126
d 112 126
b 127
d 112 127
b 128
d 112 128
d 23 1
d 24 1
d 25 1
d 31 1
d 32 1
d 26 1
d 29 1
d 36 1
d 38 1
d 42 1
d 45 1
d 46 1
d 48 1
d 47 1
d 39 1
d 40 1
d 41 1
d 43 1
d 44 1
d 33 1
d 34 1
d 35 1
d 37 1
d 50 1
d 54 1
d 7 2
d 49 1
d 51 1
d 52 1
d 53 1
d 55 1
d 56 1
d 6 2
d 1 1
d 1 2
d 2 2
d 6 3
d 6 4
d 5 1
d 5 2
d 14 2
d 3 1
d 3 2
d 4 1
d 4 2
d 4 3
d 4 4
d 5 3
d 5 4
d 7 3
d 7 4
d 14 3
d 6 5
d 3 3
d 7 5
d 1 3
d 18 2
d 8 2
d 1 4
d 10 2
d 10 3
d 10 4
d 17 2
d 5 5
d 3 4
d 18 3
d 11 2
d 2 3
d 2 4
d 11 3
d 9 2
d 8 3
d 12 2
d 12 3
d 17 3
d 12 4
d 17 4
d 19 2
d 20 2
d 4 5
d 10 5
d 3 5
d 15 2
d 19 3
d 14 4
d 2 5
d 9 3
d 21 2
d 18 4
d 11 4
d 15 3
d 13 2
d 13 3
d 13 4
d 1 5
d 8 4
d 12 5
d 22 2
d 36 2
d 21 3
d 26 2
d 26 3
d 3 6
d 20 3
d 17 5
d 18 5
d 31 2
d 1 6
d 36 3
d 16 2
d 14 5
