b 1
d 96 1
b 2
d 96 2
b 3
d 96 3
b 4
d 96 4
b 5
d 96 5
b 6
d 96 6
b 7
d 96 7
b 8
d 96 8
b 9
d 96 9
b 10
d 96 10
b 11
d 96 11
b 12
d 96 12
b 13
d 96 13
b 14
d 96 14
b 15
d 96 15
b 16
d 96 16
b 17
d 96 17
b 18
d 96 18
b 19
d 96 19
b 20
d 96 20
b 21
d 96 21
b 22
d 96 22
b 23
d 96 23
b 24
d 96 24
b 25
d 96 25
b 26
d 96 26
b 27
d 96 27
b 28
d 96 28
b 29
d 96 29
b 30
d 96 30
b 31
d 96 31
b 32
d 96 32
d 3 1
d 14 1
d 6 1
d 5 1
d 14 2
d 18 1
d 4 1
d 18 2
d 11 1
d 3 2
d 4 2
d 9 1
d 7 1
d 8 1
d 7 2
d 13 1
d 17 1
d 1 1
d 2 1
d 12 1
d 30 1
d 15 1
d 16 1
d 22 1
d 19 1
d 20 1
d 2 2
d 5 2
d 11 2
d 9 2
d 10 1
d 10 2
d 8 2
d 6 2
