d 7 1
d 10 1
d 14 1
d 1 1
d 1 2
d 2 1
d 2 2
d 4 1
d 4 2
d 5 1
d 5 2
d 6 1
d 6 2
d 8 1
d 7 2
d 4 3
d 9 1
d 4 4
d 5 3
d 5 4
d 6 3
d 7 3
d 7 4
d 7 5
d 1 3
d 2 3
d 6 4
d 3 1
d 3 2
d 3 3
d 12 1
d 10 2
d 10 3
d 10 4
d 11 1
d 11 2
d 12 2
d 11 3
d 12 3
d 14 2
d 14 3
d 2 4
d 3 4
d 10 5
d 13 1
d 15 1
d 12 4
d 5 5
d 6 5
d 1 4
d 20 1
d 21 1
d 17 1
d 17 2
d 18 1
d 18 2
d 18 3
d 8 2
d 9 2
d 16 1
d 15 2
d 17 3
d 17 4
d 26 1
b 1
d 124 1
b 2
d 124 2
b 3
d 124 3
b 4
d 124 4
b 5
d 124 5
b 6
d 124 6
b 7
d 124 7
b 8
d 124 8
b 9
d 124 9
b 10
d 124 10
b 11
d 124 11
b 12
d 124 12
b 13
d 124 13
b 14
d 124 14
b 15
d 124 15
b 16
d 124 16
b 17
d 124 17
b 18
d 124 18
b 19
d 124 19
b 20
d 124 20
b 21
d 124 21
b 22
d 124 22
b 23
d 124 23
b 24
d 124 24
b 25
d 124 25
b 26
d 124 26
b 27
d 124 27
b 28
d 124 28
b 29
d 124 29
b 30
d 124 30
b 31
d 124 31
b 32
d 124 32
b 33
d 124 33
b 34
d 124 34
b 35
d 124 35
b 36
d 124 36
b 37
d 124 37
b 38
d 124 38
b 39
d 124 39
b 40
d 124 40
b 41
d 124 41
b 42
d 124 42
b 43
d 124 43
b 44
d 124 44
b 45
d 124 45
b 46
d 124 46
b 47
d 124 47
b 48
d 124 48
b 49
d 124 49
b 50
d 124 50
b 51
d 124 51
b 52
d 124 52
b 53
d 124 53
b 54
d 124 54
b 55
d 124 55
b 56
d 124 56
b 57
d 124 57
b 58
d 124 58
b 59
d 124 59
b 60
d 124 60
b 61
d 124 61
b 62
d 124 62
b 63
d 124 63
b 64
d 124 64
b 65
d 124 65
b 66
d 124 66
b 67
d 124 67
b 68
d 124 68
b 69
d 124 69
b 70
d 124 70
b 71
d 124 71
b 72
d 124 72
b 73
d 124 73
b 74
d 124 74
b 75
d 124 75
b 76
d 124 76
b 77
d 124 77
b 78
d 124 78
b 79
d 124 79
b 80
d 124 80
b 81
d 124 81
b 82
d 124 82
b 83
d 124 83
b 84
d 124 84
b 85
d 124 85
b 86
d 124 86
b 87
d 124 87
b 88
d 124 88
b 89
d 124 89
b 90
d 124 90
b 91
d 124 91
b 92
d 124 92
b 93
d 124 93
b 94
d 124 94
b 95
d 124 95
b 96
d 124 96
b 97
d 124 97
b 98
d 124 98
b 99
d 124 99
b 100
d 124 100
b 101
d 124 101
b 102
d 124 102
b 103
d 124 103
b 104
d 124 104
b 105
d 124 105
b 106
d 124 106
b 107
d 124 107
b 108
d 124 108
b 109
d 124 109
b 110
d 124 110
b 111
d 124 111
b 112
d 124 112
b 113
d 124 113
b 114
d 124 114
b 115
d 124 115
b 116
d 124 116
b 117
d 124 117
b 118
d 124 118
b 119
d 124 119
b 120
d 124 120
b 121
d 124 121
b 122
d 124 122
b 123
d 124 123
b 124
d 124 124
b 125
d 124 125
b 126
d 124 126
b 127
d 124 127
b 128
d 124 128
b 129
d 124 129
b 130
d 124 130
b 131
d 124 131
b 132
d 124 132
b 133
d 124 133
b 134
d 124 134
b 135
d 124 135
b 136
d 124 136
d 3 5
d 8 3
b 137
d 124 137
b 138
d 124 138
b 139
d 124 139
b 140
d 124 140
b 141
d 124 141
b 142
d 124 142
b 143
d 124 143
b 144
d 124 144
b 145
d 124 145
b 146
d 124 146
b 147
d 124 147
b 148
d 124 148
b 149
d 124 149
b 150
d 124 150
b 151
d 124 151
b 152
d 124 152
b 153
d 124 153
b 154
d 124 154
b 155
d 124 155
b 156
d 124 156
b 157
d 124 157
b 158
d 124 158
b 159
d 124 159
b 160
d 124 160
b 161
d 124 161
b 162
d 124 162
b 163
d 124 163
b 164
d 124 164
b 165
d 124 165
b 166
d 124 166
b 167
d 124 167
b 168
d 124 168
b 169
d 124 169
b 170
d 124 170
b 171
d 124 171
b 172
d 124 172
b 173
d 124 173
b 174
d 124 174
b 175
d 124 175
b 176
d 124 176
b 177
d 124 177
b 178
d 124 178
b 179
d 124 179
b 180
d 124 180
b 181
d 124 181
b 182
d 124 182
b 183
d 124 183
b 184
d 124 184
b 185
d 124 185
b 186
d 124 186
b 187
d 124 187
b 188
d 124 188
b 189
d 124 189
b 190
d 124 190
b 191
d 124 191
b 192
d 124 192
b 193
d 124 193
b 194
d 124 194
b 195
d 124 195
b 196
d 124 196
b 197
d 124 197
b 198
d 124 198
b 199
d 124 199
b 200
d 124 200
b 201
d 124 201
b 202
d 124 202
b 203
d 124 203
b 204
d 124 204
b 205
d 124 205
b 206
d 124 206
b 207
d 124 207
b 208
d 124 208
b 209
d 124 209
b 210
d 124 210
b 211
d 124 211
b 212
d 124 212
b 213
d 124 213
b 214
d 124 214
b 215
d 124 215
b 216
d 124 216
b 217
d 124 217
b 218
d 124 218
b 219
d 124 219
b 220
d 124 220
b 221
d 124 221
b 222
d 124 222
b 223
d 124 223
b 224
d 124 224
b 225
d 124 225
b 226
d 124 226
b 227
d 124 227
b 228
d 124 228
b 229
d 124 229
b 230
d 124 230
b 231
d 124 231
b 232
d 124 232
d 22 1
d 19 1
d 36 1
b 233
d 124 233
b 234
d 124 234
b 235
d 124 235
b 236
d 124 236
b 237
d 124 237
b 238
d 124 238
b 239
d 124 239
b 240
d 124 240
b 241
d 124 241
b 242
d 124 242
b 243
d 124 243
b 244
d 124 244
b 245
d 124 245
b 246
d 124 246
b 247
d 124 247
b 248
d 124 248
b 249
d 124 249
b 250
d 124 250
b 251
d 124 251
b 252
d 124 252
b 253
d 124 253
b 254
d 124 254
b 255
d 124 255
b 256
d 124 256
d 21 2
d 20 2
d 29 1
d 4 5
d 13 2
d 19 2
d 19 3
d 14 4
d 13 3
d 25 1
d 31 1
d 32 1
d 38 1
d 3 6
d 8 4
d 11 4
d 2 5
d 24 1
d 22 2
d 27 1
d 28 1
d 24 2
d 31 2
d 32 2
d 30 1
d 33 1
d 34 1
d 37 1
d 39 1
d 40 1
d 41 1
d 42 1
d 43 1
d 45 1
d 50 1
d 9 3
d 20 3
d 26 2
d 23 1
d 16 2
d 12 5
d 6 6
d 36 2
d 53 1
d 55 1
d 56 1
d 57 1
d 59 1
d 61 1
d 62 1
d 63 1
d 64 1
d 66 1
d 67 1
d 68 1
d 125 1
d 128 1
d 126 1
d 44 1
d 60 1
d 65 1
d 74 1
d 77 1
d 47 1
d 54 1
d 35 1
d 46 1
d 48 1
d 49 1
d 51 1
d 52 1
d 58 1
d 58 2
d 23 2
d 25 2
d 27 2
d 28 2
d 29 2
d 30 2
d 34 2
d 35 2
d 37 2
d 38 2
d 39 2
d 40 2
d 41 2
d 42 2
d 43 2
d 44 2
d 45 2
d 46 2
d 47 2
d 48 2
d 49 2
d 50 2
d 51 2
d 52 2
d 7 6
d 14 5
d 17 5
d 18 4
d 18 5
d 1 5
d 22 3
d 69 1
d 70 1
d 71 1
d 72 1
d 75 1
d 76 1
d 122 1
d 123 1
d 78 1
d 79 1
d 80 1
d 81 1
d 82 1
d 83 1
d 84 1
d 73 1
d 85 1
d 86 1
d 87 1
d 88 1
d 89 1
d 90 1
d 91 1
d 92 1
d 93 1
d 94 1
d 95 1
d 96 1
d 97 1
d 98 1
d 100 1
d 101 1
d 102 1
d 103 1
d 104 1
d 105 1
d 106 1
d 107 1
d 108 1
d 109 1
d 110 1
d 111 1
d 112 1
d 114 1
d 115 1
d 116 1
d 117 1
d 118 1
d 119 1
d 120 1
d 121 1
d 127 1
d 4 6
d 53 2
d 54 2
d 55 2
d 56 2
d 57 2
d 59 2
d 60 2
d 61 2
d 62 2
d 63 2
d 64 2
d 65 2
d 66 2
d 67 2
d 68 2
d 69 2
d 70 2
d 73 2
d 74 2
d 77 2
d 78 2
d 79 2
d 82 2
d 10 6
d 21 3
d 33 2
d 15 3
d 26 3
d 99 1
d 113 1
d 1 6
d 8 5
d 5 6
d 71 2
d 72 2
d 75 2
d 76 2
d 80 2
d 81 2
d 83 2
d 84 2
d 85 2
d 86 2
d 87 2
d 88 2
d 89 2
d 90 2
d 91 2
d 92 2
d 93 2
d 94 2
d 95 2
d 96 2
d 97 2
d 98 2
d 99 2
d 100 2
d 101 2
d 102 2
d 103 2
d 104 2
d 105 2
d 106 2
d 107 2
d 108 2
d 109 2
d 110 2
d 111 2
d 112 2
d 113 2
d 114 2
d 9 4
d 18 6
d 125 2
d 20 4
d 7 7
d 115 2
d 116 2
d 11 5
d 16 3
d 14 6
