b 1
d 116 1
b 2
d 116 2
b 3
d 116 3
b 4
d 116 4
b 5
d 116 5
b 6
d 116 6
b 7
d 116 7
b 8
d 116 8
b 9
d 116 9
b 10
d 116 10
b 11
d 116 11
b 12
d 116 12
b 13
d 116 13
b 14
d 116 14
b 15
d 116 15
b 16
d 116 16
b 17
d 116 17
b 18
d 116 18
b 19
d 116 19
b 20
d 116 20
b 21
d 116 21
b 22
d 116 22
b 23
d 116 23
b 24
d 116 24
b 25
d 116 25
b 26
d 116 26
b 27
d 116 27
b 28
d 116 28
b 29
d 116 29
b 30
d 116 30
b 31
d 116 31
b 32
d 116 32
d 10 1
b 33
d 116 33
b 34
d 116 34
b 35
d 116 35
b 36
d 116 36
b 37
d 116 37
b 38
d 116 38
b 39
d 116 39
b 40
d 116 40
b 41
d 116 41
b 42
d 116 42
b 43
d 116 43
b 44
d 116 44
b 45
d 116 45
b 46
d 116 46
b 47
d 116 47
b 48
d 116 48
d 1 1
b 49
d 116 49
b 50
d 116 50
b 51
d 116 51
b 52
d 116 52
b 53
d 116 53
b 54
d 116 54
b 55
d 116 55
b 56
d 116 56
b 57
d 116 57
b 58
d 116 58
b 59
d 116 59
b 60
d 116 60
b 61
d 116 61
b 62
d 116 62
b 63
d 116 63
b 64
d 116 64
b 65
d 116 65
b 66
d 116 66
b 67
d 116 67
b 68
d 116 68
b 69
d 116 69
b 70
d 116 70
b 71
d 116 71
b 72
d 116 72
b 73
d 116 73
b 74
d 116 74
b 75
d 116 75
b 76
d 116 76
b 77
d 116 77
b 78
d 116 78
b 79
d 116 79
b 80
d 116 80
b 81
d 116 81
b 82
d 116 82
b 83
d 116 83
b 84
d 116 84
b 85
d 116 85
b 86
d 116 86
b 87
d 116 87
b 88
d 116 88
b 89
d 116 89
b 90
d 116 90
b 91
d 116 91
b 92
d 116 92
b 93
d 116 93
b 94
d 116 94
b 95
d 116 95
b 96
d 116 96
b 97
d 116 97
b 98
d 116 98
b 99
d 116 99
b 100
d 116 100
b 101
d 116 101
b 102
d 116 102
b 103
d 116 103
b 104
d 116 104
b 105
d 116 105
b 106
d 116 106
b 107
d 116 107
b 108
d 116 108
b 109
d 116 109
b 110
d 116 110
b 111
d 116 111
b 112
d 116 112
b 113
d 116 113
b 114
d 116 114
b 115
d 116 115
b 116
d 116 116
b 117
d 116 117
b 118
d 116 118
b 119
d 116 119
b 120
d 116 120
d 7 1
d 7 2
d 7 3
d 14 1
d 2 1
d 3 1
d 8 1
d 9 1
d 12 1
b 121
d 116 121
b 122
d 116 122
b 123
d 116 123
b 124
d 116 124
b 125
d 116 125
b 126
d 116 126
b 127
d 116 127
b 128
d 116 128
b 129
d 116 129
b 130
d 116 130
b 131
d 116 131
b 132
d 116 132
b 133
d 116 133
b 134
d 116 134
b 135
d 116 135
b 136
d 116 136
b 137
d 116 137
b 138
d 116 138
b 139
d 116 139
b 140
d 116 140
b 141
d 116 141
b 142
d 116 142
b 143
d 116 143
b 144
d 116 144
b 145
d 116 145
b 146
d 116 146
b 147
d 116 147
b 148
d 116 148
b 149
d 116 149
b 150
d 116 150
b 151
d 116 151
b 152
d 116 152
b 153
d 116 153
b 154
d 116 154
b 155
d 116 155
b 156
d 116 156
b 157
d 116 157
b 158
d 116 158
b 159
d 116 159
b 160
d 116 160
b 161
d 116 161
b 162
d 116 162
b 163
d 116 163
b 164
d 116 164
b 165
d 116 165
b 166
d 116 166
b 167
d 116 167
b 168
d 116 168
b 169
d 116 169
b 170
d 116 170
b 171
d 116 171
b 172
d 116 172
b 173
d 116 173
b 174
d 116 174
b 175
d 116 175
b 176
d 116 176
d 12 2
d 4 1
d 4 2
d 4 3
d 5 1
d 6 1
d 4 4
d 5 2
d 5 3
d 5 4
d 11 1
d 18 1
d 17 1
b 177
d 116 177
b 178
d 116 178
b 179
d 116 179
b 180
d 116 180
b 181
d 116 181
b 182
d 116 182
b 183
d 116 183
b 184
d 116 184
b 185
d 116 185
b 186
d 116 186
b 187
d 116 187
b 188
d 116 188
b 189
d 116 189
b 190
d 116 190
b 191
d 116 191
b 192
d 116 192
b 193
d 116 193
b 194
d 116 194
b 195
d 116 195
b 196
d 116 196
b 197
d 116 197
b 198
d 116 198
b 199
d 116 199
b 200
d 116 200
d 12 3
b 201
d 116 201
b 202
d 116 202
b 203
d 116 203
b 204
d 116 204
b 205
d 116 205
b 206
d 116 206
b 207
d 116 207
b 208
d 116 208
d 21 1
d 6 2
d 6 3
d 6 4
d 20 1
d 19 1
d 22 1
b 209
d 116 209
b 210
d 116 210
b 211
d 116 211
b 212
d 116 212
b 213
d 116 213
b 214
d 116 214
b 215
d 116 215
b 216
d 116 216
b 217
d 116 217
b 218
d 116 218
b 219
d 116 219
b 220
d 116 220
b 221
d 116 221
b 222
d 116 222
b 223
d 116 223
d 7 4
d 10 2
d 10 3
d 11 2
d 11 3
d 14 2
d 14 3
d 16 1
d 18 2
d 3 2
d 15 1
d 26 1
d 8 2
d 8 3
d 9 2
d 9 3
d 14 4
d 19 2
d 20 2
d 23 1
d 24 1
d 29 1
d 31 1
d 32 1
b 224
d 116 224
b 225
d 116 225
b 226
d 116 226
b 227
d 116 227
b 228
d 116 228
b 229
d 116 229
b 230
d 116 230
b 231
d 116 231
d 28 1
d 18 3
d 19 3
d 36 1
d 25 1
d 10 4
d 1 2
d 1 3
d 1 4
d 3 3
d 3 4
d 6 5
d 13 1
d 17 2
d 17 3
d 17 4
d 2 2
d 2 3
d 27 1
d 30 1
d 13 2
d 13 3
d 15 2
d 15 3
d 21 2
d 20 3
d 36 2
d 2 4
d 4 5
d 5 5
d 7 5
d 3 5
d 38 1
d 39 1
d 40 1
d 41 1
d 42 1
d 43 1
d 44 1
d 45 1
d 46 1
d 47 1
d 49 1
d 50 1
d 33 1
d 35 1
d 37 1
d 48 1
d 8 4
d 52 1
d 54 1
d 16 2
d 16 3
d 34 1
d 60 1
d 64 1
d 65 1
d 66 1
d 67 1
d 51 1
d 53 1
d 58 1
d 2 5
d 22 2
d 22 3
d 24 2
d 24 3
d 26 2
d 31 2
d 10 5
d 18 4
d 12 4
d 12 5
d 11 4
d 17 5
d 55 1
d 56 1
d 59 1
d 61 1
d 62 1
d 68 1
d 69 1
d 70 1
d 73 1
d 74 1
d 57 1
d 63 1
d 29 2
d 37 2
d 11 5
d 14 5
d 102 1
d 103 1
d 104 1
d 106 1
d 108 1
d 110 1
d 111 1
d 112 1
d 114 1
d 118 1
d 119 1
d 120 1
d 122 1
d 123 1
d 124 1
d 125 1
d 109 1
d 113 1
d 117 1
d 25 2
d 71 1
d 72 1
d 75 1
d 76 1
d 77 1
d 78 1
d 79 1
d 81 1
d 82 1
d 83 1
d 84 1
d 85 1
d 86 1
d 87 1
d 88 1
d 90 1
d 91 1
d 92 1
d 93 1
d 27 2
d 18 5
d 105 1
d 39 2
d 95 1
d 97 1
d 98 1
d 99 1
d 100 1
d 101 1
d 13 4
d 28 2
d 30 2
d 32 2
d 34 2
d 38 2
d 6 6
d 10 6
