b 1
d 99 1
b 2
d 99 2
b 3
d 99 3
b 4
d 99 4
b 5
d 99 5
b 6
d 99 6
b 7
d 99 7
b 8
d 99 8
b 9
d 99 9
b 10
d 99 10
b 11
d 99 11
b 12
d 99 12
b 13
d 99 13
b 14
d 99 14
b 15
d 99 15
b 16
d 99 16
b 17
d 99 17
b 18
d 99 18
b 19
d 99 19
b 20
d 99 20
b 21
d 99 21
b 22
d 99 22
b 23
d 99 23
b 24
d 99 24
b 25
d 99 25
b 26
d 99 26
b 27
d 99 27
b 28
d 99 28
b 29
d 99 29
b 30
d 99 30
b 31
d 99 31
b 32
d 99 32
d 7 1
d 1 1
d 3 1
d 10 1
d 7 2
d 7 3
d 9 1
d 4 1
d 4 2
d 6 1
d 6 2
d 14 1
d 4 3
d 11 1
d 17 1
d 4 4
d 12 1
d 2 1
d 2 2
d 5 1
d 5 2
d 7 4
d 1 2
d 6 3
d 8 1
d 14 2
d 18 1
d 5 3
d 5 4
d 8 2
d 3 2
d 11 2
d 10 2
d 10 3
d 12 2
d 6 4
d 9 2
d 3 3
d 14 3
d 10 4
d 11 3
d 12 3
d 18 2
d 1 3
d 1 4
d 2 3
d 2 4
d 17 2
d 20 1
d 22 1
d 13 1
d 18 3
d 3 4
d 15 1
d 6 5
d 17 3
d 7 5
d 17 4
d 20 2
d 19 1
d 19 2
d 19 3
d 16 1
d 21 1
d 12 4
d 9 3
d 8 3
d 5 5
d 18 4
d 26 1
d 36 1
d 29 1
d 15 2
d 21 2
d 15 3
d 14 4
d 3 5
d 13 2
d 13 3
d 11 4
d 10 5
d 4 5
d 13 4
d 8 4
d 2 5
d 22 2
d 20 3
d 21 3
d 26 2
d 26 3
d 24 1
d 31 1
d 31 2
