java.lang.InterruptedException
	at java.base/java.util.concurrent.locks.ReentrantLock$Sync.lockInterruptibly(ReentrantLock.java:159)
	at java.base/java.util.concurrent.locks.ReentrantLock.lockInterruptibly(ReentrantLock.java:372)
	at java.base/java.util.concurrent.LinkedBlockingQueue.put(LinkedBlockingQueue.java:332)
	at cs451.link.FairLossLink.enqueuePacket(FairLossLink.java:54)
	at cs451.link.StubbornLink.sendPackets(StubbornLink.java:48)
	at java.base/java.util.concurrent.ThreadPoolExecutor.runWorker(ThreadPoolExecutor.java:1136)
	at java.base/java.util.concurrent.ThreadPoolExecutor$Worker.run(ThreadPoolExecutor.java:635)
	at java.base/java.lang.Thread.run(Thread.java:833)
java.lang.InterruptedException
	at java.base/java.util.concurrent.locks.ReentrantLock$Sync.lockInterruptibly(ReentrantLock.java:159)
	at java.base/java.util.concurrent.locks.ReentrantLock.lockInterruptibly(ReentrantLock.java:372)
	at java.base/java.util.concurrent.LinkedBlockingQueue.take(LinkedBlockingQueue.java:432)
	at cs451.link.FairLossLink.sendPacketsInQueue(FairLossLink.java:65)
	at java.base/java.util.concurrent.ThreadPoolExecutor.runWorker(ThreadPoolExecutor.java:1136)
	at java.base/java.util.concurrent.ThreadPoolExecutor$Worker.run(ThreadPoolExecutor.java:635)
	at java.base/java.lang.Thread.run(Thread.java:833)
java.lang.InterruptedException
	at java.base/java.util.concurrent.locks.ReentrantLock$Sync.lockInterruptibly(ReentrantLock.java:159)
	at java.base/java.util.concurrent.locks.ReentrantLock.lockInterruptibly(ReentrantLock.java:372)
	at java.base/java.util.concurrent.LinkedBlockingQueue.take(LinkedBlockingQueue.java:432)
	at cs451.link.FairLossLink.sendPacketsInQueue(FairLossLink.java:65)
	at java.base/java.util.concurrent.ThreadPoolExecutor.runWorker(ThreadPoolExecutor.java:1136)
	at java.base/java.util.concurrent.ThreadPoolExecutor$Worker.run(ThreadPoolExecutor.java:635)
	at java.base/java.lang.Thread.run(Thread.java:833)
java.lang.InterruptedException
	at java.base/java.util.concurrent.locks.AbstractQueuedSynchronizer.acquireInterruptibly(AbstractQueuedSynchronizer.java:959)
	at java.base/java.util.concurrent.locks.ReentrantLock$Sync.lockInterruptibly(ReentrantLock.java:161)
	at java.base/java.util.concurrent.locks.ReentrantLock.lockInterruptibly(ReentrantLock.java:372)
	at java.base/java.util.concurrent.LinkedBlockingQueue.put(LinkedBlockingQueue.java:332)
	at cs451.link.FairLossLink.enqueuePacket(FairLossLink.java:54)
	at cs451.link.StubbornLink.deliver(StubbornLink.java:28)
	at cs451.link.Link.callback(Link.java:37)
	at cs451.link.FairLossLink.receivePackets(FairLossLink.java:83)
	at java.base/java.util.concurrent.ThreadPoolExecutor.runWorker(ThreadPoolExecutor.java:1136)
	at java.base/java.util.concurrent.ThreadPoolExecutor$Worker.run(ThreadPoolExecutor.java:635)
	at java.base/java.lang.Thread.run(Thread.java:833)
java.lang.InterruptedException
	at java.base/java.util.concurrent.locks.ReentrantLock$Sync.lockInterruptibly(ReentrantLock.java:159)
	at java.base/java.util.concurrent.locks.ReentrantLock.lockInterruptibly(ReentrantLock.java:372)
	at java.base/java.util.concurrent.LinkedBlockingQueue.put(LinkedBlockingQueue.java:332)
	at cs451.link.FairLossLink.enqueuePacket(FairLossLink.java:54)
	at cs451.link.StubbornLink.deliver(StubbornLink.java:28)
	at cs451.link.Link.callback(Link.java:37)
	at cs451.link.FairLossLink.receivePackets(FairLossLink.java:83)
	at java.base/java.util.concurrent.ThreadPoolExecutor.runWorker(ThreadPoolExecutor.java:1136)
	at java.base/java.util.concurrent.ThreadPoolExecutor$Worker.run(ThreadPoolExecutor.java:635)
	at java.base/java.lang.Thread.run(Thread.java:833)
java.lang.InterruptedException
	at java.base/java.util.concurrent.locks.ReentrantLock$Sync.lockInterruptibly(ReentrantLock.java:159)
	at java.base/java.util.concurrent.locks.ReentrantLock.lockInterruptibly(ReentrantLock.java:372)
	at java.base/java.util.concurrent.LinkedBlockingQueue.put(LinkedBlockingQueue.java:332)
	at cs451.link.FairLossLink.enqueuePacket(FairLossLink.java:54)
	at cs451.link.StubbornLink.deliver(StubbornLink.java:28)
	at cs451.link.Link.callback(Link.java:37)
	at cs451.link.FairLossLink.receivePackets(FairLossLink.java:83)
	at java.base/java.util.concurrent.ThreadPoolExecutor.runWorker(ThreadPoolExecutor.java:1136)
	at java.base/java.util.concurrent.ThreadPoolExecutor$Worker.run(ThreadPoolExecutor.java:635)
	at java.base/java.lang.Thread.run(Thread.java:833)
java.lang.InterruptedException
	at java.base/java.util.concurrent.locks.ReentrantLock$Sync.lockInterruptibly(ReentrantLock.java:159)
	at java.base/java.util.concurrent.locks.ReentrantLock.lockInterruptibly(ReentrantLock.java:372)
	at java.base/java.util.concurrent.LinkedBlockingQueue.put(LinkedBlockingQueue.java:332)
	at cs451.link.FairLossLink.enqueuePacket(FairLossLink.java:54)
	at cs451.link.StubbornLink.deliver(StubbornLink.java:28)
	at cs451.link.Link.callback(Link.java:37)
	at cs451.link.FairLossLink.receivePackets(FairLossLink.java:83)
	at java.base/java.util.concurrent.ThreadPoolExecutor.runWorker(ThreadPoolExecutor.java:1136)
	at java.base/java.util.concurrent.ThreadPoolExecutor$Worker.run(ThreadPoolExecutor.java:635)
	at java.base/java.lang.Thread.run(Thread.java:833)
java.lang.InterruptedException
	at java.base/java.util.concurrent.locks.ReentrantLock$Sync.lockInterruptibly(ReentrantLock.java:159)
	at java.base/java.util.concurrent.locks.ReentrantLock.lockInterruptibly(ReentrantLock.java:372)
	at java.base/java.util.concurrent.LinkedBlockingQueue.put(LinkedBlockingQueue.java:332)
	at cs451.link.FairLossLink.enqueuePacket(FairLossLink.java:54)
	at cs451.link.StubbornLink.deliver(StubbornLink.java:28)
	at cs451.link.Link.callback(Link.java:37)
	at cs451.link.FairLossLink.receivePackets(FairLossLink.java:83)
	at java.base/java.util.concurrent.ThreadPoolExecutor.runWorker(ThreadPoolExecutor.java:1136)
	at java.base/java.util.concurrent.ThreadPoolExecutor$Worker.run(ThreadPoolExecutor.java:635)
	at java.base/java.lang.Thread.run(Thread.java:833)
java.lang.InterruptedException
	at java.base/java.util.concurrent.locks.ReentrantLock$Sync.lockInterruptibly(ReentrantLock.java:159)
	at java.base/java.util.concurrent.locks.ReentrantLock.lockInterruptibly(ReentrantLock.java:372)
	at java.base/java.util.concurrent.LinkedBlockingQueue.put(LinkedBlockingQueue.java:332)
	at cs451.link.FairLossLink.enqueuePacket(FairLossLink.java:54)
	at cs451.link.StubbornLink.deliver(StubbornLink.java:28)
	at cs451.link.Link.callback(Link.java:37)
	at cs451.link.FairLossLink.receivePackets(FairLossLink.java:83)
	at java.base/java.util.concurrent.ThreadPoolExecutor.runWorker(ThreadPoolExecutor.java:1136)
	at java.base/java.util.concurrent.ThreadPoolExecutor$Worker.run(ThreadPoolExecutor.java:635)
	at java.base/java.lang.Thread.run(Thread.java:833)
java.lang.InterruptedException
	at java.base/java.util.concurrent.locks.ReentrantLock$Sync.lockInterruptibly(ReentrantLock.java:159)
	at java.base/java.util.concurrent.locks.ReentrantLock.lockInterruptibly(ReentrantLock.java:372)
	at java.base/java.util.concurrent.LinkedBlockingQueue.put(LinkedBlockingQueue.java:332)
	at cs451.link.FairLossLink.enqueuePacket(FairLossLink.java:54)
	at cs451.link.StubbornLink.deliver(StubbornLink.java:28)
	at cs451.link.Link.callback(Link.java:37)
	at cs451.link.FairLossLink.receivePackets(FairLossLink.java:83)
	at java.base/java.util.concurrent.ThreadPoolExecutor.runWorker(ThreadPoolExecutor.java:1136)
	at java.base/java.util.concurrent.ThreadPoolExecutor$Worker.run(ThreadPoolExecutor.java:635)
	at java.base/java.lang.Thread.run(Thread.java:833)
java.lang.InterruptedException
	at java.base/java.util.concurrent.locks.ReentrantLock$Sync.lockInterruptibly(ReentrantLock.java:159)
	at java.base/java.util.concurrent.locks.ReentrantLock.lockInterruptibly(ReentrantLock.java:372)
	at java.base/java.util.concurrent.LinkedBlockingQueue.put(LinkedBlockingQueue.java:332)
	at cs451.link.FairLossLink.enqueuePacket(FairLossLink.java:54)
	at cs451.link.StubbornLink.deliver(StubbornLink.java:28)
	at cs451.link.Link.callback(Link.java:37)
	at cs451.link.FairLossLink.receivePackets(FairLossLink.java:83)
	at java.base/java.util.concurrent.ThreadPoolExecutor.runWorker(ThreadPoolExecutor.java:1136)
	at java.base/java.util.concurrent.ThreadPoolExecutor$Worker.run(ThreadPoolExecutor.java:635)
	at java.base/java.lang.Thread.run(Thread.java:833)
java.lang.InterruptedException
	at java.base/java.util.concurrent.locks.ReentrantLock$Sync.lockInterruptibly(ReentrantLock.java:159)
	at java.base/java.util.concurrent.locks.ReentrantLock.lockInterruptibly(ReentrantLock.java:372)
	at java.base/java.util.concurrent.LinkedBlockingQueue.put(LinkedBlockingQueue.java:332)
	at cs451.link.FairLossLink.enqueuePacket(FairLossLink.java:54)
	at cs451.link.StubbornLink.deliver(StubbornLink.java:28)
	at cs451.link.Link.callback(Link.java:37)
	at cs451.link.FairLossLink.receivePackets(FairLossLink.java:83)
	at java.base/java.util.concurrent.ThreadPoolExecutor.runWorker(ThreadPoolExecutor.java:1136)
	at java.base/java.util.concurrent.ThreadPoolExecutor$Worker.run(ThreadPoolExecutor.java:635)
	at java.base/java.lang.Thread.run(Thread.java:833)
java.lang.InterruptedException
	at java.base/java.util.concurrent.locks.ReentrantLock$Sync.lockInterruptibly(ReentrantLock.java:159)
	at java.base/java.util.concurrent.locks.ReentrantLock.lockInterruptibly(ReentrantLock.java:372)
	at java.base/java.util.concurrent.LinkedBlockingQueue.put(LinkedBlockingQueue.java:332)
	at cs451.link.FairLossLink.enqueuePacket(FairLossLink.java:54)
	at cs451.link.StubbornLink.deliver(StubbornLink.java:28)
	at cs451.link.Link.callback(Link.java:37)
	at cs451.link.FairLossLink.receivePackets(FairLossLink.java:83)
	at java.base/java.util.concurrent.ThreadPoolExecutor.runWorker(ThreadPoolExecutor.java:1136)
	at java.base/java.util.concurrent.ThreadPoolExecutor$Worker.run(ThreadPoolExecutor.java:635)
	at java.base/java.lang.Thread.run(Thread.java:833)
java.lang.InterruptedException
	at java.base/java.util.concurrent.locks.ReentrantLock$Sync.lockInterruptibly(ReentrantLock.java:159)
	at java.base/java.util.concurrent.locks.ReentrantLock.lockInterruptibly(ReentrantLock.java:372)
	at java.base/java.util.concurrent.LinkedBlockingQueue.put(LinkedBlockingQueue.java:332)
	at cs451.link.FairLossLink.enqueuePacket(FairLossLink.java:54)
	at cs451.link.StubbornLink.deliver(StubbornLink.java:28)
	at cs451.link.Link.callback(Link.java:37)
	at cs451.link.FairLossLink.receivePackets(FairLossLink.java:83)
	at java.base/java.util.concurrent.ThreadPoolExecutor.runWorker(ThreadPoolExecutor.java:1136)
	at java.base/java.util.concurrent.ThreadPoolExecutor$Worker.run(ThreadPoolExecutor.java:635)
	at java.base/java.lang.Thread.run(Thread.java:833)
java.lang.InterruptedException
	at java.base/java.util.concurrent.locks.ReentrantLock$Sync.lockInterruptibly(ReentrantLock.java:159)
	at java.base/java.util.concurrent.locks.ReentrantLock.lockInterruptibly(ReentrantLock.java:372)
	at java.base/java.util.concurrent.LinkedBlockingQueue.put(LinkedBlockingQueue.java:332)
	at cs451.link.FairLossLink.enqueuePacket(FairLossLink.java:54)
	at cs451.link.StubbornLink.deliver(StubbornLink.java:28)
	at cs451.link.Link.callback(Link.java:37)
	at cs451.link.FairLossLink.receivePackets(FairLossLink.java:83)
	at java.base/java.util.concurrent.ThreadPoolExecutor.runWorker(ThreadPoolExecutor.java:1136)
	at java.base/java.util.concurrent.ThreadPoolExecutor$Worker.run(ThreadPoolExecutor.java:635)
	at java.base/java.lang.Thread.run(Thread.java:833)
java.lang.InterruptedException
	at java.base/java.util.concurrent.locks.ReentrantLock$Sync.lockInterruptibly(ReentrantLock.java:159)
	at java.base/java.util.concurrent.locks.ReentrantLock.lockInterruptibly(ReentrantLock.java:372)
	at java.base/java.util.concurrent.LinkedBlockingQueue.put(LinkedBlockingQueue.java:332)
	at cs451.link.FairLossLink.enqueuePacket(FairLossLink.java:54)
	at cs451.link.StubbornLink.deliver(StubbornLink.java:28)
	at cs451.link.Link.callback(Link.java:37)
	at cs451.link.FairLossLink.receivePackets(FairLossLink.java:83)
	at java.base/java.util.concurrent.ThreadPoolExecutor.runWorker(ThreadPoolExecutor.java:1136)
	at java.base/java.util.concurrent.ThreadPoolExecutor$Worker.run(ThreadPoolExecutor.java:635)
	at java.base/java.lang.Thread.run(Thread.java:833)
java.lang.InterruptedException
	at java.base/java.util.concurrent.locks.ReentrantLock$Sync.lockInterruptibly(ReentrantLock.java:159)
	at java.base/java.util.concurrent.locks.ReentrantLock.lockInterruptibly(ReentrantLock.java:372)
	at java.base/java.util.concurrent.LinkedBlockingQueue.put(LinkedBlockingQueue.java:332)
	at cs451.link.FairLossLink.enqueuePacket(FairLossLink.java:54)
	at cs451.link.StubbornLink.deliver(StubbornLink.java:28)
	at cs451.link.Link.callback(Link.java:37)
	at cs451.link.FairLossLink.receivePackets(FairLossLink.java:83)
	at java.base/java.util.concurrent.ThreadPoolExecutor.runWorker(ThreadPoolExecutor.java:1136)
	at java.base/java.util.concurrent.ThreadPoolExecutor$Worker.run(ThreadPoolExecutor.java:635)
	at java.base/java.lang.Thread.run(Thread.java:833)
java.lang.InterruptedException
	at java.base/java.util.concurrent.locks.ReentrantLock$Sync.lockInterruptibly(ReentrantLock.java:159)
	at java.base/java.util.concurrent.locks.ReentrantLock.lockInterruptibly(ReentrantLock.java:372)
	at java.base/java.util.concurrent.LinkedBlockingQueue.put(LinkedBlockingQueue.java:332)
	at cs451.link.FairLossLink.enqueuePacket(FairLossLink.java:54)
	at cs451.link.StubbornLink.deliver(StubbornLink.java:28)
	at cs451.link.Link.callback(Link.java:37)
	at cs451.link.FairLossLink.receivePackets(FairLossLink.java:83)
	at java.base/java.util.concurrent.ThreadPoolExecutor.runWorker(ThreadPoolExecutor.java:1136)
	at java.base/java.util.concurrent.ThreadPoolExecutor$Worker.run(ThreadPoolExecutor.java:635)
	at java.base/java.lang.Thread.run(Thread.java:833)
java.lang.InterruptedException
	at java.base/java.util.concurrent.locks.ReentrantLock$Sync.lockInterruptibly(ReentrantLock.java:159)
	at java.base/java.util.concurrent.locks.ReentrantLock.lockInterruptibly(ReentrantLock.java:372)
	at java.base/java.util.concurrent.LinkedBlockingQueue.put(LinkedBlockingQueue.java:332)
	at cs451.link.FairLossLink.enqueuePacket(FairLossLink.java:54)
	at cs451.link.StubbornLink.deliver(StubbornLink.java:28)
	at cs451.link.Link.callback(Link.java:37)
	at cs451.link.FairLossLink.receivePackets(FairLossLink.java:83)
	at java.base/java.util.concurrent.ThreadPoolExecutor.runWorker(ThreadPoolExecutor.java:1136)
	at java.base/java.util.concurrent.ThreadPoolExecutor$Worker.run(ThreadPoolExecutor.java:635)
	at java.base/java.lang.Thread.run(Thread.java:833)
java.lang.InterruptedException
	at java.base/java.util.concurrent.locks.ReentrantLock$Sync.lockInterruptibly(ReentrantLock.java:159)
	at java.base/java.util.concurrent.locks.ReentrantLock.lockInterruptibly(ReentrantLock.java:372)
	at java.base/java.util.concurrent.LinkedBlockingQueue.put(LinkedBlockingQueue.java:332)
	at cs451.link.FairLossLink.enqueuePacket(FairLossLink.java:54)
	at cs451.link.StubbornLink.deliver(StubbornLink.java:28)
	at cs451.link.Link.callback(Link.java:37)
	at cs451.link.FairLossLink.receivePackets(FairLossLink.java:83)
	at java.base/java.util.concurrent.ThreadPoolExecutor.runWorker(ThreadPoolExecutor.java:1136)
	at java.base/java.util.concurrent.ThreadPoolExecutor$Worker.run(ThreadPoolExecutor.java:635)
	at java.base/java.lang.Thread.run(Thread.java:833)
java.lang.InterruptedException
	at java.base/java.util.concurrent.locks.ReentrantLock$Sync.lockInterruptibly(ReentrantLock.java:159)
	at java.base/java.util.concurrent.locks.ReentrantLock.lockInterruptibly(ReentrantLock.java:372)
	at java.base/java.util.concurrent.LinkedBlockingQueue.put(LinkedBlockingQueue.java:332)
	at cs451.link.FairLossLink.enqueuePacket(FairLossLink.java:54)
	at cs451.link.StubbornLink.deliver(StubbornLink.java:28)
	at cs451.link.Link.callback(Link.java:37)
	at cs451.link.FairLossLink.receivePackets(FairLossLink.java:83)
	at java.base/java.util.concurrent.ThreadPoolExecutor.runWorker(ThreadPoolExecutor.java:1136)
	at java.base/java.util.concurrent.ThreadPoolExecutor$Worker.run(ThreadPoolExecutor.java:635)
	at java.base/java.lang.Thread.run(Thread.java:833)
java.lang.InterruptedException
	at java.base/java.util.concurrent.locks.ReentrantLock$Sync.lockInterruptibly(ReentrantLock.java:159)
	at java.base/java.util.concurrent.locks.ReentrantLock.lockInterruptibly(ReentrantLock.java:372)
	at java.base/java.util.concurrent.LinkedBlockingQueue.put(LinkedBlockingQueue.java:332)
	at cs451.link.FairLossLink.enqueuePacket(FairLossLink.java:54)
	at cs451.link.StubbornLink.deliver(StubbornLink.java:28)
	at cs451.link.Link.callback(Link.java:37)
	at cs451.link.FairLossLink.receivePackets(FairLossLink.java:83)
	at java.base/java.util.concurrent.ThreadPoolExecutor.runWorker(ThreadPoolExecutor.java:1136)
	at java.base/java.util.concurrent.ThreadPoolExecutor$Worker.run(ThreadPoolExecutor.java:635)
	at java.base/java.lang.Thread.run(Thread.java:833)
java.lang.InterruptedException
	at java.base/java.util.concurrent.locks.ReentrantLock$Sync.lockInterruptibly(ReentrantLock.java:159)
	at java.base/java.util.concurrent.locks.ReentrantLock.lockInterruptibly(ReentrantLock.java:372)
	at java.base/java.util.concurrent.LinkedBlockingQueue.put(LinkedBlockingQueue.java:332)
	at cs451.link.FairLossLink.enqueuePacket(FairLossLink.java:54)
	at cs451.link.StubbornLink.deliver(StubbornLink.java:28)
	at cs451.link.Link.callback(Link.java:37)
	at cs451.link.FairLossLink.receivePackets(FairLossLink.java:83)
	at java.base/java.util.concurrent.ThreadPoolExecutor.runWorker(ThreadPoolExecutor.java:1136)
	at java.base/java.util.concurrent.ThreadPoolExecutor$Worker.run(ThreadPoolExecutor.java:635)
	at java.base/java.lang.Thread.run(Thread.java:833)
java.lang.InterruptedException
	at java.base/java.util.concurrent.locks.ReentrantLock$Sync.lockInterruptibly(ReentrantLock.java:159)
	at java.base/java.util.concurrent.locks.ReentrantLock.lockInterruptibly(ReentrantLock.java:372)
	at java.base/java.util.concurrent.LinkedBlockingQueue.put(LinkedBlockingQueue.java:332)
	at cs451.link.FairLossLink.enqueuePacket(FairLossLink.java:54)
	at cs451.link.StubbornLink.deliver(StubbornLink.java:28)
	at cs451.link.Link.callback(Link.java:37)
	at cs451.link.FairLossLink.receivePackets(FairLossLink.java:83)
	at java.base/java.util.concurrent.ThreadPoolExecutor.runWorker(ThreadPoolExecutor.java:1136)
	at java.base/java.util.concurrent.ThreadPoolExecutor$Worker.run(ThreadPoolExecutor.java:635)
	at java.base/java.lang.Thread.run(Thread.java:833)
java.lang.InterruptedException
	at java.base/java.util.concurrent.locks.ReentrantLock$Sync.lockInterruptibly(ReentrantLock.java:159)
	at java.base/java.util.concurrent.locks.ReentrantLock.lockInterruptibly(ReentrantLock.java:372)
	at java.base/java.util.concurrent.LinkedBlockingQueue.put(LinkedBlockingQueue.java:332)
	at cs451.link.FairLossLink.enqueuePacket(FairLossLink.java:54)
	at cs451.link.StubbornLink.deliver(StubbornLink.java:28)
	at cs451.link.Link.callback(Link.java:37)
	at cs451.link.FairLossLink.receivePackets(FairLossLink.java:83)
	at java.base/java.util.concurrent.ThreadPoolExecutor.runWorker(ThreadPoolExecutor.java:1136)
	at java.base/java.util.concurrent.ThreadPoolExecutor$Worker.run(ThreadPoolExecutor.java:635)
	at java.base/java.lang.Thread.run(Thread.java:833)
java.lang.InterruptedException
	at java.base/java.util.concurrent.locks.ReentrantLock$Sync.lockInterruptibly(ReentrantLock.java:159)
	at java.base/java.util.concurrent.locks.ReentrantLock.lockInterruptibly(ReentrantLock.java:372)
	at java.base/java.util.concurrent.LinkedBlockingQueue.put(LinkedBlockingQueue.java:332)
	at cs451.link.FairLossLink.enqueuePacket(FairLossLink.java:54)
	at cs451.link.StubbornLink.deliver(StubbornLink.java:28)
	at cs451.link.Link.callback(Link.java:37)
	at cs451.link.FairLossLink.receivePackets(FairLossLink.java:83)
	at java.base/java.util.concurrent.ThreadPoolExecutor.runWorker(ThreadPoolExecutor.java:1136)
	at java.base/java.util.concurrent.ThreadPoolExecutor$Worker.run(ThreadPoolExecutor.java:635)
	at java.base/java.lang.Thread.run(Thread.java:833)
java.lang.InterruptedException
	at java.base/java.util.concurrent.locks.ReentrantLock$Sync.lockInterruptibly(ReentrantLock.java:159)
	at java.base/java.util.concurrent.locks.ReentrantLock.lockInterruptibly(ReentrantLock.java:372)
	at java.base/java.util.concurrent.LinkedBlockingQueue.put(LinkedBlockingQueue.java:332)
	at cs451.link.FairLossLink.enqueuePacket(FairLossLink.java:54)
	at cs451.link.StubbornLink.deliver(StubbornLink.java:28)
	at cs451.link.Link.callback(Link.java:37)
	at cs451.link.FairLossLink.receivePackets(FairLossLink.java:83)
	at java.base/java.util.concurrent.ThreadPoolExecutor.runWorker(ThreadPoolExecutor.java:1136)
	at java.base/java.util.concurrent.ThreadPoolExecutor$Worker.run(ThreadPoolExecutor.java:635)
	at java.base/java.lang.Thread.run(Thread.java:833)
java.lang.InterruptedException
	at java.base/java.util.concurrent.locks.ReentrantLock$Sync.lockInterruptibly(ReentrantLock.java:159)
	at java.base/java.util.concurrent.locks.ReentrantLock.lockInterruptibly(ReentrantLock.java:372)
	at java.base/java.util.concurrent.LinkedBlockingQueue.put(LinkedBlockingQueue.java:332)
	at cs451.link.FairLossLink.enqueuePacket(FairLossLink.java:54)
	at cs451.link.StubbornLink.deliver(StubbornLink.java:28)
	at cs451.link.Link.callback(Link.java:37)
	at cs451.link.FairLossLink.receivePackets(FairLossLink.java:83)
	at java.base/java.util.concurrent.ThreadPoolExecutor.runWorker(ThreadPoolExecutor.java:1136)
	at java.base/java.util.concurrent.ThreadPoolExecutor$Worker.run(ThreadPoolExecutor.java:635)
	at java.base/java.lang.Thread.run(Thread.java:833)
java.lang.InterruptedException
	at java.base/java.util.concurrent.locks.ReentrantLock$Sync.lockInterruptibly(ReentrantLock.java:159)
	at java.base/java.util.concurrent.locks.ReentrantLock.lockInterruptibly(ReentrantLock.java:372)
	at java.base/java.util.concurrent.LinkedBlockingQueue.put(LinkedBlockingQueue.java:332)
	at cs451.link.FairLossLink.enqueuePacket(FairLossLink.java:54)
	at cs451.link.StubbornLink.deliver(StubbornLink.java:28)
	at cs451.link.Link.callback(Link.java:37)
	at cs451.link.FairLossLink.receivePackets(FairLossLink.java:83)
	at java.base/java.util.concurrent.ThreadPoolExecutor.runWorker(ThreadPoolExecutor.java:1136)
	at java.base/java.util.concurrent.ThreadPoolExecutor$Worker.run(ThreadPoolExecutor.java:635)
	at java.base/java.lang.Thread.run(Thread.java:833)
java.lang.InterruptedException
	at java.base/java.util.concurrent.locks.ReentrantLock$Sync.lockInterruptibly(ReentrantLock.java:159)
	at java.base/java.util.concurrent.locks.ReentrantLock.lockInterruptibly(ReentrantLock.java:372)
	at java.base/java.util.concurrent.LinkedBlockingQueue.put(LinkedBlockingQueue.java:332)
	at cs451.link.FairLossLink.enqueuePacket(FairLossLink.java:54)
	at cs451.link.StubbornLink.deliver(StubbornLink.java:28)
	at cs451.link.Link.callback(Link.java:37)
	at cs451.link.FairLossLink.receivePackets(FairLossLink.java:83)
	at java.base/java.util.concurrent.ThreadPoolExecutor.runWorker(ThreadPoolExecutor.java:1136)
	at java.base/java.util.concurrent.ThreadPoolExecutor$Worker.run(ThreadPoolExecutor.java:635)
	at java.base/java.lang.Thread.run(Thread.java:833)
java.lang.InterruptedException
	at java.base/java.util.concurrent.locks.ReentrantLock$Sync.lockInterruptibly(ReentrantLock.java:159)
	at java.base/java.util.concurrent.locks.ReentrantLock.lockInterruptibly(ReentrantLock.java:372)
	at java.base/java.util.concurrent.LinkedBlockingQueue.take(LinkedBlockingQueue.java:432)
	at cs451.link.FairLossLink.sendPacketsInQueue(FairLossLink.java:65)
	at java.base/java.util.concurrent.ThreadPoolExecutor.runWorker(ThreadPoolExecutor.java:1136)
	at java.base/java.util.concurrent.ThreadPoolExecutor$Worker.run(ThreadPoolExecutor.java:635)
	at java.base/java.lang.Thread.run(Thread.java:833)
java.lang.InterruptedException
	at java.base/java.util.concurrent.locks.ReentrantLock$Sync.lockInterruptibly(ReentrantLock.java:159)
	at java.base/java.util.concurrent.locks.ReentrantLock.lockInterruptibly(ReentrantLock.java:372)
	at java.base/java.util.concurrent.LinkedBlockingQueue.put(LinkedBlockingQueue.java:332)
	at cs451.process.Process.addPacketToAck(Process.java:115)
	at cs451.link.StubbornLink.sendPackets(StubbornLink.java:50)
	at java.base/java.util.concurrent.ThreadPoolExecutor.runWorker(ThreadPoolExecutor.java:1136)
	at java.base/java.util.concurrent.ThreadPoolExecutor$Worker.run(ThreadPoolExecutor.java:635)
	at java.base/java.lang.Thread.run(Thread.java:833)
java.lang.InterruptedException
	at java.base/java.util.concurrent.locks.ReentrantLock$Sync.lockInterruptibly(ReentrantLock.java:159)
	at java.base/java.util.concurrent.locks.ReentrantLock.lockInterruptibly(ReentrantLock.java:372)
	at java.base/java.util.concurrent.LinkedBlockingQueue.take(LinkedBlockingQueue.java:432)
	at cs451.link.FairLossLink.sendPacketsInQueue(FairLossLink.java:65)
	at java.base/java.util.concurrent.ThreadPoolExecutor.runWorker(ThreadPoolExecutor.java:1136)
	at java.base/java.util.concurrent.ThreadPoolExecutor$Worker.run(ThreadPoolExecutor.java:635)
	at java.base/java.lang.Thread.run(Thread.java:833)
java.lang.InterruptedException
	at java.base/java.util.concurrent.locks.ReentrantLock$Sync.lockInterruptibly(ReentrantLock.java:159)
	at java.base/java.util.concurrent.locks.ReentrantLock.lockInterruptibly(ReentrantLock.java:372)
	at java.base/java.util.concurrent.LinkedBlockingQueue.put(LinkedBlockingQueue.java:332)
	at cs451.link.FairLossLink.enqueuePacket(FairLossLink.java:54)
	at cs451.link.StubbornLink.deliver(StubbornLink.java:28)
	at cs451.link.Link.callback(Link.java:37)
	at cs451.link.FairLossLink.receivePackets(FairLossLink.java:83)
	at java.base/java.util.concurrent.ThreadPoolExecutor.runWorker(ThreadPoolExecutor.java:1136)
	at java.base/java.util.concurrent.ThreadPoolExecutor$Worker.run(ThreadPoolExecutor.java:635)
	at java.base/java.lang.Thread.run(Thread.java:833)
java.lang.InterruptedException
	at java.base/java.util.concurrent.locks.ReentrantLock$Sync.lockInterruptibly(ReentrantLock.java:159)
	at java.base/java.util.concurrent.locks.ReentrantLock.lockInterruptibly(ReentrantLock.java:372)
	at java.base/java.util.concurrent.LinkedBlockingQueue.take(LinkedBlockingQueue.java:432)
	at cs451.link.FairLossLink.sendPacketsInQueue(FairLossLink.java:65)
	at java.base/java.util.concurrent.ThreadPoolExecutor.runWorker(ThreadPoolExecutor.java:1136)
	at java.base/java.util.concurrent.ThreadPoolExecutor$Worker.run(ThreadPoolExecutor.java:635)
	at java.base/java.lang.Thread.run(Thread.java:833)
java.lang.InterruptedException
	at java.base/java.util.concurrent.locks.ReentrantLock$Sync.lockInterruptibly(ReentrantLock.java:159)
	at java.base/java.util.concurrent.locks.ReentrantLock.lockInterruptibly(ReentrantLock.java:372)
	at java.base/java.util.concurrent.LinkedBlockingQueue.put(LinkedBlockingQueue.java:332)
	at cs451.link.FairLossLink.enqueuePacket(FairLossLink.java:54)
	at cs451.link.StubbornLink.sendPackets(StubbornLink.java:48)
	at java.base/java.util.concurrent.ThreadPoolExecutor.runWorker(ThreadPoolExecutor.java:1136)
	at java.base/java.util.concurrent.ThreadPoolExecutor$Worker.run(ThreadPoolExecutor.java:635)
	at java.base/java.lang.Thread.run(Thread.java:833)
java.lang.InterruptedException
	at java.base/java.util.concurrent.locks.ReentrantLock$Sync.lockInterruptibly(ReentrantLock.java:159)
	at java.base/java.util.concurrent.locks.ReentrantLock.lockInterruptibly(ReentrantLock.java:372)
	at java.base/java.util.concurrent.LinkedBlockingQueue.take(LinkedBlockingQueue.java:432)
	at cs451.link.FairLossLink.sendPacketsInQueue(FairLossLink.java:65)
	at java.base/java.util.concurrent.ThreadPoolExecutor.runWorker(ThreadPoolExecutor.java:1136)
	at java.base/java.util.concurrent.ThreadPoolExecutor$Worker.run(ThreadPoolExecutor.java:635)
	at java.base/java.lang.Thread.run(Thread.java:833)
java.lang.InterruptedException
	at java.base/java.util.concurrent.locks.ReentrantLock$Sync.lockInterruptibly(ReentrantLock.java:159)
	at java.base/java.util.concurrent.locks.ReentrantLock.lockInterruptibly(ReentrantLock.java:372)
	at java.base/java.util.concurrent.LinkedBlockingQueue.take(LinkedBlockingQueue.java:432)
	at cs451.link.FairLossLink.sendPacketsInQueue(FairLossLink.java:65)
	at java.base/java.util.concurrent.ThreadPoolExecutor.runWorker(ThreadPoolExecutor.java:1136)
	at java.base/java.util.concurrent.ThreadPoolExecutor$Worker.run(ThreadPoolExecutor.java:635)
	at java.base/java.lang.Thread.run(Thread.java:833)
java.lang.InterruptedException
