d 3 1
d 6 1
d 7 1
d 14 1
d 18 1
d 11 1
d 8 1
d 5 1
d 9 1
d 1 1
d 2 1
d 4 1
d 12 1
d 13 1
b 1
d 126 1
b 2
d 126 2
b 3
d 126 3
b 4
d 126 4
b 5
d 126 5
b 6
d 126 6
b 7
d 126 7
b 8
d 126 8
d 22 1
d 15 1
d 16 1
d 17 1
d 18 2
d 30 1
b 9
d 126 9
b 10
d 126 10
b 11
d 126 11
b 12
d 126 12
b 13
d 126 13
b 14
d 126 14
b 15
d 126 15
b 16
d 126 16
b 17
d 126 17
b 18
d 126 18
b 19
d 126 19
b 20
d 126 20
b 21
d 126 21
b 22
d 126 22
b 23
d 126 23
b 24
d 126 24
b 25
d 126 25
b 26
d 126 26
b 27
d 126 27
b 28
d 126 28
b 29
d 126 29
b 30
d 126 30
b 31
d 126 31
b 32
d 126 32
b 33
d 126 33
b 34
d 126 34
b 35
d 126 35
b 36
d 126 36
b 37
d 126 37
b 38
d 126 38
b 39
d 126 39
b 40
d 126 40
b 41
d 126 41
b 42
d 126 42
b 43
d 126 43
b 44
d 126 44
b 45
d 126 45
b 46
d 126 46
b 47
d 126 47
b 48
d 126 48
b 49
d 126 49
b 50
d 126 50
b 51
d 126 51
b 52
d 126 52
b 53
d 126 53
b 54
d 126 54
b 55
d 126 55
b 56
d 126 56
b 57
d 126 57
b 58
d 126 58
b 59
d 126 59
b 60
d 126 60
b 61
d 126 61
b 62
d 126 62
b 63
d 126 63
b 64
d 126 64
b 65
d 126 65
b 66
d 126 66
b 67
d 126 67
b 68
d 126 68
b 69
d 126 69
b 70
d 126 70
b 71
d 126 71
b 72
d 126 72
b 73
d 126 73
b 74
d 126 74
b 75
d 126 75
b 76
d 126 76
b 77
d 126 77
b 78
d 126 78
b 79
d 126 79
b 80
d 126 80
d 14 2
d 10 1
d 19 1
d 20 1
d 4 2
b 81
d 126 81
b 82
d 126 82
b 83
d 126 83
b 84
d 126 84
b 85
d 126 85
b 86
d 126 86
b 87
d 126 87
b 88
d 126 88
b 89
d 126 89
b 90
d 126 90
b 91
d 126 91
b 92
d 126 92
b 93
d 126 93
b 94
d 126 94
b 95
d 126 95
b 96
d 126 96
b 97
d 126 97
b 98
d 126 98
b 99
d 126 99
b 100
d 126 100
b 101
d 126 101
b 102
d 126 102
b 103
d 126 103
b 104
d 126 104
