d 10 1
d 14 1
d 2 1
d 4 1
d 5 1
d 6 1
d 7 1
d 4 2
d 8 1
d 9 1
d 11 1
d 12 1
d 3 1
d 1 1
d 1 2
d 2 2
d 3 2
d 4 3
d 6 2
d 7 2
d 7 3
d 7 4
d 13 1
d 15 1
d 18 1
d 5 2
d 5 3
d 5 4
d 6 3
d 4 4
d 6 4
d 20 1
d 21 1
d 3 3
d 17 1
d 17 2
d 10 2
d 10 3
d 10 4
d 11 2
d 12 2
d 18 2
d 3 4
d 16 1
d 14 2
d 14 3
d 2 3
b 1
d 120 1
b 2
d 120 2
b 3
d 120 3
b 4
d 120 4
b 5
d 120 5
b 6
d 120 6
b 7
d 120 7
b 8
d 120 8
b 9
d 120 9
b 10
d 120 10
b 11
d 120 11
b 12
d 120 12
b 13
d 120 13
b 14
d 120 14
b 15
d 120 15
b 16
d 120 16
b 17
d 120 17
b 18
d 120 18
b 19
d 120 19
b 20
d 120 20
b 21
d 120 21
b 22
d 120 22
b 23
d 120 23
b 24
d 120 24
b 25
d 120 25
b 26
d 120 26
b 27
d 120 27
b 28
d 120 28
b 29
d 120 29
b 30
d 120 30
b 31
d 120 31
b 32
d 120 32
d 1 3
d 11 3
b 33
d 120 33
b 34
d 120 34
b 35
d 120 35
b 36
d 120 36
b 37
d 120 37
b 38
d 120 38
b 39
d 120 39
b 40
d 120 40
d 12 3
d 18 3
d 1 4
d 2 4
d 15 2
b 41
d 120 41
b 42
d 120 42
b 43
d 120 43
b 44
d 120 44
b 45
d 120 45
b 46
d 120 46
b 47
d 120 47
b 48
d 120 48
b 49
d 120 49
b 50
d 120 50
b 51
d 120 51
b 52
d 120 52
b 53
d 120 53
b 54
d 120 54
b 55
d 120 55
b 56
d 120 56
d 12 4
d 7 5
d 19 1
d 22 1
b 57
d 120 57
b 58
d 120 58
b 59
d 120 59
b 60
d 120 60
b 61
d 120 61
b 62
d 120 62
b 63
d 120 63
b 64
d 120 64
b 65
d 120 65
b 66
d 120 66
b 67
d 120 67
b 68
d 120 68
b 69
d 120 69
b 70
d 120 70
b 71
d 120 71
b 72
d 120 72
b 73
d 120 73
b 74
d 120 74
b 75
d 120 75
b 76
d 120 76
b 77
d 120 77
b 78
d 120 78
b 79
d 120 79
b 80
d 120 80
b 81
d 120 81
b 82
d 120 82
b 83
d 120 83
b 84
d 120 84
b 85
d 120 85
b 86
d 120 86
b 87
d 120 87
b 88
d 120 88
b 89
d 120 89
b 90
d 120 90
b 91
d 120 91
b 92
d 120 92
b 93
d 120 93
b 94
d 120 94
b 95
d 120 95
b 96
d 120 96
b 97
d 120 97
b 98
d 120 98
b 99
d 120 99
b 100
d 120 100
b 101
d 120 101
b 102
d 120 102
b 103
d 120 103
b 104
d 120 104
b 105
d 120 105
b 106
d 120 106
b 107
d 120 107
b 108
d 120 108
b 109
d 120 109
b 110
d 120 110
b 111
d 120 111
b 112
d 120 112
b 113
d 120 113
b 114
d 120 114
b 115
d 120 115
b 116
d 120 116
b 117
d 120 117
b 118
d 120 118
b 119
d 120 119
b 120
d 120 120
b 121
d 120 121
b 122
d 120 122
b 123
d 120 123
b 124
d 120 124
b 125
d 120 125
b 126
d 120 126
b 127
d 120 127
b 128
d 120 128
b 129
d 120 129
b 130
d 120 130
b 131
d 120 131
b 132
d 120 132
b 133
d 120 133
b 134
d 120 134
b 135
d 120 135
b 136
d 120 136
d 6 5
b 137
d 120 137
b 138
d 120 138
b 139
d 120 139
b 140
d 120 140
b 141
d 120 141
b 142
d 120 142
b 143
d 120 143
b 144
d 120 144
b 145
d 120 145
b 146
d 120 146
b 147
d 120 147
b 148
d 120 148
b 149
d 120 149
b 150
d 120 150
b 151
d 120 151
b 152
d 120 152
b 153
d 120 153
b 154
d 120 154
b 155
d 120 155
b 156
d 120 156
b 157
d 120 157
b 158
d 120 158
b 159
d 120 159
b 160
d 120 160
b 161
d 120 161
b 162
d 120 162
b 163
d 120 163
b 164
d 120 164
b 165
d 120 165
b 166
d 120 166
b 167
d 120 167
b 168
d 120 168
b 169
d 120 169
b 170
d 120 170
b 171
d 120 171
b 172
d 120 172
b 173
d 120 173
b 174
d 120 174
b 175
d 120 175
b 176
d 120 176
d 36 1
b 177
d 120 177
b 178
d 120 178
b 179
d 120 179
b 180
d 120 180
b 181
d 120 181
b 182
d 120 182
b 183
d 120 183
b 184
d 120 184
b 185
d 120 185
b 186
d 120 186
b 187
d 120 187
b 188
d 120 188
b 189
d 120 189
b 190
d 120 190
b 191
d 120 191
b 192
d 120 192
b 193
d 120 193
b 194
d 120 194
b 195
d 120 195
b 196
d 120 196
b 197
d 120 197
b 198
d 120 198
b 199
d 120 199
b 200
d 120 200
b 201
d 120 201
b 202
d 120 202
b 203
d 120 203
b 204
d 120 204
b 205
d 120 205
b 206
d 120 206
b 207
d 120 207
b 208
d 120 208
b 209
d 120 209
b 210
d 120 210
b 211
d 120 211
b 212
d 120 212
b 213
d 120 213
b 214
d 120 214
b 215
d 120 215
b 216
d 120 216
b 217
d 120 217
b 218
d 120 218
b 219
d 120 219
b 220
d 120 220
b 221
d 120 221
b 222
d 120 222
b 223
d 120 223
b 224
d 120 224
b 225
d 120 225
b 226
d 120 226
b 227
d 120 227
b 228
d 120 228
b 229
d 120 229
b 230
d 120 230
b 231
d 120 231
b 232
d 120 232
b 233
d 120 233
b 234
d 120 234
b 235
d 120 235
b 236
d 120 236
b 237
d 120 237
b 238
d 120 238
b 239
d 120 239
b 240
d 120 240
b 241
d 120 241
b 242
d 120 242
b 243
d 120 243
b 244
d 120 244
b 245
d 120 245
b 246
d 120 246
b 247
d 120 247
b 248
d 120 248
b 249
d 120 249
b 250
d 120 250
b 251
d 120 251
b 252
d 120 252
b 253
d 120 253
b 254
d 120 254
b 255
d 120 255
b 256
d 120 256
d 20 2
d 21 2
d 17 3
d 17 4
d 8 2
d 8 3
d 26 1
d 9 2
d 9 3
d 18 4
d 24 1
d 29 1
d 19 2
d 10 5
d 11 4
d 19 3
d 3 5
d 5 5
d 14 4
d 25 1
d 31 1
d 32 1
d 38 1
d 8 4
d 20 3
d 36 2
d 22 2
d 26 2
d 4 5
d 15 3
d 31 2
d 13 2
d 13 3
d 23 1
d 37 1
d 16 2
d 2 5
d 27 1
d 28 1
d 24 2
d 29 2
d 18 5
d 22 3
d 30 1
d 33 1
d 34 1
d 39 1
d 40 1
d 42 1
d 25 2
d 27 2
d 30 2
d 32 2
d 37 2
d 1 5
d 1 6
d 13 4
d 17 5
d 35 1
d 41 1
d 43 1
d 44 1
d 45 1
d 46 1
d 47 1
d 48 1
d 50 1
d 54 1
d 26 3
d 3 6
d 21 3
d 12 5
d 38 2
d 16 3
d 39 2
d 42 2
d 49 1
d 55 1
d 56 1
d 58 1
d 59 1
d 60 1
d 62 1
d 66 1
d 68 1
d 73 1
d 78 1
d 34 2
d 51 1
d 52 1
d 53 1
d 57 1
d 63 1
d 65 1
d 67 1
d 14 5
d 28 2
d 6 6
d 8 5
d 11 5
d 35 2
d 44 2
d 64 1
d 72 1
d 74 1
d 77 1
d 88 1
