b 1
d 98 1
b 2
d 98 2
b 3
d 98 3
b 4
d 98 4
b 5
d 98 5
b 6
d 98 6
b 7
d 98 7
b 8
d 98 8
b 9
d 98 9
b 10
d 98 10
b 11
d 98 11
b 12
d 98 12
b 13
d 98 13
b 14
d 98 14
b 15
d 98 15
b 16
d 98 16
b 17
d 98 17
b 18
d 98 18
b 19
d 98 19
b 20
d 98 20
b 21
d 98 21
b 22
d 98 22
b 23
d 98 23
b 24
d 98 24
b 25
d 98 25
b 26
d 98 26
b 27
d 98 27
b 28
d 98 28
b 29
d 98 29
b 30
d 98 30
b 31
d 98 31
b 32
d 98 32
b 33
d 98 33
b 34
d 98 34
b 35
d 98 35
b 36
d 98 36
b 37
d 98 37
b 38
d 98 38
b 39
d 98 39
b 40
d 98 40
b 41
d 98 41
b 42
d 98 42
b 43
d 98 43
b 44
d 98 44
b 45
d 98 45
b 46
d 98 46
b 47
d 98 47
b 48
d 98 48
d 10 1
d 1 1
d 17 1
d 18 1
d 10 2
d 10 3
d 1 2
d 9 1
d 7 1
d 7 2
d 7 3
d 7 4
d 4 1
d 4 2
d 4 3
d 4 4
d 11 1
d 11 2
d 12 1
d 14 1
d 14 2
d 14 3
d 3 1
d 3 2
d 8 1
d 6 1
d 6 2
d 6 3
d 6 4
d 2 1
d 2 2
d 5 1
d 5 2
d 10 4
d 2 3
d 5 3
d 5 4
d 8 2
d 3 3
d 3 4
d 12 2
d 18 2
d 1 3
d 9 2
d 11 3
d 1 4
d 20 1
d 2 4
d 12 3
d 9 3
d 18 3
d 19 1
d 21 1
d 17 2
d 17 3
d 18 4
d 8 3
d 12 4
d 6 5
d 7 5
d 3 5
d 17 4
d 13 1
d 22 1
d 4 5
d 5 5
d 14 4
d 10 5
d 15 1
d 15 2
d 16 1
d 36 1
d 19 2
d 19 3
d 20 2
d 21 2
d 26 1
d 2 5
d 13 2
d 13 3
d 15 3
d 22 2
d 11 4
d 13 4
d 29 1
d 8 4
d 21 3
d 36 2
d 20 3
d 26 2
d 26 3
d 3 6
d 24 1
d 31 1
d 1 5
d 1 6
d 12 5
d 31 2
d 36 3
d 16 2
d 17 5
d 38 1
