d 3 1
b 1
d 105 1
b 2
d 105 2
b 3
d 105 3
b 4
d 105 4
b 5
d 105 5
b 6
d 105 6
b 7
d 105 7
b 8
d 105 8
b 9
d 105 9
b 10
d 105 10
b 11
d 105 11
b 12
d 105 12
b 13
d 105 13
b 14
d 105 14
b 15
d 105 15
b 16
d 105 16
b 17
d 105 17
b 18
d 105 18
b 19
d 105 19
b 20
d 105 20
b 21
d 105 21
b 22
d 105 22
b 23
d 105 23
b 24
d 105 24
b 25
d 105 25
b 26
d 105 26
b 27
d 105 27
b 28
d 105 28
b 29
d 105 29
b 30
d 105 30
b 31
d 105 31
b 32
d 105 32
b 33
d 105 33
b 34
d 105 34
b 35
d 105 35
b 36
d 105 36
b 37
d 105 37
b 38
d 105 38
b 39
d 105 39
b 40
d 105 40
d 14 1
b 41
d 105 41
b 42
d 105 42
b 43
d 105 43
b 44
d 105 44
b 45
d 105 45
b 46
d 105 46
b 47
d 105 47
b 48
d 105 48
d 18 1
d 6 1
d 16 1
d 17 1
d 4 1
d 5 1
d 7 1
d 11 1
d 13 1
b 49
d 105 49
b 50
d 105 50
b 51
d 105 51
b 52
d 105 52
b 53
d 105 53
b 54
d 105 54
b 55
d 105 55
b 56
d 105 56
b 57
d 105 57
b 58
d 105 58
b 59
d 105 59
b 60
d 105 60
b 61
d 105 61
b 62
d 105 62
b 63
d 105 63
b 64
d 105 64
d 1 1
d 2 1
d 8 1
d 9 1
d 12 1
d 15 1
d 19 1
d 20 1
d 22 1
d 30 1
b 65
d 105 65
b 66
d 105 66
b 67
d 105 67
b 68
d 105 68
b 69
d 105 69
b 70
d 105 70
b 71
d 105 71
b 72
d 105 72
d 4 2
d 3 2
d 14 2
d 18 2
b 73
d 105 73
b 74
d 105 74
b 75
d 105 75
b 76
d 105 76
b 77
d 105 77
b 78
d 105 78
b 79
d 105 79
b 80
d 105 80
b 81
d 105 81
b 82
d 105 82
b 83
d 105 83
b 84
d 105 84
b 85
d 105 85
b 86
d 105 86
b 87
d 105 87
b 88
d 105 88
b 89
d 105 89
b 90
d 105 90
b 91
d 105 91
b 92
d 105 92
b 93
d 105 93
b 94
d 105 94
b 95
d 105 95
b 96
d 105 96
b 97
d 105 97
b 98
d 105 98
b 99
d 105 99
b 100
d 105 100
b 101
d 105 101
b 102
d 105 102
b 103
d 105 103
b 104
d 105 104
b 105
d 105 105
b 106
d 105 106
b 107
d 105 107
b 108
d 105 108
b 109
d 105 109
b 110
d 105 110
b 111
d 105 111
b 112
d 105 112
