b 1
d 98 1
b 2
d 98 2
b 3
d 98 3
b 4
d 98 4
b 5
d 98 5
b 6
d 98 6
b 7
d 98 7
b 8
d 98 8
b 9
d 98 9
b 10
d 98 10
b 11
d 98 11
b 12
d 98 12
b 13
d 98 13
b 14
d 98 14
b 15
d 98 15
b 16
d 98 16
b 17
d 98 17
b 18
d 98 18
b 19
d 98 19
b 20
d 98 20
b 21
d 98 21
b 22
d 98 22
b 23
d 98 23
b 24
d 98 24
d 14 1
d 3 1
d 6 1
d 18 1
b 25
d 98 25
b 26
d 98 26
b 27
d 98 27
b 28
d 98 28
b 29
d 98 29
b 30
d 98 30
b 31
d 98 31
b 32
d 98 32
d 13 1
d 4 1
d 4 2
d 5 1
d 7 1
d 8 1
d 22 1
d 30 1
d 11 1
d 17 1
d 1 1
d 2 1
d 12 1
d 15 1
d 9 1
d 3 2
d 14 2
d 16 1
d 19 1
d 18 2
d 20 1
b 33
d 98 33
b 34
d 98 34
b 35
d 98 35
b 36
d 98 36
b 37
d 98 37
b 38
d 98 38
b 39
d 98 39
b 40
d 98 40
d 9 2
d 11 2
d 2 2
