d 3 1
b 1
d 103 1
b 2
d 103 2
b 3
d 103 3
b 4
d 103 4
b 5
d 103 5
b 6
d 103 6
b 7
d 103 7
b 8
d 103 8
b 9
d 103 9
b 10
d 103 10
b 11
d 103 11
b 12
d 103 12
b 13
d 103 13
b 14
d 103 14
b 15
d 103 15
b 16
d 103 16
b 17
d 103 17
b 18
d 103 18
b 19
d 103 19
b 20
d 103 20
b 21
d 103 21
b 22
d 103 22
b 23
d 103 23
b 24
d 103 24
b 25
d 103 25
b 26
d 103 26
b 27
d 103 27
b 28
d 103 28
b 29
d 103 29
b 30
d 103 30
b 31
d 103 31
b 32
d 103 32
d 14 1
b 33
d 103 33
b 34
d 103 34
b 35
d 103 35
b 36
d 103 36
b 37
d 103 37
b 38
d 103 38
b 39
d 103 39
b 40
d 103 40
d 6 1
d 8 1
d 18 1
d 5 1
d 7 1
d 9 1
d 11 1
d 13 1
d 4 1
b 41
d 103 41
b 42
d 103 42
b 43
d 103 43
b 44
d 103 44
b 45
d 103 45
b 46
d 103 46
b 47
d 103 47
b 48
d 103 48
d 1 1
d 2 1
d 12 1
d 17 1
d 22 1
d 14 2
d 15 1
b 49
d 103 49
b 50
d 103 50
b 51
d 103 51
b 52
d 103 52
b 53
d 103 53
b 54
d 103 54
b 55
d 103 55
b 56
d 103 56
d 16 1
d 19 1
d 30 1
d 18 2
d 4 2
b 57
d 103 57
b 58
d 103 58
b 59
d 103 59
b 60
d 103 60
b 61
d 103 61
b 62
d 103 62
b 63
d 103 63
b 64
d 103 64
b 65
d 103 65
b 66
d 103 66
b 67
d 103 67
b 68
d 103 68
b 69
d 103 69
b 70
d 103 70
b 71
d 103 71
b 72
d 103 72
b 73
d 103 73
b 74
d 103 74
b 75
d 103 75
b 76
d 103 76
b 77
d 103 77
b 78
d 103 78
b 79
d 103 79
b 80
d 103 80
b 81
d 103 81
b 82
d 103 82
b 83
d 103 83
b 84
d 103 84
b 85
d 103 85
b 86
d 103 86
b 87
d 103 87
b 88
d 103 88
b 89
d 103 89
b 90
d 103 90
b 91
d 103 91
b 92
d 103 92
b 93
d 103 93
b 94
d 103 94
b 95
d 103 95
b 96
d 103 96
b 97
d 103 97
b 98
d 103 98
b 99
d 103 99
b 100
d 103 100
b 101
d 103 101
b 102
d 103 102
b 103
d 103 103
b 104
d 103 104
d 20 1
b 105
d 103 105
b 106
d 103 106
b 107
d 103 107
b 108
d 103 108
b 109
d 103 109
b 110
d 103 110
b 111
d 103 111
b 112
d 103 112
b 113
d 103 113
b 114
d 103 114
b 115
d 103 115
b 116
d 103 116
b 117
d 103 117
b 118
d 103 118
b 119
d 103 119
b 120
d 103 120
b 121
d 103 121
b 122
d 103 122
b 123
d 103 123
b 124
d 103 124
b 125
d 103 125
b 126
d 103 126
b 127
d 103 127
b 128
d 103 128
d 2 2
d 3 2
d 10 1
d 11 2
