b 1
d 114 1
b 2
d 114 2
b 3
d 114 3
b 4
d 114 4
b 5
d 114 5
b 6
d 114 6
b 7
d 114 7
b 8
d 114 8
b 9
d 114 9
b 10
d 114 10
b 11
d 114 11
b 12
d 114 12
b 13
d 114 13
b 14
d 114 14
b 15
d 114 15
b 16
d 114 16
d 4 1
d 4 2
d 7 1
d 10 1
d 14 1
d 5 1
d 5 2
d 1 1
d 1 2
d 6 1
d 6 2
d 17 1
d 4 3
d 7 2
d 7 3
d 3 1
d 9 1
d 3 2
d 18 1
d 2 1
d 2 2
d 8 1
d 11 1
d 12 1
d 10 2
d 10 3
d 6 3
d 11 2
d 14 2
d 14 3
d 7 4
b 17
d 114 17
b 18
d 114 18
b 19
d 114 19
b 20
d 114 20
b 21
d 114 21
b 22
d 114 22
b 23
d 114 23
b 24
d 114 24
b 25
d 114 25
b 26
d 114 26
b 27
d 114 27
b 28
d 114 28
b 29
d 114 29
b 30
d 114 30
b 31
d 114 31
b 32
d 114 32
d 5 3
d 5 4
d 12 2
b 33
d 114 33
b 34
d 114 34
b 35
d 114 35
b 36
d 114 36
b 37
d 114 37
b 38
d 114 38
b 39
d 114 39
b 40
d 114 40
d 8 2
b 41
d 114 41
b 42
d 114 42
b 43
d 114 43
b 44
d 114 44
b 45
d 114 45
b 46
d 114 46
b 47
d 114 47
b 48
d 114 48
b 49
d 114 49
b 50
d 114 50
b 51
d 114 51
b 52
d 114 52
b 53
d 114 53
b 54
d 114 54
b 55
d 114 55
b 56
d 114 56
b 57
d 114 57
b 58
d 114 58
b 59
d 114 59
b 60
d 114 60
b 61
d 114 61
b 62
d 114 62
b 63
d 114 63
b 64
d 114 64
b 65
d 114 65
b 66
d 114 66
b 67
d 114 67
b 68
d 114 68
b 69
d 114 69
b 70
d 114 70
b 71
d 114 71
b 72
d 114 72
b 73
d 114 73
b 74
d 114 74
b 75
d 114 75
b 76
d 114 76
b 77
d 114 77
b 78
d 114 78
b 79
d 114 79
b 80
d 114 80
b 81
d 114 81
b 82
d 114 82
b 83
d 114 83
b 84
d 114 84
b 85
d 114 85
b 86
d 114 86
b 87
d 114 87
b 88
d 114 88
b 89
d 114 89
b 90
d 114 90
b 91
d 114 91
b 92
d 114 92
b 93
d 114 93
b 94
d 114 94
b 95
d 114 95
b 96
d 114 96
b 97
d 114 97
b 98
d 114 98
b 99
d 114 99
b 100
d 114 100
b 101
d 114 101
b 102
d 114 102
b 103
d 114 103
b 104
d 114 104
d 6 4
d 12 3
d 13 1
d 15 1
d 16 1
d 13 2
b 105
d 114 105
b 106
d 114 106
b 107
d 114 107
b 108
d 114 108
b 109
d 114 109
b 110
d 114 110
b 111
d 114 111
b 112
d 114 112
b 113
d 114 113
b 114
d 114 114
b 115
d 114 115
b 116
d 114 116
b 117
d 114 117
b 118
d 114 118
b 119
d 114 119
b 120
d 114 120
b 121
d 114 121
b 122
d 114 122
b 123
d 114 123
b 124
d 114 124
b 125
d 114 125
b 126
d 114 126
b 127
d 114 127
b 128
d 114 128
b 129
d 114 129
b 130
d 114 130
b 131
d 114 131
b 132
d 114 132
b 133
d 114 133
b 134
d 114 134
b 135
d 114 135
b 136
d 114 136
b 137
d 114 137
b 138
d 114 138
b 139
d 114 139
b 140
d 114 140
b 141
d 114 141
b 142
d 114 142
b 143
d 114 143
b 144
d 114 144
b 145
d 114 145
b 146
d 114 146
b 147
d 114 147
b 148
d 114 148
b 149
d 114 149
b 150
d 114 150
b 151
d 114 151
b 152
d 114 152
b 153
d 114 153
b 154
d 114 154
b 155
d 114 155
b 156
d 114 156
b 157
d 114 157
b 158
d 114 158
b 159
d 114 159
b 160
d 114 160
d 20 1
d 21 1
d 19 1
d 22 1
d 2 3
d 26 1
d 3 3
d 3 4
d 36 1
b 161
d 114 161
d 34 1
d 37 1
d 39 1
d 40 1
d 41 1
d 42 1
d 43 1
d 44 1
d 45 1
d 46 1
d 48 1
d 23 1
d 33 1
d 38 1
d 35 1
d 17 2
d 18 2
d 11 3
d 18 3
d 4 4
d 49 1
d 66 1
d 85 1
d 97 1
d 108 1
d 50 1
d 52 1
d 58 1
d 9 2
d 9 3
d 13 3
d 10 4
d 15 2
d 19 2
d 20 2
d 6 5
d 21 2
d 16 2
d 22 2
d 24 1
d 24 2
d 8 3
d 31 1
d 31 2
d 2 4
d 29 1
d 29 2
d 1 3
d 1 4
d 5 5
d 10 5
d 12 4
d 18 4
d 3 5
d 7 5
d 8 4
d 30 1
d 30 2
d 32 1
d 32 2
d 13 4
d 14 4
d 14 5
d 14 6
d 26 2
d 27 1
d 27 2
d 28 1
d 28 2
d 23 2
d 25 1
d 25 2
d 17 3
d 17 4
d 15 3
d 4 5
d 54 1
d 20 3
d 19 3
d 36 2
d 22 3
d 33 2
d 35 2
d 37 2
d 38 2
d 39 2
d 40 2
d 42 2
d 43 2
d 44 2
d 45 2
d 46 2
d 52 2
d 63 1
d 64 1
d 65 1
d 67 1
d 68 1
d 69 1
d 2 5
d 3 6
d 11 4
d 72 1
d 73 1
d 74 1
d 77 1
d 78 1
d 79 1
d 21 3
d 26 3
d 47 1
d 47 2
d 51 1
d 51 2
d 53 1
d 55 1
d 56 1
d 57 1
d 59 1
d 60 1
d 82 1
d 83 1
d 86 1
d 87 1
d 88 1
d 34 2
d 41 2
d 48 2
d 50 2
d 58 2
d 71 1
d 18 5
d 12 5
d 17 5
d 61 1
d 62 1
d 70 1
d 1 5
d 1 6
d 16 3
d 84 1
d 89 1
d 90 1
d 91 1
d 92 1
d 93 1
d 94 1
d 95 1
d 96 1
d 98 1
d 99 1
d 100 1
d 101 1
d 102 1
d 103 1
d 104 1
d 105 1
d 106 1
d 107 1
d 109 1
d 110 1
d 111 1
d 112 1
d 113 1
d 115 1
d 116 1
d 117 1
d 118 1
d 4 6
d 75 1
d 76 1
d 80 1
d 81 1
d 63 2
d 123 1
d 125 1
d 126 1
d 49 2
d 53 2
d 54 2
d 57 2
d 57 3
d 59 2
d 60 2
d 65 2
d 66 2
d 67 2
d 68 2
d 73 2
d 119 1
d 120 1
d 121 1
d 122 1
d 124 1
d 127 1
d 128 1
d 6 6
d 7 6
d 5 6
d 8 5
d 8 6
d 15 4
d 20 4
d 21 4
d 9 4
d 19 4
d 36 3
d 26 4
d 55 2
d 69 2
d 78 2
d 10 6
d 13 5
d 2 6
d 18 6
d 11 5
d 62 2
d 70 2
d 75 2
