d 3 1
d 5 1
d 6 1
d 7 1
d 11 1
d 13 1
d 14 1
d 9 1
d 18 1
b 1
d 125 1
b 2
d 125 2
b 3
d 125 3
b 4
d 125 4
b 5
d 125 5
b 6
d 125 6
b 7
d 125 7
b 8
d 125 8
d 4 1
b 9
d 125 9
b 10
d 125 10
b 11
d 125 11
b 12
d 125 12
b 13
d 125 13
b 14
d 125 14
b 15
d 125 15
b 16
d 125 16
b 17
d 125 17
b 18
d 125 18
b 19
d 125 19
b 20
d 125 20
b 21
d 125 21
b 22
d 125 22
b 23
d 125 23
b 24
d 125 24
b 25
d 125 25
b 26
d 125 26
b 27
d 125 27
b 28
d 125 28
b 29
d 125 29
b 30
d 125 30
b 31
d 125 31
b 32
d 125 32
b 33
d 125 33
b 34
d 125 34
b 35
d 125 35
b 36
d 125 36
b 37
d 125 37
b 38
d 125 38
b 39
d 125 39
b 40
d 125 40
