b 1
d 108 1
b 2
d 108 2
b 3
d 108 3
b 4
d 108 4
b 5
d 108 5
b 6
d 108 6
b 7
d 108 7
b 8
d 108 8
b 9
d 108 9
b 10
d 108 10
b 11
d 108 11
b 12
d 108 12
b 13
d 108 13
b 14
d 108 14
b 15
d 108 15
b 16
d 108 16
b 17
d 108 17
b 18
d 108 18
b 19
d 108 19
b 20
d 108 20
b 21
d 108 21
b 22
d 108 22
b 23
d 108 23
b 24
d 108 24
d 14 1
d 3 1
d 18 1
d 6 1
b 25
d 108 25
b 26
d 108 26
b 27
d 108 27
b 28
d 108 28
b 29
d 108 29
b 30
d 108 30
b 31
d 108 31
b 32
d 108 32
d 5 1
d 8 1
d 9 1
d 11 1
d 14 2
d 18 2
d 7 1
d 3 2
b 33
d 108 33
b 34
d 108 34
b 35
d 108 35
b 36
d 108 36
b 37
d 108 37
b 38
d 108 38
b 39
d 108 39
b 40
d 108 40
d 4 1
d 4 2
d 13 1
d 17 1
b 41
d 108 41
b 42
d 108 42
b 43
d 108 43
b 44
d 108 44
b 45
d 108 45
b 46
d 108 46
b 47
d 108 47
b 48
d 108 48
d 12 1
d 7 2
d 30 1
d 1 1
d 2 1
d 16 1
b 49
d 108 49
b 50
d 108 50
b 51
d 108 51
b 52
d 108 52
b 53
d 108 53
b 54
d 108 54
b 55
d 108 55
b 56
d 108 56
d 15 1
d 22 1
b 57
d 108 57
b 58
d 108 58
b 59
d 108 59
b 60
d 108 60
b 61
d 108 61
b 62
d 108 62
b 63
d 108 63
b 64
d 108 64
b 65
d 108 65
b 66
d 108 66
b 67
d 108 67
b 68
d 108 68
b 69
d 108 69
b 70
d 108 70
b 71
d 108 71
b 72
d 108 72
b 73
d 108 73
b 74
d 108 74
b 75
d 108 75
b 76
d 108 76
b 77
d 108 77
b 78
d 108 78
b 79
d 108 79
b 80
d 108 80
b 81
d 108 81
b 82
d 108 82
b 83
d 108 83
b 84
d 108 84
b 85
d 108 85
b 86
d 108 86
b 87
d 108 87
b 88
d 108 88
b 89
d 108 89
b 90
d 108 90
b 91
d 108 91
b 92
d 108 92
b 93
d 108 93
b 94
d 108 94
b 95
d 108 95
b 96
d 108 96
b 97
d 108 97
b 98
d 108 98
b 99
d 108 99
b 100
d 108 100
b 101
d 108 101
b 102
d 108 102
b 103
d 108 103
b 104
d 108 104
b 105
d 108 105
b 106
d 108 106
b 107
d 108 107
b 108
d 108 108
b 109
d 108 109
b 110
d 108 110
b 111
d 108 111
b 112
d 108 112
b 113
d 108 113
b 114
d 108 114
b 115
d 108 115
b 116
d 108 116
b 117
d 108 117
b 118
d 108 118
b 119
d 108 119
b 120
d 108 120
b 121
d 108 121
b 122
d 108 122
b 123
d 108 123
b 124
d 108 124
b 125
d 108 125
b 126
d 108 126
b 127
d 108 127
b 128
d 108 128
d 19 1
d 10 1
d 5 2
d 11 2
d 20 1
d 21 1
d 40 1
d 9 2
d 32 1
d 23 1
d 6 2
d 8 2
d 13 2
d 10 2
d 24 1
d 4 3
d 5 3
d 41 1
d 42 1
d 48 1
d 1 2
d 55 1
d 58 1
d 33 1
d 43 1
d 44 1
d 46 1
d 47 1
d 15 2
d 29 1
d 25 1
d 26 1
d 28 1
d 27 1
d 31 1
d 34 1
d 35 1
d 36 1
d 38 1
d 39 1
d 45 1
d 49 1
d 50 1
d 51 1
d 52 1
d 53 1
d 54 1
d 57 1
d 37 1
d 59 1
d 2 2
d 17 2
d 61 1
d 63 1
d 65 1
d 109 1
d 110 1
d 111 1
d 114 1
d 115 1
d 116 1
d 117 1
d 121 1
d 122 1
d 62 1
d 64 1
d 66 1
d 67 1
d 68 1
d 69 1
d 70 1
d 71 1
d 72 1
d 73 1
d 74 1
d 75 1
d 76 1
d 77 1
d 78 1
d 81 1
d 83 1
d 56 1
d 60 1
d 3 3
d 6 3
d 16 2
d 14 3
d 19 2
d 79 1
d 80 1
d 82 1
d 84 1
d 85 1
d 86 1
d 87 1
d 88 1
d 89 1
d 90 1
d 91 1
d 92 1
d 93 1
d 94 1
d 95 1
d 96 1
d 97 1
d 98 1
d 99 1
d 100 1
d 101 1
d 102 1
d 103 1
d 104 1
d 105 1
d 106 1
d 107 1
d 112 1
d 113 1
d 118 1
d 119 1
d 120 1
d 123 1
d 124 1
d 125 1
d 126 1
d 127 1
d 128 1
d 7 3
d 12 2
d 9 3
d 18 3
d 8 3
d 30 2
d 20 2
d 22 2
d 11 3
d 32 2
d 40 2
d 27 2
b 129
d 108 129
d 21 2
d 23 2
d 24 2
d 37 2
d 28 2
d 34 2
d 35 2
d 25 2
d 26 2
d 17 3
d 5 4
d 31 2
d 33 2
d 36 2
d 38 2
d 15 3
d 29 2
d 42 2
d 39 2
