d 4 1
d 5 1
d 1 1
d 2 1
d 3 1
d 6 1
d 10 1
d 11 1
d 12 1
d 13 1
d 14 1
d 17 1
d 19 1
d 20 1
d 21 1
d 66 1
d 71 1
b 1
d 72 1
b 2
d 72 2
b 3
d 72 3
b 4
d 72 4
b 5
d 72 5
b 6
d 72 6
b 7
d 72 7
b 8
d 72 8
b 9
d 72 9
b 10
d 72 10
b 11
d 72 11
b 12
d 72 12
b 13
d 72 13
b 14
d 72 14
b 15
d 72 15
b 16
d 72 16
b 17
d 72 17
b 18
d 72 18
b 19
d 72 19
b 20
d 72 20
b 21
d 72 21
b 22
d 72 22
b 23
d 72 23
b 24
d 72 24
b 25
d 72 25
b 26
d 72 26
b 27
d 72 27
b 28
d 72 28
b 29
d 72 29
b 30
d 72 30
b 31
d 72 31
b 32
d 72 32
b 33
d 72 33
b 34
d 72 34
b 35
d 72 35
b 36
d 72 36
b 37
d 72 37
b 38
d 72 38
b 39
d 72 39
b 40
d 72 40
b 41
d 72 41
b 42
d 72 42
b 43
d 72 43
b 44
d 72 44
b 45
d 72 45
b 46
d 72 46
b 47
d 72 47
b 48
d 72 48
b 49
d 72 49
b 50
d 72 50
b 51
d 72 51
b 52
d 72 52
b 53
d 72 53
b 54
d 72 54
b 55
d 72 55
b 56
d 72 56
b 57
d 72 57
b 58
d 72 58
b 59
d 72 59
b 60
d 72 60
b 61
d 72 61
b 62
d 72 62
b 63
d 72 63
b 64
d 72 64
d 8 1
d 8 2
d 9 1
d 7 1
d 7 2
d 15 1
d 16 1
d 2 2
d 3 2
d 6 2
d 32 1
d 34 1
d 9 2
d 18 1
d 27 1
d 29 1
d 30 1
d 31 1
d 46 1
d 43 1
d 48 1
d 49 1
d 50 1
d 51 1
d 53 1
d 54 1
d 5 2
d 5 3
d 10 2
d 13 2
d 22 1
d 25 1
d 26 1
d 42 1
d 44 1
d 45 1
d 47 1
d 4 2
d 23 1
d 24 1
d 2 3
d 33 1
d 36 1
d 37 1
d 38 1
d 40 1
d 1 2
d 11 2
d 12 2
d 14 2
d 56 1
d 57 1
d 39 1
d 15 2
d 60 1
d 79 1
d 41 1
d 35 1
d 17 2
d 19 2
d 20 2
d 21 2
d 22 2
d 33 2
d 4 3
d 1 3
d 8 3
d 24 2
d 26 2
d 27 2
d 29 2
b 65
d 72 65
d 31 2
d 32 2
d 36 2
d 37 2
d 38 2
d 40 2
d 43 2
d 46 2
d 52 1
d 3 3
d 9 3
d 18 2
d 41 2
d 45 2
d 48 2
d 49 2
d 53 2
d 54 2
d 7 3
d 28 1
d 28 2
d 16 2
d 67 1
d 69 1
d 23 2
d 79 2
d 25 2
d 47 2
d 10 3
d 39 2
d 71 2
d 37 3
d 51 2
d 4 4
d 30 2
d 34 2
d 21 3
d 55 1
d 35 2
d 42 2
d 66 2
d 27 3
d 46 3
d 33 3
d 32 3
d 29 3
d 14 3
d 16 3
d 19 3
d 22 3
d 44 2
d 62 1
d 63 1
d 67 2
d 69 2
d 6 3
d 11 3
d 13 3
d 12 3
d 45 3
d 48 3
d 15 3
d 17 3
d 18 3
d 58 1
d 31 3
d 10 4
d 49 3
d 53 3
d 54 3
d 71 3
d 79 3
d 23 3
d 25 3
d 41 3
d 43 3
d 19 4
d 57 2
d 66 3
d 67 3
d 40 3
b 66
d 72 66
d 38 3
d 20 3
d 24 3
d 6 4
d 5 4
d 7 4
d 9 4
d 11 4
d 1 4
d 1 5
d 2 4
d 2 5
d 28 3
b 67
d 72 67
d 21 4
d 27 4
d 34 3
d 50 2
d 52 2
d 60 2
d 70 1
d 82 1
d 12 4
d 13 4
d 14 4
d 29 4
d 30 3
d 37 4
d 39 3
d 44 3
d 51 3
d 58 2
d 63 2
d 65 1
d 3 4
d 8 4
d 48 4
d 56 2
d 49 4
d 36 3
d 42 3
d 15 4
d 4 5
d 25 4
d 25 5
d 47 3
d 79 4
d 53 4
d 54 4
d 71 4
d 41 4
d 43 4
d 46 4
d 66 4
d 26 3
d 26 4
d 35 3
d 16 4
d 17 4
d 18 4
d 20 4
d 18 5
d 6 5
d 8 5
d 9 5
d 10 5
d 22 4
d 23 4
d 24 4
d 38 4
d 42 4
d 44 4
d 47 4
d 47 5
d 69 3
d 5 5
d 7 5
d 11 5
d 30 4
d 31 4
d 32 4
d 36 4
d 40 4
d 45 4
d 3 5
d 33 4
d 39 4
b 68
d 72 68
d 78 1
d 81 1
d 12 5
d 37 5
d 40 5
d 43 5
d 51 4
d 58 3
d 63 3
d 67 4
d 69 4
d 1 6
d 2 6
d 17 5
d 49 5
d 66 5
d 19 5
d 32 5
d 38 5
d 60 3
d 4 6
d 29 5
d 64 1
d 45 5
d 48 5
d 53 5
d 54 5
d 27 5
d 57 3
d 70 2
d 73 1
d 75 1
d 91 1
d 31 5
d 34 4
d 35 4
d 35 5
d 26 5
d 28 4
d 50 3
d 62 2
d 20 5
d 52 3
d 84 1
d 14 5
d 13 5
d 16 5
d 5 6
d 21 5
d 22 5
d 33 5
d 71 5
d 79 5
d 68 1
d 74 1
d 76 1
d 82 2
d 85 1
d 86 1
d 87 1
d 89 1
d 92 1
d 15 5
d 56 3
d 70 3
d 7 6
d 9 6
d 11 6
d 12 6
d 30 5
d 39 5
d 41 5
d 44 5
d 36 5
d 46 5
d 6 6
d 59 1
d 61 1
d 50 4
d 73 2
d 55 2
d 17 6
d 23 5
d 24 5
d 28 5
d 62 3
d 65 2
d 77 1
d 83 1
d 93 1
d 95 1
d 98 1
d 78 2
d 81 2
d 13 6
d 14 6
d 16 6
d 1 7
d 2 7
d 5 7
d 58 4
d 63 4
d 80 1
d 88 1
d 90 1
d 94 1
d 100 1
d 51 5
d 99 1
d 10 6
d 18 6
d 19 6
d 20 6
d 25 6
d 27 6
d 29 6
d 31 6
d 37 6
d 45 6
d 49 6
d 66 6
d 67 5
d 69 5
d 47 6
d 32 6
d 48 6
d 21 6
d 33 6
d 75 2
d 91 2
d 22 6
d 8 6
d 43 6
d 26 6
d 26 7
d 64 2
d 34 5
d 46 6
d 52 4
d 57 4
d 60 4
d 38 6
d 40 6
d 4 7
d 8 7
d 42 5
d 6 7
d 56 4
b 69
d 72 69
d 97 1
d 41 6
d 10 7
d 79 6
d 53 6
d 54 6
d 3 6
d 3 7
d 84 2
d 76 2
d 36 6
d 87 2
d 92 2
d 105 1
d 70 4
d 82 3
d 68 2
d 74 2
d 78 3
d 5 8
d 15 6
d 55 3
d 59 2
d 61 2
d 26 8
d 7 7
d 9 7
d 11 7
d 12 7
d 13 7
d 14 7
d 16 7
d 18 7
d 19 7
d 20 7
d 21 7
d 23 6
d 24 6
d 30 6
d 58 5
d 51 6
d 85 2
d 86 2
d 89 2
d 35 6
d 48 7
d 1 8
d 2 8
d 15 7
d 25 7
d 17 7
d 27 7
d 29 7
d 29 8
d 31 7
d 37 7
d 66 7
d 67 6
d 69 6
d 42 6
d 71 6
d 90 2
d 91 3
b 70
d 72 70
d 62 4
d 39 6
d 44 6
d 81 3
d 50 5
d 63 5
d 28 6
d 75 3
d 77 2
d 80 2
d 3 8
d 4 8
d 8 8
d 88 2
d 94 2
d 98 2
d 95 2
d 97 2
d 99 2
d 100 2
d 103 1
d 22 7
d 17 8
d 65 3
d 68 3
d 73 3
d 74 3
d 52 5
d 56 5
d 60 5
d 79 7
d 83 2
d 96 1
d 45 7
d 46 7
d 93 2
d 104 1
d 106 1
d 70 5
d 76 3
d 86 3
d 89 3
d 92 3
d 84 3
d 47 7
d 30 7
d 32 7
d 36 7
d 38 7
d 40 7
d 41 7
d 42 7
d 43 7
d 49 7
d 53 7
d 54 7
d 71 7
d 9 8
d 57 5
d 55 4
d 59 3
d 61 3
d 64 3
d 78 4
d 80 3
d 81 4
d 82 4
d 85 3
d 87 3
d 88 3
d 90 3
d 91 4
d 94 3
d 98 3
d 101 1
d 111 1
d 58 6
d 105 2
d 63 6
b 71
d 72 71
d 11 8
d 12 8
d 13 8
d 114 1
d 102 1
d 75 4
d 44 7
d 7 8
d 14 8
d 16 8
d 23 7
d 24 7
d 20 8
d 33 7
d 34 6
d 39 7
d 15 8
d 6 8
d 18 8
d 21 8
d 77 3
d 62 5
d 10 8
d 19 8
d 24 8
d 24 9
d 25 8
d 27 8
d 5 9
d 73 4
d 95 3
d 97 3
d 99 3
d 100 3
d 50 6
d 57 6
d 60 6
d 65 4
d 103 2
d 104 2
d 110 1
d 119 1
d 22 8
d 41 8
d 8 9
d 1 9
d 2 9
d 4 9
d 31 8
d 32 8
d 36 8
d 38 8
d 40 8
d 42 8
d 42 9
d 43 8
d 46 8
d 51 7
d 28 7
d 35 7
d 33 8
d 37 8
d 45 8
d 47 8
d 48 8
d 53 8
d 49 8
d 54 8
d 66 8
d 67 7
d 69 7
d 71 8
d 71 9
d 83 3
d 93 3
d 64 4
d 106 2
d 68 4
d 85 4
d 89 4
d 109 1
d 7 9
d 20 9
d 23 8
d 52 6
d 56 6
d 70 6
b 72
d 72 72
d 84 4
d 86 4
d 92 4
d 30 8
d 39 8
d 44 8
d 55 5
d 4 10
d 61 4
d 74 4
d 76 4
d 34 7
d 6 9
d 96 2
d 114 2
d 9 9
d 11 9
d 99 4
d 100 4
d 101 2
d 111 2
d 82 5
d 88 4
d 95 4
d 59 4
d 62 6
d 80 4
d 87 4
d 90 4
d 94 4
d 98 4
d 105 3
d 107 1
d 108 1
d 113 1
d 122 1
d 127 1
d 112 1
d 3 9
d 5 10
d 10 9
d 12 9
d 102 2
d 13 9
d 14 9
d 15 9
d 16 9
d 17 9
d 97 4
d 1 10
d 2 10
d 91 5
d 77 4
d 58 7
d 63 7
d 79 8
d 79 9
d 19 9
d 24 10
d 25 9
d 31 9
d 75 5
d 78 5
d 81 5
d 35 8
d 67 8
d 69 8
d 69 9
d 18 9
d 27 9
d 47 9
d 53 9
d 66 9
d 21 9
d 26 9
d 29 9
d 37 9
d 45 9
d 48 9
d 51 8
d 116 1
d 118 1
d 123 1
d 76 5
d 86 5
d 65 5
d 73 5
d 93 4
d 22 9
d 28 8
d 30 9
d 52 7
d 60 7
d 83 4
d 50 7
d 56 7
d 57 7
d 68 5
d 74 5
d 84 5
d 89 5
d 92 5
d 103 3
d 104 3
d 106 3
d 110 2
d 64 5
d 32 9
d 33 9
d 34 8
d 36 9
d 38 9
d 40 9
d 41 9
d 119 2
d 128 1
d 96 3
d 124 1
d 61 5
d 85 5
d 126 1
d 55 6
d 82 6
d 70 7
d 41 10
d 44 9
d 11 10
d 23 9
d 43 9
d 7 10
b 73
d 72 73
d 79 10
d 3 10
d 6 10
d 8 10
d 35 9
d 39 9
d 46 9
d 2 11
d 3 11
d 10 10
d 54 9
d 67 9
d 49 9
d 1 11
d 90 5
d 59 5
d 94 5
d 114 3
d 115 1
d 107 2
d 108 2
d 109 2
d 4 11
d 105 4
d 58 8
d 63 8
d 87 5
d 78 6
d 81 6
d 20 10
d 9 10
d 13 10
d 15 10
d 19 10
d 21 10
d 25 10
d 26 10
d 27 10
d 29 10
d 31 10
d 48 10
d 33 10
d 37 10
d 47 10
d 50 8
d 66 10
d 67 10
d 71 10
d 77 5
d 88 5
d 120 1
d 121 1
d 80 5
d 111 3
d 113 2
d 122 2
d 62 7
d 75 6
d 91 6
d 95 5
d 97 5
d 98 5
d 99 5
d 100 5
d 101 3
d 103 4
d 104 4
d 127 2
d 102 3
d 119 3
d 84 6
d 93 5
d 106 4
d 110 3
d 123 2
d 92 6
d 112 2
d 117 1
d 118 2
d 125 1
d 52 8
d 56 8
d 57 8
d 60 8
d 65 6
d 68 6
d 70 8
d 73 6
d 74 6
d 76 6
d 86 6
d 89 6
d 12 10
d 28 9
d 116 2
d 51 9
d 16 10
d 17 10
d 18 10
d 45 10
d 14 10
d 38 10
d 40 10
d 46 10
d 22 10
d 32 10
d 34 9
d 36 10
d 42 10
d 43 10
b 74
d 72 74
d 128 2
d 82 7
d 83 5
d 85 6
d 96 4
d 49 10
d 53 10
d 54 10
d 75 7
d 61 6
d 64 6
d 6 11
d 7 11
d 8 11
d 55 7
d 30 10
d 10 11
d 13 11
d 78 7
d 81 7
d 90 6
d 94 6
d 105 5
d 108 3
d 109 3
d 114 4
d 124 2
d 126 2
d 2 12
d 19 11
d 20 11
d 21 11
d 24 11
d 25 11
d 59 6
d 9 11
d 11 11
d 23 10
d 1 12
d 5 11
d 13 12
d 48 11
d 58 9
d 15 11
d 17 11
d 35 10
d 39 10
d 44 10
d 80 6
d 87 6
d 88 6
d 91 7
d 98 6
d 107 3
d 115 2
d 122 3
d 41 11
d 113 3
d 120 2
d 121 2
d 62 8
d 77 6
d 111 4
d 29 11
d 45 11
d 63 9
d 95 6
d 97 6
d 99 6
d 69 10
d 103 5
d 104 5
d 100 6
d 4 12
d 18 11
d 26 11
d 27 11
d 31 11
d 37 11
d 47 11
d 49 11
d 53 11
d 54 11
d 102 4
d 79 11
d 12 11
d 51 10
d 117 2
d 118 3
d 127 3
d 65 7
d 73 7
d 74 7
d 76 7
d 93 6
d 101 4
d 14 11
d 16 11
d 28 10
d 34 10
d 40 11
d 50 9
d 106 5
d 110 4
d 57 9
d 60 9
d 84 7
d 32 11
d 33 11
d 86 7
d 66 11
d 96 5
d 116 3
d 119 4
d 123 3
d 125 2
d 128 3
d 112 3
d 89 7
d 92 7
d 68 7
d 71 11
d 8 12
d 36 11
d 38 11
d 42 11
d 43 11
d 52 9
d 22 11
d 5 12
d 3 12
d 6 12
d 10 12
d 61 7
d 56 9
d 30 11
d 39 11
d 44 11
d 70 9
d 124 3
d 7 12
d 11 12
d 48 12
d 46 11
d 83 6
d 55 8
d 64 7
d 85 7
d 1 13
d 15 12
d 17 12
d 19 12
d 24 12
d 27 12
d 114 5
d 59 7
d 90 7
d 20 12
d 41 12
d 75 8
d 78 8
d 81 8
d 126 3
d 108 4
d 109 4
d 25 12
d 105 6
d 79 12
d 63 10
d 82 8
d 58 10
d 91 8
d 94 7
d 80 7
b 75
d 72 75
d 9 12
d 29 12
d 45 12
d 35 11
d 111 5
d 102 5
d 113 4
d 100 7
d 107 4
d 62 9
d 122 4
d 23 11
d 31 12
d 37 12
d 47 12
d 66 12
d 67 11
d 69 11
d 95 7
d 97 7
d 87 7
d 88 7
d 98 7
d 51 11
d 77 7
d 99 7
d 103 6
d 115 3
d 120 3
d 121 3
d 2 13
d 4 13
d 21 12
d 26 12
d 26 13
d 104 6
d 101 5
d 93 7
d 12 12
d 18 12
d 127 4
d 33 12
d 49 12
d 53 12
d 54 12
d 117 3
d 118 4
d 50 10
d 57 10
d 106 6
d 28 11
d 110 5
d 3 13
d 65 8
d 112 4
d 73 8
d 74 8
d 76 8
d 84 8
d 86 8
d 92 8
d 125 3
d 128 4
d 40 12
d 64 8
d 116 4
d 119 5
d 123 4
d 56 10
d 68 8
d 124 4
d 14 12
d 16 12
d 32 12
d 36 12
d 38 12
d 42 12
d 43 12
d 46 12
d 5 13
d 5 14
d 6 13
d 7 13
d 8 13
d 10 13
d 11 13
d 60 10
d 89 8
d 96 6
d 91 9
d 22 12
d 34 11
d 52 10
d 59 8
d 37 13
d 55 9
d 61 8
d 70 10
d 75 9
d 78 9
d 80 8
d 81 9
d 83 7
d 87 8
d 88 8
d 82 9
d 85 8
d 107 5
d 108 5
d 109 5
d 122 5
d 1 14
d 4 14
d 13 13
d 15 13
d 17 13
d 9 13
d 23 12
d 58 11
d 63 11
d 98 8
d 105 7
d 126 4
d 41 13
d 71 12
d 114 6
d 90 8
d 94 8
d 19 13
d 24 13
d 25 13
d 27 13
d 29 13
d 31 13
d 35 12
d 45 13
d 47 13
d 48 13
b 76
d 72 76
d 30 12
d 39 12
d 44 12
d 79 13
d 2 14
d 67 12
d 69 12
d 77 8
d 85 9
d 93 8
d 101 6
d 102 6
d 103 7
d 104 7
d 95 8
d 97 8
d 99 8
d 100 8
d 111 6
d 113 5
d 115 4
d 120 4
d 121 4
d 127 5
d 62 10
d 51 12
d 43 13
d 12 13
d 18 13
d 20 13
d 21 13
d 106 7
d 110 6
d 74 9
d 84 9
d 118 5
d 66 13
d 116 5
d 117 4
d 119 6
d 123 5
d 65 9
d 73 9
d 86 9
d 89 9
d 50 11
d 56 11
d 57 11
d 76 9
d 124 5
d 125 4
d 128 5
d 96 7
d 109 6
d 126 5
d 83 8
d 52 11
d 60 11
d 61 9
d 64 9
d 68 9
d 92 9
d 94 9
d 112 5
d 7 14
d 8 14
d 14 13
d 16 13
d 22 13
d 28 12
d 34 12
d 38 13
d 40 13
d 33 13
d 49 13
d 53 13
d 54 13
d 32 13
d 36 13
d 42 13
d 46 13
d 70 11
d 81 10
d 82 10
d 3 14
d 6 14
d 10 14
d 11 14
d 13 14
d 71 13
d 105 8
d 108 6
d 30 13
d 90 9
d 91 10
d 55 10
d 69 13
d 59 9
d 75 10
d 78 10
d 4 15
b 77
d 72 77
d 102 7
d 9 14
d 120 5
d 122 6
d 58 12
d 80 9
d 88 9
d 107 6
d 63 12
d 1 15
d 5 15
d 15 14
d 15 15
d 17 14
d 79 14
d 48 14
d 67 13
d 39 13
d 44 13
d 77 9
d 97 9
d 98 9
d 99 9
d 100 9
d 101 7
d 103 8
d 104 8
d 111 7
d 113 6
d 114 7
d 115 5
d 121 5
d 127 6
d 87 9
d 73 10
d 18 14
d 18 15
d 23 13
d 20 14
d 41 14
d 50 12
d 52 12
d 57 12
d 60 12
d 62 11
d 95 9
d 12 14
d 14 14
d 16 14
d 19 14
d 21 14
d 24 14
d 25 14
d 26 14
d 27 14
d 29 14
d 31 14
d 32 14
d 33 14
d 34 13
d 35 13
d 36 14
d 37 14
d 38 14
d 66 14
d 42 14
d 45 14
d 47 14
d 49 14
d 53 14
d 54 14
d 2 15
d 51 13
d 118 6
d 65 10
d 110 7
d 117 5
d 56 12
d 86 10
d 93 9
d 106 8
d 74 10
d 76 10
d 84 10
d 40 14
d 70 12
d 3 15
d 22 14
d 28 13
d 43 14
d 89 10
d 92 10
d 112 6
d 116 6
d 119 7
d 123 6
d 124 6
d 125 5
d 126 6
d 128 6
d 96 8
d 30 14
d 6 15
d 10 15
d 68 10
d 85 10
d 71 14
d 105 9
d 108 7
d 83 9
d 109 7
d 91 11
d 69 14
d 64 10
d 11 15
d 13 15
d 19 15
d 24 15
d 79 15
d 7 15
d 8 15
d 61 10
d 94 10
d 55 11
d 75 11
d 78 11
d 81 11
d 46 14
d 82 11
b 78
d 72 78
d 102 8
d 114 8
d 107 7
d 120 6
d 122 7
d 59 10
d 80 10
d 90 10
d 4 16
d 5 16
d 9 15
d 63 13
d 1 16
d 37 15
d 47 15
d 48 15
d 58 13
d 67 14
d 2 16
d 18 16
d 17 15
d 21 15
d 87 10
d 88 10
d 98 10
d 103 9
d 104 9
d 111 8
d 113 7
d 115 6
d 121 6
d 20 15
d 95 10
d 97 10
d 99 10
d 100 10
d 77 10
d 93 10
d 101 8
d 117 6
d 118 7
d 110 8
d 127 7
d 62 12
d 23 14
d 25 15
d 35 14
d 44 14
d 16 15
d 73 11
d 51 14
d 12 15
d 27 15
d 29 15
d 31 15
d 32 15
d 36 15
d 41 15
d 42 15
d 39 14
d 66 15
d 71 15
d 26 15
d 33 15
d 50 13
d 57 13
d 45 15
d 49 15
d 53 15
d 54 15
d 106 9
d 76 11
d 14 15
d 28 14
d 34 14
d 68 11
d 84 11
d 85 11
d 128 7
d 74 11
d 86 11
d 89 11
d 92 11
d 125 6
d 119 8
d 52 13
d 56 13
d 65 11
d 70 13
d 116 7
d 123 7
d 22 15
d 38 15
d 40 15
d 112 7
d 124 7
d 126 7
d 61 11
d 96 9
d 64 11
d 55 12
d 60 13
d 6 16
d 7 16
d 10 16
d 11 16
d 109 8
d 83 10
d 82 12
d 15 16
d 91 12
d 43 15
d 46 15
d 58 14
d 63 14
d 39 15
d 44 15
d 59 11
d 108 8
d 102 9
d 105 10
d 81 12
d 90 11
d 94 11
d 75 12
d 78 12
d 79 16
d 107 8
d 103 10
d 120 7
d 121 7
d 122 8
b 79
d 72 79
d 114 9
d 2 17
d 8 16
d 95 11
d 97 11
d 111 9
d 3 16
d 9 16
d 19 16
d 24 16
d 24 17
d 115 7
d 13 16
d 17 16
d 87 11
d 88 11
d 98 11
d 99 11
d 100 11
d 113 8
d 1 17
d 23 15
d 50 14
d 57 14
d 12 16
d 30 15
d 41 16
d 62 13
d 77 11
d 80 11
d 101 9
d 104 10
d 106 10
d 110 9
d 118 8
d 127 8
d 73 12
d 93 11
d 117 7
d 4 17
d 5 17
d 20 16
d 31 16
d 37 16
d 29 16
d 47 16
d 16 16
d 27 16
d 47 17
d 116 8
d 84 12
d 86 12
d 65 12
d 70 14
d 74 12
d 76 12
d 43 16
d 36 16
d 40 16
d 42 16
d 51 15
d 66 16
d 35 15
d 92 12
d 119 9
d 123 8
d 125 7
d 52 14
d 89 12
d 56 14
d 45 16
d 48 16
d 49 16
d 14 16
d 21 16
d 53 16
d 54 16
d 60 14
d 46 16
d 25 16
d 67 15
d 69 15
d 26 16
d 32 16
d 33 16
d 38 16
d 96 10
d 68 12
d 124 8
d 22 16
d 28 15
d 71 16
d 34 15
d 3 17
d 6 17
d 10 17
d 30 16
d 61 12
d 85 12
d 109 9
d 126 8
d 128 8
d 7 17
d 8 17
d 26 17
d 37 17
d 112 8
d 64 12
d 79 17
d 83 11
d 55 13
d 82 13
d 91 13
d 90 12
d 108 9
d 1 18
d 2 18
d 15 17
d 75 13
d 81 13
d 78 13
d 94 12
b 80
d 72 80
d 45 17
d 105 11
d 102 10
d 107 9
d 80 12
d 13 17
d 19 17
d 88 12
d 95 12
d 97 12
d 98 12
d 99 12
d 100 12
d 39 16
d 44 16
d 87 12
d 113 9
d 4 18
d 5 18
d 120 8
d 121 8
d 122 9
d 58 15
d 59 12
d 63 15
d 9 17
d 11 17
d 23 16
d 111 10
d 115 8
d 127 9
d 12 17
d 17 17
d 20 17
d 21 17
d 25 17
d 103 11
d 29 17
d 35 16
d 41 17
d 42 17
d 50 15
d 77 12
d 101 10
d 62 14
d 104 11
d 110 10
d 114 10
d 27 17
d 31 17
d 118 9
d 18 17
d 33 17
d 36 17
d 40 17
d 43 17
d 48 17
d 49 17
d 53 17
d 54 17
d 56 15
d 57 15
d 60 15
d 73 13
d 74 13
d 76 13
d 93 12
d 106 11
d 84 13
d 86 13
d 89 13
d 92 13
d 116 9
d 117 8
d 119 10
d 123 9
d 3 18
d 14 17
d 16 17
d 32 17
d 51 16
d 66 17
d 67 16
d 69 16
d 52 15
d 124 9
d 125 8
d 65 13
d 85 13
d 96 11
d 68 13
d 128 9
d 79 18
d 71 17
d 70 15
d 46 17
d 22 17
d 28 16
d 38 17
d 34 16
d 64 13
d 75 14
d 55 14
d 61 13
d 81 14
d 90 13
d 91 14
d 94 13
d 112 9
d 126 9
d 108 10
d 109 10
b 81
d 72 81
d 83 12
d 107 10
d 122 10
d 6 18
d 7 18
d 8 18
d 9 18
d 10 18
d 11 18
d 102 11
d 29 18
d 37 18
d 41 18
d 45 18
d 50 16
d 58 16
d 63 16
d 113 10
d 120 9
d 121 9
d 59 13
d 80 13
d 23 17
d 35 17
d 111 11
d 1 19
d 2 19
d 87 13
d 20 18
d 78 14
d 82 14
d 88 13
d 15 18
d 99 13
d 100 13
d 105 12
d 95 13
d 97 13
d 98 13
d 103 12
d 104 12
d 110 11
d 115 9
d 127 10
d 77 13
d 73 14
d 12 18
d 13 18
d 16 18
d 17 18
d 18 18
d 19 18
d 21 18
d 24 18
d 25 18
d 26 18
d 27 18
d 31 18
d 39 17
d 42 18
d 43 18
d 44 17
d 101 11
d 30 17
d 4 19
d 5 19
d 118 10
d 114 11
d 74 14
d 76 14
d 116 10
d 117 9
d 51 17
d 93 13
d 84 14
d 86 14
d 92 14
d 47 18
d 53 18
d 54 18
d 89 14
d 106 12
d 123 10
d 125 9
d 14 18
d 32 18
d 36 18
d 38 18
d 40 18
d 46 18
d 119 11
d 48 18
d 66 18
d 71 18
d 56 16
d 62 15
d 68 14
d 128 10
d 52 16
d 48 19
d 49 18
d 60 16
d 67 17
d 69 17
d 22 18
d 33 18
d 3 19
d 6 19
d 8 19
d 34 17
d 10 19
d 24 19
d 29 19
d 124 10
d 126 10
d 109 11
d 112 10
d 55 15
d 61 14
d 64 14
d 65 14
d 85 14
d 96 12
d 13 19
d 28 17
d 30 18
d 39 18
d 57 16
d 70 16
d 7 19
d 19 19
d 20 19
d 21 19
d 25 19
d 26 19
d 120 10
d 37 19
d 47 19
d 59 14
d 63 17
d 80 14
d 81 15
d 83 13
d 88 14
d 90 14
d 91 15
d 94 14
d 98 14
d 75 15
d 78 15
d 82 15
d 100 14
d 102 12
d 105 13
d 107 11
d 108 11
d 113 11
d 122 11
d 15 19
d 45 19
d 115 10
d 121 10
d 97 14
d 99 14
d 111 12
d 71 19
d 79 19
d 110 12
d 118 11
d 127 11
d 58 17
d 87 14
d 103 13
d 77 14
d 95 14
d 6 20
d 10 20
d 24 20
d 29 20
d 23 18
b 82
d 72 82
d 9 19
d 11 19
d 35 18
d 44 18
d 31 19
d 114 12
d 101 12
d 12 19
d 17 19
d 18 19
d 27 19
d 104 13
d 117 10
d 76 15
d 41 19
d 50 17
d 52 17
d 57 17
d 60 17
d 62 16
d 73 15
d 93 14
d 106 13
d 51 18
d 84 15
d 85 15
d 86 15
d 89 15
d 92 15
d 96 13
d 112 11
d 116 11
d 119 12
d 123 11
d 124 11
d 125 10
d 126 11
d 128 11
d 61 15
d 7 20
d 66 19
d 68 15
d 74 15
d 40 19
d 3 20
d 4 20
d 5 20
d 8 20
d 1 20
d 2 20
d 13 20
d 14 19
d 16 19
d 22 19
d 26 20
d 28 18
d 32 19
d 33 19
d 36 19
d 37 20
d 38 19
d 43 19
d 45 20
d 47 20
d 19 20
d 48 20
d 49 19
d 42 19
d 53 19
d 54 19
d 67 18
d 69 18
d 79 20
d 34 18
d 108 12
d 109 12
d 82 16
d 94 15
d 83 14
d 55 16
d 64 15
d 105 14
d 46 19
d 65 15
d 56 17
d 70 17
d 122 12
d 59 15
d 75 16
d 91 16
d 107 12
d 102 13
d 111 13
d 15 20
d 18 20
d 21 20
d 25 20
d 27 20
d 78 16
d 90 15
d 31 20
d 36 20
d 120 11
d 81 16
d 66 20
d 71 20
d 42 20
d 53 20
d 67 19
d 69 19
d 11 20
d 12 20
d 17 20
d 115 11
d 80 15
d 98 15
d 113 12
d 116 12
d 118 12
d 123 12
d 121 11
d 127 12
d 74 16
d 76 16
d 41 20
d 58 18
d 63 18
d 73 16
d 77 15
d 87 15
d 88 15
d 95 15
d 97 15
d 99 15
d 100 15
d 101 13
d 103 14
d 20 20
d 51 19
d 110 13
d 114 13
d 119 13
d 125 11
d 104 14
d 106 14
d 1 21
d 2 21
d 3 21
d 4 21
d 5 21
d 6 21
d 8 21
d 117 11
d 10 21
d 13 21
d 15 21
d 19 21
d 24 21
d 26 21
d 27 21
d 29 21
d 37 21
d 45 21
d 47 21
d 49 20
b 83
d 72 83
d 44 19
d 9 20
d 14 20
d 16 20
d 30 19
d 84 16
d 54 20
d 48 21
d 32 20
d 86 16
d 89 16
d 62 17
d 92 16
d 124 12
d 128 12
d 23 19
d 31 21
d 93 15
d 96 14
d 112 12
d 126 12
d 78 17
d 68 16
d 67 20
d 42 21
d 108 13
d 52 18
d 57 18
d 61 16
d 109 13
d 50 18
d 56 18
d 60 18
d 85 16
d 33 20
d 35 19
d 39 19
d 111 14
d 120 12
d 34 19
d 64 16
d 80 16
d 81 17
d 83 15
d 90 16
d 91 17
d 94 16
d 102 14
d 105 15
d 107 13
d 122 13
d 55 17
d 65 16
d 75 17
d 115 12
d 121 12
d 82 17
d 113 13
d 66 21
d 22 20
d 28 19
d 40 20
d 18 21
d 53 21
d 69 20
d 71 21
d 79 21
d 87 16
d 88 16
d 98 16
b 84
d 72 84
d 110 14
d 84 17
d 86 17
d 114 14
d 127 13
d 117 12
d 118 13
d 123 13
d 125 12
d 101 14
d 106 15
d 20 21
d 116 13
d 17 21
d 21 21
d 25 21
d 38 20
d 46 20
d 59 16
d 95 16
d 97 16
d 99 16
d 100 16
d 77 16
d 92 17
d 103 15
d 104 15
d 119 14
d 124 13
d 73 17
d 76 17
d 61 17
d 65 17
d 68 17
d 75 18
d 78 18
d 81 18
d 83 16
d 41 21
d 91 18
d 60 19
d 62 18
d 70 18
d 74 17
d 82 18
d 89 17
d 93 16
d 96 15
d 102 15
d 109 14
d 112 13
d 111 15
d 107 14
d 108 14
d 126 13
d 50 19
d 52 19
d 56 19
d 57 19
d 58 19
d 63 19
d 94 17
d 105 16
d 128 13
d 22 21
d 23 20
d 9 21
d 11 21
d 12 21
d 14 21
d 80 17
d 90 17
d 48 22
d 79 22
d 64 17
d 85 17
d 16 21
d 28 20
d 34 20
d 35 20
d 1 22
d 2 22
d 3 22
d 4 22
d 5 22
d 6 22
d 8 22
d 8 23
d 10 22
d 13 22
d 15 22
d 19 22
d 26 22
d 27 22
d 44 20
d 55 18
d 51 20
d 39 20
d 31 22
d 7 21
d 37 22
d 45 22
d 47 22
d 30 20
d 33 21
d 36 21
d 43 20
d 42 22
d 53 22
d 66 22
d 67 21
d 71 22
d 120 13
d 122 14
d 113 14
d 115 13
b 85
d 72 85
