b 1
d 102 1
b 2
d 102 2
b 3
d 102 3
b 4
d 102 4
b 5
d 102 5
b 6
d 102 6
b 7
d 102 7
b 8
d 102 8
b 9
d 102 9
b 10
d 102 10
b 11
d 102 11
b 12
d 102 12
b 13
d 102 13
b 14
d 102 14
b 15
d 102 15
b 16
d 102 16
b 17
d 102 17
b 18
d 102 18
b 19
d 102 19
b 20
d 102 20
b 21
d 102 21
b 22
d 102 22
b 23
d 102 23
b 24
d 102 24
b 25
d 102 25
b 26
d 102 26
b 27
d 102 27
b 28
d 102 28
b 29
d 102 29
b 30
d 102 30
b 31
d 102 31
b 32
d 102 32
b 33
d 102 33
b 34
d 102 34
b 35
d 102 35
b 36
d 102 36
b 37
d 102 37
b 38
d 102 38
b 39
d 102 39
b 40
d 102 40
b 41
d 102 41
b 42
d 102 42
b 43
d 102 43
b 44
d 102 44
b 45
d 102 45
b 46
d 102 46
b 47
d 102 47
b 48
d 102 48
b 49
d 102 49
b 50
d 102 50
b 51
d 102 51
b 52
d 102 52
b 53
d 102 53
b 54
d 102 54
b 55
d 102 55
b 56
d 102 56
b 57
d 102 57
b 58
d 102 58
b 59
d 102 59
b 60
d 102 60
b 61
d 102 61
b 62
d 102 62
b 63
d 102 63
b 64
d 102 64
d 8 1
d 3 1
d 1 1
d 2 1
d 4 1
d 6 1
d 7 1
d 6 2
d 5 1
d 5 2
d 4 2
d 3 2
d 7 2
d 10 1
d 2 2
d 10 2
d 1 2
d 22 1
d 16 1
d 16 2
d 8 2
d 23 1
d 22 2
d 15 1
d 23 2
d 11 1
d 18 1
d 11 2
d 13 1
d 14 1
d 15 2
d 17 1
d 20 1
d 20 2
d 18 2
d 21 1
d 36 1
d 14 2
d 19 1
d 42 1
