d 3 1
d 14 1
b 1
d 113 1
b 2
d 113 2
b 3
d 113 3
b 4
d 113 4
b 5
d 113 5
b 6
d 113 6
b 7
d 113 7
b 8
d 113 8
d 18 1
d 6 1
d 5 1
d 7 1
d 8 1
d 9 1
d 11 1
d 13 1
d 4 1
d 15 1
d 12 1
d 18 2
d 1 1
d 2 1
d 17 1
d 22 1
d 16 1
d 14 2
b 9
d 113 9
b 10
d 113 10
b 11
d 113 11
b 12
d 113 12
b 13
d 113 13
b 14
d 113 14
b 15
d 113 15
b 16
d 113 16
b 17
d 113 17
b 18
d 113 18
b 19
d 113 19
b 20
d 113 20
b 21
d 113 21
b 22
d 113 22
b 23
d 113 23
b 24
d 113 24
b 25
d 113 25
b 26
d 113 26
b 27
d 113 27
b 28
d 113 28
b 29
d 113 29
b 30
d 113 30
b 31
d 113 31
b 32
d 113 32
d 3 2
d 9 2
d 1 2
d 2 2
d 4 2
d 10 1
d 10 2
d 11 2
d 19 1
d 20 1
d 21 1
d 23 1
d 24 1
d 30 1
