b 1
d 95 1
b 2
d 95 2
b 3
d 95 3
b 4
d 95 4
b 5
d 95 5
b 6
d 95 6
b 7
d 95 7
b 8
d 95 8
b 9
d 95 9
b 10
d 95 10
b 11
d 95 11
b 12
d 95 12
b 13
d 95 13
b 14
d 95 14
b 15
d 95 15
b 16
d 95 16
b 17
d 95 17
b 18
d 95 18
b 19
d 95 19
b 20
d 95 20
b 21
d 95 21
b 22
d 95 22
b 23
d 95 23
b 24
d 95 24
d 3 1
d 14 1
d 6 1
d 18 1
d 5 1
d 3 2
d 14 2
d 7 1
d 8 1
d 11 1
b 25
d 95 25
b 26
d 95 26
b 27
d 95 27
b 28
d 95 28
b 29
d 95 29
b 30
d 95 30
b 31
d 95 31
b 32
d 95 32
d 4 1
d 4 2
d 9 1
d 13 1
d 17 1
b 33
d 95 33
b 34
d 95 34
b 35
d 95 35
b 36
d 95 36
b 37
d 95 37
b 38
d 95 38
b 39
d 95 39
b 40
d 95 40
d 1 1
d 2 1
b 41
d 95 41
b 42
d 95 42
b 43
d 95 43
b 44
d 95 44
b 45
d 95 45
b 46
d 95 46
b 47
d 95 47
b 48
d 95 48
d 12 1
d 15 1
d 16 1
d 30 1
b 49
d 95 49
b 50
d 95 50
b 51
d 95 51
b 52
d 95 52
b 53
d 95 53
b 54
d 95 54
b 55
d 95 55
b 56
d 95 56
d 22 1
d 18 2
d 19 1
d 9 2
d 5 2
d 7 2
d 20 1
d 11 2
b 57
d 95 57
b 58
d 95 58
b 59
d 95 59
b 60
d 95 60
b 61
d 95 61
b 62
d 95 62
b 63
d 95 63
b 64
d 95 64
b 65
d 95 65
b 66
d 95 66
b 67
d 95 67
b 68
d 95 68
b 69
d 95 69
b 70
d 95 70
b 71
d 95 71
b 72
d 95 72
b 73
d 95 73
b 74
d 95 74
b 75
d 95 75
b 76
d 95 76
b 77
d 95 77
b 78
d 95 78
b 79
d 95 79
b 80
d 95 80
b 81
d 95 81
b 82
d 95 82
b 83
d 95 83
b 84
d 95 84
b 85
d 95 85
b 86
d 95 86
b 87
d 95 87
b 88
d 95 88
b 89
d 95 89
b 90
d 95 90
b 91
d 95 91
b 92
d 95 92
b 93
d 95 93
b 94
d 95 94
b 95
d 95 95
b 96
d 95 96
b 97
d 95 97
b 98
d 95 98
b 99
d 95 99
b 100
d 95 100
b 101
d 95 101
b 102
d 95 102
b 103
d 95 103
b 104
d 95 104
d 28 1
d 32 1
d 34 1
d 37 1
d 40 1
b 105
d 95 105
b 106
d 95 106
b 107
d 95 107
b 108
d 95 108
b 109
d 95 109
b 110
d 95 110
b 111
d 95 111
b 112
d 95 112
b 113
d 95 113
b 114
d 95 114
b 115
d 95 115
b 116
d 95 116
b 117
d 95 117
b 118
d 95 118
b 119
d 95 119
b 120
d 95 120
b 121
d 95 121
b 122
d 95 122
b 123
d 95 123
b 124
d 95 124
b 125
d 95 125
b 126
d 95 126
b 127
d 95 127
b 128
