b 1
d 117 1
b 2
d 117 2
b 3
d 117 3
b 4
d 117 4
b 5
d 117 5
b 6
d 117 6
b 7
d 117 7
b 8
d 117 8
b 9
d 117 9
b 10
d 117 10
b 11
d 117 11
b 12
d 117 12
b 13
d 117 13
b 14
d 117 14
b 15
d 117 15
b 16
d 117 16
b 17
d 117 17
b 18
d 117 18
b 19
d 117 19
b 20
d 117 20
b 21
d 117 21
b 22
d 117 22
b 23
d 117 23
b 24
d 117 24
b 25
d 117 25
b 26
d 117 26
b 27
d 117 27
b 28
d 117 28
b 29
d 117 29
b 30
d 117 30
b 31
d 117 31
b 32
d 117 32
d 3 1
d 6 1
d 14 1
d 5 1
d 18 1
d 18 2
d 4 1
d 4 2
d 7 1
d 8 1
d 14 2
d 9 1
d 11 1
d 13 1
d 3 2
b 33
d 117 33
b 34
d 117 34
b 35
d 117 35
b 36
d 117 36
b 37
d 117 37
b 38
d 117 38
b 39
d 117 39
b 40
d 117 40
b 41
d 117 41
b 42
d 117 42
b 43
d 117 43
b 44
d 117 44
b 45
d 117 45
b 46
d 117 46
b 47
d 117 47
b 48
d 117 48
d 7 2
d 1 1
d 2 1
d 17 1
d 15 1
b 49
d 117 49
b 50
d 117 50
b 51
d 117 51
b 52
d 117 52
b 53
d 117 53
b 54
d 117 54
b 55
d 117 55
b 56
d 117 56
d 12 1
d 30 1
d 16 1
d 22 1
d 19 1
d 20 1
d 40 1
d 21 1
d 32 1
d 23 1
d 27 1
d 28 1
d 29 1
d 31 1
d 33 1
d 34 1
d 36 1
d 38 1
d 39 1
d 24 1
d 25 1
d 26 1
d 35 1
d 37 1
d 5 2
d 6 2
d 8 2
d 9 2
d 10 1
d 10 2
d 2 2
d 11 2
d 13 2
d 41 1
d 42 1
d 43 1
d 44 1
d 45 1
d 46 1
d 47 1
d 48 1
d 49 1
d 50 1
d 51 1
d 52 1
d 53 1
d 54 1
d 55 1
d 56 1
d 57 1
d 58 1
d 59 1
d 60 1
d 61 1
d 62 1
d 64 1
d 66 1
d 81 1
b 57
d 117 57
d 20 2
d 21 2
d 22 2
d 23 2
d 25 2
d 27 2
d 28 2
d 29 2
d 1 2
d 12 2
d 15 2
d 16 2
d 17 2
d 19 2
d 26 2
d 24 2
d 30 2
d 4 3
d 5 3
d 31 2
d 32 2
d 33 2
d 34 2
d 35 2
d 36 2
d 37 2
d 38 2
d 39 2
d 40 2
d 41 2
d 42 2
d 43 2
d 44 2
d 45 2
d 46 2
d 47 2
d 48 2
d 49 2
d 50 2
d 51 2
d 52 2
d 53 2
d 54 2
d 55 2
d 59 2
d 66 2
d 109 1
d 110 1
d 111 1
d 112 1
d 113 1
d 114 1
d 115 1
d 116 1
d 118 1
d 119 1
d 120 1
d 121 1
d 122 1
d 123 1
d 124 1
d 125 1
d 126 1
d 127 1
d 128 1
d 12 3
d 16 3
d 22 3
d 3 3
d 63 1
d 65 1
d 67 1
d 68 1
d 69 1
d 70 1
d 71 1
d 72 1
d 73 1
d 74 1
d 75 1
d 76 1
d 77 1
d 78 1
d 79 1
d 80 1
d 82 1
d 83 1
d 84 1
d 85 1
d 86 1
d 87 1
d 88 1
d 89 1
d 90 1
d 91 1
d 92 1
d 93 1
d 94 1
d 95 1
d 96 1
d 97 1
d 98 1
d 99 1
d 100 1
d 101 1
d 102 1
d 103 1
d 104 1
d 105 1
d 106 1
d 107 1
d 108 1
d 56 2
d 64 2
d 1 3
d 2 3
d 6 3
d 7 3
d 8 3
d 9 3
d 10 3
d 11 3
d 13 3
d 15 3
d 17 3
d 18 3
d 19 3
d 14 3
d 57 2
d 61 2
d 62 2
d 58 2
d 81 2
b 58
d 117 58
d 20 3
d 60 2
d 21 3
d 23 3
d 27 3
d 95 2
d 96 2
d 97 2
d 98 2
d 99 2
d 100 2
d 101 2
d 102 2
d 103 2
d 104 2
d 105 2
d 106 2
d 32 3
d 33 3
d 34 3
d 35 3
d 36 3
d 37 3
d 38 3
d 39 3
d 40 3
d 41 3
d 42 3
d 43 3
d 44 3
d 45 3
d 47 3
d 49 3
d 18 4
d 63 2
d 65 2
d 67 2
d 68 2
d 69 2
d 70 2
d 71 2
d 72 2
d 73 2
d 74 2
d 75 2
d 76 2
d 77 2
d 78 2
d 79 2
d 80 2
d 82 2
d 83 2
d 84 2
d 85 2
d 86 2
d 87 2
d 88 2
d 89 2
d 90 2
d 91 2
d 92 2
d 93 2
d 94 2
d 30 3
d 31 3
d 24 3
d 25 3
d 26 3
d 28 3
d 29 3
d 3 4
d 4 4
d 5 4
d 6 4
d 7 4
d 8 4
d 9 4
d 11 4
d 14 4
d 46 3
d 48 3
d 50 3
d 51 3
d 52 3
d 53 3
d 54 3
d 55 3
d 56 3
d 57 3
d 58 3
d 59 3
d 60 3
d 61 3
d 62 3
d 64 3
d 66 3
d 107 2
d 108 2
d 109 2
d 110 2
d 111 2
d 112 2
d 113 2
d 114 2
d 115 2
d 116 2
b 59
d 117 59
d 118 2
d 119 2
d 120 2
d 121 2
d 122 2
d 123 2
d 124 2
d 125 2
d 126 2
d 127 2
d 1 4
d 2 4
d 10 4
d 12 4
d 13 4
d 15 4
d 16 4
d 17 4
d 19 4
d 20 4
d 21 4
d 22 4
d 23 4
d 30 4
d 81 3
d 128 2
d 34 4
d 80 3
d 35 4
d 63 3
d 68 3
d 69 3
d 71 3
d 31 4
d 32 4
d 3 5
d 4 5
d 5 5
d 6 5
d 24 4
d 25 4
d 26 4
d 27 4
d 28 4
d 29 4
d 47 4
d 65 3
d 67 3
d 70 3
d 72 3
d 73 3
d 74 3
d 75 3
d 76 3
d 77 3
d 78 3
d 79 3
d 82 3
d 83 3
d 84 3
d 85 3
d 86 3
d 87 3
d 88 3
d 89 3
d 90 3
d 91 3
d 92 3
d 93 3
d 94 3
d 95 3
d 96 3
d 97 3
d 98 3
d 99 3
d 100 3
d 101 3
d 102 3
d 103 3
d 104 3
d 105 3
d 106 3
d 107 3
d 108 3
d 109 3
d 110 3
d 111 3
d 112 3
d 113 3
d 114 3
d 7 5
d 8 5
d 9 5
d 11 5
d 18 5
d 33 4
d 36 4
d 37 4
d 40 4
d 14 5
d 115 3
d 116 3
d 118 3
d 119 3
d 120 3
d 48 4
d 49 4
d 50 4
d 51 4
d 52 4
d 53 4
d 54 4
d 55 4
d 121 3
d 122 3
d 123 3
d 124 3
d 125 3
d 126 3
d 127 3
d 128 3
d 1 5
d 2 5
d 10 5
d 13 5
d 15 5
d 16 5
d 17 5
d 19 5
d 22 5
d 38 4
d 39 4
d 41 4
d 42 4
d 43 4
d 44 4
d 45 4
d 46 4
