b 1
d 94 1
b 2
d 94 2
b 3
d 94 3
b 4
d 94 4
b 5
d 94 5
b 6
d 94 6
b 7
d 94 7
b 8
d 94 8
b 9
d 94 9
b 10
d 94 10
b 11
d 94 11
b 12
d 94 12
b 13
d 94 13
b 14
d 94 14
b 15
d 94 15
b 16
d 94 16
b 17
d 94 17
b 18
d 94 18
b 19
d 94 19
b 20
d 94 20
b 21
d 94 21
b 22
d 94 22
b 23
d 94 23
b 24
d 94 24
d 3 1
d 14 1
d 18 1
d 6 1
b 25
d 94 25
b 26
d 94 26
b 27
d 94 27
b 28
d 94 28
b 29
d 94 29
b 30
d 94 30
b 31
d 94 31
b 32
d 94 32
d 5 1
d 14 2
d 3 2
d 11 1
d 7 1
d 8 1
d 9 1
d 13 1
d 4 1
d 4 2
b 33
d 94 33
b 34
d 94 34
b 35
d 94 35
b 36
d 94 36
b 37
d 94 37
b 38
d 94 38
b 39
d 94 39
b 40
d 94 40
d 17 1
d 1 1
d 2 1
d 12 1
d 15 1
d 16 1
d 30 1
b 41
d 94 41
b 42
d 94 42
b 43
d 94 43
b 44
d 94 44
b 45
d 94 45
b 46
d 94 46
b 47
d 94 47
b 48
d 94 48
d 22 1
b 49
d 94 49
b 50
d 94 50
b 51
d 94 51
b 52
d 94 52
b 53
d 94 53
b 54
d 94 54
b 55
d 94 55
b 56
d 94 56
b 57
d 94 57
b 58
d 94 58
b 59
d 94 59
b 60
d 94 60
b 61
d 94 61
b 62
d 94 62
b 63
d 94 63
b 64
d 94 64
b 65
d 94 65
b 66
d 94 66
b 67
d 94 67
b 68
d 94 68
b 69
d 94 69
b 70
d 94 70
b 71
d 94 71
b 72
d 94 72
d 18 2
d 19 1
d 20 1
d 9 2
d 11 2
d 5 2
d 7 2
d 2 2
b 73
d 94 73
b 74
d 94 74
b 75
d 94 75
b 76
d 94 76
b 77
d 94 77
b 78
d 94 78
b 79
d 94 79
b 80
d 94 80
b 81
d 94 81
b 82
d 94 82
b 83
d 94 83
b 84
d 94 84
b 85
d 94 85
b 86
d 94 86
b 87
d 94 87
b 88
d 94 88
b 89
d 94 89
b 90
d 94 90
b 91
d 94 91
b 92
d 94 92
b 93
d 94 93
b 94
d 94 94
b 95
d 94 95
b 96
d 94 96
b 97
d 94 97
b 98
d 94 98
b 99
d 94 99
b 100
d 94 100
b 101
d 94 101
b 102
d 94 102
b 103
d 94 103
b 104
d 94 104
b 105
d 94 105
b 106
d 94 106
b 107
d 94 107
b 108
d 94 108
b 109
d 94 109
b 110
d 94 110
b 111
d 94 111
b 112
d 94 112
d 1 2
