d 3 1
d 14 1
d 18 1
d 6 1
b 1
d 88 1
b 2
d 88 2
b 3
d 88 3
b 4
d 88 4
b 5
d 88 5
b 6
d 88 6
b 7
d 88 7
b 8
d 88 8
b 9
d 88 9
b 10
d 88 10
b 11
d 88 11
b 12
d 88 12
b 13
d 88 13
b 14
d 88 14
b 15
d 88 15
b 16
d 88 16
b 17
d 88 17
b 18
d 88 18
b 19
d 88 19
b 20
d 88 20
b 21
d 88 21
b 22
d 88 22
b 23
d 88 23
b 24
d 88 24
b 25
d 88 25
b 26
d 88 26
b 27
d 88 27
b 28
d 88 28
b 29
d 88 29
b 30
d 88 30
b 31
d 88 31
b 32
d 88 32
d 5 1
d 7 1
d 8 1
d 11 1
d 13 1
d 4 1
d 17 1
d 30 1
d 9 1
d 12 1
d 1 1
d 2 1
d 15 1
d 16 1
d 22 1
d 14 2
d 4 2
d 18 2
d 11 2
d 10 1
d 10 2
d 19 1
d 20 1
d 2 2
d 3 2
d 7 2
d 8 2
