b 1
d 100 1
b 2
d 100 2
b 3
d 100 3
b 4
d 100 4
b 5
d 100 5
b 6
d 100 6
b 7
d 100 7
b 8
d 100 8
b 9
d 100 9
b 10
d 100 10
b 11
d 100 11
b 12
d 100 12
b 13
d 100 13
b 14
d 100 14
b 15
d 100 15
b 16
d 100 16
d 3 1
d 8 1
d 5 1
d 1 1
d 7 1
d 2 1
d 4 1
d 6 1
d 1 2
d 2 2
d 3 2
d 4 2
d 6 2
d 5 2
d 10 1
d 23 1
d 16 1
d 16 2
d 18 1
d 22 1
d 22 2
d 11 1
d 10 2
d 7 2
d 8 2
d 23 2
d 15 1
d 20 1
d 13 1
d 14 1
d 17 1
d 11 2
d 15 2
d 18 2
d 20 2
d 14 2
d 12 1
d 21 1
d 36 1
d 19 1
d 13 2
d 42 1
d 31 1
d 9 1
d 9 2
d 24 1
d 25 1
d 26 1
d 29 1
d 32 1
d 30 1
d 17 2
d 21 2
d 34 1
d 43 1
