b 1
d 115 1
b 2
d 115 2
b 3
d 115 3
b 4
d 115 4
b 5
d 115 5
b 6
d 115 6
b 7
d 115 7
b 8
d 115 8
b 9
d 115 9
b 10
d 115 10
b 11
d 115 11
b 12
d 115 12
b 13
d 115 13
b 14
d 115 14
b 15
d 115 15
b 16
d 115 16
b 17
d 115 17
b 18
d 115 18
b 19
d 115 19
b 20
d 115 20
b 21
d 115 21
b 22
d 115 22
b 23
d 115 23
b 24
d 115 24
d 3 1
d 14 1
d 18 1
d 6 1
d 5 1
b 25
d 115 25
b 26
d 115 26
b 27
d 115 27
b 28
d 115 28
b 29
d 115 29
b 30
d 115 30
b 31
d 115 31
b 32
d 115 32
d 11 1
d 14 2
d 8 1
d 3 2
d 18 2
d 7 1
d 4 1
d 4 2
d 9 1
d 13 1
b 33
d 115 33
b 34
d 115 34
b 35
d 115 35
b 36
d 115 36
b 37
d 115 37
b 38
d 115 38
b 39
d 115 39
b 40
d 115 40
d 7 2
b 41
d 115 41
b 42
d 115 42
b 43
d 115 43
b 44
d 115 44
b 45
d 115 45
b 46
d 115 46
b 47
d 115 47
b 48
d 115 48
d 1 1
d 2 1
d 12 1
d 17 1
d 30 1
d 15 1
d 16 1
d 22 1
b 49
d 115 49
b 50
d 115 50
b 51
d 115 51
b 52
d 115 52
b 53
d 115 53
b 54
d 115 54
b 55
d 115 55
b 56
d 115 56
b 57
d 115 57
b 58
d 115 58
b 59
d 115 59
b 60
d 115 60
b 61
d 115 61
b 62
d 115 62
b 63
d 115 63
b 64
d 115 64
b 65
d 115 65
b 66
d 115 66
b 67
d 115 67
b 68
d 115 68
b 69
d 115 69
b 70
d 115 70
b 71
d 115 71
b 72
d 115 72
b 73
d 115 73
b 74
d 115 74
b 75
d 115 75
b 76
d 115 76
b 77
d 115 77
b 78
d 115 78
b 79
d 115 79
b 80
d 115 80
b 81
d 115 81
b 82
d 115 82
b 83
d 115 83
b 84
d 115 84
b 85
d 115 85
b 86
d 115 86
b 87
d 115 87
b 88
d 115 88
d 5 2
d 19 1
d 20 1
d 6 2
d 8 2
d 9 2
b 89
d 115 89
b 90
d 115 90
b 91
d 115 91
b 92
d 115 92
b 93
d 115 93
b 94
d 115 94
b 95
d 115 95
b 96
d 115 96
b 97
d 115 97
b 98
d 115 98
b 99
d 115 99
b 100
d 115 100
b 101
d 115 101
b 102
d 115 102
b 103
d 115 103
b 104
d 115 104
b 105
d 115 105
b 106
d 115 106
b 107
d 115 107
b 108
d 115 108
b 109
d 115 109
b 110
d 115 110
b 111
d 115 111
b 112
d 115 112
b 113
d 115 113
b 114
d 115 114
b 115
d 115 115
b 116
d 115 116
b 117
d 115 117
b 118
d 115 118
b 119
d 115 119
b 120
d 115 120
b 121
d 115 121
b 122
d 115 122
b 123
d 115 123
b 124
d 115 124
b 125
d 115 125
b 126
d 115 126
b 127
d 115 127
b 128
d 115 128
d 10 1
d 24 1
d 25 1
d 28 1
d 34 1
d 21 1
d 23 1
d 27 1
d 40 1
d 32 1
d 2 2
d 11 2
d 44 1
d 5 3
d 17 2
d 14 3
d 26 1
d 29 1
d 31 1
d 35 1
d 36 1
d 37 1
d 38 1
d 39 1
d 43 1
d 45 1
d 46 1
d 48 1
d 49 1
d 50 1
d 51 1
d 52 1
d 53 1
d 54 1
d 55 1
d 56 1
d 58 1
d 59 1
d 61 1
d 41 1
d 42 1
d 33 1
d 47 1
d 57 1
d 1 2
d 4 3
d 10 2
d 13 2
d 15 2
d 84 1
d 85 1
d 86 1
d 87 1
d 88 1
d 89 1
d 90 1
d 91 1
d 92 1
d 93 1
d 94 1
d 95 1
d 96 1
d 97 1
d 98 1
d 99 1
d 100 1
d 101 1
d 102 1
d 103 1
d 104 1
d 105 1
d 106 1
d 107 1
d 108 1
d 109 1
d 110 1
d 111 1
d 112 1
d 113 1
d 114 1
d 116 1
d 117 1
d 119 1
d 120 1
d 121 1
d 122 1
d 123 1
d 124 1
d 125 1
d 126 1
d 127 1
d 128 1
d 60 1
d 62 1
d 63 1
d 64 1
d 65 1
d 66 1
d 67 1
d 68 1
d 69 1
d 70 1
d 71 1
d 72 1
d 73 1
d 74 1
d 75 1
d 76 1
d 77 1
d 78 1
d 79 1
d 80 1
d 81 1
d 82 1
d 83 1
d 118 1
d 6 3
d 3 3
d 30 2
d 18 3
d 12 2
d 16 2
d 7 3
d 9 3
d 19 2
d 20 2
d 22 2
d 8 3
d 11 3
d 40 2
d 21 2
d 23 2
d 24 2
d 25 2
d 26 2
d 27 2
d 28 2
d 29 2
d 31 2
d 32 2
d 33 2
d 34 2
d 35 2
d 36 2
d 37 2
d 38 2
d 39 2
d 42 2
d 41 2
d 43 2
d 44 2
d 45 2
d 46 2
d 47 2
d 48 2
d 49 2
d 50 2
d 51 2
d 52 2
d 53 2
d 54 2
d 55 2
d 56 2
d 57 2
d 58 2
d 59 2
b 129
d 115 129
d 10 3
d 5 4
d 118 2
d 119 2
d 121 2
d 122 2
d 126 2
d 128 2
d 60 2
d 61 2
d 62 2
d 65 2
d 67 2
d 70 2
d 72 2
d 73 2
d 74 2
d 75 2
d 76 2
d 78 2
d 79 2
d 81 2
d 82 2
d 83 2
d 84 2
d 85 2
d 86 2
d 87 2
d 89 2
d 90 2
d 93 2
d 4 4
d 63 2
d 64 2
d 66 2
d 68 2
d 69 2
d 71 2
d 77 2
d 80 2
d 1 3
d 2 3
d 4 5
d 18 4
d 92 2
d 94 2
d 95 2
d 96 2
d 97 2
d 98 2
d 99 2
d 100 2
d 101 2
d 102 2
d 103 2
d 104 2
d 105 2
d 106 2
d 107 2
d 108 2
d 109 2
d 110 2
d 111 2
d 113 2
d 114 2
d 116 2
d 17 3
d 20 3
d 22 3
d 30 3
d 88 2
d 91 2
d 117 2
d 120 2
d 112 2
d 123 2
d 124 2
d 125 2
d 127 2
d 16 3
d 19 3
d 21 3
