java.lang.InterruptedException
	at java.base/java.util.concurrent.locks.ReentrantLock$Sync.lockInterruptibly(ReentrantLock.java:159)
	at java.base/java.util.concurrent.locks.ReentrantLock.lockInterruptibly(ReentrantLock.java:372)
	at java.base/java.util.concurrent.LinkedBlockingQueue.put(LinkedBlockingQueue.java:332)
	at cs451.process.Process.addPacketToAck(Process.java:129)
	at cs451.channel.StubbornLink.sendPackets(StubbornLink.java:55)
	at java.base/java.util.concurrent.ThreadPoolExecutor.runWorker(ThreadPoolExecutor.java:1136)
	at java.base/java.util.concurrent.ThreadPoolExecutor$Worker.run(ThreadPoolExecutor.java:635)
	at java.base/java.lang.Thread.run(Thread.java:833)
java.lang.InterruptedException
	at java.base/java.util.concurrent.locks.ReentrantLock$Sync.lockInterruptibly(ReentrantLock.java:159)
	at java.base/java.util.concurrent.locks.ReentrantLock.lockInterruptibly(ReentrantLock.java:372)
	at java.base/java.util.concurrent.LinkedBlockingQueue.put(LinkedBlockingQueue.java:332)
	at cs451.process.Process.addPacketToAck(Process.java:129)
	at cs451.channel.StubbornLink.sendPackets(StubbornLink.java:55)
	at java.base/java.util.concurrent.ThreadPoolExecutor.runWorker(ThreadPoolExecutor.java:1136)
	at java.base/java.util.concurrent.ThreadPoolExecutor$Worker.run(ThreadPoolExecutor.java:635)
	at java.base/java.lang.Thread.run(Thread.java:833)
java.lang.InterruptedException
	at java.base/java.util.concurrent.locks.ReentrantLock$Sync.lockInterruptibly(ReentrantLock.java:159)
	at java.base/java.util.concurrent.locks.ReentrantLock.lockInterruptibly(ReentrantLock.java:372)
	at java.base/java.util.concurrent.LinkedBlockingQueue.put(LinkedBlockingQueue.java:332)
	at cs451.process.Process.addPacketToAck(Process.java:129)
	at cs451.channel.StubbornLink.sendPackets(StubbornLink.java:55)
	at java.base/java.util.concurrent.ThreadPoolExecutor.runWorker(ThreadPoolExecutor.java:1136)
	at java.base/java.util.concurrent.ThreadPoolExecutor$Worker.run(ThreadPoolExecutor.java:635)
	at java.base/java.lang.Thread.run(Thread.java:833)
java.lang.InterruptedException
	at java.base/java.util.concurrent.locks.ReentrantLock$Sync.lockInterruptibly(ReentrantLock.java:159)
	at java.base/java.util.concurrent.locks.ReentrantLock.lockInterruptibly(ReentrantLock.java:372)
	at java.base/java.util.concurrent.LinkedBlockingQueue.put(LinkedBlockingQueue.java:332)
	at cs451.process.Process.addPacketToAck(Process.java:129)
	at cs451.channel.StubbornLink.sendPackets(StubbornLink.java:63)
	at java.base/java.util.concurrent.ThreadPoolExecutor.runWorker(ThreadPoolExecutor.java:1136)
	at java.base/java.util.concurrent.ThreadPoolExecutor$Worker.run(ThreadPoolExecutor.java:635)
	at java.base/java.lang.Thread.run(Thread.java:833)
