d 7 1
d 8 1
d 11 1
d 14 1
d 18 1
d 3 1
d 6 1
d 9 1
d 4 1
d 5 1
d 30 1
d 4 2
d 22 1
d 13 1
d 16 1
d 17 1
b 1
d 119 1
b 2
d 119 2
b 3
d 119 3
b 4
d 119 4
b 5
d 119 5
b 6
d 119 6
b 7
d 119 7
b 8
d 119 8
b 9
d 119 9
b 10
d 119 10
b 11
d 119 11
b 12
d 119 12
b 13
d 119 13
b 14
d 119 14
b 15
d 119 15
b 16
d 119 16
d 14 2
d 18 2
b 17
d 119 17
b 18
d 119 18
b 19
d 119 19
b 20
d 119 20
b 21
d 119 21
b 22
d 119 22
b 23
d 119 23
b 24
d 119 24
b 25
d 119 25
b 26
d 119 26
b 27
d 119 27
b 28
d 119 28
b 29
d 119 29
b 30
d 119 30
b 31
d 119 31
b 32
d 119 32
b 33
d 119 33
b 34
d 119 34
b 35
d 119 35
b 36
d 119 36
b 37
d 119 37
b 38
d 119 38
b 39
d 119 39
b 40
d 119 40
