b 1
d 101 1
b 2
d 101 2
b 3
d 101 3
b 4
d 101 4
b 5
d 101 5
b 6
d 101 6
b 7
d 101 7
b 8
d 101 8
b 9
d 101 9
b 10
d 101 10
b 11
d 101 11
b 12
d 101 12
b 13
d 101 13
b 14
d 101 14
b 15
d 101 15
b 16
d 101 16
b 17
d 101 17
b 18
d 101 18
b 19
d 101 19
b 20
d 101 20
b 21
d 101 21
b 22
d 101 22
b 23
d 101 23
b 24
d 101 24
d 3 1
d 14 1
b 25
d 101 25
b 26
d 101 26
b 27
d 101 27
b 28
d 101 28
b 29
d 101 29
b 30
d 101 30
b 31
d 101 31
b 32
d 101 32
d 18 1
d 6 1
d 5 1
d 11 1
d 8 1
d 4 1
d 7 1
d 9 1
d 13 1
b 33
d 101 33
b 34
d 101 34
b 35
d 101 35
b 36
d 101 36
b 37
d 101 37
b 38
d 101 38
b 39
d 101 39
b 40
d 101 40
d 2 1
d 17 1
d 12 1
d 15 1
d 1 1
d 14 2
d 4 2
d 16 1
d 30 1
d 22 1
b 41
d 101 41
b 42
d 101 42
b 43
d 101 43
b 44
d 101 44
b 45
d 101 45
b 46
d 101 46
b 47
d 101 47
b 48
d 101 48
b 49
d 101 49
b 50
d 101 50
b 51
d 101 51
b 52
d 101 52
b 53
d 101 53
b 54
d 101 54
b 55
d 101 55
b 56
d 101 56
b 57
d 101 57
b 58
d 101 58
b 59
d 101 59
b 60
d 101 60
b 61
d 101 61
b 62
d 101 62
b 63
d 101 63
b 64
d 101 64
b 65
d 101 65
b 66
d 101 66
b 67
d 101 67
b 68
d 101 68
b 69
d 101 69
b 70
d 101 70
b 71
d 101 71
b 72
d 101 72
d 9 2
d 11 2
d 24 1
d 10 1
d 10 2
d 19 1
d 20 1
d 21 1
d 23 1
d 18 2
d 3 2
d 25 1
d 26 1
d 27 1
d 28 1
d 31 1
d 32 1
d 34 1
d 35 1
d 36 1
d 37 1
d 39 1
d 40 1
d 41 1
d 42 1
d 43 1
d 47 1
d 48 1
d 33 1
d 44 1
d 45 1
d 46 1
d 29 1
d 38 1
d 7 2
d 8 2
