b 1
d 111 1
b 2
d 111 2
b 3
d 111 3
b 4
d 111 4
b 5
d 111 5
b 6
d 111 6
b 7
d 111 7
b 8
d 111 8
b 9
d 111 9
b 10
d 111 10
b 11
d 111 11
b 12
d 111 12
b 13
d 111 13
b 14
d 111 14
b 15
d 111 15
b 16
d 111 16
d 3 1
d 6 1
d 4 1
d 6 2
d 1 1
d 2 1
d 5 1
d 8 1
d 5 2
d 7 1
d 10 1
d 10 2
d 7 2
d 3 2
d 4 2
d 16 1
d 16 2
d 1 2
d 2 2
d 22 1
d 22 2
d 8 2
b 17
d 111 17
b 18
d 111 18
b 19
d 111 19
b 20
d 111 20
b 21
d 111 21
b 22
d 111 22
b 23
d 111 23
b 24
d 111 24
d 23 1
d 23 2
d 11 1
d 15 1
d 18 1
d 11 2
d 15 2
d 17 1
d 20 1
d 20 2
d 13 1
d 14 1
d 18 2
d 14 2
d 19 1
d 21 1
d 36 1
d 42 1
b 25
d 111 25
b 26
d 111 26
b 27
d 111 27
b 28
d 111 28
b 29
d 111 29
b 30
d 111 30
b 31
d 111 31
b 32
d 111 32
d 34 1
d 31 1
d 13 2
b 33
d 111 33
b 34
d 111 34
b 35
d 111 35
b 36
d 111 36
b 37
d 111 37
b 38
d 111 38
b 39
d 111 39
b 40
d 111 40
