b 1
d 122 1
b 2
d 122 2
b 3
d 122 3
b 4
d 122 4
b 5
d 122 5
b 6
d 122 6
b 7
d 122 7
b 8
d 122 8
d 7 1
d 10 1
d 1 1
d 1 2
d 4 1
d 5 1
d 6 1
d 8 1
d 9 1
d 11 1
d 12 1
d 14 1
d 17 1
d 18 1
d 18 2
d 19 1
d 20 1
d 21 1
d 4 2
d 4 3
d 5 2
d 22 1
b 9
d 122 9
b 10
d 122 10
b 11
d 122 11
b 12
d 122 12
b 13
d 122 13
b 14
d 122 14
b 15
d 122 15
b 16
d 122 16
b 17
d 122 17
b 18
d 122 18
b 19
d 122 19
b 20
d 122 20
b 21
d 122 21
b 22
d 122 22
b 23
d 122 23
b 24
d 122 24
d 2 1
d 3 1
d 11 2
d 12 2
d 14 2
d 23 1
d 24 1
d 25 1
d 26 1
d 10 2
d 13 1
d 15 1
d 16 1
d 16 2
d 27 1
d 28 1
d 29 1
d 30 1
d 31 1
d 32 1
d 5 3
d 6 2
d 7 2
d 15 2
d 17 2
d 19 2
d 20 2
d 21 2
d 2 2
d 2 3
d 7 3
d 11 3
d 12 3
d 12 4
d 14 3
d 3 2
d 3 3
d 1 3
d 2 4
d 18 3
d 19 3
d 1 4
d 4 4
d 7 4
d 17 3
d 17 4
d 64 1
d 65 1
d 67 1
d 68 1
d 69 1
d 73 1
d 13 2
d 13 3
d 13 4
d 31 2
d 8 2
d 9 2
d 16 3
d 20 3
d 11 4
d 14 4
d 15 3
d 18 4
d 19 4
d 70 1
d 72 1
d 74 1
d 77 1
d 78 1
d 82 1
d 83 1
d 86 1
d 108 1
b 25
d 122 25
d 28 2
d 31 3
d 16 4
d 3 4
d 6 3
d 6 4
d 6 5
d 10 3
d 10 4
d 10 5
d 70 2
d 73 2
d 74 2
d 78 2
d 108 2
b 26
d 122 26
d 108 3
b 27
d 122 27
d 103 1
d 108 4
b 28
d 122 28
d 11 5
d 12 5
d 13 5
d 17 5
d 18 5
d 19 5
d 15 4
d 20 4
d 22 2
d 22 3
d 22 4
d 24 2
d 24 3
d 24 4
d 25 2
d 65 2
d 67 2
d 67 3
d 69 2
d 21 3
d 21 4
d 26 2
d 26 3
d 26 4
d 27 2
d 8 3
d 8 4
d 8 5
d 9 3
d 9 4
d 9 5
d 5 4
d 5 5
d 3 5
d 7 5
d 4 5
d 15 5
d 16 5
d 23 2
d 14 5
d 14 6
d 36 1
d 11 6
d 12 6
d 103 2
d 108 5
d 33 1
d 34 1
d 34 2
d 32 2
d 29 2
d 29 3
d 29 4
d 30 2
d 30 3
d 31 4
d 35 1
d 35 2
d 38 1
d 37 1
d 37 2
d 28 3
d 42 1
d 42 2
d 44 1
d 44 2
d 45 1
d 40 1
d 40 2
d 36 2
d 2 5
d 39 1
d 41 1
d 41 2
d 43 1
d 43 2
d 46 1
d 47 1
d 48 1
d 49 1
