b 1
d 97 1
b 2
d 97 2
b 3
d 97 3
b 4
d 97 4
b 5
d 97 5
b 6
d 97 6
b 7
d 97 7
b 8
d 97 8
d 2 1
d 3 1
d 4 1
d 1 1
d 6 1
d 5 1
d 7 1
d 8 1
d 7 2
d 8 2
d 10 1
d 3 2
d 6 2
d 4 2
d 5 2
d 22 1
d 16 1
d 2 2
d 1 2
d 10 2
d 16 2
d 22 2
d 11 1
d 15 1
d 13 1
d 23 1
d 14 1
d 18 1
d 23 2
d 11 2
d 17 1
d 20 1
d 15 2
d 18 2
d 20 2
d 9 1
d 12 1
d 21 1
d 19 1
d 36 1
d 14 2
d 17 2
d 21 2
d 42 1
d 24 1
d 25 1
d 26 1
d 29 1
d 30 1
d 31 1
d 32 1
d 34 1
d 35 1
d 27 1
d 28 1
d 38 1
d 40 1
d 33 1
d 39 1
d 37 1
d 6 3
d 13 2
d 43 1
d 46 1
d 48 1
d 45 1
d 47 1
d 41 1
d 44 1
d 49 1
d 53 1
d 52 1
d 50 1
d 51 1
d 54 1
d 55 1
d 57 1
