b 1
d 107 1
b 2
d 107 2
b 3
d 107 3
b 4
d 107 4
b 5
d 107 5
b 6
d 107 6
b 7
d 107 7
b 8
d 107 8
b 9
d 107 9
b 10
d 107 10
b 11
d 107 11
b 12
d 107 12
b 13
d 107 13
b 14
d 107 14
b 15
d 107 15
b 16
d 107 16
b 17
d 107 17
b 18
d 107 18
b 19
d 107 19
b 20
d 107 20
b 21
d 107 21
b 22
d 107 22
b 23
d 107 23
b 24
d 107 24
d 1 1
d 3 1
d 2 1
d 4 1
d 6 1
d 6 2
d 7 1
d 8 1
d 3 2
d 4 2
d 7 2
d 2 2
d 5 1
d 5 2
d 1 2
d 10 1
d 10 2
d 8 2
d 16 1
d 16 2
d 22 1
d 22 2
d 23 1
d 23 2
d 15 1
d 18 1
d 11 1
d 13 1
d 15 2
d 11 2
d 18 2
d 14 1
d 17 1
d 20 1
d 20 2
b 25
d 107 25
b 26
d 107 26
b 27
d 107 27
b 28
d 107 28
b 29
d 107 29
b 30
d 107 30
b 31
d 107 31
b 32
d 107 32
d 14 2
d 21 1
d 36 1
d 42 1
d 19 1
b 33
d 107 33
b 34
d 107 34
b 35
d 107 35
b 36
d 107 36
b 37
d 107 37
b 38
d 107 38
b 39
d 107 39
b 40
d 107 40
d 31 1
d 34 1
d 21 2
d 13 2
d 17 2
d 43 1
