b 1
d 93 1
b 2
d 93 2
b 3
d 93 3
b 4
d 93 4
b 5
d 93 5
b 6
d 93 6
b 7
d 93 7
b 8
d 93 8
b 9
d 93 9
b 10
d 93 10
b 11
d 93 11
b 12
d 93 12
b 13
d 93 13
b 14
d 93 14
b 15
d 93 15
b 16
d 93 16
b 17
d 93 17
b 18
d 93 18
b 19
d 93 19
b 20
d 93 20
b 21
d 93 21
b 22
d 93 22
b 23
d 93 23
b 24
d 93 24
d 3 1
d 8 1
d 1 1
d 4 1
d 6 1
d 7 1
d 10 1
d 2 1
d 6 2
d 10 2
d 3 2
d 4 2
d 5 1
d 5 2
d 16 1
d 16 2
d 22 1
d 22 2
d 7 2
d 2 2
d 1 2
d 23 1
d 23 2
d 8 2
d 11 1
d 11 2
d 15 1
d 15 2
d 18 1
d 18 2
d 20 1
d 13 1
d 14 1
d 17 1
d 20 2
d 14 2
d 6 3
d 17 2
d 21 1
d 12 1
d 36 1
d 13 2
d 9 1
d 21 2
d 19 1
d 25 1
d 26 1
d 29 1
d 31 1
d 32 1
d 30 1
d 24 1
d 42 1
d 27 1
d 34 1
d 35 1
d 38 1
d 40 1
d 43 1
d 28 1
d 33 1
d 37 1
d 39 1
d 41 1
d 44 1
d 45 1
d 46 1
d 47 1
d 48 1
d 49 1
d 53 1
d 54 1
d 55 1
d 56 1
d 57 1
d 58 1
d 59 1
d 60 1
d 64 1
d 67 1
d 68 1
d 69 1
d 76 1
d 77 1
d 51 1
d 50 1
d 52 1
d 62 1
d 63 1
d 70 1
d 71 1
d 80 1
d 75 1
d 5 3
