d 7 1
d 10 1
d 14 1
d 4 1
d 4 2
d 4 3
d 7 2
d 7 3
d 7 4
d 6 1
d 6 2
d 6 3
d 8 1
d 9 1
d 11 1
d 12 1
d 15 1
d 18 1
d 5 1
d 5 2
d 5 3
d 5 4
d 10 2
d 10 3
d 14 2
d 18 2
d 1 1
d 1 2
d 2 1
d 2 2
d 11 2
d 12 2
d 3 1
d 3 2
d 13 1
d 17 1
d 17 2
d 1 3
d 2 3
d 6 4
d 4 4
d 10 4
d 1 4
d 3 3
d 3 4
d 14 3
d 2 4
d 21 1
d 20 1
d 18 3
d 20 2
d 11 3
d 12 3
d 12 4
d 18 4
d 8 2
d 8 3
d 9 2
d 6 5
d 7 5
d 19 1
b 1
d 123 1
b 2
d 123 2
b 3
d 123 3
b 4
d 123 4
b 5
d 123 5
b 6
d 123 6
b 7
d 123 7
b 8
d 123 8
b 9
d 123 9
b 10
d 123 10
b 11
d 123 11
b 12
d 123 12
b 13
d 123 13
b 14
d 123 14
b 15
d 123 15
b 16
d 123 16
b 17
d 123 17
b 18
d 123 18
b 19
d 123 19
b 20
d 123 20
b 21
d 123 21
b 22
d 123 22
b 23
d 123 23
b 24
d 123 24
b 25
d 123 25
b 26
d 123 26
b 27
d 123 27
b 28
d 123 28
b 29
d 123 29
b 30
d 123 30
b 31
d 123 31
b 32
d 123 32
b 33
d 123 33
b 34
d 123 34
b 35
d 123 35
b 36
d 123 36
b 37
d 123 37
b 38
d 123 38
b 39
d 123 39
b 40
d 123 40
b 41
d 123 41
b 42
d 123 42
b 43
d 123 43
b 44
d 123 44
b 45
d 123 45
b 46
d 123 46
b 47
d 123 47
b 48
d 123 48
b 49
d 123 49
b 50
d 123 50
b 51
d 123 51
b 52
d 123 52
b 53
d 123 53
b 54
d 123 54
b 55
d 123 55
b 56
d 123 56
b 57
d 123 57
b 58
d 123 58
b 59
d 123 59
b 60
d 123 60
b 61
d 123 61
b 62
d 123 62
b 63
d 123 63
b 64
d 123 64
b 65
d 123 65
b 66
d 123 66
b 67
d 123 67
b 68
d 123 68
b 69
d 123 69
b 70
d 123 70
b 71
d 123 71
b 72
d 123 72
b 73
d 123 73
b 74
d 123 74
b 75
d 123 75
b 76
d 123 76
b 77
d 123 77
b 78
d 123 78
b 79
d 123 79
b 80
d 123 80
b 81
d 123 81
b 82
d 123 82
b 83
d 123 83
b 84
d 123 84
b 85
d 123 85
b 86
d 123 86
b 87
d 123 87
b 88
d 123 88
b 89
d 123 89
b 90
d 123 90
b 91
d 123 91
b 92
d 123 92
b 93
d 123 93
b 94
d 123 94
b 95
d 123 95
b 96
d 123 96
b 97
d 123 97
b 98
d 123 98
b 99
d 123 99
b 100
d 123 100
b 101
d 123 101
b 102
d 123 102
b 103
d 123 103
b 104
d 123 104
b 105
d 123 105
b 106
d 123 106
b 107
d 123 107
b 108
d 123 108
b 109
d 123 109
b 110
d 123 110
b 111
d 123 111
b 112
d 123 112
d 9 3
d 16 1
d 22 1
d 14 4
b 113
d 123 113
b 114
d 123 114
b 115
d 123 115
b 116
d 123 116
b 117
d 123 117
b 118
d 123 118
b 119
d 123 119
b 120
d 123 120
b 121
d 123 121
b 122
d 123 122
b 123
d 123 123
b 124
d 123 124
b 125
d 123 125
b 126
d 123 126
b 127
d 123 127
b 128
d 123 128
b 129
d 123 129
b 130
d 123 130
b 131
d 123 131
b 132
d 123 132
b 133
d 123 133
b 134
d 123 134
b 135
d 123 135
b 136
d 123 136
b 137
d 123 137
b 138
d 123 138
b 139
d 123 139
b 140
d 123 140
b 141
d 123 141
b 142
d 123 142
b 143
d 123 143
b 144
d 123 144
b 145
d 123 145
b 146
d 123 146
b 147
d 123 147
b 148
d 123 148
b 149
d 123 149
b 150
d 123 150
b 151
d 123 151
b 152
d 123 152
b 153
d 123 153
b 154
d 123 154
b 155
d 123 155
b 156
d 123 156
b 157
d 123 157
b 158
d 123 158
b 159
d 123 159
b 160
d 123 160
b 161
d 123 161
b 162
d 123 162
b 163
d 123 163
b 164
d 123 164
b 165
d 123 165
b 166
d 123 166
b 167
d 123 167
b 168
d 123 168
b 169
d 123 169
b 170
d 123 170
b 171
d 123 171
b 172
d 123 172
b 173
d 123 173
b 174
d 123 174
b 175
d 123 175
b 176
d 123 176
d 19 2
d 21 2
d 15 2
b 177
d 123 177
b 178
d 123 178
b 179
d 123 179
b 180
d 123 180
b 181
d 123 181
b 182
d 123 182
b 183
d 123 183
b 184
d 123 184
b 185
d 123 185
b 186
d 123 186
b 187
d 123 187
b 188
d 123 188
b 189
d 123 189
b 190
d 123 190
b 191
d 123 191
b 192
d 123 192
b 193
d 123 193
b 194
d 123 194
b 195
d 123 195
b 196
d 123 196
b 197
d 123 197
b 198
d 123 198
b 199
d 123 199
b 200
d 123 200
b 201
d 123 201
b 202
d 123 202
b 203
d 123 203
b 204
d 123 204
b 205
d 123 205
b 206
d 123 206
b 207
d 123 207
b 208
d 123 208
b 209
d 123 209
b 210
d 123 210
b 211
d 123 211
b 212
d 123 212
b 213
d 123 213
b 214
d 123 214
b 215
d 123 215
b 216
d 123 216
b 217
d 123 217
b 218
d 123 218
b 219
d 123 219
b 220
d 123 220
b 221
d 123 221
b 222
d 123 222
b 223
d 123 223
b 224
d 123 224
b 225
d 123 225
b 226
d 123 226
b 227
d 123 227
b 228
d 123 228
b 229
d 123 229
b 230
d 123 230
b 231
d 123 231
b 232
d 123 232
b 233
d 123 233
b 234
d 123 234
b 235
d 123 235
b 236
d 123 236
b 237
d 123 237
b 238
d 123 238
b 239
d 123 239
b 240
d 123 240
b 241
d 123 241
b 242
d 123 242
b 243
d 123 243
b 244
d 123 244
b 245
d 123 245
b 246
d 123 246
b 247
d 123 247
b 248
d 123 248
b 249
d 123 249
b 250
d 123 250
b 251
d 123 251
b 252
d 123 252
b 253
d 123 253
b 254
d 123 254
b 255
d 123 255
b 256
d 123 256
d 8 4
d 26 1
d 36 1
d 11 4
d 17 3
d 17 4
d 10 5
d 19 3
d 4 5
d 5 5
d 22 2
d 3 5
d 24 1
d 29 1
d 20 3
d 26 2
d 25 1
d 31 1
d 31 2
d 32 1
d 38 1
d 13 2
d 13 3
d 24 2
d 29 2
d 36 2
d 26 3
d 17 5
d 1 5
d 2 5
d 3 6
d 32 2
d 42 1
d 42 2
d 6 6
d 18 5
d 16 2
d 23 1
d 15 3
d 28 1
d 52 1
d 12 5
d 21 3
d 22 3
d 27 1
d 27 2
d 30 1
d 30 2
d 33 1
d 34 1
d 35 1
d 37 1
d 37 2
d 39 1
d 40 1
d 41 1
d 43 1
d 44 1
d 45 1
d 46 1
d 47 1
d 48 1
d 50 1
d 51 1
d 54 1
d 7 6
d 13 4
d 14 5
d 25 2
d 28 2
d 1 6
d 41 2
d 45 2
d 49 1
d 34 2
d 35 2
d 38 2
d 39 2
d 40 2
d 43 2
d 44 2
d 46 2
d 47 2
d 50 2
d 51 2
d 52 2
d 11 5
d 8 5
d 15 4
d 19 4
d 53 1
d 57 1
d 58 1
d 60 1
d 62 1
d 63 1
d 64 1
d 65 1
d 66 1
d 67 1
d 68 1
d 74 1
d 23 2
d 33 2
d 5 6
d 10 6
d 57 2
d 58 2
d 63 2
d 65 2
d 66 2
d 67 2
d 68 2
d 4 6
d 55 1
d 56 1
d 59 1
d 59 2
d 61 1
