java.lang.InterruptedException
	at java.base/java.util.concurrent.locks.ReentrantLock$Sync.lockInterruptibly(ReentrantLock.java:159)
	at java.base/java.util.concurrent.locks.ReentrantLock.lockInterruptibly(ReentrantLock.java:372)
	at java.base/java.util.concurrent.LinkedBlockingQueue.put(LinkedBlockingQueue.java:332)
	at cs451.link.FairLossLink.enqueuePacket(FairLossLink.java:54)
	at cs451.link.StubbornLink.deliver(StubbornLink.java:28)
	at cs451.link.Link.callback(Link.java:37)
	at cs451.link.FairLossLink.receivePackets(FairLossLink.java:83)
	at java.base/java.util.concurrent.ThreadPoolExecutor.runWorker(ThreadPoolExecutor.java:1136)
	at java.base/java.util.concurrent.ThreadPoolExecutor$Worker.run(ThreadPoolExecutor.java:635)
	at java.base/java.lang.Thread.run(Thread.java:833)
java.lang.InterruptedException
	at java.base/java.util.concurrent.locks.ReentrantLock$Sync.lockInterruptibly(ReentrantLock.java:159)
	at java.base/java.util.concurrent.locks.ReentrantLock.lockInterruptibly(ReentrantLock.java:372)
	at java.base/java.util.concurrent.LinkedBlockingQueue.put(LinkedBlockingQueue.java:332)
	at cs451.link.FairLossLink.enqueuePacket(FairLossLink.java:54)
	at cs451.link.StubbornLink.deliver(StubbornLink.java:28)
	at cs451.link.Link.callback(Link.java:37)
	at cs451.link.FairLossLink.receivePackets(FairLossLink.java:83)
	at java.base/java.util.concurrent.ThreadPoolExecutor.runWorker(ThreadPoolExecutor.java:1136)
	at java.base/java.util.concurrent.ThreadPoolExecutor$Worker.run(ThreadPoolExecutor.java:635)
	at java.base/java.lang.Thread.run(Thread.java:833)
java.lang.InterruptedException
	at java.base/java.util.concurrent.locks.ReentrantLock$Sync.lockInterruptibly(ReentrantLock.java:159)
	at java.base/java.util.concurrent.locks.ReentrantLock.lockInterruptibly(ReentrantLock.java:372)
	at java.base/java.util.concurrent.LinkedBlockingQueue.put(LinkedBlockingQueue.java:332)
	at cs451.link.FairLossLink.enqueuePacket(FairLossLink.java:54)
	at cs451.link.StubbornLink.deliver(StubbornLink.java:28)
	at cs451.link.Link.callback(Link.java:37)
	at cs451.link.FairLossLink.receivePackets(FairLossLink.java:83)
	at java.base/java.util.concurrent.ThreadPoolExecutor.runWorker(ThreadPoolExecutor.java:1136)
	at java.base/java.util.concurrent.ThreadPoolExecutor$Worker.run(ThreadPoolExecutor.java:635)
	at java.base/java.lang.Thread.run(Thread.java:833)
java.lang.InterruptedException
	at java.base/java.util.concurrent.locks.ReentrantLock$Sync.lockInterruptibly(ReentrantLock.java:159)
	at java.base/java.util.concurrent.locks.ReentrantLock.lockInterruptibly(ReentrantLock.java:372)
	at java.base/java.util.concurrent.LinkedBlockingQueue.put(LinkedBlockingQueue.java:332)
	at cs451.link.FairLossLink.enqueuePacket(FairLossLink.java:54)
	at cs451.link.StubbornLink.deliver(StubbornLink.java:28)
	at cs451.link.Link.callback(Link.java:37)
	at cs451.link.FairLossLink.receivePackets(FairLossLink.java:83)
	at java.base/java.util.concurrent.ThreadPoolExecutor.runWorker(ThreadPoolExecutor.java:1136)
	at java.base/java.util.concurrent.ThreadPoolExecutor$Worker.run(ThreadPoolExecutor.java:635)
	at java.base/java.lang.Thread.run(Thread.java:833)
java.lang.InterruptedException
	at java.base/java.util.concurrent.locks.ReentrantLock$Sync.lockInterruptibly(ReentrantLock.java:159)
	at java.base/java.util.concurrent.locks.ReentrantLock.lockInterruptibly(ReentrantLock.java:372)
	at java.base/java.util.concurrent.LinkedBlockingQueue.put(LinkedBlockingQueue.java:332)
	at cs451.link.FairLossLink.enqueuePacket(FairLossLink.java:54)
	at cs451.link.StubbornLink.deliver(StubbornLink.java:28)
	at cs451.link.Link.callback(Link.java:37)
	at cs451.link.FairLossLink.receivePackets(FairLossLink.java:83)
	at java.base/java.util.concurrent.ThreadPoolExecutor.runWorker(ThreadPoolExecutor.java:1136)
	at java.base/java.util.concurrent.ThreadPoolExecutor$Worker.run(ThreadPoolExecutor.java:635)
	at java.base/java.lang.Thread.run(Thread.java:833)
java.lang.InterruptedException
	at java.base/java.util.concurrent.locks.ReentrantLock$Sync.lockInterruptibly(ReentrantLock.java:159)
	at java.base/java.util.concurrent.locks.ReentrantLock.lockInterruptibly(ReentrantLock.java:372)
	at java.base/java.util.concurrent.LinkedBlockingQueue.put(LinkedBlockingQueue.java:332)
	at cs451.link.FairLossLink.enqueuePacket(FairLossLink.java:54)
	at cs451.link.StubbornLink.deliver(StubbornLink.java:28)
	at cs451.link.Link.callback(Link.java:37)
	at cs451.link.FairLossLink.receivePackets(FairLossLink.java:83)
	at java.base/java.util.concurrent.ThreadPoolExecutor.runWorker(ThreadPoolExecutor.java:1136)
	at java.base/java.util.concurrent.ThreadPoolExecutor$Worker.run(ThreadPoolExecutor.java:635)
	at java.base/java.lang.Thread.run(Thread.java:833)
java.lang.InterruptedException
	at java.base/java.util.concurrent.locks.ReentrantLock$Sync.lockInterruptibly(ReentrantLock.java:159)
	at java.base/java.util.concurrent.locks.ReentrantLock.lockInterruptibly(ReentrantLock.java:372)
	at java.base/java.util.concurrent.LinkedBlockingQueue.put(LinkedBlockingQueue.java:332)
	at cs451.link.FairLossLink.enqueuePacket(FairLossLink.java:54)
	at cs451.link.StubbornLink.deliver(StubbornLink.java:28)
	at cs451.link.Link.callback(Link.java:37)
	at cs451.link.FairLossLink.receivePackets(FairLossLink.java:83)
	at java.base/java.util.concurrent.ThreadPoolExecutor.runWorker(ThreadPoolExecutor.java:1136)
	at java.base/java.util.concurrent.ThreadPoolExecutor$Worker.run(ThreadPoolExecutor.java:635)
	at java.base/java.lang.Thread.run(Thread.java:833)
java.lang.InterruptedException
	at java.base/java.util.concurrent.locks.ReentrantLock$Sync.lockInterruptibly(ReentrantLock.java:159)
	at java.base/java.util.concurrent.locks.ReentrantLock.lockInterruptibly(ReentrantLock.java:372)
	at java.base/java.util.concurrent.LinkedBlockingQueue.put(LinkedBlockingQueue.java:332)
	at cs451.link.FairLossLink.enqueuePacket(FairLossLink.java:54)
	at cs451.link.StubbornLink.deliver(StubbornLink.java:28)
	at cs451.link.Link.callback(Link.java:37)
	at cs451.link.FairLossLink.receivePackets(FairLossLink.java:83)
	at java.base/java.util.concurrent.ThreadPoolExecutor.runWorker(ThreadPoolExecutor.java:1136)
	at java.base/java.util.concurrent.ThreadPoolExecutor$Worker.run(ThreadPoolExecutor.java:635)
	at java.base/java.lang.Thread.run(Thread.java:833)
java.lang.InterruptedException
	at java.base/java.util.concurrent.locks.ReentrantLock$Sync.lockInterruptibly(ReentrantLock.java:159)
	at java.base/java.util.concurrent.locks.ReentrantLock.lockInterruptibly(ReentrantLock.java:372)
	at java.base/java.util.concurrent.LinkedBlockingQueue.put(LinkedBlockingQueue.java:332)
	at cs451.link.FairLossLink.enqueuePacket(FairLossLink.java:54)
	at cs451.link.StubbornLink.deliver(StubbornLink.java:28)
	at cs451.link.Link.callback(Link.java:37)
	at cs451.link.FairLossLink.receivePackets(FairLossLink.java:83)
	at java.base/java.util.concurrent.ThreadPoolExecutor.runWorker(ThreadPoolExecutor.java:1136)
	at java.base/java.util.concurrent.ThreadPoolExecutor$Worker.run(ThreadPoolExecutor.java:635)
	at java.base/java.lang.Thread.run(Thread.java:833)
java.lang.InterruptedException
	at java.base/java.util.concurrent.locks.ReentrantLock$Sync.lockInterruptibly(ReentrantLock.java:159)
	at java.base/java.util.concurrent.locks.ReentrantLock.lockInterruptibly(ReentrantLock.java:372)
	at java.base/java.util.concurrent.LinkedBlockingQueue.put(LinkedBlockingQueue.java:332)
	at cs451.link.FairLossLink.enqueuePacket(FairLossLink.java:54)
	at cs451.link.StubbornLink.deliver(StubbornLink.java:28)
	at cs451.link.Link.callback(Link.java:37)
	at cs451.link.FairLossLink.receivePackets(FairLossLink.java:83)
	at java.base/java.util.concurrent.ThreadPoolExecutor.runWorker(ThreadPoolExecutor.java:1136)
	at java.base/java.util.concurrent.ThreadPoolExecutor$Worker.run(ThreadPoolExecutor.java:635)
	at java.base/java.lang.Thread.run(Thread.java:833)
java.lang.InterruptedException
	at java.base/java.util.concurrent.locks.ReentrantLock$Sync.lockInterruptibly(ReentrantLock.java:159)
	at java.base/java.util.concurrent.locks.ReentrantLock.lockInterruptibly(ReentrantLock.java:372)
	at java.base/java.util.concurrent.LinkedBlockingQueue.put(LinkedBlockingQueue.java:332)
	at cs451.link.FairLossLink.enqueuePacket(FairLossLink.java:54)
	at cs451.link.StubbornLink.deliver(StubbornLink.java:28)
	at cs451.link.Link.callback(Link.java:37)
	at cs451.link.FairLossLink.receivePackets(FairLossLink.java:83)
	at java.base/java.util.concurrent.ThreadPoolExecutor.runWorker(ThreadPoolExecutor.java:1136)
	at java.base/java.util.concurrent.ThreadPoolExecutor$Worker.run(ThreadPoolExecutor.java:635)
	at java.base/java.lang.Thread.run(Thread.java:833)
java.lang.InterruptedException
	at java.base/java.util.concurrent.locks.ReentrantLock$Sync.lockInterruptibly(ReentrantLock.java:159)
	at java.base/java.util.concurrent.locks.ReentrantLock.lockInterruptibly(ReentrantLock.java:372)
	at java.base/java.util.concurrent.LinkedBlockingQueue.put(LinkedBlockingQueue.java:332)
	at cs451.link.FairLossLink.enqueuePacket(FairLossLink.java:54)
	at cs451.link.StubbornLink.deliver(StubbornLink.java:28)
	at cs451.link.Link.callback(Link.java:37)
	at cs451.link.FairLossLink.receivePackets(FairLossLink.java:83)
	at java.base/java.util.concurrent.ThreadPoolExecutor.runWorker(ThreadPoolExecutor.java:1136)
	at java.base/java.util.concurrent.ThreadPoolExecutor$Worker.run(ThreadPoolExecutor.java:635)
	at java.base/java.lang.Thread.run(Thread.java:833)
java.lang.InterruptedException
	at java.base/java.util.concurrent.locks.ReentrantLock$Sync.lockInterruptibly(ReentrantLock.java:159)
	at java.base/java.util.concurrent.locks.ReentrantLock.lockInterruptibly(ReentrantLock.java:372)
	at java.base/java.util.concurrent.LinkedBlockingQueue.put(LinkedBlockingQueue.java:332)
	at cs451.link.FairLossLink.enqueuePacket(FairLossLink.java:54)
	at cs451.link.StubbornLink.deliver(StubbornLink.java:28)
	at cs451.link.Link.callback(Link.java:37)
	at cs451.link.FairLossLink.receivePackets(FairLossLink.java:83)
	at java.base/java.util.concurrent.ThreadPoolExecutor.runWorker(ThreadPoolExecutor.java:1136)
	at java.base/java.util.concurrent.ThreadPoolExecutor$Worker.run(ThreadPoolExecutor.java:635)
	at java.base/java.lang.Thread.run(Thread.java:833)
java.lang.InterruptedException
	at java.base/java.util.concurrent.locks.ReentrantLock$Sync.lockInterruptibly(ReentrantLock.java:159)
	at java.base/java.util.concurrent.locks.ReentrantLock.lockInterruptibly(ReentrantLock.java:372)
	at java.base/java.util.concurrent.LinkedBlockingQueue.put(LinkedBlockingQueue.java:332)
	at cs451.link.FairLossLink.enqueuePacket(FairLossLink.java:54)
	at cs451.link.StubbornLink.deliver(StubbornLink.java:28)
	at cs451.link.Link.callback(Link.java:37)
	at cs451.link.FairLossLink.receivePackets(FairLossLink.java:83)
	at java.base/java.util.concurrent.ThreadPoolExecutor.runWorker(ThreadPoolExecutor.java:1136)
	at java.base/java.util.concurrent.ThreadPoolExecutor$Worker.run(ThreadPoolExecutor.java:635)
	at java.base/java.lang.Thread.run(Thread.java:833)
java.lang.InterruptedException
	at java.base/java.util.concurrent.locks.ReentrantLock$Sync.lockInterruptibly(ReentrantLock.java:159)
	at java.base/java.util.concurrent.locks.ReentrantLock.lockInterruptibly(ReentrantLock.java:372)
	at java.base/java.util.concurrent.LinkedBlockingQueue.put(LinkedBlockingQueue.java:332)
	at cs451.link.FairLossLink.enqueuePacket(FairLossLink.java:54)
	at cs451.link.StubbornLink.deliver(StubbornLink.java:28)
	at cs451.link.Link.callback(Link.java:37)
	at cs451.link.FairLossLink.receivePackets(FairLossLink.java:83)
	at java.base/java.util.concurrent.ThreadPoolExecutor.runWorker(ThreadPoolExecutor.java:1136)
	at java.base/java.util.concurrent.ThreadPoolExecutor$Worker.run(ThreadPoolExecutor.java:635)
	at java.base/java.lang.Thread.run(Thread.java:833)
java.lang.InterruptedException
	at java.base/java.util.concurrent.locks.ReentrantLock$Sync.lockInterruptibly(ReentrantLock.java:159)
	at java.base/java.util.concurrent.locks.ReentrantLock.lockInterruptibly(ReentrantLock.java:372)
	at java.base/java.util.concurrent.LinkedBlockingQueue.put(LinkedBlockingQueue.java:332)
	at cs451.link.FairLossLink.enqueuePacket(FairLossLink.java:54)
	at cs451.link.StubbornLink.deliver(StubbornLink.java:28)
	at cs451.link.Link.callback(Link.java:37)
	at cs451.link.FairLossLink.receivePackets(FairLossLink.java:83)
	at java.base/java.util.concurrent.ThreadPoolExecutor.runWorker(ThreadPoolExecutor.java:1136)
	at java.base/java.util.concurrent.ThreadPoolExecutor$Worker.run(ThreadPoolExecutor.java:635)
	at java.base/java.lang.Thread.run(Thread.java:833)
java.lang.InterruptedException
	at java.base/java.util.concurrent.locks.ReentrantLock$Sync.lockInterruptibly(ReentrantLock.java:159)
	at java.base/java.util.concurrent.locks.ReentrantLock.lockInterruptibly(ReentrantLock.java:372)
	at java.base/java.util.concurrent.LinkedBlockingQueue.put(LinkedBlockingQueue.java:332)
	at cs451.link.FairLossLink.enqueuePacket(FairLossLink.java:54)
	at cs451.link.StubbornLink.deliver(StubbornLink.java:28)
	at cs451.link.Link.callback(Link.java:37)
	at cs451.link.FairLossLink.receivePackets(FairLossLink.java:83)
	at java.base/java.util.concurrent.ThreadPoolExecutor.runWorker(ThreadPoolExecutor.java:1136)
	at java.base/java.util.concurrent.ThreadPoolExecutor$Worker.run(ThreadPoolExecutor.java:635)
	at java.base/java.lang.Thread.run(Thread.java:833)
java.lang.InterruptedException
	at java.base/java.util.concurrent.locks.ReentrantLock$Sync.lockInterruptibly(ReentrantLock.java:159)
	at java.base/java.util.concurrent.locks.ReentrantLock.lockInterruptibly(ReentrantLock.java:372)
	at java.base/java.util.concurrent.LinkedBlockingQueue.put(LinkedBlockingQueue.java:332)
	at cs451.link.FairLossLink.enqueuePacket(FairLossLink.java:54)
	at cs451.link.StubbornLink.deliver(StubbornLink.java:28)
	at cs451.link.Link.callback(Link.java:37)
	at cs451.link.FairLossLink.receivePackets(FairLossLink.java:83)
	at java.base/java.util.concurrent.ThreadPoolExecutor.runWorker(ThreadPoolExecutor.java:1136)
	at java.base/java.util.concurrent.ThreadPoolExecutor$Worker.run(ThreadPoolExecutor.java:635)
	at java.base/java.lang.Thread.run(Thread.java:833)
java.lang.InterruptedException
	at java.base/java.util.concurrent.locks.ReentrantLock$Sync.lockInterruptibly(ReentrantLock.java:159)
	at java.base/java.util.concurrent.locks.ReentrantLock.lockInterruptibly(ReentrantLock.java:372)
	at java.base/java.util.concurrent.LinkedBlockingQueue.put(LinkedBlockingQueue.java:332)
	at cs451.link.FairLossLink.enqueuePacket(FairLossLink.java:54)
	at cs451.link.StubbornLink.deliver(StubbornLink.java:28)
	at cs451.link.Link.callback(Link.java:37)
	at cs451.link.FairLossLink.receivePackets(FairLossLink.java:83)
	at java.base/java.util.concurrent.ThreadPoolExecutor.runWorker(ThreadPoolExecutor.java:1136)
	at java.base/java.util.concurrent.ThreadPoolExecutor$Worker.run(ThreadPoolExecutor.java:635)
	at java.base/java.lang.Thread.run(Thread.java:833)
