d 7 1
d 8 1
d 9 1
d 10 1
d 11 1
d 12 1
d 3 1
d 4 1
d 4 2
d 7 2
d 8 2
d 9 2
d 10 2
d 11 2
d 11 3
d 1 1
d 1 2
d 1 3
d 2 1
d 5 1
d 5 2
d 6 1
d 6 2
d 13 1
d 14 1
d 14 2
d 14 3
d 15 1
d 17 1
d 17 2
d 18 1
d 18 2
d 18 3
d 2 2
d 3 2
d 5 3
d 3 3
d 4 3
d 5 4
d 6 3
d 7 3
d 10 3
d 1 4
d 3 4
d 4 4
d 6 4
d 7 4
d 10 4
d 6 5
d 7 5
d 2 3
d 2 4
d 12 2
d 12 3
d 12 4
d 16 1
d 17 3
d 17 4
d 20 1
d 21 1
d 22 1
d 5 5
d 8 3
d 14 4
d 19 1
d 15 2
d 36 1
d 3 5
d 10 5
d 19 2
d 19 3
d 29 1
d 18 4
d 15 3
d 9 3
d 26 1
d 21 2
d 4 5
d 2 5
d 8 4
d 11 4
d 20 2
b 1
d 127 1
b 2
d 127 2
b 3
d 127 3
b 4
d 127 4
b 5
d 127 5
b 6
d 127 6
b 7
d 127 7
b 8
d 127 8
b 9
d 127 9
b 10
d 127 10
b 11
d 127 11
b 12
d 127 12
b 13
d 127 13
b 14
d 127 14
b 15
d 127 15
b 16
d 127 16
b 17
d 127 17
b 18
d 127 18
b 19
d 127 19
b 20
d 127 20
b 21
d 127 21
b 22
d 127 22
b 23
d 127 23
b 24
d 127 24
b 25
d 127 25
b 26
d 127 26
b 27
d 127 27
b 28
d 127 28
b 29
d 127 29
b 30
d 127 30
b 31
d 127 31
b 32
d 127 32
d 16 2
d 23 1
d 24 1
d 25 1
d 31 1
d 32 1
d 38 1
d 3 6
d 12 5
d 20 3
d 21 3
d 30 1
d 17 5
d 25 2
d 31 2
d 34 1
d 18 5
d 27 1
d 16 3
d 33 1
d 14 5
d 26 2
d 26 3
d 27 2
d 36 2
d 36 3
d 1 5
d 1 6
d 22 2
d 22 3
d 24 2
d 28 1
d 29 2
d 30 2
d 32 2
d 35 1
d 35 2
d 38 2
d 50 1
d 40 1
d 13 2
d 13 3
d 13 4
d 44 1
d 44 2
d 41 1
d 42 1
d 43 1
d 45 1
d 46 1
d 47 1
d 48 1
b 33
d 127 33
b 34
d 127 34
b 35
d 127 35
b 36
d 127 36
b 37
d 127 37
b 38
d 127 38
b 39
d 127 39
b 40
d 127 40
b 41
d 127 41
b 42
d 127 42
b 43
d 127 43
b 44
d 127 44
b 45
d 127 45
b 46
d 127 46
b 47
d 127 47
b 48
d 127 48
d 45 2
d 34 2
d 28 2
d 49 1
d 51 1
d 52 1
d 52 2
d 53 1
d 54 1
d 40 2
d 42 2
d 43 2
d 65 1
d 64 1
d 67 1
d 68 1
d 69 1
d 70 1
d 72 1
d 73 1
d 74 1
d 77 1
d 78 1
d 82 1
d 83 1
d 86 1
d 108 1
d 49 2
d 19 4
d 13 5
d 15 4
d 21 4
d 2 6
d 4 6
d 7 6
d 8 5
d 11 5
d 5 6
d 6 6
d 9 4
d 10 6
d 24 3
d 14 6
d 37 1
d 37 2
d 68 2
d 79 1
d 87 1
d 88 1
d 100 1
b 49
d 127 49
b 50
d 127 50
b 51
d 127 51
b 52
d 127 52
b 53
d 127 53
b 54
d 127 54
b 55
d 127 55
b 56
d 127 56
b 57
d 127 57
b 58
d 127 58
b 59
d 127 59
b 60
d 127 60
b 61
d 127 61
b 62
d 127 62
b 63
d 127 63
b 64
d 127 64
b 65
d 127 65
b 66
d 127 66
b 67
d 127 67
b 68
d 127 68
b 69
d 127 69
b 70
d 127 70
b 71
d 127 71
b 72
d 127 72
b 73
d 127 73
b 74
d 127 74
b 75
d 127 75
b 76
d 127 76
b 77
d 127 77
b 78
d 127 78
b 79
d 127 79
b 80
d 127 80
b 81
d 127 81
b 82
d 127 82
b 83
d 127 83
b 84
d 127 84
b 85
d 127 85
b 86
d 127 86
b 87
d 127 87
b 88
d 127 88
b 89
d 127 89
b 90
d 127 90
b 91
d 127 91
b 92
d 127 92
b 93
d 127 93
b 94
d 127 94
b 95
d 127 95
b 96
d 127 96
b 97
d 127 97
b 98
d 127 98
b 99
d 127 99
b 100
d 127 100
b 101
d 127 101
b 102
d 127 102
b 103
d 127 103
b 104
d 127 104
b 105
d 127 105
b 106
d 127 106
b 107
d 127 107
b 108
d 127 108
b 109
d 127 109
b 110
d 127 110
b 111
d 127 111
b 112
d 127 112
b 113
d 127 113
b 114
d 127 114
b 115
d 127 115
b 116
d 127 116
b 117
d 127 117
b 118
d 127 118
b 119
d 127 119
b 120
d 127 120
b 121
d 127 121
b 122
d 127 122
b 123
d 127 123
b 124
d 127 124
b 125
d 127 125
b 126
d 127 126
b 127
d 127 127
b 128
d 127 128
b 129
d 127 129
b 130
d 127 130
b 131
d 127 131
b 132
d 127 132
b 133
d 127 133
b 134
d 127 134
b 135
d 127 135
b 136
d 127 136
b 137
d 127 137
b 138
d 127 138
b 139
d 127 139
b 140
d 127 140
b 141
d 127 141
b 142
d 127 142
b 143
d 127 143
b 144
d 127 144
b 145
d 127 145
b 146
d 127 146
b 147
d 127 147
b 148
d 127 148
b 149
d 127 149
b 150
d 127 150
b 151
d 127 151
b 152
d 127 152
b 153
d 127 153
b 154
d 127 154
b 155
d 127 155
b 156
d 127 156
b 157
d 127 157
b 158
d 127 158
b 159
d 127 159
b 160
d 127 160
b 161
d 127 161
b 162
d 127 162
b 163
d 127 163
b 164
d 127 164
b 165
d 127 165
b 166
d 127 166
b 167
d 127 167
b 168
d 127 168
d 39 1
b 169
d 127 169
b 170
d 127 170
b 171
d 127 171
b 172
d 127 172
b 173
d 127 173
b 174
d 127 174
b 175
d 127 175
b 176
d 127 176
d 92 1
d 47 2
d 50 2
d 51 2
d 23 2
d 33 2
d 39 2
d 41 2
d 67 2
d 87 2
d 100 2
d 29 3
d 65 2
d 69 2
d 70 2
d 73 2
d 74 2
d 78 2
d 108 2
d 26 4
d 31 3
d 103 1
d 46 2
d 56 1
d 58 1
d 59 1
d 60 1
d 62 1
d 63 1
b 177
d 127 177
b 178
d 127 178
b 179
d 127 179
b 180
d 127 180
b 181
d 127 181
b 182
d 127 182
b 183
d 127 183
b 184
d 127 184
b 185
d 127 185
b 186
d 127 186
b 187
d 127 187
b 188
d 127 188
b 189
d 127 189
b 190
d 127 190
b 191
d 127 191
b 192
d 127 192
b 193
d 127 193
b 194
d 127 194
b 195
d 127 195
b 196
d 127 196
b 197
d 127 197
b 198
d 127 198
b 199
d 127 199
b 200
d 127 200
b 201
d 127 201
b 202
d 127 202
b 203
d 127 203
b 204
d 127 204
b 205
d 127 205
b 206
d 127 206
b 207
d 127 207
b 208
d 127 208
b 209
d 127 209
b 210
d 127 210
b 211
d 127 211
b 212
d 127 212
b 213
d 127 213
b 214
d 127 214
b 215
d 127 215
b 216
d 127 216
d 79 2
d 9 5
d 103 2
d 53 2
d 55 1
d 55 2
d 20 4
d 57 1
d 57 2
d 66 1
d 66 2
b 217
d 127 217
b 218
d 127 218
b 219
d 127 219
b 220
d 127 220
b 221
d 127 221
b 222
d 127 222
b 223
d 127 223
b 224
d 127 224
b 225
d 127 225
b 226
d 127 226
b 227
d 127 227
b 228
d 127 228
b 229
d 127 229
b 230
d 127 230
b 231
d 127 231
b 232
d 127 232
b 233
d 127 233
b 234
d 127 234
b 235
d 127 235
b 236
d 127 236
b 237
d 127 237
b 238
d 127 238
b 239
d 127 239
b 240
d 127 240
b 241
d 127 241
b 242
d 127 242
b 243
d 127 243
b 244
d 127 244
b 245
d 127 245
b 246
d 127 246
b 247
d 127 247
b 248
d 127 248
b 249
d 127 249
b 250
d 127 250
b 251
d 127 251
b 252
d 127 252
b 253
d 127 253
b 254
d 127 254
b 255
d 127 255
b 256
d 127 256
d 128 1
d 61 1
d 71 1
d 75 1
d 76 1
d 80 1
d 81 1
d 84 1
d 85 1
d 89 1
d 90 1
d 91 1
d 93 1
d 94 1
d 95 1
d 96 1
d 97 1
d 98 1
d 99 1
d 101 1
d 102 1
d 104 1
d 105 1
d 106 1
d 107 1
d 109 1
d 110 1
d 111 1
d 112 1
d 113 1
d 114 1
d 115 1
d 116 1
d 117 1
d 118 1
d 119 1
d 120 1
d 121 1
d 122 1
d 123 1
d 124 1
d 125 1
d 126 1
d 48 2
d 54 2
d 56 2
d 58 2
d 59 2
d 60 2
d 61 2
d 62 2
d 63 2
d 64 2
d 71 2
d 72 2
d 75 2
d 76 2
d 77 2
d 80 2
d 81 2
d 82 2
d 83 2
d 84 2
d 85 2
d 86 2
d 88 2
d 89 2
d 90 2
d 91 2
d 92 2
d 93 2
d 94 2
d 95 2
d 96 2
d 97 2
d 98 2
d 99 2
d 101 2
d 102 2
d 104 2
d 105 2
d 106 2
d 107 2
d 109 2
d 110 2
d 111 2
d 112 2
d 113 2
d 114 2
d 116 2
d 18 6
d 1 7
d 32 3
d 115 2
d 117 2
d 118 2
d 119 2
d 120 2
d 121 2
d 122 2
d 128 2
d 11 6
d 12 6
d 22 4
d 36 4
d 16 4
d 19 5
d 3 7
d 4 7
d 7 7
d 125 2
