b 1
d 121 1
b 2
d 121 2
b 3
d 121 3
b 4
d 121 4
b 5
d 121 5
b 6
d 121 6
b 7
d 121 7
b 8
d 121 8
b 9
d 121 9
b 10
d 121 10
b 11
d 121 11
b 12
d 121 12
b 13
d 121 13
b 14
d 121 14
b 15
d 121 15
b 16
d 121 16
b 17
d 121 17
b 18
d 121 18
b 19
d 121 19
b 20
d 121 20
b 21
d 121 21
b 22
d 121 22
b 23
d 121 23
b 24
d 121 24
b 25
d 121 25
b 26
d 121 26
b 27
d 121 27
b 28
d 121 28
b 29
d 121 29
b 30
d 121 30
b 31
d 121 31
b 32
d 121 32
b 33
d 121 33
b 34
d 121 34
b 35
d 121 35
b 36
d 121 36
b 37
d 121 37
b 38
d 121 38
b 39
d 121 39
b 40
d 121 40
b 41
d 121 41
b 42
d 121 42
b 43
d 121 43
b 44
d 121 44
b 45
d 121 45
b 46
d 121 46
b 47
d 121 47
b 48
d 121 48
b 49
d 121 49
b 50
d 121 50
b 51
d 121 51
b 52
d 121 52
b 53
d 121 53
b 54
d 121 54
b 55
d 121 55
b 56
d 121 56
b 57
d 121 57
b 58
d 121 58
b 59
d 121 59
b 60
d 121 60
b 61
d 121 61
b 62
d 121 62
b 63
d 121 63
b 64
d 121 64
b 65
d 121 65
b 66
d 121 66
b 67
d 121 67
b 68
d 121 68
b 69
d 121 69
b 70
d 121 70
b 71
d 121 71
b 72
d 121 72
b 73
d 121 73
b 74
d 121 74
b 75
d 121 75
b 76
d 121 76
b 77
d 121 77
b 78
d 121 78
b 79
d 121 79
b 80
d 121 80
b 81
d 121 81
b 82
d 121 82
b 83
d 121 83
b 84
d 121 84
b 85
d 121 85
b 86
d 121 86
b 87
d 121 87
b 88
d 121 88
d 3 1
d 14 1
d 18 1
d 6 1
b 89
d 121 89
b 90
d 121 90
b 91
d 121 91
b 92
d 121 92
b 93
d 121 93
b 94
d 121 94
b 95
d 121 95
b 96
d 121 96
d 5 1
d 8 1
d 11 1
d 9 1
d 18 2
d 14 2
d 13 1
d 7 1
d 2 1
d 4 1
d 4 2
d 12 1
d 15 1
d 10 1
d 16 1
d 17 1
d 22 1
d 30 1
d 1 1
d 3 2
b 97
d 121 97
b 98
d 121 98
b 99
d 121 99
b 100
d 121 100
b 101
d 121 101
b 102
d 121 102
b 103
d 121 103
b 104
d 121 104
b 105
d 121 105
b 106
d 121 106
b 107
d 121 107
b 108
d 121 108
b 109
d 121 109
b 110
d 121 110
b 111
d 121 111
b 112
d 121 112
b 113
d 121 113
b 114
d 121 114
b 115
d 121 115
b 116
d 121 116
b 117
d 121 117
b 118
d 121 118
b 119
d 121 119
b 120
d 121 120
b 121
d 121 121
b 122
d 121 122
b 123
d 121 123
b 124
d 121 124
b 125
d 121 125
b 126
d 121 126
b 127
d 121 127
b 128
d 121 128
d 19 1
d 20 1
d 9 2
d 11 2
d 6 2
d 7 2
d 25 1
d 31 1
d 32 1
d 34 1
d 35 1
d 37 1
d 38 1
d 39 1
d 40 1
d 29 1
d 36 1
d 45 1
d 49 1
d 21 1
d 23 1
d 24 1
d 26 1
d 27 1
d 28 1
d 53 1
d 42 1
d 33 1
d 41 1
d 43 1
d 44 1
d 46 1
d 47 1
d 48 1
d 50 1
d 51 1
d 52 1
d 54 1
d 55 1
d 56 1
d 57 1
d 58 1
d 59 1
d 64 1
d 74 1
d 77 1
d 80 1
d 60 1
d 61 1
d 62 1
d 63 1
d 65 1
d 66 1
d 68 1
d 69 1
d 71 1
d 67 1
d 70 1
d 72 1
d 73 1
d 75 1
d 76 1
d 78 1
d 79 1
d 81 1
d 82 1
d 83 1
d 86 1
d 88 1
d 90 1
d 91 1
d 84 1
d 85 1
d 87 1
d 89 1
d 92 1
d 93 1
d 94 1
d 95 1
d 96 1
d 97 1
d 122 1
d 98 1
d 99 1
d 100 1
d 101 1
d 102 1
d 103 1
d 104 1
d 105 1
d 119 1
d 8 2
d 15 2
d 107 1
d 109 1
d 111 1
d 106 1
d 108 1
d 110 1
d 112 1
d 113 1
d 115 1
d 117 1
d 118 1
d 123 1
d 124 1
d 125 1
d 126 1
d 127 1
d 128 1
d 3 3
d 4 3
d 6 3
d 14 3
d 120 1
d 114 1
d 116 1
d 1 2
d 10 2
d 12 2
d 13 2
d 16 2
d 17 2
d 19 2
d 20 2
d 22 2
d 30 2
d 18 3
d 27 2
b 129
d 121 129
d 5 2
d 5 3
d 23 2
d 21 2
d 24 2
d 25 2
d 26 2
d 2 2
d 11 3
d 13 3
d 35 2
d 36 2
d 37 2
d 38 2
d 39 2
d 40 2
d 41 2
d 42 2
d 43 2
d 45 2
d 48 2
d 49 2
d 51 2
d 52 2
d 53 2
d 54 2
d 57 2
d 58 2
d 59 2
d 64 2
d 66 2
d 7 3
d 8 3
d 9 3
d 28 2
d 29 2
d 31 2
d 32 2
d 33 2
d 34 2
d 44 2
d 46 2
d 47 2
d 50 2
d 55 2
d 56 2
d 60 2
d 61 2
d 62 2
d 63 2
d 65 2
d 69 2
d 122 2
d 68 2
d 71 2
d 74 2
d 77 2
d 80 2
d 30 3
d 32 3
d 1 3
d 2 3
d 84 2
d 85 2
d 87 2
d 89 2
d 106 2
d 108 2
d 110 2
d 113 2
d 115 2
d 117 2
d 118 2
d 119 2
b 130
d 121 130
d 70 2
d 72 2
d 73 2
d 75 2
d 76 2
d 78 2
d 79 2
d 81 2
d 82 2
d 83 2
d 86 2
d 88 2
d 90 2
d 91 2
d 92 2
d 93 2
d 94 2
d 95 2
d 96 2
d 97 2
d 98 2
d 99 2
d 100 2
d 101 2
d 102 2
d 103 2
d 104 2
d 105 2
d 107 2
d 109 2
d 111 2
d 112 2
d 114 2
d 116 2
d 120 2
d 123 2
d 124 2
d 125 2
d 126 2
d 127 2
d 128 2
d 67 2
d 12 3
d 14 4
d 20 3
d 3 4
d 4 4
d 5 4
d 6 4
d 7 4
d 8 4
d 40 3
d 18 4
d 19 3
d 21 3
d 10 3
d 15 3
d 16 3
d 17 3
d 22 3
d 122 3
d 26 3
d 29 3
d 31 3
d 33 3
d 36 3
d 38 3
d 47 3
d 48 3
d 49 3
d 51 3
d 52 3
d 53 3
d 57 3
d 59 3
d 66 3
d 24 3
d 35 3
d 37 3
d 55 3
d 56 3
d 58 3
d 60 3
d 12 4
d 13 4
d 9 4
d 11 4
d 16 4
d 27 3
d 15 4
d 20 4
d 22 4
d 25 3
d 23 3
d 28 3
d 34 3
d 39 3
d 43 3
d 45 3
d 46 3
d 50 3
d 54 3
d 64 3
d 41 3
d 42 3
d 44 3
d 10 4
d 17 4
d 19 4
d 30 4
d 2 4
d 68 3
d 69 3
d 71 3
d 74 3
d 77 3
d 80 3
d 84 3
d 85 3
d 87 3
d 89 3
d 106 3
d 108 3
d 110 3
d 113 3
d 115 3
d 61 3
d 62 3
d 63 3
d 65 3
d 1 4
d 18 5
d 32 4
d 67 3
d 72 3
d 75 3
d 76 3
d 78 3
d 125 3
d 128 3
d 117 3
d 118 3
d 119 3
d 3 5
d 4 5
d 5 5
d 6 5
d 112 3
d 26 4
d 27 4
d 28 4
d 29 4
d 31 4
d 33 4
d 34 4
d 35 4
d 36 4
d 37 4
d 38 4
d 39 4
d 40 4
d 41 4
d 42 4
d 43 4
d 44 4
d 45 4
d 46 4
d 47 4
d 48 4
d 49 4
d 50 4
d 51 4
d 52 4
d 53 4
d 54 4
d 57 4
d 58 4
d 9 5
d 14 5
d 23 4
d 70 3
d 73 3
d 79 3
d 81 3
d 82 3
d 83 3
d 86 3
d 88 3
d 90 3
d 91 3
d 92 3
d 93 3
d 94 3
d 95 3
d 96 3
d 97 3
d 98 3
d 99 3
d 100 3
d 101 3
d 102 3
d 103 3
d 104 3
d 105 3
d 107 3
d 109 3
d 111 3
d 114 3
d 21 4
d 24 4
d 25 4
d 10 5
d 13 5
d 7 5
d 116 3
d 120 3
b 131
d 121 131
d 123 3
d 124 3
d 126 3
d 127 3
d 8 5
d 11 5
d 15 5
d 16 5
d 17 5
d 19 5
d 56 4
d 59 4
d 5 6
d 6 6
d 55 4
d 60 4
d 61 4
d 62 4
d 63 4
d 64 4
d 65 4
d 66 4
d 30 5
d 84 4
d 85 4
d 87 4
d 89 4
d 106 4
d 108 4
d 110 4
d 113 4
d 115 4
d 117 4
d 122 4
d 68 4
d 69 4
d 71 4
d 74 4
d 77 4
d 80 4
d 18 6
d 1 5
d 2 5
d 12 5
d 20 5
d 14 6
d 22 5
d 3 6
d 4 6
d 21 5
d 23 5
d 32 5
d 40 5
d 112 4
d 118 4
d 119 4
d 125 4
d 128 4
d 90 4
d 91 4
d 92 4
d 70 4
d 72 4
d 73 4
d 75 4
d 78 4
d 79 4
d 81 4
d 82 4
d 76 4
d 93 4
d 7 6
d 8 6
d 11 6
d 67 4
d 9 6
d 83 4
d 86 4
d 123 4
d 124 4
d 126 4
d 127 4
d 27 5
d 94 4
d 95 4
d 47 5
d 48 5
d 52 5
b 132
d 121 132
d 13 6
d 88 4
d 96 4
d 97 4
d 98 4
d 99 4
d 100 4
d 101 4
d 102 4
d 103 4
d 104 4
d 105 4
d 107 4
d 109 4
d 111 4
d 114 4
d 116 4
d 120 4
d 10 6
d 28 5
d 29 5
d 31 5
d 34 5
d 35 5
d 36 5
d 38 5
d 39 5
d 43 5
d 45 5
d 49 5
d 53 5
d 24 5
d 25 5
d 26 5
d 37 5
d 41 5
d 42 5
d 15 6
d 16 6
d 17 6
d 19 6
d 44 5
d 51 5
d 50 5
d 55 5
d 56 5
d 57 5
d 58 5
d 59 5
d 60 5
d 61 5
d 62 5
d 63 5
d 64 5
d 65 5
d 54 5
d 33 5
d 66 5
d 68 5
d 69 5
d 71 5
d 74 5
d 77 5
d 80 5
d 85 5
d 87 5
d 89 5
d 106 5
d 108 5
d 110 5
d 113 5
d 115 5
d 122 5
d 125 5
d 128 5
d 1 6
d 2 6
d 12 6
d 23 6
d 27 6
d 84 5
d 20 6
d 21 6
d 22 6
d 30 6
d 32 6
d 40 6
d 46 5
d 117 5
d 118 5
d 119 5
d 18 7
d 34 6
d 3 7
d 4 7
d 8 7
d 14 7
d 5 7
d 6 7
d 9 7
d 24 6
d 25 6
d 26 6
d 28 6
d 29 6
d 31 6
d 35 6
d 36 6
d 37 6
d 38 6
d 39 6
d 41 6
d 42 6
d 43 6
d 45 6
d 47 6
b 133
d 121 133
d 112 5
d 123 5
d 124 5
d 126 5
d 127 5
d 67 5
d 70 5
d 72 5
d 73 5
d 75 5
d 76 5
d 78 5
d 79 5
d 81 5
d 82 5
d 83 5
d 86 5
d 88 5
d 90 5
d 91 5
d 92 5
d 93 5
d 94 5
d 15 7
d 95 5
d 96 5
d 97 5
d 98 5
d 99 5
d 100 5
d 101 5
d 102 5
d 103 5
d 104 5
d 105 5
d 107 5
d 109 5
d 17 7
d 114 5
d 116 5
d 120 5
d 111 5
d 10 7
d 11 7
d 13 7
d 7 7
d 48 6
d 49 6
d 53 6
d 19 7
d 16 7
d 44 6
d 46 6
d 51 6
d 52 6
d 63 6
d 65 6
d 67 6
d 68 6
d 69 6
d 70 6
d 71 6
d 72 6
d 73 6
d 74 6
d 75 6
d 76 6
d 77 6
d 78 6
d 122 6
d 3 8
d 4 8
d 7 8
d 8 8
d 11 8
d 13 8
d 14 8
d 54 6
d 55 6
d 56 6
d 57 6
d 58 6
d 59 6
d 60 6
d 61 6
d 62 6
d 64 6
d 66 6
d 79 6
d 80 6
d 81 6
d 82 6
d 83 6
d 84 6
d 85 6
d 86 6
d 87 6
d 88 6
d 89 6
d 90 6
d 91 6
d 92 6
d 93 6
d 94 6
d 95 6
d 96 6
d 97 6
d 98 6
d 99 6
d 100 6
d 101 6
d 102 6
d 103 6
d 106 6
d 108 6
d 110 6
d 112 6
d 113 6
d 115 6
d 117 6
d 118 6
d 40 7
d 18 8
d 34 7
d 9 8
d 12 7
d 20 7
d 21 7
d 22 7
d 23 7
d 50 6
d 33 6
d 6 8
d 5 8
d 27 7
d 30 7
d 32 7
d 1 7
