b 1
d 62 1
b 2
d 62 2
b 3
d 62 3
b 4
d 62 4
b 5
d 62 5
b 6
d 62 6
b 7
d 62 7
b 8
d 62 8
d 44 1
d 49 1
d 43 1
d 50 1
b 9
d 62 9
b 10
d 62 10
b 11
d 62 11
b 12
d 62 12
b 13
d 62 13
b 14
d 62 14
b 15
d 62 15
b 16
d 62 16
b 17
d 62 17
b 18
d 62 18
b 19
d 62 19
b 20
d 62 20
d 30 1
d 30 2
d 43 2
d 44 2
b 21
d 62 21
b 22
d 62 22
b 23
d 62 23
b 24
d 62 24
b 25
d 62 25
b 26
d 62 26
b 27
d 62 27
b 28
d 62 28
b 29
d 62 29
b 30
d 62 30
b 31
d 62 31
b 32
d 62 32
b 33
d 62 33
b 34
d 62 34
b 35
d 62 35
b 36
d 62 36
b 37
d 62 37
b 38
d 62 38
b 39
d 62 39
b 40
d 62 40
b 41
d 62 41
b 42
d 62 42
d 49 2
d 50 2
d 45 1
d 47 1
d 47 2
d 48 1
d 57 1
d 57 2
d 73 1
d 12 1
d 19 1
d 12 2
d 1 1
d 1 2
d 1 3
d 2 1
d 2 2
d 2 3
d 3 1
d 3 2
d 3 3
d 3 4
d 4 1
d 4 2
d 4 3
d 5 1
d 5 2
d 5 3
d 6 1
d 6 2
d 6 3
d 7 1
d 7 2
d 7 3
d 7 4
d 8 1
d 56 1
d 48 2
d 25 1
d 29 1
d 29 2
d 31 1
d 32 1
d 32 2
d 33 1
d 33 2
d 34 1
d 34 2
d 35 1
d 35 2
d 36 1
d 36 2
d 37 1
d 37 2
d 38 1
d 38 2
d 24 1
d 24 2
d 26 1
d 9 1
d 10 1
d 11 1
d 13 1
d 14 1
d 14 2
d 15 1
d 15 2
d 16 1
d 16 2
d 17 1
d 17 2
d 18 1
d 18 2
d 20 1
d 20 2
d 21 1
d 21 2
d 22 1
d 22 2
d 23 1
d 27 1
d 27 2
d 39 1
d 39 2
d 40 1
d 40 2
d 41 1
d 41 2
d 42 1
d 42 2
d 58 1
b 43
d 62 43
d 8 2
d 9 2
d 10 2
d 11 2
d 12 3
d 19 2
d 46 1
d 46 2
d 28 1
d 28 2
d 25 2
d 26 2
d 26 3
d 31 2
d 31 3
d 71 1
d 1 4
d 18 3
d 19 3
d 20 3
d 21 3
d 22 3
d 23 2
d 24 3
d 27 3
d 28 3
d 29 3
d 32 3
d 33 3
d 36 3
d 37 3
d 39 3
d 40 3
d 41 3
d 42 3
d 45 2
d 49 3
d 51 1
d 55 1
b 44
d 62 44
d 63 1
d 64 1
d 65 1
d 70 1
d 73 2
d 52 1
d 53 1
d 56 2
d 59 1
d 2 4
d 3 5
d 4 4
d 4 5
d 4 6
d 6 4
d 6 5
d 6 6
d 7 5
d 8 3
d 8 4
d 9 3
d 9 4
d 10 3
d 10 4
d 11 3
d 11 4
d 13 2
d 13 3
d 14 3
d 15 3
d 16 3
d 17 3
d 27 4
d 29 4
d 31 4
d 32 4
d 36 4
d 37 4
d 39 4
d 40 4
d 43 3
d 46 3
d 47 3
d 49 4
d 38 3
d 38 4
d 43 4
d 45 3
d 45 4
d 48 3
d 48 4
d 53 2
d 54 1
d 55 2
d 56 3
d 56 4
d 57 3
d 57 4
d 63 2
d 64 2
d 73 3
d 1 5
d 8 5
d 9 5
d 10 5
d 11 5
d 33 4
d 41 4
d 44 3
d 44 4
d 50 3
d 50 4
d 50 5
d 58 2
d 58 3
d 60 1
d 60 2
d 60 3
d 61 1
d 61 2
d 35 3
d 35 4
d 5 4
d 5 5
d 5 6
d 12 4
d 12 5
d 14 4
d 14 5
d 14 6
d 15 4
d 15 5
d 16 4
d 16 5
d 17 4
d 17 5
d 19 4
d 19 5
d 21 4
d 28 4
d 73 4
d 2 5
d 3 6
d 9 6
d 51 2
d 51 3
d 65 2
d 67 1
d 72 1
d 74 1
d 68 1
d 34 3
d 34 4
d 30 3
d 30 4
d 59 2
d 59 3
b 45
d 62 45
d 70 2
d 71 2
d 4 7
d 6 7
d 13 4
d 13 5
d 18 4
d 20 4
d 22 4
d 23 3
d 25 3
d 42 4
d 44 5
d 47 4
d 52 2
d 54 2
d 74 2
d 7 6
d 24 4
d 26 4
d 2 6
d 2 7
d 7 7
d 25 4
d 72 2
d 53 3
d 49 5
d 18 5
d 20 5
d 22 5
d 24 5
d 26 5
d 28 5
d 29 5
d 32 5
d 14 7
d 21 5
d 23 4
d 46 4
d 55 3
d 60 4
d 61 3
b 46
d 62 46
d 63 3
d 64 3
d 65 3
d 70 3
d 71 3
d 67 2
d 68 2
d 1 6
d 1 7
d 1 8
d 3 7
d 4 8
d 5 7
d 6 8
d 11 6
d 47 5
d 52 3
d 57 5
d 58 4
d 66 1
d 69 1
d 73 5
d 74 3
d 78 1
d 80 1
d 82 1
d 23 5
d 25 5
d 27 5
d 30 5
d 31 5
d 33 5
d 34 5
d 35 5
d 36 5
d 37 5
d 38 5
d 39 5
d 40 5
d 41 5
d 42 5
d 43 5
d 44 6
d 45 5
d 46 5
d 48 5
d 50 6
d 51 4
d 53 4
d 54 3
d 55 4
d 56 5
d 59 4
d 60 5
d 61 4
d 63 4
d 64 4
d 65 4
d 70 4
d 71 4
d 72 3
d 1 9
d 2 8
d 3 8
d 4 9
d 5 8
d 5 9
d 6 9
d 9 7
d 11 7
d 12 6
d 13 6
d 14 8
d 15 6
d 16 6
d 17 6
d 18 6
d 19 6
d 20 6
d 21 6
d 22 6
d 24 6
d 25 6
d 26 6
d 27 6
d 28 6
d 29 6
d 30 6
d 31 6
d 32 6
d 33 6
d 34 6
d 35 6
d 36 6
d 37 6
d 38 6
d 39 6
d 40 6
d 41 6
d 42 6
d 43 6
d 44 7
d 45 6
d 47 6
d 51 5
d 52 4
d 54 4
d 56 6
d 57 6
d 59 5
d 66 2
d 69 2
d 73 6
d 78 2
d 9 8
d 12 7
d 15 7
d 16 7
d 75 1
d 79 1
d 7 8
d 49 6
d 58 5
d 19 7
b 47
d 62 47
d 8 6
d 8 7
d 10 6
d 10 7
d 85 1
d 46 6
d 48 6
d 49 7
d 50 7
d 53 5
d 55 5
d 61 5
d 72 4
d 74 4
d 2 9
d 3 9
d 4 10
d 5 10
d 6 10
d 7 9
d 8 8
d 10 8
d 17 7
d 76 1
d 89 1
d 90 1
d 14 9
d 20 7
d 23 6
d 13 7
d 81 1
d 22 7
d 28 7
d 21 7
d 60 6
b 48
d 62 48
d 63 5
d 65 5
d 67 3
d 75 2
d 11 8
d 18 7
d 24 7
d 26 7
d 27 7
d 29 7
d 39 7
d 39 8
d 39 9
d 39 10
d 39 11
d 39 12
d 39 13
d 39 14
d 39 15
d 39 16
d 39 17
d 39 18
d 39 19
d 40 7
d 41 7
d 52 5
d 64 5
d 68 3
d 70 5
d 71 5
d 80 2
d 82 2
d 1 10
d 76 2
d 81 2
d 89 2
d 90 2
d 31 7
d 25 7
d 32 7
d 33 7
d 35 7
d 36 7
d 37 7
d 48 7
d 1 11
d 30 7
d 34 7
d 38 7
d 42 7
d 43 7
d 44 8
d 44 9
d 45 7
d 45 8
d 46 7
d 47 7
d 49 8
d 50 8
d 51 6
d 53 6
d 54 5
d 55 6
d 56 7
d 56 8
d 57 7
d 58 6
d 59 6
d 60 7
d 61 6
b 49
d 62 49
d 63 6
d 64 6
d 65 6
d 66 3
d 69 3
d 70 6
d 71 6
d 72 5
d 73 7
d 74 5
d 78 3
d 78 4
d 8 9
d 11 9
d 33 8
d 52 6
d 75 3
d 77 1
d 58 7
d 12 8
d 12 9
d 37 8
d 20 8
d 20 9
d 15 8
d 15 9
d 2 10
d 3 10
d 3 11
d 4 11
d 5 11
d 6 11
d 9 9
d 10 9
d 13 8
d 14 10
d 16 8
d 16 9
d 17 8
d 18 8
d 19 8
d 19 9
d 21 8
d 22 8
d 23 7
d 24 8
d 25 8
d 26 8
d 27 8
d 28 8
d 29 8
d 31 8
d 32 8
d 34 8
d 35 8
d 36 8
d 38 8
d 40 8
d 41 8
d 42 8
d 47 8
d 57 8
d 66 4
d 69 4
d 74 6
d 1 12
d 7 10
d 48 8
d 90 3
d 30 8
d 39 20
d 43 8
d 46 8
d 49 9
d 50 9
d 51 7
d 53 7
d 55 7
d 59 7
d 60 8
d 61 7
b 50
d 62 50
d 63 7
d 64 7
d 65 7
d 70 7
d 71 7
d 72 6
d 73 8
d 75 4
d 82 3
d 2 11
d 4 12
d 5 12
d 6 12
d 7 11
d 8 10
d 9 10
d 10 10
d 11 10
d 13 9
d 14 11
d 17 9
d 18 9
d 35 9
d 81 3
d 89 3
d 21 9
d 22 9
d 23 8
d 24 9
d 25 9
d 26 9
d 27 9
d 28 9
d 29 9
d 31 9
d 32 9
d 33 9
d 34 9
d 36 9
d 37 9
d 39 21
d 40 9
d 41 9
d 42 9
d 47 9
d 67 4
d 68 4
d 80 3
d 38 9
d 43 9
d 48 9
d 54 6
d 56 9
d 59 8
d 69 5
d 73 9
d 78 5
d 81 4
d 89 4
d 90 4
d 2 12
d 2 13
d 86 1
d 87 1
d 91 1
d 95 1
d 96 1
d 58 8
d 74 7
d 1 13
d 3 12
d 49 10
d 50 10
d 51 8
d 53 8
d 55 8
d 61 8
d 76 3
d 79 2
d 85 2
d 77 2
d 67 5
d 45 9
d 60 9
d 15 10
d 19 10
d 72 7
d 12 10
d 29 10
d 26 10
d 28 10
d 37 10
d 47 10
d 64 8
d 65 8
d 94 1
b 51
d 62 51
d 63 8
d 25 10
d 4 13
d 5 13
d 6 13
d 7 12
d 17 10
d 22 10
d 9 11
d 10 11
d 13 10
d 16 10
d 20 10
d 21 10
d 27 10
d 32 10
d 36 10
d 44 10
d 8 11
d 46 9
d 71 8
d 11 11
d 41 10
d 75 5
d 80 4
d 82 4
d 14 12
d 54 7
d 57 9
d 33 10
d 35 10
d 48 10
d 52 7
d 24 10
d 58 9
d 69 6
d 78 6
d 66 5
d 68 5
d 12 11
d 12 12
d 16 11
d 30 9
d 31 10
d 38 10
d 40 10
d 67 6
d 70 8
d 81 5
d 89 5
d 90 5
d 45 10
d 56 10
d 19 11
d 19 12
d 20 11
d 21 11
d 22 11
d 23 9
d 24 11
d 25 11
d 26 11
d 15 11
d 1 14
d 2 14
d 3 13
d 3 14
d 4 14
d 5 14
d 6 14
d 8 12
d 9 12
d 10 12
d 11 12
d 13 11
d 14 13
d 17 11
d 18 10
d 27 11
d 28 11
d 29 11
d 36 11
d 37 11
d 44 11
d 49 11
d 50 11
d 51 9
d 52 8
d 53 9
d 55 9
d 59 9
d 60 10
d 61 9
d 64 9
d 65 9
d 66 6
d 71 9
d 72 8
d 75 6
d 39 22
d 73 10
d 74 8
d 79 3
d 87 2
d 91 2
d 94 2
d 95 2
d 83 1
d 84 1
d 92 1
d 85 3
d 77 3
d 52 9
d 34 10
d 40 11
d 42 10
d 43 10
d 44 12
d 45 11
d 46 10
d 51 10
d 52 10
d 53 10
d 54 8
d 56 11
d 57 10
d 59 10
d 68 6
d 69 7
d 76 4
d 78 7
d 79 4
d 80 5
d 82 5
d 87 3
d 91 3
d 94 3
d 95 3
d 30 10
b 52
d 62 52
d 7 13
d 18 11
d 23 10
d 31 11
d 32 11
d 33 11
d 35 11
d 39 23
d 41 11
d 47 11
d 48 11
d 58 10
d 63 9
d 10 13
d 12 13
d 15 12
d 16 12
d 17 12
d 19 13
d 20 12
d 22 12
d 67 7
d 70 9
d 74 9
d 81 6
d 89 6
d 90 6
d 83 2
d 84 2
d 86 2
d 13 12
d 29 12
d 26 12
d 28 12
d 93 1
d 97 1
d 98 1
d 96 2
d 90 7
d 66 7
d 68 7
d 75 7
d 80 6
d 85 4
d 92 2
d 16 13
d 100 1
d 1 15
d 2 15
d 3 15
d 4 15
d 6 15
d 8 13
d 9 13
d 11 13
d 14 14
d 21 12
d 23 11
d 24 12
d 25 12
d 27 12
d 32 12
d 33 12
d 35 12
d 36 12
d 37 12
d 41 12
d 48 12
d 58 11
d 69 8
d 76 5
d 78 8
d 87 4
d 88 1
d 23 12
d 23 13
d 38 11
d 77 4
d 82 6
d 34 11
d 42 11
d 43 11
d 46 11
d 54 9
d 49 12
d 50 12
d 55 10
d 60 11
d 61 10
d 63 10
d 64 10
d 65 10
d 71 10
d 72 9
d 73 11
d 5 15
d 30 11
d 57 11
b 53
d 62 53
d 81 7
d 91 4
d 95 4
d 7 14
d 11 14
d 99 1
d 73 12
d 83 3
d 2 16
d 15 13
d 93 2
d 89 7
d 18 12
d 31 12
d 39 24
d 74 10
d 70 10
d 72 10
d 38 12
d 40 12
d 44 13
d 45 12
d 47 12
d 49 13
d 50 13
d 51 11
d 53 11
d 55 11
d 56 12
d 59 11
d 60 12
d 61 11
b 54
d 62 54
d 63 11
d 64 11
d 65 11
d 66 8
d 71 11
d 75 8
d 79 5
d 94 4
d 7 15
d 16 14
d 42 12
d 43 12
d 100 2
d 84 3
d 86 3
d 88 2
d 92 3
d 96 3
d 67 8
d 68 8
d 5 16
d 6 16
d 8 14
d 9 14
d 10 14
d 24 13
d 25 13
d 31 13
d 32 13
d 35 13
d 36 13
d 37 13
d 41 13
d 80 7
d 82 7
d 97 2
d 48 13
d 85 5
d 19 14
d 14 15
d 26 13
d 27 13
d 28 13
d 29 13
d 52 11
d 77 5
d 20 13
d 21 13
d 22 13
d 12 14
d 13 13
d 1 16
d 1 17
d 3 16
d 4 16
d 17 13
d 57 12
d 69 9
d 78 9
d 87 5
d 91 5
d 95 5
d 30 12
d 34 12
d 46 12
d 81 8
d 83 4
d 84 4
d 89 8
d 90 8
d 99 2
d 22 14
d 53 12
d 58 12
d 54 10
d 12 15
d 44 14
d 18 13
d 33 13
d 39 25
d 40 13
d 86 4
d 70 11
d 76 6
d 77 6
d 37 14
d 67 9
d 98 2
d 79 6
d 93 3
d 94 5
d 92 4
d 45 13
d 59 12
d 73 13
d 11 15
d 19 15
d 20 14
d 21 14
d 24 14
d 26 14
d 28 14
d 36 14
d 27 14
d 29 14
d 8 15
d 9 15
d 10 15
d 52 12
d 74 11
d 1 18
d 2 17
d 51 12
d 55 12
d 56 13
d 49 14
d 50 14
d 17 14
d 13 14
d 15 14
d 47 13
d 61 12
d 72 11
d 96 4
d 88 3
d 97 3
d 100 3
d 68 9
d 83 5
d 84 5
d 85 6
d 15 15
d 16 15
d 19 16
d 90 9
d 93 4
d 87 6
d 91 6
d 95 6
d 66 9
d 80 8
d 82 8
d 92 5
d 98 3
d 99 3
d 79 7
d 94 6
d 78 10
d 89 9
d 6 17
d 7 16
d 14 16
d 18 14
d 23 14
d 25 14
d 30 13
d 31 14
d 32 14
d 33 14
d 35 14
d 38 13
d 39 26
d 40 14
d 41 14
d 42 13
d 43 13
d 44 15
d 45 14
d 46 13
d 48 14
d 53 13
d 56 14
d 57 13
d 69 10
d 70 12
d 74 12
d 7 17
d 8 16
d 10 16
d 65 12
d 11 16
d 12 16
d 58 13
d 63 12
d 75 9
d 81 9
d 71 12
d 34 13
d 60 13
b 55
d 62 55
d 64 12
d 77 7
d 3 17
d 4 17
d 5 17
d 1 19
d 2 18
d 3 18
d 38 14
d 47 14
d 49 15
d 50 15
d 51 13
d 54 11
d 55 13
d 59 13
d 61 13
b 56
d 62 56
d 66 10
d 72 12
d 73 14
d 24 15
d 27 15
d 28 15
d 29 15
d 52 13
d 67 10
d 86 5
d 88 4
d 35 15
d 41 15
d 13 15
d 16 16
d 22 15
d 23 15
d 25 15
d 26 15
d 34 14
d 36 15
d 42 14
d 42 15
d 43 14
d 68 10
d 85 7
d 87 7
d 91 7
d 100 4
d 96 5
d 63 13
d 65 13
d 71 13
d 76 7
d 69 11
d 78 11
d 97 4
d 4 18
d 5 18
d 6 18
d 9 16
d 14 17
d 17 15
d 20 15
d 21 15
d 32 15
d 32 16
d 33 15
d 37 15
d 44 16
d 48 15
d 80 9
d 82 9
d 60 14
d 64 13
d 75 10
d 10 17
d 86 6
d 33 16
d 36 16
d 37 16
d 38 15
d 42 16
d 45 15
d 49 16
d 51 14
d 52 14
d 59 14
d 67 11
d 80 10
d 58 14
d 74 13
d 18 15
d 30 14
d 31 15
d 39 27
d 40 15
d 46 14
d 50 16
d 53 14
d 54 12
d 57 14
d 61 14
d 63 14
d 64 14
d 71 14
d 72 13
d 73 15
d 79 8
d 94 7
d 48 16
d 81 10
d 89 10
d 90 10
d 1 20
d 2 19
d 3 19
d 4 19
d 5 19
d 6 19
d 14 18
d 65 14
d 66 11
d 75 11
d 82 10
d 26 16
d 98 4
d 99 4
d 77 8
d 83 6
d 84 6
d 85 8
d 88 5
d 92 6
d 93 5
d 95 7
d 87 8
d 91 8
d 12 17
d 13 16
d 15 16
d 17 16
d 9 17
d 21 16
d 55 14
d 56 15
d 60 15
d 70 13
d 20 16
d 24 16
d 25 16
d 27 16
d 29 16
d 7 18
d 8 17
d 11 17
d 19 17
d 28 16
d 16 17
d 47 15
d 22 16
d 10 18
d 15 17
d 23 16
d 25 17
d 41 16
d 76 8
d 69 12
d 83 7
d 84 7
d 96 6
d 97 5
d 100 5
d 68 11
d 95 8
d 12 18
b 57
d 62 57
d 35 16
d 35 17
d 78 12
d 94 8
d 57 15
d 81 11
d 89 11
d 90 11
d 92 7
d 30 15
d 31 16
d 39 28
d 40 16
d 46 15
d 19 18
d 21 17
d 34 15
d 43 15
d 44 17
d 45 16
d 49 17
d 51 15
d 54 13
d 56 16
d 72 14
d 88 6
d 93 6
d 58 15
d 74 14
d 8 18
d 32 17
d 36 17
d 37 17
d 38 16
d 86 7
d 18 16
d 22 17
d 26 17
d 47 16
d 70 14
d 77 9
d 79 9
d 98 5
d 99 5
d 67 12
d 27 17
d 28 17
d 28 18
d 28 19
d 29 17
d 11 18
d 55 15
d 50 17
d 52 15
d 61 15
d 20 17
d 53 15
d 59 15
d 60 16
d 64 15
d 65 15
d 73 16
d 2 20
d 14 19
d 17 17
d 24 17
d 1 21
d 3 20
d 80 11
d 82 11
d 42 17
d 4 20
d 9 18
d 13 17
d 87 9
d 7 19
d 31 17
d 33 17
d 41 17
d 48 17
d 58 16
d 71 15
d 78 13
d 17 18
d 21 18
d 23 17
d 34 16
d 85 9
d 91 9
d 95 9
d 97 6
d 43 16
d 43 17
d 43 18
d 96 7
d 5 20
d 6 20
d 63 15
d 68 12
d 66 12
d 69 13
d 94 9
d 40 17
d 46 16
d 46 17
d 75 12
d 76 9
d 90 12
d 18 17
d 30 16
d 39 29
d 83 8
d 100 6
b 58
d 62 58
d 74 15
d 89 12
d 77 10
d 82 12
d 88 7
d 93 7
d 99 6
d 15 18
d 19 19
d 20 18
d 25 18
d 44 18
d 45 17
d 49 18
d 50 18
d 51 16
d 53 16
d 16 18
d 22 18
d 24 18
d 26 18
d 27 18
d 28 20
d 29 18
d 32 18
d 52 16
d 55 16
d 56 17
d 59 16
d 61 16
d 72 15
d 3 21
d 4 21
d 5 21
d 11 19
d 1 22
d 2 21
d 7 20
d 8 19
d 9 19
d 10 19
d 12 19
d 70 15
d 73 17
d 54 14
d 57 16
d 67 13
d 81 12
d 84 8
d 92 8
d 60 17
d 64 16
d 66 13
d 71 16
d 86 8
d 91 10
d 95 10
d 6 21
d 36 18
d 42 18
d 79 10
d 80 12
d 87 10
d 35 18
d 37 18
d 48 18
d 65 16
d 47 17
d 13 18
d 14 20
d 38 17
d 83 9
d 84 9
d 98 6
d 96 8
d 100 7
d 23 18
d 33 18
d 85 10
d 41 18
d 68 13
d 75 13
d 78 14
d 31 18
d 12 20
d 58 17
d 63 16
d 15 19
d 16 19
d 17 19
d 20 19
d 21 19
d 22 19
d 88 8
d 93 8
d 97 7
d 99 7
d 81 13
d 89 13
d 33 19
d 55 17
d 70 16
d 72 16
d 73 18
d 74 16
b 59
d 62 59
d 67 14
d 94 10
d 76 10
d 77 11
d 69 14
d 2 22
d 18 18
d 30 17
d 34 17
d 43 19
d 53 17
d 57 17
d 59 17
d 64 17
d 7 21
d 39 30
d 19 20
d 3 22
d 92 9
d 54 15
d 90 13
d 10 20
d 40 18
d 46 18
d 51 17
d 56 18
d 65 17
d 44 19
d 38 18
d 45 18
d 47 18
d 49 19
d 50 19
d 60 18
d 61 17
d 63 17
d 66 14
d 71 17
d 78 15
d 79 11
d 83 10
d 86 9
d 98 7
d 1 23
d 4 22
d 5 22
d 6 22
d 8 20
d 9 20
d 11 20
d 13 19
d 14 21
d 24 19
d 25 19
d 26 19
d 27 19
d 28 21
d 29 19
d 32 19
d 35 19
d 36 19
d 37 19
d 41 19
d 42 19
d 96 9
b 60
d 62 60
d 75 14
d 80 13
d 81 14
d 82 13
d 48 19
d 52 17
d 58 18
d 87 11
d 91 11
d 95 11
d 10 21
d 12 21
d 16 20
d 19 21
d 68 14
d 77 12
d 84 10
d 85 11
d 88 9
d 92 10
d 93 9
d 94 11
d 97 8
d 74 17
d 54 16
d 69 15
d 72 17
d 73 19
d 89 14
d 90 14
d 2 23
d 3 23
d 8 21
d 9 21
d 11 21
d 13 20
d 14 22
d 15 20
d 17 20
d 20 20
d 21 20
d 22 20
d 23 19
d 24 20
d 26 20
d 27 20
d 29 20
d 31 19
d 32 20
d 33 20
d 34 18
d 35 20
d 36 20
d 37 20
d 43 20
d 44 20
d 45 19
d 46 19
d 47 19
d 99 8
d 18 19
d 38 19
d 40 19
d 49 20
d 50 20
d 51 18
d 52 18
d 53 18
d 55 18
d 56 19
d 57 18
d 59 18
d 60 19
d 100 8
d 67 15
d 79 12
d 51 19
d 76 11
d 70 17
d 43 21
d 39 31
d 61 18
d 30 18
d 64 18
d 65 18
d 1 24
d 4 23
d 5 23
d 6 23
d 7 22
d 23 20
d 25 20
d 28 22
d 48 20
d 58 19
d 100 9
d 80 14
d 82 14
d 10 22
d 71 18
d 86 10
d 96 10
d 98 8
d 34 19
d 91 12
d 66 15
d 92 11
d 97 9
d 18 20
d 30 19
d 77 13
d 87 12
d 93 10
d 94 12
d 95 12
d 75 15
d 76 12
d 78 16
d 81 15
d 89 15
d 90 15
d 15 21
d 16 21
d 17 21
d 40 20
d 41 20
d 57 19
d 68 15
d 83 11
d 84 11
d 85 12
d 72 18
d 12 22
d 50 21
d 54 17
d 69 16
d 20 21
b 61
d 62 61
d 4 24
d 42 20
d 63 18
d 73 20
d 74 18
d 19 22
d 22 21
d 23 21
d 31 20
d 44 21
d 45 20
d 46 20
d 56 20
d 79 13
d 21 21
d 26 21
d 27 21
d 32 21
d 36 21
d 37 21
d 48 21
d 49 21
d 52 19
d 59 19
d 67 16
d 41 21
d 83 12
d 84 12
d 85 13
d 86 11
d 87 13
d 88 10
d 91 13
d 92 12
d 94 13
d 95 13
d 96 11
d 100 10
d 82 15
d 88 11
d 93 11
d 30 20
d 70 18
d 98 9
d 1 25
d 3 24
d 14 23
d 28 23
d 99 9
d 99 10
d 80 15
d 78 17
d 81 16
d 18 21
d 24 21
d 25 21
d 55 19
d 58 20
d 60 20
d 61 19
b 62
d 62 62
d 63 19
d 64 19
d 65 19
d 66 16
d 69 17
d 71 19
d 72 19
d 74 19
d 75 16
d 76 13
d 89 16
d 90 16
d 3 25
d 4 25
d 68 16
d 64 20
d 65 20
d 61 20
d 34 20
d 38 20
d 39 32
d 12 23
d 16 22
d 73 21
d 40 21
d 57 20
d 57 21
d 7 23
d 7 24
d 8 22
d 11 22
d 15 22
d 20 22
d 21 22
d 24 22
d 27 22
d 32 22
d 35 21
d 44 22
d 51 20
d 52 20
d 55 20
d 56 21
d 69 18
d 97 10
d 2 24
d 2 25
d 5 24
d 5 25
d 6 24
d 8 23
d 9 22
d 10 23
d 11 23
d 9 23
d 13 21
d 13 22
d 29 21
d 31 21
d 33 21
d 39 33
d 42 21
d 43 22
d 45 21
d 46 21
d 47 20
d 50 22
d 54 18
d 59 20
d 22 22
d 29 22
d 33 22
d 35 22
d 37 22
d 57 22
d 14 24
d 25 22
d 19 23
d 67 17
d 97 11
d 11 24
d 17 22
d 18 22
d 90 17
d 6 25
d 31 22
d 38 21
d 40 22
d 41 22
d 23 22
d 83 13
d 84 13
d 92 13
d 100 11
d 49 22
d 60 21
d 63 20
d 66 17
d 68 17
d 70 19
d 71 20
d 75 17
d 77 14
d 78 18
d 80 16
d 81 17
d 82 16
d 10 24
d 26 22
d 36 22
d 53 19
d 53 20
d 98 10
d 86 12
d 79 14
d 88 12
d 34 21
d 54 19
d 58 21
d 20 23
d 72 20
d 73 22
d 74 20
d 12 24
d 15 23
d 94 14
d 95 14
d 1 26
d 28 24
d 39 34
d 42 22
d 47 21
d 48 22
d 51 21
d 51 22
d 77 15
d 87 14
d 91 14
d 93 12
d 96 12
d 17 23
d 16 23
d 66 18
d 67 18
d 69 19
d 70 20
d 76 14
d 79 15
d 80 17
d 82 17
d 86 13
d 91 15
d 96 13
d 98 11
d 100 12
d 10 25
d 16 24
d 30 21
d 85 14
d 99 11
b 63
d 62 63
d 89 17
d 5 26
d 6 26
d 8 24
d 9 24
d 23 23
d 25 23
d 33 23
d 7 25
d 19 24
d 4 26
d 13 23
d 14 25
d 21 23
d 22 23
d 24 23
d 26 23
d 27 23
d 28 25
d 29 23
d 32 23
d 35 23
d 36 23
d 37 23
d 38 22
d 47 22
d 52 21
d 43 23
d 44 23
d 45 22
d 46 22
d 49 23
d 50 23
d 53 21
d 55 21
d 56 22
d 59 21
d 60 22
d 61 21
d 64 21
d 65 21
d 71 21
d 35 24
d 36 24
d 37 24
d 43 24
d 44 24
d 45 23
d 46 23
d 49 24
d 50 24
d 51 23
d 52 22
d 53 22
d 54 20
d 55 22
d 56 23
d 59 22
d 60 23
d 61 22
d 63 21
d 64 22
d 65 22
d 69 20
d 71 22
d 76 15
d 83 14
d 84 14
d 85 15
b 64
d 62 64
d 67 19
d 68 18
d 75 18
d 81 18
d 89 18
d 90 18
d 2 26
d 5 27
d 6 27
d 18 23
d 30 22
d 31 23
d 34 22
d 41 23
d 66 19
d 70 21
d 77 16
d 82 18
d 91 16
d 92 14
d 93 13
d 72 21
d 39 35
d 40 23
d 42 23
d 42 24
d 48 23
d 57 23
d 58 22
d 73 23
d 74 21
d 74 22
d 78 19
d 87 15
d 87 16
d 94 15
d 95 15
d 2 27
d 4 27
d 7 26
d 8 25
d 9 25
d 11 25
d 12 25
d 13 24
d 14 26
d 19 25
d 88 13
d 1 27
d 1 28
d 3 26
d 28 26
d 15 24
d 17 24
d 3 27
d 20 24
d 21 24
d 22 24
d 26 24
d 27 24
d 32 24
d 23 24
d 24 24
d 25 24
d 29 24
d 33 24
d 77 17
d 84 15
d 86 14
d 92 15
d 94 16
d 98 12
d 100 13
d 68 19
d 79 16
d 80 18
d 88 14
d 11 26
d 12 26
d 96 14
d 38 23
d 47 23
b 65
d 62 65
d 93 14
d 99 12
d 18 24
d 30 23
d 31 24
d 40 24
d 40 25
d 41 24
d 43 25
d 44 25
d 45 24
d 46 24
d 48 24
d 49 25
d 50 25
d 51 24
d 73 24
d 20 25
d 53 23
d 54 21
d 55 23
d 56 24
d 59 23
d 10 26
d 15 25
d 16 25
d 22 25
d 34 23
d 64 23
d 72 22
d 75 19
d 81 19
d 83 15
d 89 19
d 90 19
d 57 24
d 58 23
d 78 20
d 95 16
d 63 22
d 97 12
d 76 16
d 3 28
d 8 26
d 9 26
d 17 25
d 19 26
d 21 25
d 36 25
d 37 25
d 39 36
d 85 16
d 29 25
d 52 23
d 7 27
d 67 20
d 27 25
d 32 25
d 33 25
d 47 24
d 48 25
d 49 26
d 53 24
d 55 24
d 56 25
d 57 25
d 58 24
d 69 21
d 72 23
d 74 23
d 80 19
d 10 27
d 71 23
d 79 17
d 81 20
d 78 21
d 88 15
d 91 17
d 93 15
d 94 17
d 95 17
d 97 13
d 86 15
d 98 13
d 100 14
d 99 13
d 26 25
d 26 26
d 41 25
d 47 25
d 87 17
d 34 24
d 83 16
d 84 16
d 44 26
d 45 25
d 63 23
d 70 22
d 38 24
d 89 20
d 90 20
d 68 20
d 4 28
d 5 28
d 6 28
d 82 19
d 12 27
d 28 27
d 96 15
d 13 25
d 14 27
d 23 25
d 24 25
d 25 25
d 31 25
d 35 25
d 42 25
d 1 29
d 2 28
d 66 20
d 75 20
d 16 26
d 20 26
d 32 26
d 40 26
d 19 27
d 73 25
d 92 16
d 99 14
d 100 15
d 14 28
d 15 26
d 97 14
d 3 29
d 22 26
d 23 26
d 66 21
d 67 21
d 69 22
d 70 23
d 76 17
d 77 18
d 78 22
d 80 20
d 82 20
d 85 17
d 87 18
d 91 18
d 12 28
d 16 27
d 54 22
d 79 18
d 29 26
d 51 25
d 50 26
d 75 21
d 71 24
d 4 29
d 6 29
d 7 28
d 8 27
d 9 27
d 11 27
d 13 26
d 17 26
d 21 26
d 24 26
d 25 26
d 27 26
d 28 28
d 33 26
d 34 25
d 35 26
d 36 26
d 37 26
d 38 25
d 42 26
d 48 26
d 1 30
d 2 29
d 5 29
d 30 24
d 52 24
d 57 26
d 58 25
d 74 24
d 93 16
d 94 18
d 95 18
d 10 28
d 19 28
d 83 17
d 84 17
d 18 25
d 39 37
d 46 25
d 60 24
d 61 23
d 65 23
d 43 26
d 59 24
d 59 25
d 60 25
d 61 24
d 64 24
d 64 25
d 65 24
d 65 25
d 90 21
d 8 28
d 9 28
d 11 28
d 32 27
d 33 27
d 35 27
d 36 27
d 37 27
d 40 27
d 76 18
d 23 27
d 25 27
d 31 26
d 41 26
d 44 27
d 46 26
d 86 16
d 88 16
d 98 14
d 63 24
d 10 29
d 30 25
d 18 26
d 47 26
d 15 27
d 22 27
d 39 38
d 54 23
d 67 22
d 81 21
d 70 24
d 24 27
d 26 27
d 27 27
d 29 27
d 43 27
d 61 25
d 49 27
d 53 25
d 60 26
d 77 19
d 82 21
d 87 19
d 89 21
d 91 19
d 7 29
d 85 18
d 96 16
d 92 17
d 72 24
d 45 26
d 50 27
d 51 26
d 52 25
d 55 25
d 58 26
d 73 26
d 68 21
b 66
d 62 66
b 67
d 62 67
d 17 27
d 20 27
d 21 27
d 56 26
d 5 30
d 6 30
d 13 27
d 28 29
d 42 27
d 48 27
d 55 26
d 57 27
d 59 26
d 2 30
d 92 18
d 93 17
d 100 16
d 79 19
d 80 21
d 69 23
d 83 18
d 84 18
d 66 22
d 71 25
d 86 17
d 99 15
d 12 29
d 14 29
d 95 19
d 96 17
d 97 15
d 94 19
d 38 26
d 53 26
d 56 27
d 63 25
d 75 22
d 90 22
d 1 31
d 3 30
d 4 30
d 34 26
d 44 28
d 46 27
d 78 23
d 88 17
d 76 19
d 85 19
d 98 15
d 41 27
d 52 26
d 54 24
d 77 20
d 11 29
d 43 28
d 51 27
d 2 31
d 8 29
d 72 25
d 74 25
d 81 22
d 89 22
d 16 28
d 19 29
d 5 31
d 65 26
d 64 26
d 45 27
d 50 28
d 97 16
d 99 16
d 10 30
d 18 27
d 31 27
d 14 30
d 15 28
d 17 28
d 20 28
d 21 28
d 22 28
d 24 28
d 25 28
d 26 28
d 27 28
d 29 28
d 32 28
d 36 28
d 68 22
d 91 20
d 69 24
d 70 25
d 78 24
d 82 22
d 12 30
d 30 26
d 47 27
d 100 17
d 67 23
b 68
d 62 68
d 3 31
d 4 31
d 73 27
d 28 30
d 33 28
d 75 23
d 79 20
d 90 23
d 96 18
d 98 16
d 13 28
d 39 39
d 41 28
d 63 26
d 80 22
d 64 27
d 65 27
d 66 23
d 72 26
d 87 20
d 94 20
d 95 20
d 34 27
d 38 27
d 83 19
d 84 19
d 86 18
d 92 19
d 18 28
d 19 30
d 37 28
d 43 29
d 48 28
d 88 18
d 93 18
d 59 27
d 49 28
d 60 27
d 61 26
d 58 27
d 71 26
d 1 32
d 6 31
d 7 30
d 9 29
d 74 26
d 1 33
d 16 29
d 23 28
d 35 28
d 40 28
d 42 28
d 46 28
d 55 27
d 56 28
d 57 28
d 68 23
d 45 28
d 76 20
d 85 20
d 30 27
d 31 28
d 44 29
d 49 29
d 50 29
d 51 28
d 53 27
d 54 25
d 73 28
d 77 21
d 87 21
d 2 32
d 3 32
d 4 32
d 7 31
d 8 30
d 11 30
d 15 29
d 17 29
d 20 29
d 21 29
d 22 29
d 52 27
d 67 24
b 69
d 62 69
d 81 23
d 89 23
d 5 32
d 26 29
d 40 29
d 53 28
d 61 27
d 70 26
d 82 23
d 91 21
d 97 17
d 75 24
d 39 40
d 47 28
d 60 28
d 71 27
d 6 32
d 9 30
d 13 29
d 14 31
d 23 29
d 24 29
d 25 29
d 27 29
d 29 29
d 32 29
d 33 29
d 36 29
d 66 24
d 69 25
d 78 25
d 83 20
d 100 18
d 84 20
d 95 21
d 93 19
d 96 19
d 99 17
d 78 26
d 90 24
d 38 28
d 79 21
d 80 23
d 98 17
d 92 20
d 81 24
d 89 24
d 7 32
d 41 29
d 77 22
d 1 34
d 94 21
d 26 30
d 27 30
d 29 30
d 32 30
d 52 28
d 67 25
d 8 31
d 16 30
d 28 31
d 35 29
d 37 29
d 42 29
d 48 29
d 57 29
d 58 28
d 63 27
d 72 27
d 74 27
d 2 33
d 11 31
d 12 31
d 15 30
d 17 30
d 19 31
d 20 30
d 21 30
d 22 30
d 24 30
d 34 28
d 43 30
d 44 30
d 46 29
d 88 19
d 86 19
d 10 31
d 55 28
d 59 28
d 64 28
d 85 21
d 96 20
d 97 18
d 99 18
d 73 29
d 3 33
d 5 33
d 9 31
d 18 29
d 47 29
d 66 25
d 68 24
d 74 28
d 36 30
d 30 28
d 31 29
d 34 29
d 54 26
d 70 27
d 76 21
d 42 30
d 45 29
d 49 30
d 50 30
d 51 29
d 56 29
d 57 30
d 58 29
d 60 29
d 61 28
d 65 28
d 69 26
d 71 28
d 75 25
d 90 25
d 10 32
d 12 32
d 16 31
d 38 29
d 63 28
d 80 24
d 100 19
d 23 30
d 25 30
d 28 32
d 33 30
d 35 30
d 37 30
d 40 30
d 82 24
d 87 22
d 91 22
d 95 22
d 83 21
d 84 21
b 70
d 62 70
d 79 22
d 98 18
d 13 30
d 78 27
d 94 22
d 93 20
d 48 30
d 72 28
d 4 33
d 6 33
d 14 32
d 11 32
d 77 23
d 82 25
d 28 33
d 29 31
d 32 31
d 33 31
d 35 31
d 44 31
d 15 31
d 21 31
d 26 31
d 30 29
d 13 31
d 18 30
d 31 30
d 39 41
d 66 26
d 70 28
d 86 20
d 92 21
d 38 30
d 39 42
d 47 30
d 1 35
d 10 33
d 12 33
d 16 32
d 22 31
d 23 31
d 41 30
d 61 29
d 75 26
d 81 25
d 54 27
d 67 26
d 68 25
d 85 22
d 88 20
d 89 25
d 3 34
d 9 32
d 19 32
d 43 31
d 45 30
d 46 30
d 49 31
d 50 31
d 51 30
d 53 29
d 55 29
d 56 30
d 59 29
d 60 30
d 64 29
d 65 29
d 69 27
d 71 29
d 73 30
d 2 34
d 4 34
d 5 34
d 6 34
d 14 33
d 17 31
d 20 31
d 24 31
d 25 31
d 27 31
d 83 22
d 36 31
d 37 31
d 40 31
d 52 29
d 76 22
b 71
d 62 71
d 7 33
d 8 32
d 40 32
d 41 31
d 95 23
d 19 33
d 20 32
d 21 32
d 27 32
d 29 32
d 32 32
d 36 32
d 54 28
d 80 25
d 81 26
d 84 22
d 85 23
d 92 22
d 93 21
d 97 19
d 99 19
d 7 34
d 76 23
d 79 23
d 86 21
d 77 24
d 96 21
d 91 23
d 65 30
d 68 26
d 71 30
d 98 19
d 43 32
d 44 32
d 45 31
d 46 31
d 72 29
d 74 29
d 49 32
d 50 32
d 51 31
d 52 30
d 53 30
d 55 30
d 56 31
d 59 30
d 61 30
d 63 29
d 64 30
d 94 23
d 100 20
d 18 31
d 22 32
d 8 33
d 11 33
d 42 31
d 26 32
d 87 23
d 78 28
d 89 26
d 90 26
d 31 31
d 30 30
d 34 30
d 48 31
d 57 31
d 58 30
d 67 27
d 15 32
d 88 21
d 5 35
d 3 35
b 72
d 62 72
d 17 32
d 2 35
d 4 35
d 33 32
d 47 31
d 10 34
d 87 24
d 91 24
d 95 24
d 83 23
d 84 23
d 63 30
d 70 29
d 74 30
d 93 22
d 97 20
d 99 20
d 100 21
d 75 27
d 90 27
d 1 36
d 6 35
d 9 33
d 12 34
d 13 32
d 23 32
d 24 32
d 25 32
d 28 34
d 60 31
d 66 27
d 73 31
d 14 34
d 35 32
d 37 32
d 58 31
d 69 28
d 82 26
d 11 34
d 38 31
d 42 32
d 48 32
d 72 30
d 79 24
d 80 26
d 81 27
d 86 22
d 88 22
d 89 27
d 92 23
d 94 24
d 98 20
d 16 33
d 39 43
d 96 22
d 77 25
d 34 31
d 56 32
d 78 29
d 1 37
d 2 36
d 41 32
d 52 31
d 53 31
d 59 31
d 57 32
d 64 31
d 19 34
d 32 33
d 68 27
d 76 24
d 80 27
d 85 24
d 96 23
d 79 25
d 86 23
d 97 21
d 99 21
d 55 31
d 13 33
d 14 35
d 15 33
d 17 33
d 21 33
d 22 33
d 24 33
d 27 33
d 28 35
d 29 33
d 33 33
d 35 33
d 36 33
d 37 33
d 38 32
d 40 33
d 41 33
d 42 33
d 43 33
d 44 33
d 45 32
d 46 32
d 47 32
d 47 33
d 49 33
d 50 33
d 51 32
d 54 29
d 58 32
d 60 32
d 61 31
d 63 31
d 65 31
d 69 29
d 70 30
d 71 31
d 72 31
d 74 31
d 75 28
d 83 24
d 84 24
d 87 25
d 90 28
d 91 25
d 95 25
d 100 22
d 10 35
d 12 35
d 16 34
d 93 23
d 3 36
d 4 36
d 5 36
d 6 36
d 7 35
d 8 34
d 9 34
d 18 32
d 20 33
d 23 33
d 25 33
d 26 33
d 30 31
d 31 32
b 73
d 62 73
d 73 32
d 92 24
d 66 28
d 34 32
d 82 27
d 67 28
d 89 28
d 2 37
d 88 23
d 18 33
d 31 33
d 43 34
d 44 34
d 45 33
d 46 33
d 48 33
d 49 34
d 47 34
d 68 28
d 82 28
d 26 34
d 27 34
d 28 36
d 29 34
d 32 34
d 33 34
d 35 34
d 36 34
d 37 34
d 39 44
d 40 34
d 41 34
d 42 34
d 48 34
d 50 34
d 51 33
d 52 32
d 53 32
d 54 30
d 55 32
d 56 33
d 58 33
d 59 32
d 60 33
d 61 32
d 64 32
d 65 32
d 69 30
d 71 32
d 75 29
d 78 30
d 24 34
d 25 34
d 19 35
d 20 34
d 30 32
d 76 25
d 85 25
d 88 24
d 8 35
d 9 35
d 11 35
d 13 34
d 14 36
d 15 34
d 17 34
d 21 34
d 22 34
d 23 34
d 38 33
d 94 25
d 93 24
d 98 21
d 99 22
d 36 35
d 83 25
d 90 29
d 92 25
d 10 36
d 12 36
d 66 29
d 77 26
d 80 28
d 84 25
b 74
d 62 74
d 91 26
d 95 26
d 100 23
d 87 26
d 73 33
d 5 37
d 6 37
d 67 29
d 70 31
d 63 32
d 1 38
d 3 37
d 4 37
d 7 36
d 81 28
d 57 33
d 57 34
d 94 26
d 96 24
d 22 35
d 43 35
d 44 35
d 45 34
d 46 34
d 53 33
d 54 31
d 55 33
d 56 34
d 59 33
d 64 33
d 72 32
d 74 32
d 1 39
d 2 38
d 4 38
d 11 36
d 52 33
d 86 24
d 19 36
d 81 29
d 89 29
d 30 33
d 34 33
d 79 26
d 76 26
d 85 26
d 97 22
d 98 22
d 26 35
d 16 35
d 17 35
d 77 27
d 87 27
d 91 27
d 95 27
d 67 30
d 68 29
d 78 31
d 12 37
d 13 35
d 16 36
d 18 34
d 31 34
d 66 30
d 70 32
d 75 30
d 79 27
d 80 29
d 82 29
d 39 45
d 1 40
d 63 33
d 69 31
d 89 30
d 90 30
d 97 23
d 98 23
d 100 24
d 2 39
d 6 38
d 20 35
d 77 28
d 40 35
d 3 38
d 8 36
d 15 35
d 21 35
d 9 36
d 14 37
d 23 35
d 28 37
d 38 34
d 49 35
d 50 35
d 51 34
d 60 34
d 61 33
d 65 33
d 71 33
d 73 34
d 93 25
d 96 25
d 99 23
d 3 39
d 5 38
d 7 37
d 24 35
d 25 35
d 27 35
d 29 35
d 32 35
d 33 35
d 35 35
d 37 35
d 42 35
d 43 36
d 47 35
d 83 26
d 84 26
d 88 25
d 92 26
b 75
d 62 75
d 10 37
d 57 35
d 58 34
d 74 33
d 56 35
d 86 25
d 32 36
d 34 34
d 36 36
d 41 35
d 54 32
d 94 27
d 7 38
d 13 36
d 18 35
d 30 34
d 31 35
d 76 27
d 85 27
d 26 36
d 44 36
d 45 35
d 46 35
d 48 35
d 50 36
d 51 35
d 53 34
d 55 34
d 59 34
d 60 35
d 61 34
d 64 34
d 65 34
d 69 32
d 72 33
d 73 35
d 78 32
d 81 30
d 4 39
d 5 39
d 6 39
d 8 37
d 9 37
d 11 37
d 15 36
d 17 36
d 19 37
d 20 36
d 49 36
d 52 34
d 67 31
d 98 24
d 99 24
d 97 24
d 100 25
d 1 41
d 2 40
d 3 40
d 10 38
d 16 37
d 77 29
d 83 27
d 84 27
d 63 34
d 64 35
d 70 33
d 72 34
d 74 34
d 81 31
d 34 35
d 38 35
d 39 46
d 58 35
d 66 31
d 68 30
d 71 34
d 75 31
d 79 28
d 82 30
d 86 26
d 88 26
d 89 31
d 90 31
d 92 27
d 93 26
d 96 26
d 14 38
d 80 30
d 94 28
d 87 28
d 91 28
d 95 28
b 76
d 62 76
d 21 36
d 22 36
d 23 36
d 24 36
d 25 36
d 27 36
d 28 38
d 29 36
d 33 36
d 35 36
d 37 36
d 40 36
d 47 36
d 48 36
d 57 36
d 46 36
d 7 39
d 10 39
d 13 37
d 4 40
d 5 40
d 6 40
d 8 38
d 9 38
d 11 38
d 12 38
d 14 39
d 31 36
d 41 36
d 42 36
d 43 37
d 44 37
d 45 36
d 49 37
d 50 37
d 51 36
d 53 35
d 55 35
d 56 36
d 59 35
d 60 36
d 61 35
d 65 35
d 68 31
d 70 34
d 30 35
d 39 47
d 18 36
d 67 32
d 82 31
d 84 28
d 99 25
d 36 37
d 40 37
d 26 37
d 32 37
d 69 33
d 71 35
d 74 35
d 78 33
d 87 29
d 91 29
d 85 28
d 54 33
d 73 36
d 52 35
d 75 32
d 15 37
d 17 37
d 19 38
d 20 37
d 21 37
d 22 37
d 76 28
d 95 29
d 83 28
d 16 38
d 38 36
b 77
d 62 77
d 89 32
d 90 32
d 1 42
d 23 37
d 24 37
d 25 37
d 77 30
d 92 28
d 58 36
d 63 35
d 97 25
d 98 25
d 28 39
d 88 27
d 93 27
d 94 29
d 66 32
d 79 29
d 96 27
d 3 41
d 47 37
d 2 41
d 37 37
d 11 39
d 100 26
d 46 37
d 53 36
d 55 36
d 64 36
d 30 36
d 31 37
d 27 37
d 29 37
d 33 37
d 35 37
d 41 37
d 42 37
d 43 38
d 48 37
d 56 37
d 57 37
d 59 36
d 54 34
d 65 36
d 81 32
d 86 27
d 72 35
d 73 37
d 78 34
d 34 36
d 67 33
d 76 29
d 87 30
d 49 38
d 50 38
d 51 37
d 71 36
d 75 33
d 80 31
d 82 32
d 4 41
d 5 41
d 6 41
d 7 40
d 8 39
d 9 39
d 12 39
d 13 38
d 14 40
d 15 38
d 17 38
d 19 39
d 20 38
d 21 38
d 22 38
d 24 38
d 26 38
d 27 38
d 28 40
d 29 38
d 32 38
d 33 38
d 36 38
d 37 38
d 40 38
d 44 38
d 45 37
d 47 38
d 52 36
d 60 37
d 61 36
d 69 34
d 74 36
d 93 28
d 68 32
d 85 29
d 70 35
d 55 37
d 91 30
d 66 33
d 100 27
d 89 33
d 90 33
d 83 29
d 84 29
d 39 48
b 78
d 62 78
d 95 30
d 97 26
d 23 38
d 88 28
d 92 29
d 10 40
d 86 28
d 98 26
d 99 26
d 18 37
d 79 30
d 96 28
d 63 36
d 2 42
d 25 38
d 31 38
d 35 38
d 38 37
d 32 39
d 34 37
d 58 37
d 72 36
d 30 37
d 94 30
d 1 43
d 8 40
d 11 40
d 12 40
d 16 39
d 19 40
d 80 32
d 43 39
d 46 38
d 48 38
d 42 38
d 44 39
d 77 31
d 53 37
d 64 37
d 26 39
d 56 38
d 81 33
d 57 38
d 5 42
d 52 37
d 36 39
d 40 39
d 15 39
d 20 39
d 22 39
d 4 42
d 45 38
d 54 35
d 66 34
d 93 29
d 55 38
d 75 34
d 78 35
d 3 42
d 6 42
d 7 41
d 9 40
d 13 39
d 14 41
d 17 39
d 21 39
d 23 39
d 24 39
d 25 39
d 27 39
d 28 41
d 29 39
d 33 39
d 35 39
d 37 39
d 41 38
d 47 39
d 49 39
d 58 38
d 67 34
d 68 33
d 18 38
d 10 41
d 83 30
d 84 30
d 87 31
d 91 31
d 50 39
d 51 38
d 59 37
d 60 38
d 61 37
d 65 37
d 69 35
d 71 37
d 76 30
d 85 30
d 73 38
d 90 34
d 99 27
d 82 33
d 95 31
d 63 37
d 38 38
d 48 39
d 39 49
b 79
d 62 79
d 88 29
d 70 36
d 77 32
d 86 29
d 92 30
d 94 31
d 98 27
d 100 28
d 79 31
d 89 34
d 34 38
d 54 36
d 80 33
d 96 29
d 53 38
d 97 27
d 16 40
d 74 37
d 2 43
d 46 39
d 42 39
d 57 39
d 67 35
d 78 36
d 81 34
d 18 39
d 30 38
d 31 39
d 76 31
d 85 31
d 68 34
d 43 40
d 44 40
d 45 39
d 49 40
d 51 39
d 52 38
d 56 39
d 59 38
d 64 38
d 65 38
d 69 36
d 72 37
d 83 31
d 84 31
d 87 32
d 91 32
d 92 31
d 4 43
d 13 40
d 17 40
d 20 40
d 21 40
d 22 40
d 24 40
d 26 40
d 27 40
d 32 40
d 36 40
d 40 40
d 41 39
d 8 41
d 29 40
d 1 44
d 3 43
d 5 43
d 7 42
d 9 41
d 11 41
d 12 41
d 15 40
d 19 41
d 33 40
d 82 34
d 93 30
d 70 37
d 73 39
d 96 30
d 61 38
d 39 50
d 34 39
d 38 39
d 6 43
d 75 35
d 95 32
d 100 29
d 10 42
d 16 41
d 19 42
d 47 40
d 66 35
d 71 38
d 80 34
d 79 32
d 86 30
d 97 28
d 98 28
d 99 28
d 72 38
d 94 32
d 63 38
d 46 40
d 89 35
d 90 35
d 12 42
d 88 30
d 56 40
d 14 42
d 23 40
d 25 40
d 28 42
d 35 40
d 37 40
d 42 40
d 48 40
d 50 40
d 57 40
d 58 39
d 60 39
d 74 38
d 59 39
d 64 39
d 2 44
d 53 39
d 77 33
d 81 35
d 43 41
d 55 39
b 80
d 62 80
d 1 45
d 31 40
d 83 32
d 11 42
d 15 41
d 20 41
d 26 41
d 65 39
d 67 36
d 76 32
d 85 32
d 92 32
d 97 29
d 99 29
d 18 40
d 30 39
d 54 37
d 66 36
d 75 36
d 82 35
d 32 41
d 36 41
d 41 40
d 52 39
d 84 32
d 87 33
d 91 33
d 95 33
d 100 30
d 17 41
d 21 41
d 93 31
d 44 41
d 78 37
d 3 44
d 4 44
d 8 42
d 73 40
d 79 33
d 14 43
d 22 41
d 40 41
d 7 43
d 10 43
d 13 41
d 86 31
d 98 29
d 90 36
d 45 40
d 49 41
d 51 40
d 61 39
d 68 35
d 5 44
d 88 31
d 34 40
d 50 41
d 54 38
d 60 40
d 63 39
d 70 38
d 71 39
d 80 35
d 81 36
d 89 36
d 9 42
d 30 40
d 38 40
d 58 40
d 31 41
d 77 34
d 93 32
d 96 31
d 69 37
d 51 41
d 53 40
d 55 40
d 56 41
d 57 41
d 59 40
d 64 40
d 72 39
d 74 39
d 12 43
d 26 42
d 6 44
b 81
d 62 81
d 33 41
d 43 42
d 47 41
d 48 41
d 83 33
d 23 41
d 24 41
d 25 41
d 27 41
d 28 43
d 29 41
d 35 41
d 37 41
d 42 41
d 94 33
d 2 45
d 87 34
d 46 41
d 67 37
d 91 34
d 1 46
d 16 42
d 19 43
d 73 41
d 65 40
d 18 41
d 20 42
d 41 41
d 95 34
d 39 51
d 4 45
d 5 45
d 3 45
d 6 45
d 7 44
d 8 43
d 11 43
d 14 44
d 15 42
d 17 42
d 21 42
d 22 42
d 24 42
d 27 42
d 28 44
d 29 42
d 32 42
d 36 42
d 40 42
d 44 42
d 45 41
d 47 42
d 49 42
d 50 42
d 52 40
d 52 41
d 60 41
d 61 40
d 82 36
d 94 34
d 66 37
d 90 37
d 69 38
d 78 38
d 71 40
d 76 33
d 77 35
d 85 33
d 86 32
d 98 30
d 100 31
d 2 46
d 16 43
d 75 37
d 10 44
d 68 36
d 84 33
d 88 32
d 59 41
d 92 33
d 97 30
d 99 30
d 70 39
d 34 41
d 38 41
d 79 34
d 54 39
d 63 40
d 89 37
d 83 34
d 84 34
d 100 32
d 80 36
d 87 35
d 91 35
d 93 33
d 96 32
d 66 38
d 67 38
d 73 42
d 37 42
d 49 43
d 39 52
b 82
d 62 82
d 3 46
d 9 43
d 13 42
d 25 42
d 30 41
d 31 42
d 33 42
d 33 43
d 35 42
d 41 42
d 42 42
d 43 43
d 44 43
d 45 42
d 46 42
d 48 42
d 51 42
d 53 41
d 55 41
d 56 42
d 57 42
d 58 41
d 64 41
d 65 41
d 72 40
d 74 40
d 4 46
d 5 46
d 11 44
d 12 44
d 15 43
d 19 44
d 20 43
d 26 43
d 81 37
d 23 42
d 78 39
d 1 47
d 95 35
d 76 34
d 99 31
d 69 39
d 85 34
d 18 42
d 50 43
d 61 41
d 75 38
d 95 36
d 93 34
d 46 43
d 47 43
d 48 43
d 52 42
d 53 42
d 54 40
d 55 42
d 56 43
d 59 42
d 64 42
d 82 37
d 88 33
d 81 38
d 89 38
d 90 38
d 1 48
d 3 47
d 6 46
d 10 45
d 13 43
d 14 45
d 17 43
d 19 45
d 23 43
d 79 35
d 83 35
d 86 33
d 97 31
d 98 31
d 77 36
d 94 35
d 2 47
d 5 47
d 7 45
d 12 45
d 14 46
d 16 44
d 20 44
d 26 44
d 87 36
d 91 36
d 96 33
d 34 42
d 67 39
d 68 37
d 80 37
d 92 34
d 8 44
d 9 44
d 24 43
d 25 43
d 71 41
d 38 42
d 39 53
b 83
d 62 83
d 32 43
d 36 43
d 37 43
d 40 43
d 60 42
d 63 41
d 70 40
d 43 44
d 44 44
d 21 43
d 22 43
d 27 43
d 28 45
d 29 43
d 35 43
d 4 47
d 7 46
d 32 44
d 15 44
d 45 43
d 74 41
d 18 43
d 42 43
d 21 44
d 30 42
d 84 35
d 100 33
d 36 44
d 40 44
d 47 44
d 69 40
d 82 38
d 11 45
d 49 44
d 50 44
d 51 43
d 61 42
d 31 43
d 57 43
d 58 42
d 17 44
d 72 41
d 10 46
d 76 35
d 85 35
d 92 35
d 41 43
d 73 43
d 6 47
d 8 45
d 9 45
d 13 44
d 22 44
d 23 44
d 24 44
d 46 44
d 48 44
d 52 43
d 55 43
d 56 44
d 59 43
d 64 43
d 58 43
d 71 42
d 79 36
d 96 34
d 38 43
d 75 39
d 77 37
d 86 34
d 89 39
d 90 39
d 94 36
d 97 32
d 98 32
d 99 32
d 68 38
d 2 48
d 70 41
d 35 44
d 37 44
d 53 43
d 78 40
d 1 49
d 19 46
d 25 44
d 27 44
d 29 44
d 33 44
d 65 42
d 66 39
d 43 45
d 12 46
d 16 45
d 20 45
d 28 46
d 60 43
d 88 34
d 39 54
d 67 40
d 81 39
d 93 35
d 34 43
d 87 37
d 91 37
d 94 37
d 95 37
d 100 34
d 76 36
d 80 38
d 85 36
d 86 35
d 65 43
d 69 41
d 77 38
d 78 41
d 40 45
d 44 45
d 45 44
d 49 45
d 50 45
d 51 44
d 54 41
d 82 39
d 83 36
d 42 44
d 30 43
d 31 44
d 57 44
d 75 40
d 73 44
d 11 46
d 26 45
d 72 42
d 3 48
d 5 48
d 63 42
d 74 42
d 60 44
d 61 43
d 66 40
d 84 36
d 99 33
d 97 33
d 98 33
d 88 35
d 92 36
d 89 40
d 90 40
d 7 47
d 18 44
d 68 39
d 71 43
b 84
d 62 84
d 22 45
d 14 47
d 15 45
d 21 45
d 6 48
d 17 45
d 4 48
d 8 46
d 9 46
d 32 45
d 24 45
d 27 45
d 28 47
d 29 45
d 23 45
d 13 45
d 33 45
d 36 45
d 41 44
d 70 42
d 25 45
d 1 50
d 47 45
b 85
d 62 85
d 35 45
d 37 45
d 38 44
d 46 45
d 52 44
d 55 44
d 59 44
d 63 43
d 64 44
d 72 43
d 74 43
d 81 40
d 3 49
d 10 47
d 12 47
d 16 46
d 34 44
d 2 49
d 96 35
d 79 37
d 39 55
d 43 46
d 48 45
d 87 38
d 53 44
d 56 45
d 58 44
d 11 47
d 26 46
d 83 37
d 84 37
d 67 41
d 78 42
d 57 45
d 65 44
d 73 45
d 19 47
d 20 46
d 4 49
d 5 49
d 8 47
d 14 48
d 82 40
d 91 38
d 40 46
d 44 46
d 49 46
d 100 35
d 80 39
d 92 37
d 95 38
d 54 42
d 69 42
d 42 45
d 17 46
d 18 45
d 31 45
d 41 45
d 45 45
d 50 46
d 51 45
d 32 46
d 36 46
d 47 46
d 61 44
d 66 41
d 70 43
d 76 37
d 77 39
d 94 38
d 99 34
d 71 44
d 85 37
d 97 34
d 98 34
d 30 44
d 75 41
d 93 36
d 86 36
d 52 45
d 88 36
d 15 46
d 21 46
d 22 46
d 7 48
d 2 50
d 10 48
d 12 48
d 13 46
d 79 38
d 80 40
d 58 45
d 60 45
d 90 41
d 39 56
d 55 45
d 59 45
d 83 38
d 87 39
d 93 37
d 6 49
d 24 46
d 25 46
d 27 46
d 29 46
d 33 46
d 34 45
d 37 46
d 46 46
d 38 45
d 68 40
d 89 41
d 96 36
d 1 51
d 3 50
d 9 47
d 30 45
d 35 46
d 53 45
d 56 46
d 64 45
d 72 44
d 74 44
b 86
d 62 86
d 84 38
d 11 48
d 19 48
d 28 48
d 16 47
d 23 46
d 88 37
d 92 38
d 20 47
d 67 42
d 81 41
d 91 39
d 75 42
d 95 39
d 100 36
d 86 37
d 97 35
d 98 35
d 99 35
d 82 41
d 26 47
d 36 47
d 40 47
d 43 47
d 47 47
d 44 47
d 48 46
d 57 46
d 65 45
d 73 46
d 78 43
d 63 44
d 4 50
d 5 50
d 14 49
d 18 46
d 31 46
d 42 46
d 49 47
d 41 46
d 54 43
d 66 42
d 8 48
d 76 38
d 10 49
d 96 37
d 9 48
d 17 47
d 45 46
d 50 47
d 51 46
d 61 45
d 70 44
d 71 45
d 89 42
d 90 42
d 6 50
d 7 49
d 13 47
d 15 47
d 21 47
d 22 47
d 24 47
d 27 47
d 28 49
d 32 47
d 33 47
d 94 39
d 38 46
d 85 38
d 80 41
d 81 42
d 34 46
d 72 45
d 54 44
d 77 40
d 79 39
d 67 43
d 68 41
d 78 44
d 87 40
d 93 38
d 23 47
d 25 47
d 29 47
d 35 47
d 37 47
d 39 57
d 48 47
d 83 39
d 57 47
d 58 46
d 60 46
d 63 45
d 69 43
d 74 45
d 1 52
d 2 51
d 3 51
d 11 49
d 12 49
d 14 50
d 16 48
d 19 49
d 43 48
d 46 47
d 52 46
d 53 46
d 55 46
d 56 47
d 59 46
d 64 46
d 65 46
d 66 43
d 77 41
d 73 47
d 75 43
d 82 42
d 97 36
d 99 36
d 4 51
d 5 51
d 20 48
d 26 48
d 44 48
d 45 47
d 49 48
d 50 48
d 51 47
d 30 46
d 31 47
d 100 37
b 87
d 62 87
d 95 40
d 42 47
d 98 36
d 84 39
d 88 38
d 91 40
d 8 49
d 15 48
d 17 48
d 21 48
d 22 48
d 27 48
d 32 48
d 33 48
d 36 48
d 40 48
d 47 48
d 52 47
d 92 39
d 96 38
b 88
d 62 88
d 2 52
d 3 52
d 72 46
d 79 40
d 1 53
d 10 50
d 80 42
d 76 39
d 85 39
d 86 38
d 69 44
d 60 47
d 61 46
d 63 46
d 70 45
d 71 46
d 81 43
d 89 43
d 90 43
d 18 47
d 38 47
d 41 47
d 58 47
d 94 40
d 39 58
d 68 42
d 74 46
d 7 50
d 93 39
d 87 41
d 91 41
d 95 41
d 6 51
d 9 49
d 13 48
d 16 49
d 12 50
d 24 48
d 28 50
d 29 48
d 35 48
d 37 48
d 43 49
d 46 48
d 34 47
d 53 47
d 55 47
d 56 48
d 59 47
d 64 47
d 25 48
d 57 48
d 23 48
d 48 48
d 67 44
d 30 47
d 83 40
d 88 39
d 99 37
d 31 48
d 42 48
d 44 49
d 75 44
